[0.087s] Invoking command in '/home/edisonwong/robot_ws/src/build/diffdrive_arduino': AMENT_PREFIX_PATH=/home/edisonwong/robot_ws/src/install/serial:${AMENT_PREFIX_PATH} CMAKE_PREFIX_PATH=/home/edisonwong/robot_ws/src/install/serial:/opt/ros/humble LD_LIBRARY_PATH=/home/edisonwong/robot_ws/src/install/serial/lib:${LD_LIBRARY_PATH} /usr/bin/cmake --build /home/edisonwong/robot_ws/src/build/diffdrive_arduino -- -j4 -l4
[0.306s] [35m[1mConsolidate compiler generated dependencies of target fake_robot[0m
[0.314s] [35m[1mConsolidate compiler generated dependencies of target diffdrive_arduino[0m
[0.421s] [ 42%] Built target fake_robot
[0.443s] [100%] Built target diffdrive_arduino
[0.487s] Invoked command in '/home/edisonwong/robot_ws/src/build/diffdrive_arduino' returned '0': AMENT_PREFIX_PATH=/home/edisonwong/robot_ws/src/install/serial:${AMENT_PREFIX_PATH} CMAKE_PREFIX_PATH=/home/edisonwong/robot_ws/src/install/serial:/opt/ros/humble LD_LIBRARY_PATH=/home/edisonwong/robot_ws/src/install/serial/lib:${LD_LIBRARY_PATH} /usr/bin/cmake --build /home/edisonwong/robot_ws/src/build/diffdrive_arduino -- -j4 -l4
[0.668s] Invoking command in '/home/edisonwong/robot_ws/src/build/diffdrive_arduino': AMENT_PREFIX_PATH=/home/edisonwong/robot_ws/src/install/serial:${AMENT_PREFIX_PATH} CMAKE_PREFIX_PATH=/home/edisonwong/robot_ws/src/install/serial:/opt/ros/humble LD_LIBRARY_PATH=/home/edisonwong/robot_ws/src/install/serial/lib:${LD_LIBRARY_PATH} /usr/bin/cmake --install /home/edisonwong/robot_ws/src/build/diffdrive_arduino
[0.699s] -- Install configuration: ""
[0.701s] -- Execute custom install script
[0.703s] -- Up-to-date symlink: /home/edisonwong/robot_ws/src/install/diffdrive_arduino/share/diffdrive_arduino//robot_hardware.xml
[0.704s] -- Up-to-date symlink: /home/edisonwong/robot_ws/src/install/diffdrive_arduino/share/diffdrive_arduino//fake_robot_hardware.xml
[0.706s] -- Up-to-date symlink: /home/edisonwong/robot_ws/src/install/diffdrive_arduino/lib/libdiffdrive_arduino.so
[0.707s] -- Up-to-date symlink: /home/edisonwong/robot_ws/src/install/diffdrive_arduino/lib/libfake_robot.so
[0.709s] -- Up-to-date symlink: /home/edisonwong/robot_ws/src/install/diffdrive_arduino/share/diffdrive_arduino/controllers/robot_controller_example.yaml
[0.711s] -- Up-to-date symlink: /home/edisonwong/robot_ws/src/install/diffdrive_arduino/share/diffdrive_arduino/__pycache__/test_robot.launch.cpython-310.pyc
[0.712s] -- Up-to-date symlink: /home/edisonwong/robot_ws/src/install/diffdrive_arduino/share/diffdrive_arduino/fake_robot.launch.py
[0.714s] -- Up-to-date symlink: /home/edisonwong/robot_ws/src/install/diffdrive_arduino/share/diffdrive_arduino/test_robot.launch.py
[0.715s] -- Up-to-date symlink: /home/edisonwong/robot_ws/src/install/diffdrive_arduino/share/diffdrive_arduino/environment/library_path.sh
[0.716s] -- Up-to-date symlink: /home/edisonwong/robot_ws/src/install/diffdrive_arduino/share/diffdrive_arduino/environment/library_path.dsv
[0.718s] -- Up-to-date symlink: /home/edisonwong/robot_ws/src/install/diffdrive_arduino/share/ament_index/resource_index/package_run_dependencies/diffdrive_arduino
[0.719s] -- Up-to-date symlink: /home/edisonwong/robot_ws/src/install/diffdrive_arduino/share/ament_index/resource_index/parent_prefix_path/diffdrive_arduino
[0.721s] -- Up-to-date symlink: /home/edisonwong/robot_ws/src/install/diffdrive_arduino/share/diffdrive_arduino/environment/ament_prefix_path.sh
[0.722s] -- Up-to-date symlink: /home/edisonwong/robot_ws/src/install/diffdrive_arduino/share/diffdrive_arduino/environment/ament_prefix_path.dsv
[0.723s] -- Up-to-date symlink: /home/edisonwong/robot_ws/src/install/diffdrive_arduino/share/diffdrive_arduino/environment/path.sh
[0.725s] -- Up-to-date symlink: /home/edisonwong/robot_ws/src/install/diffdrive_arduino/share/diffdrive_arduino/environment/path.dsv
[0.726s] -- Up-to-date symlink: /home/edisonwong/robot_ws/src/install/diffdrive_arduino/share/diffdrive_arduino/local_setup.bash
[0.727s] -- Up-to-date symlink: /home/edisonwong/robot_ws/src/install/diffdrive_arduino/share/diffdrive_arduino/local_setup.sh
[0.729s] -- Up-to-date symlink: /home/edisonwong/robot_ws/src/install/diffdrive_arduino/share/diffdrive_arduino/local_setup.zsh
[0.730s] -- Up-to-date symlink: /home/edisonwong/robot_ws/src/install/diffdrive_arduino/share/diffdrive_arduino/local_setup.dsv
[0.731s] -- Symlinking: /home/edisonwong/robot_ws/src/install/diffdrive_arduino/share/diffdrive_arduino/package.dsv
[0.769s] -- Up-to-date symlink: /home/edisonwong/robot_ws/src/install/diffdrive_arduino/share/ament_index/resource_index/packages/diffdrive_arduino
[0.771s] -- Up-to-date symlink: /home/edisonwong/robot_ws/src/install/diffdrive_arduino/share/ament_index/resource_index/hardware_interface__pluginlib__plugin/diffdrive_arduino
[0.772s] -- Up-to-date symlink: /home/edisonwong/robot_ws/src/install/diffdrive_arduino/share/diffdrive_arduino/cmake/ament_cmake_export_libraries-extras.cmake
[0.773s] -- Up-to-date symlink: /home/edisonwong/robot_ws/src/install/diffdrive_arduino/share/diffdrive_arduino/cmake/ament_cmake_export_dependencies-extras.cmake
[0.774s] -- Up-to-date symlink: /home/edisonwong/robot_ws/src/install/diffdrive_arduino/share/diffdrive_arduino/cmake/diffdrive_arduinoConfig.cmake
[0.775s] -- Up-to-date symlink: /home/edisonwong/robot_ws/src/install/diffdrive_arduino/share/diffdrive_arduino/cmake/diffdrive_arduinoConfig-version.cmake
[0.777s] -- Up-to-date symlink: /home/edisonwong/robot_ws/src/install/diffdrive_arduino/share/diffdrive_arduino/package.xml
[0.793s] Invoked command in '/home/edisonwong/robot_ws/src/build/diffdrive_arduino' returned '0': AMENT_PREFIX_PATH=/home/edisonwong/robot_ws/src/install/serial:${AMENT_PREFIX_PATH} CMAKE_PREFIX_PATH=/home/edisonwong/robot_ws/src/install/serial:/opt/ros/humble LD_LIBRARY_PATH=/home/edisonwong/robot_ws/src/install/serial/lib:${LD_LIBRARY_PATH} /usr/bin/cmake --install /home/edisonwong/robot_ws/src/build/diffdrive_arduino
