[0.140s] Invoking command in '/home/edisonwong/robot_ws/build/my_bot': CMAKE_PREFIX_PATH=${CMAKE_PREFIX_PATH}:/home/edisonwong/robot_ws/install/serial_motor_demo:/opt/ros/humble /usr/bin/cmake --build /home/edisonwong/robot_ws/build/my_bot -- -j4 -l4
[0.603s] Invoked command in '/home/edisonwong/robot_ws/build/my_bot' returned '0': CMAKE_PREFIX_PATH=${CMAKE_PREFIX_PATH}:/home/edisonwong/robot_ws/install/serial_motor_demo:/opt/ros/humble /usr/bin/cmake --build /home/edisonwong/robot_ws/build/my_bot -- -j4 -l4
[1.013s] Invoking command in '/home/edisonwong/robot_ws/build/my_bot': CMAKE_PREFIX_PATH=${CMAKE_PREFIX_PATH}:/home/edisonwong/robot_ws/install/serial_motor_demo:/opt/ros/humble /usr/bin/cmake --install /home/edisonwong/robot_ws/build/my_bot
[1.160s] -- Install configuration: ""
[1.175s] -- Execute custom install script
[1.185s] -- Up-to-date symlink: /home/edisonwong/robot_ws/install/my_bot/share/my_bot/config/drive_bot.rviz
[1.188s] -- Up-to-date symlink: /home/edisonwong/robot_ws/install/my_bot/share/my_bot/config/empty.yaml
[1.191s] -- Up-to-date symlink: /home/edisonwong/robot_ws/install/my_bot/share/my_bot/config/gazebo_params.yaml
[1.193s] -- Up-to-date symlink: /home/edisonwong/robot_ws/install/my_bot/share/my_bot/config/joystick.yaml
[1.196s] -- Symlinking: /home/edisonwong/robot_ws/install/my_bot/share/my_bot/config/mapper_params_online_async.yaml
[1.249s] -- Up-to-date symlink: /home/edisonwong/robot_ws/install/my_bot/share/my_bot/config/my_controllers.yaml
[1.251s] -- Up-to-date symlink: /home/edisonwong/robot_ws/install/my_bot/share/my_bot/config/view_bot.rviz
[1.255s] -- Up-to-date symlink: /home/edisonwong/robot_ws/install/my_bot/share/my_bot/description/camera.xacro
[1.257s] -- Up-to-date symlink: /home/edisonwong/robot_ws/install/my_bot/share/my_bot/description/depth_camera.xacro
[1.259s] -- Up-to-date symlink: /home/edisonwong/robot_ws/install/my_bot/share/my_bot/description/gazebo_control.xacro
[1.265s] -- Up-to-date symlink: /home/edisonwong/robot_ws/install/my_bot/share/my_bot/description/inertial_macros.xacro
[1.268s] -- Up-to-date symlink: /home/edisonwong/robot_ws/install/my_bot/share/my_bot/description/lidar.xacro
[1.273s] -- Up-to-date symlink: /home/edisonwong/robot_ws/install/my_bot/share/my_bot/description/robot.urdf.xacro
[1.276s] -- Up-to-date symlink: /home/edisonwong/robot_ws/install/my_bot/share/my_bot/description/robot_core.xacro
[1.278s] -- Up-to-date symlink: /home/edisonwong/robot_ws/install/my_bot/share/my_bot/description/ros2_control.xacro
[1.281s] -- Up-to-date symlink: /home/edisonwong/robot_ws/install/my_bot/share/my_bot/launch/joystick.launch.py
[1.283s] -- Up-to-date symlink: /home/edisonwong/robot_ws/install/my_bot/share/my_bot/launch/launch_robot.launch.py
[1.285s] -- Up-to-date symlink: /home/edisonwong/robot_ws/install/my_bot/share/my_bot/launch/launch_sim.launch.py
[1.288s] -- Up-to-date symlink: /home/edisonwong/robot_ws/install/my_bot/share/my_bot/launch/rplidar.launch.py
[1.291s] -- Up-to-date symlink: /home/edisonwong/robot_ws/install/my_bot/share/my_bot/launch/rsp.launch.py
[1.294s] -- Up-to-date symlink: /home/edisonwong/robot_ws/install/my_bot/share/my_bot/worlds/empty.world
[1.296s] -- Up-to-date symlink: /home/edisonwong/robot_ws/install/my_bot/share/my_bot/worlds/kb5.world
[1.299s] -- Up-to-date symlink: /home/edisonwong/robot_ws/install/my_bot/share/my_bot/worlds/obstacles.world
[1.303s] -- Up-to-date symlink: /home/edisonwong/robot_ws/install/my_bot/share/ament_index/resource_index/package_run_dependencies/my_bot
[1.313s] -- Up-to-date symlink: /home/edisonwong/robot_ws/install/my_bot/share/ament_index/resource_index/parent_prefix_path/my_bot
[1.316s] -- Up-to-date symlink: /home/edisonwong/robot_ws/install/my_bot/share/my_bot/environment/ament_prefix_path.sh
[1.320s] -- Up-to-date symlink: /home/edisonwong/robot_ws/install/my_bot/share/my_bot/environment/ament_prefix_path.dsv
[1.324s] -- Up-to-date symlink: /home/edisonwong/robot_ws/install/my_bot/share/my_bot/environment/path.sh
[1.326s] -- Up-to-date symlink: /home/edisonwong/robot_ws/install/my_bot/share/my_bot/environment/path.dsv
[1.329s] -- Up-to-date symlink: /home/edisonwong/robot_ws/install/my_bot/share/my_bot/local_setup.bash
[1.331s] -- Up-to-date symlink: /home/edisonwong/robot_ws/install/my_bot/share/my_bot/local_setup.sh
[1.333s] -- Up-to-date symlink: /home/edisonwong/robot_ws/install/my_bot/share/my_bot/local_setup.zsh
[1.334s] -- Up-to-date symlink: /home/edisonwong/robot_ws/install/my_bot/share/my_bot/local_setup.dsv
[1.335s] -- Symlinking: /home/edisonwong/robot_ws/install/my_bot/share/my_bot/package.dsv
[1.405s] -- Up-to-date symlink: /home/edisonwong/robot_ws/install/my_bot/share/ament_index/resource_index/packages/my_bot
[1.406s] -- Up-to-date symlink: /home/edisonwong/robot_ws/install/my_bot/share/my_bot/cmake/my_botConfig.cmake
[1.408s] -- Up-to-date symlink: /home/edisonwong/robot_ws/install/my_bot/share/my_bot/cmake/my_botConfig-version.cmake
[1.411s] -- Up-to-date symlink: /home/edisonwong/robot_ws/install/my_bot/share/my_bot/package.xml
[1.429s] Invoked command in '/home/edisonwong/robot_ws/build/my_bot' returned '0': CMAKE_PREFIX_PATH=${CMAKE_PREFIX_PATH}:/home/edisonwong/robot_ws/install/serial_motor_demo:/opt/ros/humble /usr/bin/cmake --install /home/edisonwong/robot_ws/build/my_bot
