[0.119s] Invoking command in '/home/edisonwong/robot_ws/src/build/serial': CMAKE_PREFIX_PATH=${CMAKE_PREFIX_PATH}:/home/edisonwong/robot_ws/src/install/serial_motor_demo:/home/edisonwong/robot_ws/install/serial_motor_demo:/opt/ros/humble /usr/bin/cmake --build /home/edisonwong/robot_ws/src/build/serial -- -j4 -l4
[0.435s] [ 14%] Built target gtest_main
[0.439s] [ 42%] Built target serial
[0.464s] [ 57%] Built target gtest
[0.584s] [ 71%] Built target serial_example
[0.606s] [ 85%] Built target serial-test
[0.610s] [100%] Built target serial-test-timer
[0.667s] Invoked command in '/home/edisonwong/robot_ws/src/build/serial' returned '0': CMAKE_PREFIX_PATH=${CMAKE_PREFIX_PATH}:/home/edisonwong/robot_ws/src/install/serial_motor_demo:/home/edisonwong/robot_ws/install/serial_motor_demo:/opt/ros/humble /usr/bin/cmake --build /home/edisonwong/robot_ws/src/build/serial -- -j4 -l4
[0.935s] Invoking command in '/home/edisonwong/robot_ws/src/build/serial': CMAKE_PREFIX_PATH=${CMAKE_PREFIX_PATH}:/home/edisonwong/robot_ws/src/install/serial_motor_demo:/home/edisonwong/robot_ws/install/serial_motor_demo:/opt/ros/humble /usr/bin/cmake --install /home/edisonwong/robot_ws/src/build/serial
[0.975s] -- Install configuration: ""
[0.978s] -- Execute custom install script
[0.979s] -- Up-to-date symlink: /home/edisonwong/robot_ws/src/install/serial/lib/libserial.a
[0.986s] -- Up-to-date symlink: /home/edisonwong/robot_ws/src/install/serial/include/serial/serial.h
[0.990s] -- Up-to-date symlink: /home/edisonwong/robot_ws/src/install/serial/include/serial/v8stdint.h
[0.991s] -- Up-to-date symlink: /home/edisonwong/robot_ws/src/install/serial/share/serial/environment/library_path.sh
[0.992s] -- Up-to-date symlink: /home/edisonwong/robot_ws/src/install/serial/share/serial/environment/library_path.dsv
[0.993s] -- Up-to-date symlink: /home/edisonwong/robot_ws/src/install/serial/share/ament_index/resource_index/package_run_dependencies/serial
[0.994s] -- Up-to-date symlink: /home/edisonwong/robot_ws/src/install/serial/share/ament_index/resource_index/parent_prefix_path/serial
[0.995s] -- Up-to-date symlink: /home/edisonwong/robot_ws/src/install/serial/share/serial/environment/ament_prefix_path.sh
[0.997s] -- Up-to-date symlink: /home/edisonwong/robot_ws/src/install/serial/share/serial/environment/ament_prefix_path.dsv
[0.998s] -- Up-to-date symlink: /home/edisonwong/robot_ws/src/install/serial/share/serial/environment/path.sh
[0.999s] -- Up-to-date symlink: /home/edisonwong/robot_ws/src/install/serial/share/serial/environment/path.dsv
[1.001s] -- Up-to-date symlink: /home/edisonwong/robot_ws/src/install/serial/share/serial/local_setup.bash
[1.003s] -- Up-to-date symlink: /home/edisonwong/robot_ws/src/install/serial/share/serial/local_setup.sh
[1.003s] -- Up-to-date symlink: /home/edisonwong/robot_ws/src/install/serial/share/serial/local_setup.zsh
[1.004s] -- Up-to-date symlink: /home/edisonwong/robot_ws/src/install/serial/share/serial/local_setup.dsv
[1.005s] -- Symlinking: /home/edisonwong/robot_ws/src/install/serial/share/serial/package.dsv
[1.045s] -- Up-to-date symlink: /home/edisonwong/robot_ws/src/install/serial/share/ament_index/resource_index/packages/serial
[1.046s] -- Up-to-date symlink: /home/edisonwong/robot_ws/src/install/serial/share/serial/cmake/ament_cmake_export_include_directories-extras.cmake
[1.047s] -- Up-to-date symlink: /home/edisonwong/robot_ws/src/install/serial/share/serial/cmake/ament_cmake_export_libraries-extras.cmake
[1.048s] -- Up-to-date symlink: /home/edisonwong/robot_ws/src/install/serial/share/serial/cmake/serialConfig.cmake
[1.049s] -- Up-to-date symlink: /home/edisonwong/robot_ws/src/install/serial/share/serial/cmake/serialConfig-version.cmake
[1.050s] -- Up-to-date symlink: /home/edisonwong/robot_ws/src/install/serial/share/serial/package.xml
[1.067s] Invoked command in '/home/edisonwong/robot_ws/src/build/serial' returned '0': CMAKE_PREFIX_PATH=${CMAKE_PREFIX_PATH}:/home/edisonwong/robot_ws/src/install/serial_motor_demo:/home/edisonwong/robot_ws/install/serial_motor_demo:/opt/ros/humble /usr/bin/cmake --install /home/edisonwong/robot_ws/src/build/serial
