[1.588s] DEBUG:colcon:Command line arguments: ['/usr/bin/colcon', 'build', '--symlink-install']
[1.589s] DEBUG:colcon:Parsed command line arguments: Namespace(log_base=None, log_level=None, verb_name='build', build_base='build', install_base='install', merge_install=False, symlink_install=True, test_result_base=None, continue_on_error=False, executor='parallel', parallel_workers=4, event_handlers=None, ignore_user_meta=False, metas=['./colcon.meta'], base_paths=['.'], packages_ignore=None, packages_ignore_regex=None, paths=None, packages_up_to=None, packages_up_to_regex=None, packages_above=None, packages_above_and_dependencies=None, packages_above_depth=None, packages_select_by_dep=None, packages_skip_by_dep=None, packages_skip_up_to=None, packages_select_build_failed=False, packages_skip_build_finished=False, packages_select_test_failures=False, packages_skip_test_passed=False, packages_select=None, packages_skip=None, packages_select_regex=None, packages_skip_regex=None, packages_start=None, packages_end=None, allow_overriding=[], cmake_args=None, cmake_target=None, cmake_target_skip_unavailable=False, cmake_clean_cache=False, cmake_clean_first=False, cmake_force_configure=False, ament_cmake_args=None, catkin_cmake_args=None, catkin_skip_building_tests=False, verb_parser=<colcon_defaults.argument_parser.defaults.DefaultArgumentsDecorator object at 0xfffface0ca30>, verb_extension=<colcon_core.verb.build.BuildVerb object at 0xffffad81bc70>, main=<bound method BuildVerb.main of <colcon_core.verb.build.BuildVerb object at 0xffffad81bc70>>)
[1.723s] Level 1:colcon.colcon_core.package_discovery:discover_packages(colcon_meta) check parameters
[1.724s] Level 1:colcon.colcon_core.package_discovery:discover_packages(recursive) check parameters
[1.724s] Level 1:colcon.colcon_core.package_discovery:discover_packages(ignore) check parameters
[1.724s] Level 1:colcon.colcon_core.package_discovery:discover_packages(path) check parameters
[1.724s] Level 1:colcon.colcon_core.package_discovery:discover_packages(colcon_meta) discover
[1.724s] Level 1:colcon.colcon_core.package_discovery:discover_packages(recursive) discover
[1.725s] INFO:colcon.colcon_core.package_discovery:Crawling recursively for packages in '/home/edisonwong/robot_ws'
[1.725s] Level 1:colcon.colcon_core.package_identification:_identify(.) by extensions ['ignore', 'ignore_ament_install']
[1.726s] Level 1:colcon.colcon_core.package_identification:_identify(.) by extension 'ignore'
[1.726s] Level 1:colcon.colcon_core.package_identification:_identify(.) by extension 'ignore_ament_install'
[1.727s] Level 1:colcon.colcon_core.package_identification:_identify(.) by extensions ['colcon_pkg']
[1.727s] Level 1:colcon.colcon_core.package_identification:_identify(.) by extension 'colcon_pkg'
[1.727s] Level 1:colcon.colcon_core.package_identification:_identify(.) by extensions ['colcon_meta']
[1.727s] Level 1:colcon.colcon_core.package_identification:_identify(.) by extension 'colcon_meta'
[1.728s] Level 1:colcon.colcon_core.package_identification:_identify(.) by extensions ['ros']
[1.728s] Level 1:colcon.colcon_core.package_identification:_identify(.) by extension 'ros'
[1.778s] Level 1:colcon.colcon_core.package_identification:_identify(.) by extensions ['cmake', 'python']
[1.778s] Level 1:colcon.colcon_core.package_identification:_identify(.) by extension 'cmake'
[1.779s] Level 1:colcon.colcon_core.package_identification:_identify(.) by extension 'python'
[1.779s] Level 1:colcon.colcon_core.package_identification:_identify(.) by extensions ['python_setup_py']
[1.779s] Level 1:colcon.colcon_core.package_identification:_identify(.) by extension 'python_setup_py'
[1.780s] Level 1:colcon.colcon_core.package_identification:_identify(build) by extensions ['ignore', 'ignore_ament_install']
[1.780s] Level 1:colcon.colcon_core.package_identification:_identify(build) by extension 'ignore'
[1.781s] Level 1:colcon.colcon_core.package_identification:_identify(build) ignored
[1.782s] Level 1:colcon.colcon_core.package_identification:_identify(install) by extensions ['ignore', 'ignore_ament_install']
[1.782s] Level 1:colcon.colcon_core.package_identification:_identify(install) by extension 'ignore'
[1.783s] Level 1:colcon.colcon_core.package_identification:_identify(install) ignored
[1.784s] Level 1:colcon.colcon_core.package_identification:_identify(log) by extensions ['ignore', 'ignore_ament_install']
[1.784s] Level 1:colcon.colcon_core.package_identification:_identify(log) by extension 'ignore'
[1.785s] Level 1:colcon.colcon_core.package_identification:_identify(log) ignored
[1.785s] Level 1:colcon.colcon_core.package_identification:_identify(serial_motor_demo) by extensions ['ignore', 'ignore_ament_install']
[1.785s] Level 1:colcon.colcon_core.package_identification:_identify(serial_motor_demo) by extension 'ignore'
[1.786s] Level 1:colcon.colcon_core.package_identification:_identify(serial_motor_demo) by extension 'ignore_ament_install'
[1.786s] Level 1:colcon.colcon_core.package_identification:_identify(serial_motor_demo) by extensions ['colcon_pkg']
[1.786s] Level 1:colcon.colcon_core.package_identification:_identify(serial_motor_demo) by extension 'colcon_pkg'
[1.786s] Level 1:colcon.colcon_core.package_identification:_identify(serial_motor_demo) by extensions ['colcon_meta']
[1.787s] Level 1:colcon.colcon_core.package_identification:_identify(serial_motor_demo) by extension 'colcon_meta'
[1.787s] Level 1:colcon.colcon_core.package_identification:_identify(serial_motor_demo) by extensions ['ros']
[1.787s] Level 1:colcon.colcon_core.package_identification:_identify(serial_motor_demo) by extension 'ros'
[1.787s] Level 1:colcon.colcon_core.package_identification:_identify(serial_motor_demo) by extensions ['cmake', 'python']
[1.788s] Level 1:colcon.colcon_core.package_identification:_identify(serial_motor_demo) by extension 'cmake'
[1.788s] Level 1:colcon.colcon_core.package_identification:_identify(serial_motor_demo) by extension 'python'
[1.788s] Level 1:colcon.colcon_core.package_identification:_identify(serial_motor_demo) by extensions ['python_setup_py']
[1.788s] Level 1:colcon.colcon_core.package_identification:_identify(serial_motor_demo) by extension 'python_setup_py'
[1.789s] Level 1:colcon.colcon_core.package_identification:_identify(serial_motor_demo/serial_motor_demo) by extensions ['ignore', 'ignore_ament_install']
[1.789s] Level 1:colcon.colcon_core.package_identification:_identify(serial_motor_demo/serial_motor_demo) by extension 'ignore'
[1.789s] Level 1:colcon.colcon_core.package_identification:_identify(serial_motor_demo/serial_motor_demo) by extension 'ignore_ament_install'
[1.790s] Level 1:colcon.colcon_core.package_identification:_identify(serial_motor_demo/serial_motor_demo) by extensions ['colcon_pkg']
[1.790s] Level 1:colcon.colcon_core.package_identification:_identify(serial_motor_demo/serial_motor_demo) by extension 'colcon_pkg'
[1.790s] Level 1:colcon.colcon_core.package_identification:_identify(serial_motor_demo/serial_motor_demo) by extensions ['colcon_meta']
[1.790s] Level 1:colcon.colcon_core.package_identification:_identify(serial_motor_demo/serial_motor_demo) by extension 'colcon_meta'
[1.790s] Level 1:colcon.colcon_core.package_identification:_identify(serial_motor_demo/serial_motor_demo) by extensions ['ros']
[1.791s] Level 1:colcon.colcon_core.package_identification:_identify(serial_motor_demo/serial_motor_demo) by extension 'ros'
[1.801s] DEBUG:colcon.colcon_core.package_identification:Package 'serial_motor_demo/serial_motor_demo' with type 'ros.ament_python' and name 'serial_motor_demo'
[1.802s] Level 1:colcon.colcon_core.package_identification:_identify(serial_motor_demo/serial_motor_demo_msgs) by extensions ['ignore', 'ignore_ament_install']
[1.802s] Level 1:colcon.colcon_core.package_identification:_identify(serial_motor_demo/serial_motor_demo_msgs) by extension 'ignore'
[1.802s] Level 1:colcon.colcon_core.package_identification:_identify(serial_motor_demo/serial_motor_demo_msgs) by extension 'ignore_ament_install'
[1.803s] Level 1:colcon.colcon_core.package_identification:_identify(serial_motor_demo/serial_motor_demo_msgs) by extensions ['colcon_pkg']
[1.803s] Level 1:colcon.colcon_core.package_identification:_identify(serial_motor_demo/serial_motor_demo_msgs) by extension 'colcon_pkg'
[1.803s] Level 1:colcon.colcon_core.package_identification:_identify(serial_motor_demo/serial_motor_demo_msgs) by extensions ['colcon_meta']
[1.803s] Level 1:colcon.colcon_core.package_identification:_identify(serial_motor_demo/serial_motor_demo_msgs) by extension 'colcon_meta'
[1.804s] Level 1:colcon.colcon_core.package_identification:_identify(serial_motor_demo/serial_motor_demo_msgs) by extensions ['ros']
[1.804s] Level 1:colcon.colcon_core.package_identification:_identify(serial_motor_demo/serial_motor_demo_msgs) by extension 'ros'
[1.806s] DEBUG:colcon.colcon_core.package_identification:Package 'serial_motor_demo/serial_motor_demo_msgs' with type 'ros.ament_cmake' and name 'serial_motor_demo_msgs'
[1.807s] Level 1:colcon.colcon_core.package_identification:_identify(src) by extensions ['ignore', 'ignore_ament_install']
[1.807s] Level 1:colcon.colcon_core.package_identification:_identify(src) by extension 'ignore'
[1.807s] Level 1:colcon.colcon_core.package_identification:_identify(src) by extension 'ignore_ament_install'
[1.808s] Level 1:colcon.colcon_core.package_identification:_identify(src) by extensions ['colcon_pkg']
[1.808s] Level 1:colcon.colcon_core.package_identification:_identify(src) by extension 'colcon_pkg'
[1.808s] Level 1:colcon.colcon_core.package_identification:_identify(src) by extensions ['colcon_meta']
[1.808s] Level 1:colcon.colcon_core.package_identification:_identify(src) by extension 'colcon_meta'
[1.808s] Level 1:colcon.colcon_core.package_identification:_identify(src) by extensions ['ros']
[1.809s] Level 1:colcon.colcon_core.package_identification:_identify(src) by extension 'ros'
[1.809s] Level 1:colcon.colcon_core.package_identification:_identify(src) by extensions ['cmake', 'python']
[1.809s] Level 1:colcon.colcon_core.package_identification:_identify(src) by extension 'cmake'
[1.809s] Level 1:colcon.colcon_core.package_identification:_identify(src) by extension 'python'
[1.809s] Level 1:colcon.colcon_core.package_identification:_identify(src) by extensions ['python_setup_py']
[1.810s] Level 1:colcon.colcon_core.package_identification:_identify(src) by extension 'python_setup_py'
[1.810s] Level 1:colcon.colcon_core.package_identification:_identify(src/build) by extensions ['ignore', 'ignore_ament_install']
[1.811s] Level 1:colcon.colcon_core.package_identification:_identify(src/build) by extension 'ignore'
[1.811s] Level 1:colcon.colcon_core.package_identification:_identify(src/build) ignored
[1.812s] Level 1:colcon.colcon_core.package_identification:_identify(src/diffdrive_arduino) by extensions ['ignore', 'ignore_ament_install']
[1.812s] Level 1:colcon.colcon_core.package_identification:_identify(src/diffdrive_arduino) by extension 'ignore'
[1.812s] Level 1:colcon.colcon_core.package_identification:_identify(src/diffdrive_arduino) by extension 'ignore_ament_install'
[1.812s] Level 1:colcon.colcon_core.package_identification:_identify(src/diffdrive_arduino) by extensions ['colcon_pkg']
[1.813s] Level 1:colcon.colcon_core.package_identification:_identify(src/diffdrive_arduino) by extension 'colcon_pkg'
[1.813s] Level 1:colcon.colcon_core.package_identification:_identify(src/diffdrive_arduino) by extensions ['colcon_meta']
[1.813s] Level 1:colcon.colcon_core.package_identification:_identify(src/diffdrive_arduino) by extension 'colcon_meta'
[1.813s] Level 1:colcon.colcon_core.package_identification:_identify(src/diffdrive_arduino) by extensions ['ros']
[1.813s] Level 1:colcon.colcon_core.package_identification:_identify(src/diffdrive_arduino) by extension 'ros'
[1.818s] DEBUG:colcon.colcon_core.package_identification:Package 'src/diffdrive_arduino' with type 'ros.ament_cmake' and name 'diffdrive_arduino'
[1.819s] Level 1:colcon.colcon_core.package_identification:_identify(src/install) by extensions ['ignore', 'ignore_ament_install']
[1.819s] Level 1:colcon.colcon_core.package_identification:_identify(src/install) by extension 'ignore'
[1.820s] Level 1:colcon.colcon_core.package_identification:_identify(src/install) ignored
[1.820s] Level 1:colcon.colcon_core.package_identification:_identify(src/laser_filters) by extensions ['ignore', 'ignore_ament_install']
[1.821s] Level 1:colcon.colcon_core.package_identification:_identify(src/laser_filters) by extension 'ignore'
[1.821s] Level 1:colcon.colcon_core.package_identification:_identify(src/laser_filters) by extension 'ignore_ament_install'
[1.821s] Level 1:colcon.colcon_core.package_identification:_identify(src/laser_filters) by extensions ['colcon_pkg']
[1.821s] Level 1:colcon.colcon_core.package_identification:_identify(src/laser_filters) by extension 'colcon_pkg'
[1.822s] Level 1:colcon.colcon_core.package_identification:_identify(src/laser_filters) by extensions ['colcon_meta']
[1.822s] Level 1:colcon.colcon_core.package_identification:_identify(src/laser_filters) by extension 'colcon_meta'
[1.822s] Level 1:colcon.colcon_core.package_identification:_identify(src/laser_filters) by extensions ['ros']
[1.822s] Level 1:colcon.colcon_core.package_identification:_identify(src/laser_filters) by extension 'ros'
[1.828s] DEBUG:colcon.colcon_core.package_identification:Package 'src/laser_filters' with type 'ros.ament_cmake' and name 'laser_filters'
[1.829s] Level 1:colcon.colcon_core.package_identification:_identify(src/log) by extensions ['ignore', 'ignore_ament_install']
[1.829s] Level 1:colcon.colcon_core.package_identification:_identify(src/log) by extension 'ignore'
[1.829s] Level 1:colcon.colcon_core.package_identification:_identify(src/log) ignored
[1.830s] Level 1:colcon.colcon_core.package_identification:_identify(src/my_bot) by extensions ['ignore', 'ignore_ament_install']
[1.830s] Level 1:colcon.colcon_core.package_identification:_identify(src/my_bot) by extension 'ignore'
[1.831s] Level 1:colcon.colcon_core.package_identification:_identify(src/my_bot) by extension 'ignore_ament_install'
[1.831s] Level 1:colcon.colcon_core.package_identification:_identify(src/my_bot) by extensions ['colcon_pkg']
[1.831s] Level 1:colcon.colcon_core.package_identification:_identify(src/my_bot) by extension 'colcon_pkg'
[1.831s] Level 1:colcon.colcon_core.package_identification:_identify(src/my_bot) by extensions ['colcon_meta']
[1.831s] Level 1:colcon.colcon_core.package_identification:_identify(src/my_bot) by extension 'colcon_meta'
[1.832s] Level 1:colcon.colcon_core.package_identification:_identify(src/my_bot) by extensions ['ros']
[1.832s] Level 1:colcon.colcon_core.package_identification:_identify(src/my_bot) by extension 'ros'
[1.834s] DEBUG:colcon.colcon_core.package_identification:Package 'src/my_bot' with type 'ros.ament_cmake' and name 'my_bot'
[1.835s] Level 1:colcon.colcon_core.package_identification:_identify(src/serial) by extensions ['ignore', 'ignore_ament_install']
[1.835s] Level 1:colcon.colcon_core.package_identification:_identify(src/serial) by extension 'ignore'
[1.835s] Level 1:colcon.colcon_core.package_identification:_identify(src/serial) by extension 'ignore_ament_install'
[1.836s] Level 1:colcon.colcon_core.package_identification:_identify(src/serial) by extensions ['colcon_pkg']
[1.836s] Level 1:colcon.colcon_core.package_identification:_identify(src/serial) by extension 'colcon_pkg'
[1.836s] Level 1:colcon.colcon_core.package_identification:_identify(src/serial) by extensions ['colcon_meta']
[1.836s] Level 1:colcon.colcon_core.package_identification:_identify(src/serial) by extension 'colcon_meta'
[1.836s] Level 1:colcon.colcon_core.package_identification:_identify(src/serial) by extensions ['ros']
[1.837s] Level 1:colcon.colcon_core.package_identification:_identify(src/serial) by extension 'ros'
[1.839s] DEBUG:colcon.colcon_core.package_identification:Package 'src/serial' with type 'ros.ament_cmake' and name 'serial'
[1.839s] Level 1:colcon.colcon_core.package_discovery:discover_packages(recursive) using defaults
[1.840s] Level 1:colcon.colcon_core.package_discovery:discover_packages(ignore) discover
[1.840s] Level 1:colcon.colcon_core.package_discovery:discover_packages(ignore) using defaults
[1.840s] Level 1:colcon.colcon_core.package_discovery:discover_packages(path) discover
[1.840s] Level 1:colcon.colcon_core.package_discovery:discover_packages(path) using defaults
[1.951s] Level 1:colcon.colcon_core.package_discovery:discover_packages(prefix_path) check parameters
[1.951s] Level 1:colcon.colcon_core.package_discovery:discover_packages(prefix_path) discover
[1.967s] DEBUG:colcon.colcon_installed_package_information.package_discovery:Found 6 installed packages in /home/edisonwong/robot_ws/install
[1.981s] DEBUG:colcon.colcon_installed_package_information.package_discovery:Found 310 installed packages in /opt/ros/humble
[1.989s] Level 1:colcon.colcon_core.package_discovery:discover_packages(prefix_path) using defaults
[2.305s] Level 5:colcon.colcon_core.verb:set package 'laser_filters' build argument 'cmake_args' from command line to 'None'
[2.306s] Level 5:colcon.colcon_core.verb:set package 'laser_filters' build argument 'cmake_target' from command line to 'None'
[2.306s] Level 5:colcon.colcon_core.verb:set package 'laser_filters' build argument 'cmake_target_skip_unavailable' from command line to 'False'
[2.306s] Level 5:colcon.colcon_core.verb:set package 'laser_filters' build argument 'cmake_clean_cache' from command line to 'False'
[2.306s] Level 5:colcon.colcon_core.verb:set package 'laser_filters' build argument 'cmake_clean_first' from command line to 'False'
[2.306s] Level 5:colcon.colcon_core.verb:set package 'laser_filters' build argument 'cmake_force_configure' from command line to 'False'
[2.307s] Level 5:colcon.colcon_core.verb:set package 'laser_filters' build argument 'ament_cmake_args' from command line to 'None'
[2.307s] Level 5:colcon.colcon_core.verb:set package 'laser_filters' build argument 'catkin_cmake_args' from command line to 'None'
[2.307s] Level 5:colcon.colcon_core.verb:set package 'laser_filters' build argument 'catkin_skip_building_tests' from command line to 'False'
[2.307s] DEBUG:colcon.colcon_core.verb:Building package 'laser_filters' with the following arguments: {'ament_cmake_args': None, 'build_base': '/home/edisonwong/robot_ws/build/laser_filters', 'catkin_cmake_args': None, 'catkin_skip_building_tests': False, 'cmake_args': None, 'cmake_clean_cache': False, 'cmake_clean_first': False, 'cmake_force_configure': False, 'cmake_target': None, 'cmake_target_skip_unavailable': False, 'install_base': '/home/edisonwong/robot_ws/install/laser_filters', 'merge_install': False, 'path': '/home/edisonwong/robot_ws/src/laser_filters', 'symlink_install': True, 'test_result_base': None}
[2.312s] Level 5:colcon.colcon_core.verb:set package 'my_bot' build argument 'cmake_args' from command line to 'None'
[2.312s] Level 5:colcon.colcon_core.verb:set package 'my_bot' build argument 'cmake_target' from command line to 'None'
[2.312s] Level 5:colcon.colcon_core.verb:set package 'my_bot' build argument 'cmake_target_skip_unavailable' from command line to 'False'
[2.312s] Level 5:colcon.colcon_core.verb:set package 'my_bot' build argument 'cmake_clean_cache' from command line to 'False'
[2.312s] Level 5:colcon.colcon_core.verb:set package 'my_bot' build argument 'cmake_clean_first' from command line to 'False'
[2.312s] Level 5:colcon.colcon_core.verb:set package 'my_bot' build argument 'cmake_force_configure' from command line to 'False'
[2.313s] Level 5:colcon.colcon_core.verb:set package 'my_bot' build argument 'ament_cmake_args' from command line to 'None'
[2.313s] Level 5:colcon.colcon_core.verb:set package 'my_bot' build argument 'catkin_cmake_args' from command line to 'None'
[2.313s] Level 5:colcon.colcon_core.verb:set package 'my_bot' build argument 'catkin_skip_building_tests' from command line to 'False'
[2.313s] DEBUG:colcon.colcon_core.verb:Building package 'my_bot' with the following arguments: {'ament_cmake_args': None, 'build_base': '/home/edisonwong/robot_ws/build/my_bot', 'catkin_cmake_args': None, 'catkin_skip_building_tests': False, 'cmake_args': None, 'cmake_clean_cache': False, 'cmake_clean_first': False, 'cmake_force_configure': False, 'cmake_target': None, 'cmake_target_skip_unavailable': False, 'install_base': '/home/edisonwong/robot_ws/install/my_bot', 'merge_install': False, 'path': '/home/edisonwong/robot_ws/src/my_bot', 'symlink_install': True, 'test_result_base': None}
[2.318s] Level 5:colcon.colcon_core.verb:set package 'serial' build argument 'cmake_args' from command line to 'None'
[2.318s] Level 5:colcon.colcon_core.verb:set package 'serial' build argument 'cmake_target' from command line to 'None'
[2.318s] Level 5:colcon.colcon_core.verb:set package 'serial' build argument 'cmake_target_skip_unavailable' from command line to 'False'
[2.318s] Level 5:colcon.colcon_core.verb:set package 'serial' build argument 'cmake_clean_cache' from command line to 'False'
[2.318s] Level 5:colcon.colcon_core.verb:set package 'serial' build argument 'cmake_clean_first' from command line to 'False'
[2.319s] Level 5:colcon.colcon_core.verb:set package 'serial' build argument 'cmake_force_configure' from command line to 'False'
[2.319s] Level 5:colcon.colcon_core.verb:set package 'serial' build argument 'ament_cmake_args' from command line to 'None'
[2.319s] Level 5:colcon.colcon_core.verb:set package 'serial' build argument 'catkin_cmake_args' from command line to 'None'
[2.319s] Level 5:colcon.colcon_core.verb:set package 'serial' build argument 'catkin_skip_building_tests' from command line to 'False'
[2.319s] DEBUG:colcon.colcon_core.verb:Building package 'serial' with the following arguments: {'ament_cmake_args': None, 'build_base': '/home/edisonwong/robot_ws/build/serial', 'catkin_cmake_args': None, 'catkin_skip_building_tests': False, 'cmake_args': None, 'cmake_clean_cache': False, 'cmake_clean_first': False, 'cmake_force_configure': False, 'cmake_target': None, 'cmake_target_skip_unavailable': False, 'install_base': '/home/edisonwong/robot_ws/install/serial', 'merge_install': False, 'path': '/home/edisonwong/robot_ws/src/serial', 'symlink_install': True, 'test_result_base': None}
[2.324s] Level 5:colcon.colcon_core.verb:set package 'serial_motor_demo_msgs' build argument 'cmake_args' from command line to 'None'
[2.324s] Level 5:colcon.colcon_core.verb:set package 'serial_motor_demo_msgs' build argument 'cmake_target' from command line to 'None'
[2.324s] Level 5:colcon.colcon_core.verb:set package 'serial_motor_demo_msgs' build argument 'cmake_target_skip_unavailable' from command line to 'False'
[2.324s] Level 5:colcon.colcon_core.verb:set package 'serial_motor_demo_msgs' build argument 'cmake_clean_cache' from command line to 'False'
[2.324s] Level 5:colcon.colcon_core.verb:set package 'serial_motor_demo_msgs' build argument 'cmake_clean_first' from command line to 'False'
[2.325s] Level 5:colcon.colcon_core.verb:set package 'serial_motor_demo_msgs' build argument 'cmake_force_configure' from command line to 'False'
[2.325s] Level 5:colcon.colcon_core.verb:set package 'serial_motor_demo_msgs' build argument 'ament_cmake_args' from command line to 'None'
[2.325s] Level 5:colcon.colcon_core.verb:set package 'serial_motor_demo_msgs' build argument 'catkin_cmake_args' from command line to 'None'
[2.325s] Level 5:colcon.colcon_core.verb:set package 'serial_motor_demo_msgs' build argument 'catkin_skip_building_tests' from command line to 'False'
[2.325s] DEBUG:colcon.colcon_core.verb:Building package 'serial_motor_demo_msgs' with the following arguments: {'ament_cmake_args': None, 'build_base': '/home/edisonwong/robot_ws/build/serial_motor_demo_msgs', 'catkin_cmake_args': None, 'catkin_skip_building_tests': False, 'cmake_args': None, 'cmake_clean_cache': False, 'cmake_clean_first': False, 'cmake_force_configure': False, 'cmake_target': None, 'cmake_target_skip_unavailable': False, 'install_base': '/home/edisonwong/robot_ws/install/serial_motor_demo_msgs', 'merge_install': False, 'path': '/home/edisonwong/robot_ws/serial_motor_demo/serial_motor_demo_msgs', 'symlink_install': True, 'test_result_base': None}
[2.330s] Level 5:colcon.colcon_core.verb:set package 'diffdrive_arduino' build argument 'cmake_args' from command line to 'None'
[2.330s] Level 5:colcon.colcon_core.verb:set package 'diffdrive_arduino' build argument 'cmake_target' from command line to 'None'
[2.330s] Level 5:colcon.colcon_core.verb:set package 'diffdrive_arduino' build argument 'cmake_target_skip_unavailable' from command line to 'False'
[2.331s] Level 5:colcon.colcon_core.verb:set package 'diffdrive_arduino' build argument 'cmake_clean_cache' from command line to 'False'
[2.331s] Level 5:colcon.colcon_core.verb:set package 'diffdrive_arduino' build argument 'cmake_clean_first' from command line to 'False'
[2.331s] Level 5:colcon.colcon_core.verb:set package 'diffdrive_arduino' build argument 'cmake_force_configure' from command line to 'False'
[2.331s] Level 5:colcon.colcon_core.verb:set package 'diffdrive_arduino' build argument 'ament_cmake_args' from command line to 'None'
[2.331s] Level 5:colcon.colcon_core.verb:set package 'diffdrive_arduino' build argument 'catkin_cmake_args' from command line to 'None'
[2.331s] Level 5:colcon.colcon_core.verb:set package 'diffdrive_arduino' build argument 'catkin_skip_building_tests' from command line to 'False'
[2.331s] DEBUG:colcon.colcon_core.verb:Building package 'diffdrive_arduino' with the following arguments: {'ament_cmake_args': None, 'build_base': '/home/edisonwong/robot_ws/build/diffdrive_arduino', 'catkin_cmake_args': None, 'catkin_skip_building_tests': False, 'cmake_args': None, 'cmake_clean_cache': False, 'cmake_clean_first': False, 'cmake_force_configure': False, 'cmake_target': None, 'cmake_target_skip_unavailable': False, 'install_base': '/home/edisonwong/robot_ws/install/diffdrive_arduino', 'merge_install': False, 'path': '/home/edisonwong/robot_ws/src/diffdrive_arduino', 'symlink_install': True, 'test_result_base': None}
[2.336s] Level 5:colcon.colcon_core.verb:set package 'serial_motor_demo' build argument 'cmake_args' from command line to 'None'
[2.336s] Level 5:colcon.colcon_core.verb:set package 'serial_motor_demo' build argument 'cmake_target' from command line to 'None'
[2.336s] Level 5:colcon.colcon_core.verb:set package 'serial_motor_demo' build argument 'cmake_target_skip_unavailable' from command line to 'False'
[2.337s] Level 5:colcon.colcon_core.verb:set package 'serial_motor_demo' build argument 'cmake_clean_cache' from command line to 'False'
[2.337s] Level 5:colcon.colcon_core.verb:set package 'serial_motor_demo' build argument 'cmake_clean_first' from command line to 'False'
[2.337s] Level 5:colcon.colcon_core.verb:set package 'serial_motor_demo' build argument 'cmake_force_configure' from command line to 'False'
[2.337s] Level 5:colcon.colcon_core.verb:set package 'serial_motor_demo' build argument 'ament_cmake_args' from command line to 'None'
[2.337s] Level 5:colcon.colcon_core.verb:set package 'serial_motor_demo' build argument 'catkin_cmake_args' from command line to 'None'
[2.337s] Level 5:colcon.colcon_core.verb:set package 'serial_motor_demo' build argument 'catkin_skip_building_tests' from command line to 'False'
[2.337s] DEBUG:colcon.colcon_core.verb:Building package 'serial_motor_demo' with the following arguments: {'ament_cmake_args': None, 'build_base': '/home/edisonwong/robot_ws/build/serial_motor_demo', 'catkin_cmake_args': None, 'catkin_skip_building_tests': False, 'cmake_args': None, 'cmake_clean_cache': False, 'cmake_clean_first': False, 'cmake_force_configure': False, 'cmake_target': None, 'cmake_target_skip_unavailable': False, 'install_base': '/home/edisonwong/robot_ws/install/serial_motor_demo', 'merge_install': False, 'path': '/home/edisonwong/robot_ws/serial_motor_demo/serial_motor_demo', 'symlink_install': True, 'test_result_base': None}
[2.340s] INFO:colcon.colcon_core.executor:Executing jobs using 'parallel' executor
[2.355s] DEBUG:colcon.colcon_parallel_executor.executor.parallel:run_until_complete
[2.356s] INFO:colcon.colcon_ros.task.ament_cmake.build:Building ROS package in '/home/edisonwong/robot_ws/src/serial' with build type 'ament_cmake'
[2.357s] INFO:colcon.colcon_cmake.task.cmake.build:Building CMake package in '/home/edisonwong/robot_ws/src/serial'
[2.378s] INFO:colcon.colcon_core.plugin_system:Skipping extension 'colcon_core.shell.bat': Not used on non-Windows systems
[2.379s] INFO:colcon.colcon_core.shell:Skip shell extension 'powershell' for command environment: Not usable outside of PowerShell
[2.380s] DEBUG:colcon.colcon_core.shell:Skip shell extension 'dsv' for command environment
[2.411s] INFO:colcon.colcon_ros.task.ament_cmake.build:Building ROS package in '/home/edisonwong/robot_ws/serial_motor_demo/serial_motor_demo_msgs' with build type 'ament_cmake'
[2.412s] INFO:colcon.colcon_cmake.task.cmake.build:Building CMake package in '/home/edisonwong/robot_ws/serial_motor_demo/serial_motor_demo_msgs'
[2.419s] INFO:colcon.colcon_core.shell:Skip shell extension 'powershell' for command environment: Not usable outside of PowerShell
[2.419s] DEBUG:colcon.colcon_core.shell:Skip shell extension 'dsv' for command environment
[2.449s] INFO:colcon.colcon_ros.task.ament_cmake.build:Building ROS package in '/home/edisonwong/robot_ws/src/laser_filters' with build type 'ament_cmake'
[2.450s] INFO:colcon.colcon_cmake.task.cmake.build:Building CMake package in '/home/edisonwong/robot_ws/src/laser_filters'
[2.457s] INFO:colcon.colcon_core.shell:Skip shell extension 'powershell' for command environment: Not usable outside of PowerShell
[2.457s] DEBUG:colcon.colcon_core.shell:Skip shell extension 'dsv' for command environment
[2.489s] INFO:colcon.colcon_ros.task.ament_cmake.build:Building ROS package in '/home/edisonwong/robot_ws/src/my_bot' with build type 'ament_cmake'
[2.489s] INFO:colcon.colcon_cmake.task.cmake.build:Building CMake package in '/home/edisonwong/robot_ws/src/my_bot'
[2.497s] INFO:colcon.colcon_core.shell:Skip shell extension 'powershell' for command environment: Not usable outside of PowerShell
[2.497s] DEBUG:colcon.colcon_core.shell:Skip shell extension 'dsv' for command environment
[2.548s] DEBUG:colcon.colcon_core.event_handler.log_command:Invoking command in '/home/edisonwong/robot_ws/build/serial': CMAKE_PREFIX_PATH=${CMAKE_PREFIX_PATH}:/home/edisonwong/robot_ws/install/serial_motor_demo:/opt/ros/humble /usr/bin/cmake --build /home/edisonwong/robot_ws/build/serial -- -j4 -l4
[2.583s] DEBUG:colcon.colcon_core.event_handler.log_command:Invoking command in '/home/edisonwong/robot_ws/build/serial_motor_demo_msgs': CMAKE_PREFIX_PATH=${CMAKE_PREFIX_PATH}:/home/edisonwong/robot_ws/install/serial_motor_demo:/opt/ros/humble /usr/bin/cmake --build /home/edisonwong/robot_ws/build/serial_motor_demo_msgs -- -j4 -l4
[2.605s] DEBUG:colcon.colcon_core.event_handler.log_command:Invoking command in '/home/edisonwong/robot_ws/build/laser_filters': CMAKE_PREFIX_PATH=${CMAKE_PREFIX_PATH}:/home/edisonwong/robot_ws/install/serial_motor_demo:/opt/ros/humble /usr/bin/cmake --build /home/edisonwong/robot_ws/build/laser_filters -- -j4 -l4
[2.632s] DEBUG:colcon.colcon_core.event_handler.log_command:Invoking command in '/home/edisonwong/robot_ws/build/my_bot': CMAKE_PREFIX_PATH=${CMAKE_PREFIX_PATH}:/home/edisonwong/robot_ws/install/serial_motor_demo:/opt/ros/humble /usr/bin/cmake --build /home/edisonwong/robot_ws/build/my_bot -- -j4 -l4
[3.011s] DEBUG:colcon.colcon_core.event_handler.log_command:Invoked command in '/home/edisonwong/robot_ws/build/my_bot' returned '0': CMAKE_PREFIX_PATH=${CMAKE_PREFIX_PATH}:/home/edisonwong/robot_ws/install/serial_motor_demo:/opt/ros/humble /usr/bin/cmake --build /home/edisonwong/robot_ws/build/my_bot -- -j4 -l4
[3.528s] DEBUG:colcon.colcon_core.event_handler.log_command:Invoking command in '/home/edisonwong/robot_ws/build/my_bot': CMAKE_PREFIX_PATH=${CMAKE_PREFIX_PATH}:/home/edisonwong/robot_ws/install/serial_motor_demo:/opt/ros/humble /usr/bin/cmake --install /home/edisonwong/robot_ws/build/my_bot
[3.585s] DEBUG:colcon.colcon_core.event_handler.log_command:Invoked command in '/home/edisonwong/robot_ws/build/serial' returned '0': CMAKE_PREFIX_PATH=${CMAKE_PREFIX_PATH}:/home/edisonwong/robot_ws/install/serial_motor_demo:/opt/ros/humble /usr/bin/cmake --build /home/edisonwong/robot_ws/build/serial -- -j4 -l4
[3.803s] Level 1:colcon.colcon_core.environment:create_environment_scripts_only(my_bot)
[3.807s] DEBUG:colcon.colcon_core.event_handler.log_command:Invoked command in '/home/edisonwong/robot_ws/build/my_bot' returned '0': CMAKE_PREFIX_PATH=${CMAKE_PREFIX_PATH}:/home/edisonwong/robot_ws/install/serial_motor_demo:/opt/ros/humble /usr/bin/cmake --install /home/edisonwong/robot_ws/build/my_bot
[3.835s] Level 1:colcon.colcon_core.environment:checking '/home/edisonwong/robot_ws/install/my_bot' for CMake module files
[3.852s] Level 1:colcon.colcon_core.environment:checking '/home/edisonwong/robot_ws/install/my_bot' for CMake config files
[3.857s] Level 1:colcon.colcon_core.shell:create_environment_hook('my_bot', 'cmake_prefix_path')
[3.878s] INFO:colcon.colcon_core.shell:Creating environment hook '/home/edisonwong/robot_ws/install/my_bot/share/my_bot/hook/cmake_prefix_path.ps1'
[3.886s] INFO:colcon.colcon_core.shell:Creating environment descriptor '/home/edisonwong/robot_ws/install/my_bot/share/my_bot/hook/cmake_prefix_path.dsv'
[3.896s] INFO:colcon.colcon_core.shell:Creating environment hook '/home/edisonwong/robot_ws/install/my_bot/share/my_bot/hook/cmake_prefix_path.sh'
[3.901s] Level 1:colcon.colcon_core.environment:checking '/home/edisonwong/robot_ws/install/my_bot/bin'
[3.902s] Level 1:colcon.colcon_core.environment:checking '/home/edisonwong/robot_ws/install/my_bot/lib/pkgconfig/my_bot.pc'
[3.904s] Level 1:colcon.colcon_core.environment:checking '/home/edisonwong/robot_ws/install/my_bot/lib/python3.10/site-packages'
[3.905s] Level 1:colcon.colcon_core.environment:checking '/home/edisonwong/robot_ws/install/my_bot/bin'
[3.925s] INFO:colcon.colcon_core.shell:Creating package script '/home/edisonwong/robot_ws/install/my_bot/share/my_bot/package.ps1'
[3.931s] INFO:colcon.colcon_core.shell:Creating package descriptor '/home/edisonwong/robot_ws/install/my_bot/share/my_bot/package.dsv'
[3.934s] INFO:colcon.colcon_core.shell:Creating package script '/home/edisonwong/robot_ws/install/my_bot/share/my_bot/package.sh'
[3.939s] INFO:colcon.colcon_core.shell:Creating package script '/home/edisonwong/robot_ws/install/my_bot/share/my_bot/package.bash'
[3.944s] INFO:colcon.colcon_core.shell:Creating package script '/home/edisonwong/robot_ws/install/my_bot/share/my_bot/package.zsh'
[3.948s] Level 1:colcon.colcon_core.environment:create_file_with_runtime_dependencies(/home/edisonwong/robot_ws/install/my_bot/share/colcon-core/packages/my_bot)
[3.963s] DEBUG:colcon.colcon_core.event_handler.log_command:Invoked command in '/home/edisonwong/robot_ws/build/laser_filters' returned '0': CMAKE_PREFIX_PATH=${CMAKE_PREFIX_PATH}:/home/edisonwong/robot_ws/install/serial_motor_demo:/opt/ros/humble /usr/bin/cmake --build /home/edisonwong/robot_ws/build/laser_filters -- -j4 -l4
[3.988s] DEBUG:colcon.colcon_core.event_handler.log_command:Invoking command in '/home/edisonwong/robot_ws/build/serial': CMAKE_PREFIX_PATH=${CMAKE_PREFIX_PATH}:/home/edisonwong/robot_ws/install/serial_motor_demo:/opt/ros/humble /usr/bin/cmake --install /home/edisonwong/robot_ws/build/serial
[4.186s] Level 1:colcon.colcon_core.environment:create_environment_scripts_only(my_bot)
[4.209s] Level 1:colcon.colcon_core.environment:checking '/home/edisonwong/robot_ws/install/my_bot' for CMake module files
[4.213s] Level 1:colcon.colcon_core.environment:checking '/home/edisonwong/robot_ws/install/my_bot' for CMake config files
[4.223s] Level 1:colcon.colcon_core.shell:create_environment_hook('my_bot', 'cmake_prefix_path')
[4.230s] INFO:colcon.colcon_core.shell:Creating environment hook '/home/edisonwong/robot_ws/install/my_bot/share/my_bot/hook/cmake_prefix_path.ps1'
[4.233s] INFO:colcon.colcon_core.shell:Creating environment descriptor '/home/edisonwong/robot_ws/install/my_bot/share/my_bot/hook/cmake_prefix_path.dsv'
[4.246s] INFO:colcon.colcon_core.shell:Creating environment hook '/home/edisonwong/robot_ws/install/my_bot/share/my_bot/hook/cmake_prefix_path.sh'
[4.250s] Level 1:colcon.colcon_core.environment:checking '/home/edisonwong/robot_ws/install/my_bot/bin'
[4.250s] Level 1:colcon.colcon_core.environment:checking '/home/edisonwong/robot_ws/install/my_bot/lib/pkgconfig/my_bot.pc'
[4.251s] Level 1:colcon.colcon_core.environment:checking '/home/edisonwong/robot_ws/install/my_bot/lib/python3.10/site-packages'
[4.255s] Level 1:colcon.colcon_core.environment:checking '/home/edisonwong/robot_ws/install/my_bot/bin'
[4.264s] INFO:colcon.colcon_core.shell:Creating package script '/home/edisonwong/robot_ws/install/my_bot/share/my_bot/package.ps1'
[4.280s] INFO:colcon.colcon_core.shell:Creating package descriptor '/home/edisonwong/robot_ws/install/my_bot/share/my_bot/package.dsv'
[4.290s] INFO:colcon.colcon_core.shell:Creating package script '/home/edisonwong/robot_ws/install/my_bot/share/my_bot/package.sh'
[4.294s] INFO:colcon.colcon_core.shell:Creating package script '/home/edisonwong/robot_ws/install/my_bot/share/my_bot/package.bash'
[4.298s] INFO:colcon.colcon_core.shell:Creating package script '/home/edisonwong/robot_ws/install/my_bot/share/my_bot/package.zsh'
[4.307s] Level 1:colcon.colcon_core.environment:create_file_with_runtime_dependencies(/home/edisonwong/robot_ws/install/my_bot/share/colcon-core/packages/my_bot)
[4.314s] Level 1:colcon.colcon_core.environment:create_environment_scripts_only(serial)
[4.316s] DEBUG:colcon.colcon_core.event_handler.log_command:Invoked command in '/home/edisonwong/robot_ws/build/serial' returned '0': CMAKE_PREFIX_PATH=${CMAKE_PREFIX_PATH}:/home/edisonwong/robot_ws/install/serial_motor_demo:/opt/ros/humble /usr/bin/cmake --install /home/edisonwong/robot_ws/build/serial
[4.327s] Level 1:colcon.colcon_core.environment:checking '/home/edisonwong/robot_ws/install/serial' for CMake module files
[4.330s] Level 1:colcon.colcon_core.environment:checking '/home/edisonwong/robot_ws/install/serial' for CMake config files
[4.333s] Level 1:colcon.colcon_core.shell:create_environment_hook('serial', 'cmake_prefix_path')
[4.346s] INFO:colcon.colcon_core.shell:Creating environment hook '/home/edisonwong/robot_ws/install/serial/share/serial/hook/cmake_prefix_path.ps1'
[4.355s] INFO:colcon.colcon_core.shell:Creating environment descriptor '/home/edisonwong/robot_ws/install/serial/share/serial/hook/cmake_prefix_path.dsv'
[4.357s] INFO:colcon.colcon_core.shell:Creating environment hook '/home/edisonwong/robot_ws/install/serial/share/serial/hook/cmake_prefix_path.sh'
[4.361s] Level 1:colcon.colcon_core.environment:checking '/home/edisonwong/robot_ws/install/serial/lib'
[4.362s] Level 1:colcon.colcon_core.environment:checking '/home/edisonwong/robot_ws/install/serial/bin'
[4.363s] Level 1:colcon.colcon_core.environment:checking '/home/edisonwong/robot_ws/install/serial/lib/pkgconfig/serial.pc'
[4.364s] Level 1:colcon.colcon_core.environment:checking '/home/edisonwong/robot_ws/install/serial/lib/python3.10/site-packages'
[4.365s] Level 1:colcon.colcon_core.environment:checking '/home/edisonwong/robot_ws/install/serial/bin'
[4.381s] INFO:colcon.colcon_core.shell:Creating package script '/home/edisonwong/robot_ws/install/serial/share/serial/package.ps1'
[4.385s] INFO:colcon.colcon_core.shell:Creating package descriptor '/home/edisonwong/robot_ws/install/serial/share/serial/package.dsv'
[4.390s] INFO:colcon.colcon_core.shell:Creating package script '/home/edisonwong/robot_ws/install/serial/share/serial/package.sh'
[4.394s] INFO:colcon.colcon_core.shell:Creating package script '/home/edisonwong/robot_ws/install/serial/share/serial/package.bash'
[4.399s] INFO:colcon.colcon_core.shell:Creating package script '/home/edisonwong/robot_ws/install/serial/share/serial/package.zsh'
[4.407s] Level 1:colcon.colcon_core.environment:create_file_with_runtime_dependencies(/home/edisonwong/robot_ws/install/serial/share/colcon-core/packages/serial)
[4.499s] DEBUG:colcon.colcon_core.event_handler.log_command:Invoking command in '/home/edisonwong/robot_ws/build/laser_filters': CMAKE_PREFIX_PATH=${CMAKE_PREFIX_PATH}:/home/edisonwong/robot_ws/install/serial_motor_demo:/opt/ros/humble /usr/bin/cmake --install /home/edisonwong/robot_ws/build/laser_filters
[4.677s] Level 1:colcon.colcon_core.environment:create_environment_scripts_only(serial)
[4.688s] Level 1:colcon.colcon_core.environment:checking '/home/edisonwong/robot_ws/install/serial' for CMake module files
[4.694s] Level 1:colcon.colcon_core.environment:checking '/home/edisonwong/robot_ws/install/serial' for CMake config files
[4.696s] Level 1:colcon.colcon_core.shell:create_environment_hook('serial', 'cmake_prefix_path')
[4.703s] INFO:colcon.colcon_core.shell:Creating environment hook '/home/edisonwong/robot_ws/install/serial/share/serial/hook/cmake_prefix_path.ps1'
[4.705s] INFO:colcon.colcon_core.shell:Creating environment descriptor '/home/edisonwong/robot_ws/install/serial/share/serial/hook/cmake_prefix_path.dsv'
[4.707s] INFO:colcon.colcon_core.shell:Creating environment hook '/home/edisonwong/robot_ws/install/serial/share/serial/hook/cmake_prefix_path.sh'
[4.711s] Level 1:colcon.colcon_core.environment:checking '/home/edisonwong/robot_ws/install/serial/lib'
[4.711s] Level 1:colcon.colcon_core.environment:checking '/home/edisonwong/robot_ws/install/serial/bin'
[4.712s] Level 1:colcon.colcon_core.environment:checking '/home/edisonwong/robot_ws/install/serial/lib/pkgconfig/serial.pc'
[4.713s] Level 1:colcon.colcon_core.environment:checking '/home/edisonwong/robot_ws/install/serial/lib/python3.10/site-packages'
[4.714s] Level 1:colcon.colcon_core.environment:checking '/home/edisonwong/robot_ws/install/serial/bin'
[4.720s] INFO:colcon.colcon_core.shell:Creating package script '/home/edisonwong/robot_ws/install/serial/share/serial/package.ps1'
[4.723s] INFO:colcon.colcon_core.shell:Creating package descriptor '/home/edisonwong/robot_ws/install/serial/share/serial/package.dsv'
[4.725s] INFO:colcon.colcon_core.shell:Creating package script '/home/edisonwong/robot_ws/install/serial/share/serial/package.sh'
[4.728s] INFO:colcon.colcon_core.shell:Creating package script '/home/edisonwong/robot_ws/install/serial/share/serial/package.bash'
[4.730s] INFO:colcon.colcon_core.shell:Creating package script '/home/edisonwong/robot_ws/install/serial/share/serial/package.zsh'
[4.732s] Level 1:colcon.colcon_core.environment:create_file_with_runtime_dependencies(/home/edisonwong/robot_ws/install/serial/share/colcon-core/packages/serial)
[4.734s] INFO:colcon.colcon_ros.task.ament_cmake.build:Building ROS package in '/home/edisonwong/robot_ws/src/diffdrive_arduino' with build type 'ament_cmake'
[4.735s] INFO:colcon.colcon_cmake.task.cmake.build:Building CMake package in '/home/edisonwong/robot_ws/src/diffdrive_arduino'
[4.742s] INFO:colcon.colcon_core.shell:Skip shell extension 'powershell' for command environment: Not usable outside of PowerShell
[4.743s] DEBUG:colcon.colcon_core.shell:Skip shell extension 'dsv' for command environment
[4.775s] Level 1:colcon.colcon_core.environment:create_environment_scripts_only(laser_filters)
[4.776s] DEBUG:colcon.colcon_core.event_handler.log_command:Invoked command in '/home/edisonwong/robot_ws/build/laser_filters' returned '0': CMAKE_PREFIX_PATH=${CMAKE_PREFIX_PATH}:/home/edisonwong/robot_ws/install/serial_motor_demo:/opt/ros/humble /usr/bin/cmake --install /home/edisonwong/robot_ws/build/laser_filters
[4.787s] Level 1:colcon.colcon_core.environment:checking '/home/edisonwong/robot_ws/install/laser_filters' for CMake module files
[4.791s] Level 1:colcon.colcon_core.environment:checking '/home/edisonwong/robot_ws/install/laser_filters' for CMake config files
[4.795s] Level 1:colcon.colcon_core.shell:create_environment_hook('laser_filters', 'cmake_prefix_path')
[4.801s] INFO:colcon.colcon_core.shell:Creating environment hook '/home/edisonwong/robot_ws/install/laser_filters/share/laser_filters/hook/cmake_prefix_path.ps1'
[4.804s] INFO:colcon.colcon_core.shell:Creating environment descriptor '/home/edisonwong/robot_ws/install/laser_filters/share/laser_filters/hook/cmake_prefix_path.dsv'
[4.806s] INFO:colcon.colcon_core.shell:Creating environment hook '/home/edisonwong/robot_ws/install/laser_filters/share/laser_filters/hook/cmake_prefix_path.sh'
[4.809s] Level 1:colcon.colcon_core.environment:checking '/home/edisonwong/robot_ws/install/laser_filters/lib'
[4.810s] Level 1:colcon.colcon_core.shell:create_environment_hook('laser_filters', 'ld_library_path_lib')
[4.816s] INFO:colcon.colcon_core.shell:Creating environment hook '/home/edisonwong/robot_ws/install/laser_filters/share/laser_filters/hook/ld_library_path_lib.ps1'
[4.818s] INFO:colcon.colcon_core.shell:Creating environment descriptor '/home/edisonwong/robot_ws/install/laser_filters/share/laser_filters/hook/ld_library_path_lib.dsv'
[4.820s] INFO:colcon.colcon_core.shell:Creating environment hook '/home/edisonwong/robot_ws/install/laser_filters/share/laser_filters/hook/ld_library_path_lib.sh'
[4.823s] Level 1:colcon.colcon_core.environment:checking '/home/edisonwong/robot_ws/install/laser_filters/bin'
[4.823s] Level 1:colcon.colcon_core.environment:checking '/home/edisonwong/robot_ws/install/laser_filters/lib/pkgconfig/laser_filters.pc'
[4.824s] Level 1:colcon.colcon_core.environment:checking '/home/edisonwong/robot_ws/install/laser_filters/lib/python3.10/site-packages'
[4.825s] Level 1:colcon.colcon_core.environment:checking '/home/edisonwong/robot_ws/install/laser_filters/bin'
[4.832s] INFO:colcon.colcon_core.shell:Creating package script '/home/edisonwong/robot_ws/install/laser_filters/share/laser_filters/package.ps1'
[4.834s] INFO:colcon.colcon_core.shell:Creating package descriptor '/home/edisonwong/robot_ws/install/laser_filters/share/laser_filters/package.dsv'
[4.837s] INFO:colcon.colcon_core.shell:Creating package script '/home/edisonwong/robot_ws/install/laser_filters/share/laser_filters/package.sh'
[4.839s] INFO:colcon.colcon_core.shell:Creating package script '/home/edisonwong/robot_ws/install/laser_filters/share/laser_filters/package.bash'
[4.841s] INFO:colcon.colcon_core.shell:Creating package script '/home/edisonwong/robot_ws/install/laser_filters/share/laser_filters/package.zsh'
[4.843s] Level 1:colcon.colcon_core.environment:create_file_with_runtime_dependencies(/home/edisonwong/robot_ws/install/laser_filters/share/colcon-core/packages/laser_filters)
[4.871s] DEBUG:colcon.colcon_core.event_handler.log_command:Invoking command in '/home/edisonwong/robot_ws/build/diffdrive_arduino': CMAKE_PREFIX_PATH=/home/edisonwong/robot_ws/install/serial:/home/edisonwong/robot_ws/install/serial_motor_demo_msgs:/home/edisonwong/robot_ws/install/diffdrive_arduino:/home/edisonwong/robot_ws/install/my_bot:/home/edisonwong/robot_ws/install/laser_filters:/home/edisonwong/robot_ws/install/serial_motor_demo:/opt/ros/humble /usr/bin/cmake --build /home/edisonwong/robot_ws/build/diffdrive_arduino -- -j4 -l4
[5.133s] Level 1:colcon.colcon_core.environment:create_environment_scripts_only(laser_filters)
[5.146s] Level 1:colcon.colcon_core.environment:checking '/home/edisonwong/robot_ws/install/laser_filters' for CMake module files
[5.150s] Level 1:colcon.colcon_core.environment:checking '/home/edisonwong/robot_ws/install/laser_filters' for CMake config files
[5.153s] Level 1:colcon.colcon_core.shell:create_environment_hook('laser_filters', 'cmake_prefix_path')
[5.161s] INFO:colcon.colcon_core.shell:Creating environment hook '/home/edisonwong/robot_ws/install/laser_filters/share/laser_filters/hook/cmake_prefix_path.ps1'
[5.164s] INFO:colcon.colcon_core.shell:Creating environment descriptor '/home/edisonwong/robot_ws/install/laser_filters/share/laser_filters/hook/cmake_prefix_path.dsv'
[5.167s] INFO:colcon.colcon_core.shell:Creating environment hook '/home/edisonwong/robot_ws/install/laser_filters/share/laser_filters/hook/cmake_prefix_path.sh'
[5.171s] Level 1:colcon.colcon_core.environment:checking '/home/edisonwong/robot_ws/install/laser_filters/lib'
[5.172s] Level 1:colcon.colcon_core.shell:create_environment_hook('laser_filters', 'ld_library_path_lib')
[5.181s] INFO:colcon.colcon_core.shell:Creating environment hook '/home/edisonwong/robot_ws/install/laser_filters/share/laser_filters/hook/ld_library_path_lib.ps1'
[5.184s] INFO:colcon.colcon_core.shell:Creating environment descriptor '/home/edisonwong/robot_ws/install/laser_filters/share/laser_filters/hook/ld_library_path_lib.dsv'
[5.186s] INFO:colcon.colcon_core.shell:Creating environment hook '/home/edisonwong/robot_ws/install/laser_filters/share/laser_filters/hook/ld_library_path_lib.sh'
[5.190s] Level 1:colcon.colcon_core.environment:checking '/home/edisonwong/robot_ws/install/laser_filters/bin'
[5.191s] Level 1:colcon.colcon_core.environment:checking '/home/edisonwong/robot_ws/install/laser_filters/lib/pkgconfig/laser_filters.pc'
[5.193s] Level 1:colcon.colcon_core.environment:checking '/home/edisonwong/robot_ws/install/laser_filters/lib/python3.10/site-packages'
[5.195s] Level 1:colcon.colcon_core.environment:checking '/home/edisonwong/robot_ws/install/laser_filters/bin'
[5.204s] INFO:colcon.colcon_core.shell:Creating package script '/home/edisonwong/robot_ws/install/laser_filters/share/laser_filters/package.ps1'
[5.213s] INFO:colcon.colcon_core.shell:Creating package descriptor '/home/edisonwong/robot_ws/install/laser_filters/share/laser_filters/package.dsv'
[5.217s] INFO:colcon.colcon_core.shell:Creating package script '/home/edisonwong/robot_ws/install/laser_filters/share/laser_filters/package.sh'
[5.220s] INFO:colcon.colcon_core.shell:Creating package script '/home/edisonwong/robot_ws/install/laser_filters/share/laser_filters/package.bash'
[5.223s] INFO:colcon.colcon_core.shell:Creating package script '/home/edisonwong/robot_ws/install/laser_filters/share/laser_filters/package.zsh'
[5.226s] Level 1:colcon.colcon_core.environment:create_file_with_runtime_dependencies(/home/edisonwong/robot_ws/install/laser_filters/share/colcon-core/packages/laser_filters)
[5.278s] DEBUG:colcon.colcon_core.event_handler.log_command:Invoked command in '/home/edisonwong/robot_ws/build/diffdrive_arduino' returned '0': CMAKE_PREFIX_PATH=/home/edisonwong/robot_ws/install/serial:/home/edisonwong/robot_ws/install/serial_motor_demo_msgs:/home/edisonwong/robot_ws/install/diffdrive_arduino:/home/edisonwong/robot_ws/install/my_bot:/home/edisonwong/robot_ws/install/laser_filters:/home/edisonwong/robot_ws/install/serial_motor_demo:/opt/ros/humble /usr/bin/cmake --build /home/edisonwong/robot_ws/build/diffdrive_arduino -- -j4 -l4
[5.520s] DEBUG:colcon.colcon_core.event_handler.log_command:Invoking command in '/home/edisonwong/robot_ws/build/diffdrive_arduino': CMAKE_PREFIX_PATH=/home/edisonwong/robot_ws/install/serial:/home/edisonwong/robot_ws/install/serial_motor_demo_msgs:/home/edisonwong/robot_ws/install/diffdrive_arduino:/home/edisonwong/robot_ws/install/my_bot:/home/edisonwong/robot_ws/install/laser_filters:/home/edisonwong/robot_ws/install/serial_motor_demo:/opt/ros/humble /usr/bin/cmake --install /home/edisonwong/robot_ws/build/diffdrive_arduino
[5.565s] DEBUG:colcon.colcon_core.event_handler.log_command:Invoked command in '/home/edisonwong/robot_ws/build/serial_motor_demo_msgs' returned '0': CMAKE_PREFIX_PATH=${CMAKE_PREFIX_PATH}:/home/edisonwong/robot_ws/install/serial_motor_demo:/opt/ros/humble /usr/bin/cmake --build /home/edisonwong/robot_ws/build/serial_motor_demo_msgs -- -j4 -l4
[5.641s] Level 1:colcon.colcon_core.environment:create_environment_scripts_only(diffdrive_arduino)
[5.651s] Level 1:colcon.colcon_core.environment:checking '/home/edisonwong/robot_ws/install/diffdrive_arduino' for CMake module files
[5.653s] DEBUG:colcon.colcon_core.event_handler.log_command:Invoked command in '/home/edisonwong/robot_ws/build/diffdrive_arduino' returned '0': CMAKE_PREFIX_PATH=/home/edisonwong/robot_ws/install/serial:/home/edisonwong/robot_ws/install/serial_motor_demo_msgs:/home/edisonwong/robot_ws/install/diffdrive_arduino:/home/edisonwong/robot_ws/install/my_bot:/home/edisonwong/robot_ws/install/laser_filters:/home/edisonwong/robot_ws/install/serial_motor_demo:/opt/ros/humble /usr/bin/cmake --install /home/edisonwong/robot_ws/build/diffdrive_arduino
[5.656s] Level 1:colcon.colcon_core.environment:checking '/home/edisonwong/robot_ws/install/diffdrive_arduino' for CMake config files
[5.661s] Level 1:colcon.colcon_core.shell:create_environment_hook('diffdrive_arduino', 'cmake_prefix_path')
[5.668s] INFO:colcon.colcon_core.shell:Creating environment hook '/home/edisonwong/robot_ws/install/diffdrive_arduino/share/diffdrive_arduino/hook/cmake_prefix_path.ps1'
[5.670s] INFO:colcon.colcon_core.shell:Creating environment descriptor '/home/edisonwong/robot_ws/install/diffdrive_arduino/share/diffdrive_arduino/hook/cmake_prefix_path.dsv'
[5.672s] INFO:colcon.colcon_core.shell:Creating environment hook '/home/edisonwong/robot_ws/install/diffdrive_arduino/share/diffdrive_arduino/hook/cmake_prefix_path.sh'
[5.675s] Level 1:colcon.colcon_core.environment:checking '/home/edisonwong/robot_ws/install/diffdrive_arduino/lib'
[5.676s] Level 1:colcon.colcon_core.shell:create_environment_hook('diffdrive_arduino', 'ld_library_path_lib')
[5.682s] INFO:colcon.colcon_core.shell:Creating environment hook '/home/edisonwong/robot_ws/install/diffdrive_arduino/share/diffdrive_arduino/hook/ld_library_path_lib.ps1'
[5.684s] INFO:colcon.colcon_core.shell:Creating environment descriptor '/home/edisonwong/robot_ws/install/diffdrive_arduino/share/diffdrive_arduino/hook/ld_library_path_lib.dsv'
[5.686s] INFO:colcon.colcon_core.shell:Creating environment hook '/home/edisonwong/robot_ws/install/diffdrive_arduino/share/diffdrive_arduino/hook/ld_library_path_lib.sh'
[5.689s] Level 1:colcon.colcon_core.environment:checking '/home/edisonwong/robot_ws/install/diffdrive_arduino/bin'
[5.690s] Level 1:colcon.colcon_core.environment:checking '/home/edisonwong/robot_ws/install/diffdrive_arduino/lib/pkgconfig/diffdrive_arduino.pc'
[5.691s] Level 1:colcon.colcon_core.environment:checking '/home/edisonwong/robot_ws/install/diffdrive_arduino/lib/python3.10/site-packages'
[5.692s] Level 1:colcon.colcon_core.environment:checking '/home/edisonwong/robot_ws/install/diffdrive_arduino/bin'
[5.699s] INFO:colcon.colcon_core.shell:Creating package script '/home/edisonwong/robot_ws/install/diffdrive_arduino/share/diffdrive_arduino/package.ps1'
[5.702s] INFO:colcon.colcon_core.shell:Creating package descriptor '/home/edisonwong/robot_ws/install/diffdrive_arduino/share/diffdrive_arduino/package.dsv'
[5.704s] INFO:colcon.colcon_core.shell:Creating package script '/home/edisonwong/robot_ws/install/diffdrive_arduino/share/diffdrive_arduino/package.sh'
[5.707s] INFO:colcon.colcon_core.shell:Creating package script '/home/edisonwong/robot_ws/install/diffdrive_arduino/share/diffdrive_arduino/package.bash'
[5.709s] INFO:colcon.colcon_core.shell:Creating package script '/home/edisonwong/robot_ws/install/diffdrive_arduino/share/diffdrive_arduino/package.zsh'
[5.712s] Level 1:colcon.colcon_core.environment:create_file_with_runtime_dependencies(/home/edisonwong/robot_ws/install/diffdrive_arduino/share/colcon-core/packages/diffdrive_arduino)
[5.923s] Level 1:colcon.colcon_core.environment:create_environment_scripts_only(diffdrive_arduino)
[5.934s] Level 1:colcon.colcon_core.environment:checking '/home/edisonwong/robot_ws/install/diffdrive_arduino' for CMake module files
[5.938s] Level 1:colcon.colcon_core.environment:checking '/home/edisonwong/robot_ws/install/diffdrive_arduino' for CMake config files
[5.942s] Level 1:colcon.colcon_core.shell:create_environment_hook('diffdrive_arduino', 'cmake_prefix_path')
[5.948s] INFO:colcon.colcon_core.shell:Creating environment hook '/home/edisonwong/robot_ws/install/diffdrive_arduino/share/diffdrive_arduino/hook/cmake_prefix_path.ps1'
[5.951s] INFO:colcon.colcon_core.shell:Creating environment descriptor '/home/edisonwong/robot_ws/install/diffdrive_arduino/share/diffdrive_arduino/hook/cmake_prefix_path.dsv'
[5.953s] INFO:colcon.colcon_core.shell:Creating environment hook '/home/edisonwong/robot_ws/install/diffdrive_arduino/share/diffdrive_arduino/hook/cmake_prefix_path.sh'
[5.956s] Level 1:colcon.colcon_core.environment:checking '/home/edisonwong/robot_ws/install/diffdrive_arduino/lib'
[5.957s] Level 1:colcon.colcon_core.shell:create_environment_hook('diffdrive_arduino', 'ld_library_path_lib')
[5.963s] INFO:colcon.colcon_core.shell:Creating environment hook '/home/edisonwong/robot_ws/install/diffdrive_arduino/share/diffdrive_arduino/hook/ld_library_path_lib.ps1'
[5.965s] INFO:colcon.colcon_core.shell:Creating environment descriptor '/home/edisonwong/robot_ws/install/diffdrive_arduino/share/diffdrive_arduino/hook/ld_library_path_lib.dsv'
[5.967s] INFO:colcon.colcon_core.shell:Creating environment hook '/home/edisonwong/robot_ws/install/diffdrive_arduino/share/diffdrive_arduino/hook/ld_library_path_lib.sh'
[5.970s] Level 1:colcon.colcon_core.environment:checking '/home/edisonwong/robot_ws/install/diffdrive_arduino/bin'
[5.970s] Level 1:colcon.colcon_core.environment:checking '/home/edisonwong/robot_ws/install/diffdrive_arduino/lib/pkgconfig/diffdrive_arduino.pc'
[5.972s] Level 1:colcon.colcon_core.environment:checking '/home/edisonwong/robot_ws/install/diffdrive_arduino/lib/python3.10/site-packages'
[5.973s] Level 1:colcon.colcon_core.environment:checking '/home/edisonwong/robot_ws/install/diffdrive_arduino/bin'
[5.979s] INFO:colcon.colcon_core.shell:Creating package script '/home/edisonwong/robot_ws/install/diffdrive_arduino/share/diffdrive_arduino/package.ps1'
[5.982s] INFO:colcon.colcon_core.shell:Creating package descriptor '/home/edisonwong/robot_ws/install/diffdrive_arduino/share/diffdrive_arduino/package.dsv'
[5.985s] INFO:colcon.colcon_core.shell:Creating package script '/home/edisonwong/robot_ws/install/diffdrive_arduino/share/diffdrive_arduino/package.sh'
[5.988s] INFO:colcon.colcon_core.shell:Creating package script '/home/edisonwong/robot_ws/install/diffdrive_arduino/share/diffdrive_arduino/package.bash'
[5.991s] INFO:colcon.colcon_core.shell:Creating package script '/home/edisonwong/robot_ws/install/diffdrive_arduino/share/diffdrive_arduino/package.zsh'
[5.993s] Level 1:colcon.colcon_core.environment:create_file_with_runtime_dependencies(/home/edisonwong/robot_ws/install/diffdrive_arduino/share/colcon-core/packages/diffdrive_arduino)
[6.264s] DEBUG:colcon.colcon_core.event_handler.log_command:Invoking command in '/home/edisonwong/robot_ws/build/serial_motor_demo_msgs': CMAKE_PREFIX_PATH=${CMAKE_PREFIX_PATH}:/home/edisonwong/robot_ws/install/serial_motor_demo:/opt/ros/humble /usr/bin/cmake --install /home/edisonwong/robot_ws/build/serial_motor_demo_msgs
[6.709s] Level 1:colcon.colcon_core.environment:create_environment_scripts_only(serial_motor_demo_msgs)
[6.718s] Level 1:colcon.colcon_core.environment:checking '/home/edisonwong/robot_ws/install/serial_motor_demo_msgs' for CMake module files
[6.720s] DEBUG:colcon.colcon_core.event_handler.log_command:Invoked command in '/home/edisonwong/robot_ws/build/serial_motor_demo_msgs' returned '0': CMAKE_PREFIX_PATH=${CMAKE_PREFIX_PATH}:/home/edisonwong/robot_ws/install/serial_motor_demo:/opt/ros/humble /usr/bin/cmake --install /home/edisonwong/robot_ws/build/serial_motor_demo_msgs
[6.724s] Level 1:colcon.colcon_core.environment:checking '/home/edisonwong/robot_ws/install/serial_motor_demo_msgs' for CMake config files
[6.728s] Level 1:colcon.colcon_core.shell:create_environment_hook('serial_motor_demo_msgs', 'cmake_prefix_path')
[6.735s] INFO:colcon.colcon_core.shell:Creating environment hook '/home/edisonwong/robot_ws/install/serial_motor_demo_msgs/share/serial_motor_demo_msgs/hook/cmake_prefix_path.ps1'
[6.737s] INFO:colcon.colcon_core.shell:Creating environment descriptor '/home/edisonwong/robot_ws/install/serial_motor_demo_msgs/share/serial_motor_demo_msgs/hook/cmake_prefix_path.dsv'
[6.739s] INFO:colcon.colcon_core.shell:Creating environment hook '/home/edisonwong/robot_ws/install/serial_motor_demo_msgs/share/serial_motor_demo_msgs/hook/cmake_prefix_path.sh'
[6.742s] Level 1:colcon.colcon_core.environment:checking '/home/edisonwong/robot_ws/install/serial_motor_demo_msgs/lib'
[6.742s] Level 1:colcon.colcon_core.shell:create_environment_hook('serial_motor_demo_msgs', 'ld_library_path_lib')
[6.748s] INFO:colcon.colcon_core.shell:Creating environment hook '/home/edisonwong/robot_ws/install/serial_motor_demo_msgs/share/serial_motor_demo_msgs/hook/ld_library_path_lib.ps1'
[6.750s] INFO:colcon.colcon_core.shell:Creating environment descriptor '/home/edisonwong/robot_ws/install/serial_motor_demo_msgs/share/serial_motor_demo_msgs/hook/ld_library_path_lib.dsv'
[6.752s] INFO:colcon.colcon_core.shell:Creating environment hook '/home/edisonwong/robot_ws/install/serial_motor_demo_msgs/share/serial_motor_demo_msgs/hook/ld_library_path_lib.sh'
[6.755s] Level 1:colcon.colcon_core.environment:checking '/home/edisonwong/robot_ws/install/serial_motor_demo_msgs/bin'
[6.755s] Level 1:colcon.colcon_core.environment:checking '/home/edisonwong/robot_ws/install/serial_motor_demo_msgs/lib/pkgconfig/serial_motor_demo_msgs.pc'
[6.756s] Level 1:colcon.colcon_core.environment:checking '/home/edisonwong/robot_ws/install/serial_motor_demo_msgs/lib/python3.10/site-packages'
[6.757s] Level 1:colcon.colcon_core.environment:checking '/home/edisonwong/robot_ws/install/serial_motor_demo_msgs/bin'
[6.763s] INFO:colcon.colcon_core.shell:Creating package script '/home/edisonwong/robot_ws/install/serial_motor_demo_msgs/share/serial_motor_demo_msgs/package.ps1'
[6.766s] INFO:colcon.colcon_core.shell:Creating package descriptor '/home/edisonwong/robot_ws/install/serial_motor_demo_msgs/share/serial_motor_demo_msgs/package.dsv'
[6.768s] INFO:colcon.colcon_core.shell:Creating package script '/home/edisonwong/robot_ws/install/serial_motor_demo_msgs/share/serial_motor_demo_msgs/package.sh'
[6.770s] INFO:colcon.colcon_core.shell:Creating package script '/home/edisonwong/robot_ws/install/serial_motor_demo_msgs/share/serial_motor_demo_msgs/package.bash'
[6.772s] INFO:colcon.colcon_core.shell:Creating package script '/home/edisonwong/robot_ws/install/serial_motor_demo_msgs/share/serial_motor_demo_msgs/package.zsh'
[6.776s] Level 1:colcon.colcon_core.environment:create_file_with_runtime_dependencies(/home/edisonwong/robot_ws/install/serial_motor_demo_msgs/share/colcon-core/packages/serial_motor_demo_msgs)
[7.471s] Level 1:colcon.colcon_core.environment:create_environment_scripts_only(serial_motor_demo_msgs)
[7.481s] Level 1:colcon.colcon_core.environment:checking '/home/edisonwong/robot_ws/install/serial_motor_demo_msgs' for CMake module files
[7.487s] Level 1:colcon.colcon_core.environment:checking '/home/edisonwong/robot_ws/install/serial_motor_demo_msgs' for CMake config files
[7.490s] Level 1:colcon.colcon_core.shell:create_environment_hook('serial_motor_demo_msgs', 'cmake_prefix_path')
[7.495s] INFO:colcon.colcon_core.shell:Creating environment hook '/home/edisonwong/robot_ws/install/serial_motor_demo_msgs/share/serial_motor_demo_msgs/hook/cmake_prefix_path.ps1'
[7.498s] INFO:colcon.colcon_core.shell:Creating environment descriptor '/home/edisonwong/robot_ws/install/serial_motor_demo_msgs/share/serial_motor_demo_msgs/hook/cmake_prefix_path.dsv'
[7.499s] INFO:colcon.colcon_core.shell:Creating environment hook '/home/edisonwong/robot_ws/install/serial_motor_demo_msgs/share/serial_motor_demo_msgs/hook/cmake_prefix_path.sh'
[7.502s] Level 1:colcon.colcon_core.environment:checking '/home/edisonwong/robot_ws/install/serial_motor_demo_msgs/lib'
[7.503s] Level 1:colcon.colcon_core.shell:create_environment_hook('serial_motor_demo_msgs', 'ld_library_path_lib')
[7.509s] INFO:colcon.colcon_core.shell:Creating environment hook '/home/edisonwong/robot_ws/install/serial_motor_demo_msgs/share/serial_motor_demo_msgs/hook/ld_library_path_lib.ps1'
[7.511s] INFO:colcon.colcon_core.shell:Creating environment descriptor '/home/edisonwong/robot_ws/install/serial_motor_demo_msgs/share/serial_motor_demo_msgs/hook/ld_library_path_lib.dsv'
[7.513s] INFO:colcon.colcon_core.shell:Creating environment hook '/home/edisonwong/robot_ws/install/serial_motor_demo_msgs/share/serial_motor_demo_msgs/hook/ld_library_path_lib.sh'
[7.515s] Level 1:colcon.colcon_core.environment:checking '/home/edisonwong/robot_ws/install/serial_motor_demo_msgs/bin'
[7.515s] Level 1:colcon.colcon_core.environment:checking '/home/edisonwong/robot_ws/install/serial_motor_demo_msgs/lib/pkgconfig/serial_motor_demo_msgs.pc'
[7.516s] Level 1:colcon.colcon_core.environment:checking '/home/edisonwong/robot_ws/install/serial_motor_demo_msgs/lib/python3.10/site-packages'
[7.517s] Level 1:colcon.colcon_core.environment:checking '/home/edisonwong/robot_ws/install/serial_motor_demo_msgs/bin'
[7.523s] INFO:colcon.colcon_core.shell:Creating package script '/home/edisonwong/robot_ws/install/serial_motor_demo_msgs/share/serial_motor_demo_msgs/package.ps1'
[7.526s] INFO:colcon.colcon_core.shell:Creating package descriptor '/home/edisonwong/robot_ws/install/serial_motor_demo_msgs/share/serial_motor_demo_msgs/package.dsv'
[7.529s] INFO:colcon.colcon_core.shell:Creating package script '/home/edisonwong/robot_ws/install/serial_motor_demo_msgs/share/serial_motor_demo_msgs/package.sh'
[7.531s] INFO:colcon.colcon_core.shell:Creating package script '/home/edisonwong/robot_ws/install/serial_motor_demo_msgs/share/serial_motor_demo_msgs/package.bash'
[7.534s] INFO:colcon.colcon_core.shell:Creating package script '/home/edisonwong/robot_ws/install/serial_motor_demo_msgs/share/serial_motor_demo_msgs/package.zsh'
[7.536s] Level 1:colcon.colcon_core.environment:create_file_with_runtime_dependencies(/home/edisonwong/robot_ws/install/serial_motor_demo_msgs/share/colcon-core/packages/serial_motor_demo_msgs)
[7.538s] INFO:colcon.colcon_ros.task.ament_python.build:Building ROS package in '/home/edisonwong/robot_ws/serial_motor_demo/serial_motor_demo' with build type 'ament_python'
[7.539s] Level 1:colcon.colcon_core.shell:create_environment_hook('serial_motor_demo', 'ament_prefix_path')
[7.545s] INFO:colcon.colcon_core.shell:Creating environment hook '/home/edisonwong/robot_ws/install/serial_motor_demo/share/serial_motor_demo/hook/ament_prefix_path.ps1'
[7.547s] INFO:colcon.colcon_core.shell:Creating environment descriptor '/home/edisonwong/robot_ws/install/serial_motor_demo/share/serial_motor_demo/hook/ament_prefix_path.dsv'
[7.550s] INFO:colcon.colcon_core.shell:Creating environment hook '/home/edisonwong/robot_ws/install/serial_motor_demo/share/serial_motor_demo/hook/ament_prefix_path.sh'
[7.557s] INFO:colcon.colcon_core.shell:Skip shell extension 'powershell' for command environment: Not usable outside of PowerShell
[7.558s] DEBUG:colcon.colcon_core.shell:Skip shell extension 'dsv' for command environment
[8.968s] INFO:colcon.colcon_core.task.python.build:Building Python package in '/home/edisonwong/robot_ws/serial_motor_demo/serial_motor_demo'
[8.973s] INFO:colcon.colcon_core.shell:Skip shell extension 'powershell' for command environment: Not usable outside of PowerShell
[8.974s] DEBUG:colcon.colcon_core.shell:Skip shell extension 'dsv' for command environment
[10.950s] DEBUG:colcon.colcon_core.event_handler.log_command:Invoking command in '/home/edisonwong/robot_ws/build/serial_motor_demo': PYTHONPATH=/home/edisonwong/robot_ws/build/serial_motor_demo/prefix_override:/home/edisonwong/robot_ws/install/serial_motor_demo/lib/python3.10/site-packages:${PYTHONPATH} /usr/bin/python3 setup.py develop --editable --build-directory /home/edisonwong/robot_ws/build/serial_motor_demo/build --no-deps install_data
[13.412s] Level 1:colcon.colcon_core.shell:create_environment_hook('serial_motor_demo', 'pythonpath_develop')
[13.419s] INFO:colcon.colcon_core.shell:Creating environment hook '/home/edisonwong/robot_ws/build/serial_motor_demo/share/serial_motor_demo/hook/pythonpath_develop.ps1'
[13.420s] DEBUG:colcon.colcon_core.event_handler.log_command:Invoked command in '/home/edisonwong/robot_ws/build/serial_motor_demo' returned '0': PYTHONPATH=/home/edisonwong/robot_ws/build/serial_motor_demo/prefix_override:/home/edisonwong/robot_ws/install/serial_motor_demo/lib/python3.10/site-packages:${PYTHONPATH} /usr/bin/python3 setup.py develop --editable --build-directory /home/edisonwong/robot_ws/build/serial_motor_demo/build --no-deps install_data
[13.422s] INFO:colcon.colcon_core.shell:Creating environment descriptor '/home/edisonwong/robot_ws/build/serial_motor_demo/share/serial_motor_demo/hook/pythonpath_develop.dsv'
[13.424s] INFO:colcon.colcon_core.shell:Creating environment hook '/home/edisonwong/robot_ws/build/serial_motor_demo/share/serial_motor_demo/hook/pythonpath_develop.sh'
[13.436s] Level 1:colcon.colcon_core.environment:checking '/home/edisonwong/robot_ws/install/serial_motor_demo' for CMake module files
[13.439s] Level 1:colcon.colcon_core.environment:checking '/home/edisonwong/robot_ws/install/serial_motor_demo' for CMake config files
[13.443s] Level 1:colcon.colcon_core.environment:checking '/home/edisonwong/robot_ws/install/serial_motor_demo/lib'
[13.443s] Level 1:colcon.colcon_core.environment:checking '/home/edisonwong/robot_ws/install/serial_motor_demo/bin'
[13.444s] Level 1:colcon.colcon_core.environment:checking '/home/edisonwong/robot_ws/install/serial_motor_demo/lib/pkgconfig/serial_motor_demo.pc'
[13.445s] Level 1:colcon.colcon_core.environment:checking '/home/edisonwong/robot_ws/install/serial_motor_demo/lib/python3.10/site-packages'
[13.445s] Level 1:colcon.colcon_core.shell:create_environment_hook('serial_motor_demo', 'pythonpath')
[13.451s] INFO:colcon.colcon_core.shell:Creating environment hook '/home/edisonwong/robot_ws/install/serial_motor_demo/share/serial_motor_demo/hook/pythonpath.ps1'
[13.453s] INFO:colcon.colcon_core.shell:Creating environment descriptor '/home/edisonwong/robot_ws/install/serial_motor_demo/share/serial_motor_demo/hook/pythonpath.dsv'
[13.455s] INFO:colcon.colcon_core.shell:Creating environment hook '/home/edisonwong/robot_ws/install/serial_motor_demo/share/serial_motor_demo/hook/pythonpath.sh'
[13.457s] Level 1:colcon.colcon_core.environment:checking '/home/edisonwong/robot_ws/install/serial_motor_demo/bin'
[13.458s] Level 1:colcon.colcon_core.environment:create_environment_scripts_only(serial_motor_demo)
[13.464s] INFO:colcon.colcon_core.shell:Creating package script '/home/edisonwong/robot_ws/install/serial_motor_demo/share/serial_motor_demo/package.ps1'
[13.467s] INFO:colcon.colcon_core.shell:Creating package descriptor '/home/edisonwong/robot_ws/install/serial_motor_demo/share/serial_motor_demo/package.dsv'
[13.469s] INFO:colcon.colcon_core.shell:Creating package script '/home/edisonwong/robot_ws/install/serial_motor_demo/share/serial_motor_demo/package.sh'
[13.472s] INFO:colcon.colcon_core.shell:Creating package script '/home/edisonwong/robot_ws/install/serial_motor_demo/share/serial_motor_demo/package.bash'
[13.474s] INFO:colcon.colcon_core.shell:Creating package script '/home/edisonwong/robot_ws/install/serial_motor_demo/share/serial_motor_demo/package.zsh'
[13.476s] Level 1:colcon.colcon_core.environment:create_file_with_runtime_dependencies(/home/edisonwong/robot_ws/install/serial_motor_demo/share/colcon-core/packages/serial_motor_demo)
[13.477s] DEBUG:colcon.colcon_parallel_executor.executor.parallel:closing loop
[13.478s] DEBUG:colcon.colcon_parallel_executor.executor.parallel:loop closed
[13.479s] DEBUG:colcon.colcon_parallel_executor.executor.parallel:run_until_complete finished with '0'
[13.480s] DEBUG:colcon.colcon_core.event_reactor:joining thread
[13.505s] INFO:colcon.colcon_core.plugin_system:Skipping extension 'colcon_notification.desktop_notification.terminal_notifier': Not used on non-Darwin systems
[13.506s] INFO:colcon.colcon_core.plugin_system:Skipping extension 'colcon_notification.desktop_notification.win32': Not used on non-Windows systems
[13.506s] INFO:colcon.colcon_notification.desktop_notification:Sending desktop notification using 'notify2'
[13.550s] DEBUG:colcon.colcon_core.event_reactor:joined thread
[13.556s] INFO:colcon.colcon_core.shell:Creating prefix script '/home/edisonwong/robot_ws/install/local_setup.ps1'
[13.561s] INFO:colcon.colcon_core.shell:Creating prefix util module '/home/edisonwong/robot_ws/install/_local_setup_util_ps1.py'
[13.567s] INFO:colcon.colcon_core.shell:Creating prefix chain script '/home/edisonwong/robot_ws/install/setup.ps1'
[13.576s] INFO:colcon.colcon_core.shell:Creating prefix script '/home/edisonwong/robot_ws/install/local_setup.sh'
[13.578s] INFO:colcon.colcon_core.shell:Creating prefix util module '/home/edisonwong/robot_ws/install/_local_setup_util_sh.py'
[13.581s] INFO:colcon.colcon_core.shell:Creating prefix chain script '/home/edisonwong/robot_ws/install/setup.sh'
[13.590s] INFO:colcon.colcon_core.shell:Creating prefix script '/home/edisonwong/robot_ws/install/local_setup.bash'
[13.592s] INFO:colcon.colcon_core.shell:Creating prefix chain script '/home/edisonwong/robot_ws/install/setup.bash'
[13.601s] INFO:colcon.colcon_core.shell:Creating prefix script '/home/edisonwong/robot_ws/install/local_setup.zsh'
[13.604s] INFO:colcon.colcon_core.shell:Creating prefix chain script '/home/edisonwong/robot_ws/install/setup.zsh'
