[0.069s] Invoking command in '/home/edisonwong/robot_ws/build/diffdrive_arduino': CMAKE_PREFIX_PATH=/home/edisonwong/robot_ws/install/serial:/home/edisonwong/robot_ws/install/serial_motor_demo_msgs:/home/edisonwong/robot_ws/install/diffdrive_arduino:/home/edisonwong/robot_ws/install/my_bot:/home/edisonwong/robot_ws/install/serial_motor_demo:/opt/ros/humble /usr/bin/cmake --build /home/edisonwong/robot_ws/build/diffdrive_arduino -- -j4 -l4
[0.545s] [ 57%] Built target diffdrive_arduino
[0.547s] [100%] Built target fake_robot
[0.598s] Invoked command in '/home/edisonwong/robot_ws/build/diffdrive_arduino' returned '0': CMAKE_PREFIX_PATH=/home/edisonwong/robot_ws/install/serial:/home/edisonwong/robot_ws/install/serial_motor_demo_msgs:/home/edisonwong/robot_ws/install/diffdrive_arduino:/home/edisonwong/robot_ws/install/my_bot:/home/edisonwong/robot_ws/install/serial_motor_demo:/opt/ros/humble /usr/bin/cmake --build /home/edisonwong/robot_ws/build/diffdrive_arduino -- -j4 -l4
[0.833s] Invoking command in '/home/edisonwong/robot_ws/build/diffdrive_arduino': CMAKE_PREFIX_PATH=/home/edisonwong/robot_ws/install/serial:/home/edisonwong/robot_ws/install/serial_motor_demo_msgs:/home/edisonwong/robot_ws/install/diffdrive_arduino:/home/edisonwong/robot_ws/install/my_bot:/home/edisonwong/robot_ws/install/serial_motor_demo:/opt/ros/humble /usr/bin/cmake --install /home/edisonwong/robot_ws/build/diffdrive_arduino
[0.870s] -- Install configuration: ""
[0.874s] -- Execute custom install script
[0.875s] -- Up-to-date symlink: /home/edisonwong/robot_ws/install/diffdrive_arduino/share/diffdrive_arduino//robot_hardware.xml
[0.876s] -- Up-to-date symlink: /home/edisonwong/robot_ws/install/diffdrive_arduino/share/diffdrive_arduino//fake_robot_hardware.xml
[0.879s] -- Up-to-date symlink: /home/edisonwong/robot_ws/install/diffdrive_arduino/lib/libdiffdrive_arduino.so
[0.881s] -- Up-to-date symlink: /home/edisonwong/robot_ws/install/diffdrive_arduino/lib/libfake_robot.so
[0.885s] -- Up-to-date symlink: /home/edisonwong/robot_ws/install/diffdrive_arduino/share/diffdrive_arduino/controllers/robot_controller_example.yaml
[0.890s] -- Up-to-date symlink: /home/edisonwong/robot_ws/install/diffdrive_arduino/share/diffdrive_arduino/__pycache__/test_robot.launch.cpython-310.pyc
[0.891s] -- Up-to-date symlink: /home/edisonwong/robot_ws/install/diffdrive_arduino/share/diffdrive_arduino/fake_robot.launch.py
[0.893s] -- Up-to-date symlink: /home/edisonwong/robot_ws/install/diffdrive_arduino/share/diffdrive_arduino/test_robot.launch.py
[0.895s] -- Up-to-date symlink: /home/edisonwong/robot_ws/install/diffdrive_arduino/share/diffdrive_arduino/environment/library_path.sh
[0.897s] -- Up-to-date symlink: /home/edisonwong/robot_ws/install/diffdrive_arduino/share/diffdrive_arduino/environment/library_path.dsv
[0.898s] -- Up-to-date symlink: /home/edisonwong/robot_ws/install/diffdrive_arduino/share/ament_index/resource_index/package_run_dependencies/diffdrive_arduino
[0.901s] -- Up-to-date symlink: /home/edisonwong/robot_ws/install/diffdrive_arduino/share/ament_index/resource_index/parent_prefix_path/diffdrive_arduino
[0.903s] -- Up-to-date symlink: /home/edisonwong/robot_ws/install/diffdrive_arduino/share/diffdrive_arduino/environment/ament_prefix_path.sh
[0.904s] -- Up-to-date symlink: /home/edisonwong/robot_ws/install/diffdrive_arduino/share/diffdrive_arduino/environment/ament_prefix_path.dsv
[0.906s] -- Up-to-date symlink: /home/edisonwong/robot_ws/install/diffdrive_arduino/share/diffdrive_arduino/environment/path.sh
[0.907s] -- Up-to-date symlink: /home/edisonwong/robot_ws/install/diffdrive_arduino/share/diffdrive_arduino/environment/path.dsv
[0.909s] -- Up-to-date symlink: /home/edisonwong/robot_ws/install/diffdrive_arduino/share/diffdrive_arduino/local_setup.bash
[0.910s] -- Up-to-date symlink: /home/edisonwong/robot_ws/install/diffdrive_arduino/share/diffdrive_arduino/local_setup.sh
[0.912s] -- Up-to-date symlink: /home/edisonwong/robot_ws/install/diffdrive_arduino/share/diffdrive_arduino/local_setup.zsh
[0.913s] -- Up-to-date symlink: /home/edisonwong/robot_ws/install/diffdrive_arduino/share/diffdrive_arduino/local_setup.dsv
[0.914s] -- Symlinking: /home/edisonwong/robot_ws/install/diffdrive_arduino/share/diffdrive_arduino/package.dsv
[0.956s] -- Up-to-date symlink: /home/edisonwong/robot_ws/install/diffdrive_arduino/share/ament_index/resource_index/packages/diffdrive_arduino
[0.958s] -- Up-to-date symlink: /home/edisonwong/robot_ws/install/diffdrive_arduino/share/ament_index/resource_index/hardware_interface__pluginlib__plugin/diffdrive_arduino
[0.962s] -- Up-to-date symlink: /home/edisonwong/robot_ws/install/diffdrive_arduino/share/diffdrive_arduino/cmake/ament_cmake_export_libraries-extras.cmake
[0.965s] -- Up-to-date symlink: /home/edisonwong/robot_ws/install/diffdrive_arduino/share/diffdrive_arduino/cmake/ament_cmake_export_dependencies-extras.cmake
[0.966s] -- Up-to-date symlink: /home/edisonwong/robot_ws/install/diffdrive_arduino/share/diffdrive_arduino/cmake/diffdrive_arduinoConfig.cmake
[0.968s] -- Up-to-date symlink: /home/edisonwong/robot_ws/install/diffdrive_arduino/share/diffdrive_arduino/cmake/diffdrive_arduinoConfig-version.cmake
[0.969s] -- Up-to-date symlink: /home/edisonwong/robot_ws/install/diffdrive_arduino/share/diffdrive_arduino/package.xml
[0.986s] Invoked command in '/home/edisonwong/robot_ws/build/diffdrive_arduino' returned '0': CMAKE_PREFIX_PATH=/home/edisonwong/robot_ws/install/serial:/home/edisonwong/robot_ws/install/serial_motor_demo_msgs:/home/edisonwong/robot_ws/install/diffdrive_arduino:/home/edisonwong/robot_ws/install/my_bot:/home/edisonwong/robot_ws/install/serial_motor_demo:/opt/ros/humble /usr/bin/cmake --install /home/edisonwong/robot_ws/build/diffdrive_arduino
