[3.387s] Invoking command in '/home/edisonwong/robot_ws/build/serial_motor_demo': PYTHONPATH=/home/edisonwong/robot_ws/build/serial_motor_demo/prefix_override:/home/edisonwong/robot_ws/install/serial_motor_demo/lib/python3.10/site-packages:${PYTHONPATH} /usr/bin/python3 setup.py develop --editable --build-directory /home/edisonwong/robot_ws/build/serial_motor_demo/build --no-deps install_data
[4.611s] /usr/lib/python3/dist-packages/setuptools/dist.py:723: UserWarning: Usage of dash-separated 'script-dir' will not be supported in future versions. Please use the underscore name 'script_dir' instead
[4.611s]   warnings.warn(
[4.734s] running develop
[4.736s] /usr/lib/python3/dist-packages/setuptools/command/easy_install.py:158: EasyInstallDeprecationWarning: easy_install command is deprecated. Use build and pip and other standards-based tools.
[4.736s]   warnings.warn(
[4.741s] /usr/lib/python3/dist-packages/setuptools/command/install.py:34: SetuptoolsDeprecationWarning: setup.py install is deprecated. Use build and pip and other standards-based tools.
[4.742s]   warnings.warn(
[5.072s] /usr/lib/python3/dist-packages/pkg_resources/__init__.py:116: PkgResourcesDeprecationWarning: 1.16.0-unknown is an invalid version and will not be supported in a future release
[5.073s]   warnings.warn(
[5.074s] /usr/lib/python3/dist-packages/pkg_resources/__init__.py:116: PkgResourcesDeprecationWarning: 1.1build1 is an invalid version and will not be supported in a future release
[5.074s]   warnings.warn(
[5.075s] /usr/lib/python3/dist-packages/pkg_resources/__init__.py:116: PkgResourcesDeprecationWarning: 0.1.43ubuntu1 is an invalid version and will not be supported in a future release
[5.076s]   warnings.warn(
[5.683s] running egg_info
[5.684s] writing serial_motor_demo.egg-info/PKG-INFO
[5.685s] writing dependency_links to serial_motor_demo.egg-info/dependency_links.txt
[5.686s] writing entry points to serial_motor_demo.egg-info/entry_points.txt
[5.687s] writing requirements to serial_motor_demo.egg-info/requires.txt
[5.688s] writing top-level names to serial_motor_demo.egg-info/top_level.txt
[5.696s] reading manifest file 'serial_motor_demo.egg-info/SOURCES.txt'
[5.700s] writing manifest file 'serial_motor_demo.egg-info/SOURCES.txt'
[5.707s] running build_ext
[5.708s] Creating /home/edisonwong/robot_ws/install/serial_motor_demo/lib/python3.10/site-packages/serial-motor-demo.egg-link (link to .)
[5.712s] Installing driver script to /home/edisonwong/robot_ws/install/serial_motor_demo/lib/serial_motor_demo
[5.713s] Installing gui script to /home/edisonwong/robot_ws/install/serial_motor_demo/lib/serial_motor_demo
[5.715s] 
[5.716s] Installed /home/edisonwong/robot_ws/build/serial_motor_demo
[5.717s] running install_data
[5.859s] Invoked command in '/home/edisonwong/robot_ws/build/serial_motor_demo' returned '0': PYTHONPATH=/home/edisonwong/robot_ws/build/serial_motor_demo/prefix_override:/home/edisonwong/robot_ws/install/serial_motor_demo/lib/python3.10/site-packages:${PYTHONPATH} /usr/bin/python3 setup.py develop --editable --build-directory /home/edisonwong/robot_ws/build/serial_motor_demo/build --no-deps install_data
