[0.177s] Invoking command in '/home/edisonwong/robot_ws/build/serial_motor_demo_msgs': CMAKE_PREFIX_PATH=${CMAKE_PREFIX_PATH}:/home/edisonwong/robot_ws/install/serial_motor_demo:/opt/ros/humble /usr/bin/cmake --build /home/edisonwong/robot_ws/build/serial_motor_demo_msgs -- -j4 -l4
[0.696s] [  2%] Built target serial_motor_demo_msgs__cpp
[0.728s] [ 12%] Built target serial_motor_demo_msgs__rosidl_generator_c
[0.792s] [ 12%] Built target ament_cmake_python_symlink_serial_motor_demo_msgs
[1.032s] [ 23%] Built target serial_motor_demo_msgs__rosidl_typesupport_cpp
[1.042s] [ 34%] Built target serial_motor_demo_msgs__rosidl_typesupport_fastrtps_cpp
[1.058s] [ 44%] Built target serial_motor_demo_msgs__rosidl_typesupport_introspection_cpp
[1.106s] [ 55%] Built target serial_motor_demo_msgs__rosidl_typesupport_fastrtps_c
[1.283s] [ 65%] Built target serial_motor_demo_msgs__rosidl_typesupport_c
[1.324s] [ 76%] Built target serial_motor_demo_msgs__rosidl_typesupport_introspection_c
[1.491s] [ 76%] Built target serial_motor_demo_msgs
[1.629s] [ 78%] Built target serial_motor_demo_msgs__py
[1.787s] [ 87%] Built target serial_motor_demo_msgs__rosidl_generator_py
[2.097s] [ 91%] Built target serial_motor_demo_msgs__rosidl_typesupport_fastrtps_c__pyext
[2.110s] [ 95%] Built target serial_motor_demo_msgs__rosidl_typesupport_introspection_c__pyext
[2.129s] [100%] Built target serial_motor_demo_msgs__rosidl_typesupport_c__pyext
[3.107s] running egg_info
[3.111s] writing serial_motor_demo_msgs.egg-info/PKG-INFO
[3.112s] writing dependency_links to serial_motor_demo_msgs.egg-info/dependency_links.txt
[3.113s] writing top-level names to serial_motor_demo_msgs.egg-info/top_level.txt
[3.126s] reading manifest file 'serial_motor_demo_msgs.egg-info/SOURCES.txt'
[3.132s] writing manifest file 'serial_motor_demo_msgs.egg-info/SOURCES.txt'
[3.285s] [100%] Built target ament_cmake_python_build_serial_motor_demo_msgs_egg
[3.383s] Invoked command in '/home/edisonwong/robot_ws/build/serial_motor_demo_msgs' returned '0': CMAKE_PREFIX_PATH=${CMAKE_PREFIX_PATH}:/home/edisonwong/robot_ws/install/serial_motor_demo:/opt/ros/humble /usr/bin/cmake --build /home/edisonwong/robot_ws/build/serial_motor_demo_msgs -- -j4 -l4
[4.099s] Invoking command in '/home/edisonwong/robot_ws/build/serial_motor_demo_msgs': CMAKE_PREFIX_PATH=${CMAKE_PREFIX_PATH}:/home/edisonwong/robot_ws/install/serial_motor_demo:/opt/ros/humble /usr/bin/cmake --install /home/edisonwong/robot_ws/build/serial_motor_demo_msgs
[4.136s] -- Install configuration: ""
[4.138s] -- Execute custom install script
[4.140s] -- Up-to-date symlink: /home/edisonwong/robot_ws/install/serial_motor_demo_msgs/share/ament_index/resource_index/rosidl_interfaces/serial_motor_demo_msgs
[4.144s] -- Up-to-date symlink: /home/edisonwong/robot_ws/install/serial_motor_demo_msgs/include/serial_motor_demo_msgs/serial_motor_demo_msgs/msg/detail/encoder_vals__functions.h
[4.145s] -- Up-to-date symlink: /home/edisonwong/robot_ws/install/serial_motor_demo_msgs/include/serial_motor_demo_msgs/serial_motor_demo_msgs/msg/detail/encoder_vals__struct.h
[4.147s] -- Up-to-date symlink: /home/edisonwong/robot_ws/install/serial_motor_demo_msgs/include/serial_motor_demo_msgs/serial_motor_demo_msgs/msg/detail/encoder_vals__type_support.h
[4.148s] -- Up-to-date symlink: /home/edisonwong/robot_ws/install/serial_motor_demo_msgs/include/serial_motor_demo_msgs/serial_motor_demo_msgs/msg/detail/motor_command__functions.h
[4.149s] -- Up-to-date symlink: /home/edisonwong/robot_ws/install/serial_motor_demo_msgs/include/serial_motor_demo_msgs/serial_motor_demo_msgs/msg/detail/motor_command__struct.h
[4.150s] -- Up-to-date symlink: /home/edisonwong/robot_ws/install/serial_motor_demo_msgs/include/serial_motor_demo_msgs/serial_motor_demo_msgs/msg/detail/motor_command__type_support.h
[4.151s] -- Up-to-date symlink: /home/edisonwong/robot_ws/install/serial_motor_demo_msgs/include/serial_motor_demo_msgs/serial_motor_demo_msgs/msg/detail/motor_vels__functions.h
[4.152s] -- Up-to-date symlink: /home/edisonwong/robot_ws/install/serial_motor_demo_msgs/include/serial_motor_demo_msgs/serial_motor_demo_msgs/msg/detail/motor_vels__struct.h
[4.154s] -- Up-to-date symlink: /home/edisonwong/robot_ws/install/serial_motor_demo_msgs/include/serial_motor_demo_msgs/serial_motor_demo_msgs/msg/detail/motor_vels__type_support.h
[4.155s] -- Up-to-date symlink: /home/edisonwong/robot_ws/install/serial_motor_demo_msgs/include/serial_motor_demo_msgs/serial_motor_demo_msgs/msg/encoder_vals.h
[4.156s] -- Up-to-date symlink: /home/edisonwong/robot_ws/install/serial_motor_demo_msgs/include/serial_motor_demo_msgs/serial_motor_demo_msgs/msg/motor_command.h
[4.157s] -- Up-to-date symlink: /home/edisonwong/robot_ws/install/serial_motor_demo_msgs/include/serial_motor_demo_msgs/serial_motor_demo_msgs/msg/motor_vels.h
[4.158s] -- Up-to-date symlink: /home/edisonwong/robot_ws/install/serial_motor_demo_msgs/include/serial_motor_demo_msgs/serial_motor_demo_msgs/msg/rosidl_generator_c__visibility_control.h
[4.159s] -- Up-to-date symlink: /home/edisonwong/robot_ws/install/serial_motor_demo_msgs/share/serial_motor_demo_msgs/environment/library_path.sh
[4.161s] -- Up-to-date symlink: /home/edisonwong/robot_ws/install/serial_motor_demo_msgs/share/serial_motor_demo_msgs/environment/library_path.dsv
[4.165s] -- Up-to-date symlink: /home/edisonwong/robot_ws/install/serial_motor_demo_msgs/include/serial_motor_demo_msgs/serial_motor_demo_msgs/msg/detail/encoder_vals__rosidl_typesupport_fastrtps_c.h
[4.166s] -- Up-to-date symlink: /home/edisonwong/robot_ws/install/serial_motor_demo_msgs/include/serial_motor_demo_msgs/serial_motor_demo_msgs/msg/detail/motor_command__rosidl_typesupport_fastrtps_c.h
[4.167s] -- Up-to-date symlink: /home/edisonwong/robot_ws/install/serial_motor_demo_msgs/include/serial_motor_demo_msgs/serial_motor_demo_msgs/msg/detail/motor_vels__rosidl_typesupport_fastrtps_c.h
[4.169s] -- Up-to-date symlink: /home/edisonwong/robot_ws/install/serial_motor_demo_msgs/include/serial_motor_demo_msgs/serial_motor_demo_msgs/msg/rosidl_typesupport_fastrtps_c__visibility_control.h
[4.172s] -- Up-to-date symlink: /home/edisonwong/robot_ws/install/serial_motor_demo_msgs/include/serial_motor_demo_msgs/serial_motor_demo_msgs/msg/detail/encoder_vals__rosidl_typesupport_introspection_c.h
[4.173s] -- Up-to-date symlink: /home/edisonwong/robot_ws/install/serial_motor_demo_msgs/include/serial_motor_demo_msgs/serial_motor_demo_msgs/msg/detail/motor_command__rosidl_typesupport_introspection_c.h
[4.174s] -- Up-to-date symlink: /home/edisonwong/robot_ws/install/serial_motor_demo_msgs/include/serial_motor_demo_msgs/serial_motor_demo_msgs/msg/detail/motor_vels__rosidl_typesupport_introspection_c.h
[4.175s] -- Up-to-date symlink: /home/edisonwong/robot_ws/install/serial_motor_demo_msgs/include/serial_motor_demo_msgs/serial_motor_demo_msgs/msg/rosidl_typesupport_introspection_c__visibility_control.h
[4.179s] -- Up-to-date symlink: /home/edisonwong/robot_ws/install/serial_motor_demo_msgs/include/serial_motor_demo_msgs/serial_motor_demo_msgs/msg/detail/encoder_vals__builder.hpp
[4.180s] -- Up-to-date symlink: /home/edisonwong/robot_ws/install/serial_motor_demo_msgs/include/serial_motor_demo_msgs/serial_motor_demo_msgs/msg/detail/encoder_vals__struct.hpp
[4.181s] -- Up-to-date symlink: /home/edisonwong/robot_ws/install/serial_motor_demo_msgs/include/serial_motor_demo_msgs/serial_motor_demo_msgs/msg/detail/encoder_vals__traits.hpp
[4.182s] -- Up-to-date symlink: /home/edisonwong/robot_ws/install/serial_motor_demo_msgs/include/serial_motor_demo_msgs/serial_motor_demo_msgs/msg/detail/motor_command__builder.hpp
[4.183s] -- Up-to-date symlink: /home/edisonwong/robot_ws/install/serial_motor_demo_msgs/include/serial_motor_demo_msgs/serial_motor_demo_msgs/msg/detail/motor_command__struct.hpp
[4.185s] -- Up-to-date symlink: /home/edisonwong/robot_ws/install/serial_motor_demo_msgs/include/serial_motor_demo_msgs/serial_motor_demo_msgs/msg/detail/motor_command__traits.hpp
[4.186s] -- Up-to-date symlink: /home/edisonwong/robot_ws/install/serial_motor_demo_msgs/include/serial_motor_demo_msgs/serial_motor_demo_msgs/msg/detail/motor_vels__builder.hpp
[4.187s] -- Up-to-date symlink: /home/edisonwong/robot_ws/install/serial_motor_demo_msgs/include/serial_motor_demo_msgs/serial_motor_demo_msgs/msg/detail/motor_vels__struct.hpp
[4.188s] -- Up-to-date symlink: /home/edisonwong/robot_ws/install/serial_motor_demo_msgs/include/serial_motor_demo_msgs/serial_motor_demo_msgs/msg/detail/motor_vels__traits.hpp
[4.189s] -- Up-to-date symlink: /home/edisonwong/robot_ws/install/serial_motor_demo_msgs/include/serial_motor_demo_msgs/serial_motor_demo_msgs/msg/encoder_vals.hpp
[4.190s] -- Up-to-date symlink: /home/edisonwong/robot_ws/install/serial_motor_demo_msgs/include/serial_motor_demo_msgs/serial_motor_demo_msgs/msg/motor_command.hpp
[4.192s] -- Up-to-date symlink: /home/edisonwong/robot_ws/install/serial_motor_demo_msgs/include/serial_motor_demo_msgs/serial_motor_demo_msgs/msg/motor_vels.hpp
[4.196s] -- Up-to-date symlink: /home/edisonwong/robot_ws/install/serial_motor_demo_msgs/include/serial_motor_demo_msgs/serial_motor_demo_msgs/msg/detail/encoder_vals__rosidl_typesupport_fastrtps_cpp.hpp
[4.198s] -- Up-to-date symlink: /home/edisonwong/robot_ws/install/serial_motor_demo_msgs/include/serial_motor_demo_msgs/serial_motor_demo_msgs/msg/detail/motor_command__rosidl_typesupport_fastrtps_cpp.hpp
[4.199s] -- Up-to-date symlink: /home/edisonwong/robot_ws/install/serial_motor_demo_msgs/include/serial_motor_demo_msgs/serial_motor_demo_msgs/msg/detail/motor_vels__rosidl_typesupport_fastrtps_cpp.hpp
[4.200s] -- Up-to-date symlink: /home/edisonwong/robot_ws/install/serial_motor_demo_msgs/include/serial_motor_demo_msgs/serial_motor_demo_msgs/msg/rosidl_typesupport_fastrtps_cpp__visibility_control.h
[4.203s] -- Up-to-date symlink: /home/edisonwong/robot_ws/install/serial_motor_demo_msgs/include/serial_motor_demo_msgs/serial_motor_demo_msgs/msg/detail/encoder_vals__rosidl_typesupport_introspection_cpp.hpp
[4.204s] -- Up-to-date symlink: /home/edisonwong/robot_ws/install/serial_motor_demo_msgs/include/serial_motor_demo_msgs/serial_motor_demo_msgs/msg/detail/motor_command__rosidl_typesupport_introspection_cpp.hpp
[4.206s] -- Up-to-date symlink: /home/edisonwong/robot_ws/install/serial_motor_demo_msgs/include/serial_motor_demo_msgs/serial_motor_demo_msgs/msg/detail/motor_vels__rosidl_typesupport_introspection_cpp.hpp
[4.207s] -- Up-to-date symlink: /home/edisonwong/robot_ws/install/serial_motor_demo_msgs/share/serial_motor_demo_msgs/environment/pythonpath.sh
[4.208s] -- Up-to-date symlink: /home/edisonwong/robot_ws/install/serial_motor_demo_msgs/share/serial_motor_demo_msgs/environment/pythonpath.dsv
[4.210s] -- Up-to-date symlink: /home/edisonwong/robot_ws/install/serial_motor_demo_msgs/local/lib/python3.10/dist-packages/serial_motor_demo_msgs-0.0.0-py3.10.egg-info/PKG-INFO
[4.211s] -- Up-to-date symlink: /home/edisonwong/robot_ws/install/serial_motor_demo_msgs/local/lib/python3.10/dist-packages/serial_motor_demo_msgs-0.0.0-py3.10.egg-info/SOURCES.txt
[4.213s] -- Up-to-date symlink: /home/edisonwong/robot_ws/install/serial_motor_demo_msgs/local/lib/python3.10/dist-packages/serial_motor_demo_msgs-0.0.0-py3.10.egg-info/dependency_links.txt
[4.214s] -- Up-to-date symlink: /home/edisonwong/robot_ws/install/serial_motor_demo_msgs/local/lib/python3.10/dist-packages/serial_motor_demo_msgs-0.0.0-py3.10.egg-info/top_level.txt
[4.220s] -- Up-to-date symlink: /home/edisonwong/robot_ws/install/serial_motor_demo_msgs/local/lib/python3.10/dist-packages/serial_motor_demo_msgs/__init__.py
[4.221s] -- Up-to-date symlink: /home/edisonwong/robot_ws/install/serial_motor_demo_msgs/local/lib/python3.10/dist-packages/serial_motor_demo_msgs/_serial_motor_demo_msgs_s.ep.rosidl_typesupport_c.c
[4.223s] -- Up-to-date symlink: /home/edisonwong/robot_ws/install/serial_motor_demo_msgs/local/lib/python3.10/dist-packages/serial_motor_demo_msgs/_serial_motor_demo_msgs_s.ep.rosidl_typesupport_fastrtps_c.c
[4.224s] -- Up-to-date symlink: /home/edisonwong/robot_ws/install/serial_motor_demo_msgs/local/lib/python3.10/dist-packages/serial_motor_demo_msgs/_serial_motor_demo_msgs_s.ep.rosidl_typesupport_introspection_c.c
[4.225s] -- Up-to-date symlink: /home/edisonwong/robot_ws/install/serial_motor_demo_msgs/local/lib/python3.10/dist-packages/serial_motor_demo_msgs/libserial_motor_demo_msgs__rosidl_generator_py.so
[4.226s] -- Up-to-date symlink: /home/edisonwong/robot_ws/install/serial_motor_demo_msgs/local/lib/python3.10/dist-packages/serial_motor_demo_msgs/msg/__init__.py
[4.227s] -- Up-to-date symlink: /home/edisonwong/robot_ws/install/serial_motor_demo_msgs/local/lib/python3.10/dist-packages/serial_motor_demo_msgs/msg/_encoder_vals.py
[4.228s] -- Up-to-date symlink: /home/edisonwong/robot_ws/install/serial_motor_demo_msgs/local/lib/python3.10/dist-packages/serial_motor_demo_msgs/msg/_encoder_vals_s.c
[4.229s] -- Up-to-date symlink: /home/edisonwong/robot_ws/install/serial_motor_demo_msgs/local/lib/python3.10/dist-packages/serial_motor_demo_msgs/msg/_motor_command.py
[4.231s] -- Up-to-date symlink: /home/edisonwong/robot_ws/install/serial_motor_demo_msgs/local/lib/python3.10/dist-packages/serial_motor_demo_msgs/msg/_motor_command_s.c
[4.232s] -- Up-to-date symlink: /home/edisonwong/robot_ws/install/serial_motor_demo_msgs/local/lib/python3.10/dist-packages/serial_motor_demo_msgs/msg/_motor_vels.py
[4.233s] -- Up-to-date symlink: /home/edisonwong/robot_ws/install/serial_motor_demo_msgs/local/lib/python3.10/dist-packages/serial_motor_demo_msgs/msg/_motor_vels_s.c
[4.234s] -- Up-to-date symlink: /home/edisonwong/robot_ws/install/serial_motor_demo_msgs/local/lib/python3.10/dist-packages/serial_motor_demo_msgs/serial_motor_demo_msgs_s__rosidl_typesupport_c.cpython-310-aarch64-linux-gnu.so
[4.235s] -- Up-to-date symlink: /home/edisonwong/robot_ws/install/serial_motor_demo_msgs/local/lib/python3.10/dist-packages/serial_motor_demo_msgs/serial_motor_demo_msgs_s__rosidl_typesupport_fastrtps_c.cpython-310-aarch64-linux-gnu.so
[4.236s] -- Up-to-date symlink: /home/edisonwong/robot_ws/install/serial_motor_demo_msgs/local/lib/python3.10/dist-packages/serial_motor_demo_msgs/serial_motor_demo_msgs_s__rosidl_typesupport_introspection_c.cpython-310-aarch64-linux-gnu.so
[4.238s] -- Up-to-date symlink: /home/edisonwong/robot_ws/install/serial_motor_demo_msgs/local/lib/python3.10/dist-packages/serial_motor_demo_msgs/serial_motor_demo_msgs_s__rosidl_typesupport_fastrtps_c.cpython-310-aarch64-linux-gnu.so
[4.240s] -- Up-to-date symlink: /home/edisonwong/robot_ws/install/serial_motor_demo_msgs/local/lib/python3.10/dist-packages/serial_motor_demo_msgs/serial_motor_demo_msgs_s__rosidl_typesupport_introspection_c.cpython-310-aarch64-linux-gnu.so
[4.242s] -- Up-to-date symlink: /home/edisonwong/robot_ws/install/serial_motor_demo_msgs/local/lib/python3.10/dist-packages/serial_motor_demo_msgs/serial_motor_demo_msgs_s__rosidl_typesupport_c.cpython-310-aarch64-linux-gnu.so
[4.243s] -- Up-to-date symlink: /home/edisonwong/robot_ws/install/serial_motor_demo_msgs/share/serial_motor_demo_msgs/msg/MotorCommand.idl
[4.244s] -- Up-to-date symlink: /home/edisonwong/robot_ws/install/serial_motor_demo_msgs/share/serial_motor_demo_msgs/msg/MotorVels.idl
[4.246s] -- Up-to-date symlink: /home/edisonwong/robot_ws/install/serial_motor_demo_msgs/share/serial_motor_demo_msgs/msg/EncoderVals.idl
[4.247s] -- Up-to-date symlink: /home/edisonwong/robot_ws/install/serial_motor_demo_msgs/share/serial_motor_demo_msgs/msg/MotorCommand.msg
[4.248s] -- Up-to-date symlink: /home/edisonwong/robot_ws/install/serial_motor_demo_msgs/share/serial_motor_demo_msgs/msg/MotorVels.msg
[4.249s] -- Up-to-date symlink: /home/edisonwong/robot_ws/install/serial_motor_demo_msgs/share/serial_motor_demo_msgs/msg/EncoderVals.msg
[4.251s] -- Up-to-date symlink: /home/edisonwong/robot_ws/install/serial_motor_demo_msgs/share/ament_index/resource_index/package_run_dependencies/serial_motor_demo_msgs
[4.252s] -- Up-to-date symlink: /home/edisonwong/robot_ws/install/serial_motor_demo_msgs/share/ament_index/resource_index/parent_prefix_path/serial_motor_demo_msgs
[4.254s] -- Up-to-date symlink: /home/edisonwong/robot_ws/install/serial_motor_demo_msgs/share/serial_motor_demo_msgs/environment/ament_prefix_path.sh
[4.255s] -- Up-to-date symlink: /home/edisonwong/robot_ws/install/serial_motor_demo_msgs/share/serial_motor_demo_msgs/environment/ament_prefix_path.dsv
[4.256s] -- Up-to-date symlink: /home/edisonwong/robot_ws/install/serial_motor_demo_msgs/share/serial_motor_demo_msgs/environment/path.sh
[4.257s] -- Up-to-date symlink: /home/edisonwong/robot_ws/install/serial_motor_demo_msgs/share/serial_motor_demo_msgs/environment/path.dsv
[4.258s] -- Up-to-date symlink: /home/edisonwong/robot_ws/install/serial_motor_demo_msgs/share/serial_motor_demo_msgs/local_setup.bash
[4.259s] -- Up-to-date symlink: /home/edisonwong/robot_ws/install/serial_motor_demo_msgs/share/serial_motor_demo_msgs/local_setup.sh
[4.260s] -- Up-to-date symlink: /home/edisonwong/robot_ws/install/serial_motor_demo_msgs/share/serial_motor_demo_msgs/local_setup.zsh
[4.261s] -- Up-to-date symlink: /home/edisonwong/robot_ws/install/serial_motor_demo_msgs/share/serial_motor_demo_msgs/local_setup.dsv
[4.262s] -- Symlinking: /home/edisonwong/robot_ws/install/serial_motor_demo_msgs/share/serial_motor_demo_msgs/package.dsv
[4.303s] -- Up-to-date symlink: /home/edisonwong/robot_ws/install/serial_motor_demo_msgs/share/ament_index/resource_index/packages/serial_motor_demo_msgs
[4.304s] -- Up-to-date symlink: /home/edisonwong/robot_ws/install/serial_motor_demo_msgs/share/serial_motor_demo_msgs/cmake/rosidl_cmake-extras.cmake
[4.306s] -- Up-to-date symlink: /home/edisonwong/robot_ws/install/serial_motor_demo_msgs/share/serial_motor_demo_msgs/cmake/ament_cmake_export_include_directories-extras.cmake
[4.307s] -- Up-to-date symlink: /home/edisonwong/robot_ws/install/serial_motor_demo_msgs/share/serial_motor_demo_msgs/cmake/ament_cmake_export_libraries-extras.cmake
[4.308s] -- Up-to-date symlink: /home/edisonwong/robot_ws/install/serial_motor_demo_msgs/share/serial_motor_demo_msgs/cmake/ament_cmake_export_targets-extras.cmake
[4.310s] -- Up-to-date symlink: /home/edisonwong/robot_ws/install/serial_motor_demo_msgs/share/serial_motor_demo_msgs/cmake/rosidl_cmake_export_typesupport_targets-extras.cmake
[4.311s] -- Up-to-date symlink: /home/edisonwong/robot_ws/install/serial_motor_demo_msgs/share/serial_motor_demo_msgs/cmake/ament_cmake_export_dependencies-extras.cmake
[4.312s] -- Up-to-date symlink: /home/edisonwong/robot_ws/install/serial_motor_demo_msgs/share/serial_motor_demo_msgs/cmake/rosidl_cmake_export_typesupport_libraries-extras.cmake
[4.313s] -- Up-to-date symlink: /home/edisonwong/robot_ws/install/serial_motor_demo_msgs/share/serial_motor_demo_msgs/cmake/serial_motor_demo_msgsConfig.cmake
[4.315s] -- Up-to-date symlink: /home/edisonwong/robot_ws/install/serial_motor_demo_msgs/share/serial_motor_demo_msgs/cmake/serial_motor_demo_msgsConfig-version.cmake
[4.316s] -- Up-to-date symlink: /home/edisonwong/robot_ws/install/serial_motor_demo_msgs/share/serial_motor_demo_msgs/package.xml
[4.318s] -- Up-to-date: /home/edisonwong/robot_ws/install/serial_motor_demo_msgs/lib/libserial_motor_demo_msgs__rosidl_generator_c.so
[4.321s] -- Up-to-date: /home/edisonwong/robot_ws/install/serial_motor_demo_msgs/lib/libserial_motor_demo_msgs__rosidl_typesupport_fastrtps_c.so
[4.323s] -- Up-to-date: /home/edisonwong/robot_ws/install/serial_motor_demo_msgs/lib/libserial_motor_demo_msgs__rosidl_typesupport_introspection_c.so
[4.325s] -- Up-to-date: /home/edisonwong/robot_ws/install/serial_motor_demo_msgs/lib/libserial_motor_demo_msgs__rosidl_typesupport_c.so
[4.328s] -- Up-to-date: /home/edisonwong/robot_ws/install/serial_motor_demo_msgs/lib/libserial_motor_demo_msgs__rosidl_typesupport_fastrtps_cpp.so
[4.330s] -- Up-to-date: /home/edisonwong/robot_ws/install/serial_motor_demo_msgs/lib/libserial_motor_demo_msgs__rosidl_typesupport_introspection_cpp.so
[4.333s] -- Up-to-date: /home/edisonwong/robot_ws/install/serial_motor_demo_msgs/lib/libserial_motor_demo_msgs__rosidl_typesupport_cpp.so
[4.500s] Listing '/home/edisonwong/robot_ws/install/serial_motor_demo_msgs/local/lib/python3.10/dist-packages/serial_motor_demo_msgs'...
[4.501s] Listing '/home/edisonwong/robot_ws/install/serial_motor_demo_msgs/local/lib/python3.10/dist-packages/serial_motor_demo_msgs/msg'...
[4.524s] -- Up-to-date: /home/edisonwong/robot_ws/install/serial_motor_demo_msgs/lib/libserial_motor_demo_msgs__rosidl_generator_py.so
[4.526s] -- Up-to-date: /home/edisonwong/robot_ws/install/serial_motor_demo_msgs/share/serial_motor_demo_msgs/cmake/export_serial_motor_demo_msgs__rosidl_generator_cExport.cmake
[4.527s] -- Up-to-date: /home/edisonwong/robot_ws/install/serial_motor_demo_msgs/share/serial_motor_demo_msgs/cmake/export_serial_motor_demo_msgs__rosidl_generator_cExport-noconfig.cmake
[4.528s] -- Up-to-date: /home/edisonwong/robot_ws/install/serial_motor_demo_msgs/share/serial_motor_demo_msgs/cmake/export_serial_motor_demo_msgs__rosidl_typesupport_fastrtps_cExport.cmake
[4.529s] -- Up-to-date: /home/edisonwong/robot_ws/install/serial_motor_demo_msgs/share/serial_motor_demo_msgs/cmake/export_serial_motor_demo_msgs__rosidl_typesupport_fastrtps_cExport-noconfig.cmake
[4.530s] -- Up-to-date: /home/edisonwong/robot_ws/install/serial_motor_demo_msgs/share/serial_motor_demo_msgs/cmake/serial_motor_demo_msgs__rosidl_typesupport_introspection_cExport.cmake
[4.530s] -- Up-to-date: /home/edisonwong/robot_ws/install/serial_motor_demo_msgs/share/serial_motor_demo_msgs/cmake/serial_motor_demo_msgs__rosidl_typesupport_introspection_cExport-noconfig.cmake
[4.531s] -- Up-to-date: /home/edisonwong/robot_ws/install/serial_motor_demo_msgs/share/serial_motor_demo_msgs/cmake/serial_motor_demo_msgs__rosidl_typesupport_cExport.cmake
[4.532s] -- Up-to-date: /home/edisonwong/robot_ws/install/serial_motor_demo_msgs/share/serial_motor_demo_msgs/cmake/serial_motor_demo_msgs__rosidl_typesupport_cExport-noconfig.cmake
[4.533s] -- Up-to-date: /home/edisonwong/robot_ws/install/serial_motor_demo_msgs/share/serial_motor_demo_msgs/cmake/export_serial_motor_demo_msgs__rosidl_generator_cppExport.cmake
[4.534s] -- Up-to-date: /home/edisonwong/robot_ws/install/serial_motor_demo_msgs/share/serial_motor_demo_msgs/cmake/export_serial_motor_demo_msgs__rosidl_typesupport_fastrtps_cppExport.cmake
[4.535s] -- Up-to-date: /home/edisonwong/robot_ws/install/serial_motor_demo_msgs/share/serial_motor_demo_msgs/cmake/export_serial_motor_demo_msgs__rosidl_typesupport_fastrtps_cppExport-noconfig.cmake
[4.536s] -- Up-to-date: /home/edisonwong/robot_ws/install/serial_motor_demo_msgs/share/serial_motor_demo_msgs/cmake/serial_motor_demo_msgs__rosidl_typesupport_introspection_cppExport.cmake
[4.536s] -- Up-to-date: /home/edisonwong/robot_ws/install/serial_motor_demo_msgs/share/serial_motor_demo_msgs/cmake/serial_motor_demo_msgs__rosidl_typesupport_introspection_cppExport-noconfig.cmake
[4.537s] -- Up-to-date: /home/edisonwong/robot_ws/install/serial_motor_demo_msgs/share/serial_motor_demo_msgs/cmake/serial_motor_demo_msgs__rosidl_typesupport_cppExport.cmake
[4.538s] -- Up-to-date: /home/edisonwong/robot_ws/install/serial_motor_demo_msgs/share/serial_motor_demo_msgs/cmake/serial_motor_demo_msgs__rosidl_typesupport_cppExport-noconfig.cmake
[4.539s] -- Up-to-date: /home/edisonwong/robot_ws/install/serial_motor_demo_msgs/share/serial_motor_demo_msgs/cmake/export_serial_motor_demo_msgs__rosidl_generator_pyExport.cmake
[4.540s] -- Up-to-date: /home/edisonwong/robot_ws/install/serial_motor_demo_msgs/share/serial_motor_demo_msgs/cmake/export_serial_motor_demo_msgs__rosidl_generator_pyExport-noconfig.cmake
[4.556s] Invoked command in '/home/edisonwong/robot_ws/build/serial_motor_demo_msgs' returned '0': CMAKE_PREFIX_PATH=${CMAKE_PREFIX_PATH}:/home/edisonwong/robot_ws/install/serial_motor_demo:/opt/ros/humble /usr/bin/cmake --install /home/edisonwong/robot_ws/build/serial_motor_demo_msgs
