[0.175s] Invoking command in '/home/edisonwong/robot_ws/build/my_bot': CMAKE_PREFIX_PATH=${CMAKE_PREFIX_PATH}:/home/edisonwong/robot_ws/install/serial_motor_demo:/opt/ros/humble /usr/bin/cmake --build /home/edisonwong/robot_ws/build/my_bot -- -j4 -l4
[0.681s] Invoked command in '/home/edisonwong/robot_ws/build/my_bot' returned '0': CMAKE_PREFIX_PATH=${CMAKE_PREFIX_PATH}:/home/edisonwong/robot_ws/install/serial_motor_demo:/opt/ros/humble /usr/bin/cmake --build /home/edisonwong/robot_ws/build/my_bot -- -j4 -l4
[1.353s] Invoking command in '/home/edisonwong/robot_ws/build/my_bot': CMAKE_PREFIX_PATH=${CMAKE_PREFIX_PATH}:/home/edisonwong/robot_ws/install/serial_motor_demo:/opt/ros/humble /usr/bin/cmake --install /home/edisonwong/robot_ws/build/my_bot
[1.541s] -- Install configuration: ""
[1.549s] -- Execute custom install script
[1.565s] -- Up-to-date symlink: /home/edisonwong/robot_ws/install/my_bot/share/my_bot/config/box_filter.yaml
[1.568s] -- Up-to-date symlink: /home/edisonwong/robot_ws/install/my_bot/share/my_bot/config/drive_bot.rviz
[1.570s] -- Up-to-date symlink: /home/edisonwong/robot_ws/install/my_bot/share/my_bot/config/empty.yaml
[1.572s] -- Up-to-date symlink: /home/edisonwong/robot_ws/install/my_bot/share/my_bot/config/gazebo_params.yaml
[1.576s] -- Up-to-date symlink: /home/edisonwong/robot_ws/install/my_bot/share/my_bot/config/joystick.yaml
[1.580s] -- Up-to-date symlink: /home/edisonwong/robot_ws/install/my_bot/share/my_bot/config/mapper_params_online_async.yaml
[1.582s] -- Up-to-date symlink: /home/edisonwong/robot_ws/install/my_bot/share/my_bot/config/my_controllers.yaml
[1.584s] -- Up-to-date symlink: /home/edisonwong/robot_ws/install/my_bot/share/my_bot/config/twist_mux.yaml
[1.586s] -- Up-to-date symlink: /home/edisonwong/robot_ws/install/my_bot/share/my_bot/config/view_bot.rviz
[1.592s] -- Up-to-date symlink: /home/edisonwong/robot_ws/install/my_bot/share/my_bot/description/_l515.urdf.xacro
[1.596s] -- Up-to-date symlink: /home/edisonwong/robot_ws/install/my_bot/share/my_bot/description/_materials.urdf.xacro
[1.598s] -- Up-to-date symlink: /home/edisonwong/robot_ws/install/my_bot/share/my_bot/description/_usb_plug.urdf.xacro
[1.600s] -- Up-to-date symlink: /home/edisonwong/robot_ws/install/my_bot/share/my_bot/description/camera.xacro
[1.602s] -- Up-to-date symlink: /home/edisonwong/robot_ws/install/my_bot/share/my_bot/description/depth_camera.xacro
[1.603s] -- Up-to-date symlink: /home/edisonwong/robot_ws/install/my_bot/share/my_bot/description/gazebo_control.xacro
[1.605s] -- Up-to-date symlink: /home/edisonwong/robot_ws/install/my_bot/share/my_bot/description/inertial_macros.xacro
[1.606s] -- Up-to-date symlink: /home/edisonwong/robot_ws/install/my_bot/share/my_bot/description/l515_camera.xacro
[1.608s] -- Up-to-date symlink: /home/edisonwong/robot_ws/install/my_bot/share/my_bot/description/lidar.xacro
[1.609s] -- Up-to-date symlink: /home/edisonwong/robot_ws/install/my_bot/share/my_bot/description/robot.urdf.xacro
[1.614s] -- Up-to-date symlink: /home/edisonwong/robot_ws/install/my_bot/share/my_bot/description/robot_core.xacro
[1.615s] -- Up-to-date symlink: /home/edisonwong/robot_ws/install/my_bot/share/my_bot/description/ros2_control.xacro
[1.621s] -- Up-to-date symlink: /home/edisonwong/robot_ws/install/my_bot/share/my_bot/launch/box_filter.launch.py
[1.625s] -- Up-to-date symlink: /home/edisonwong/robot_ws/install/my_bot/share/my_bot/launch/joystick.launch.py
[1.631s] -- Up-to-date symlink: /home/edisonwong/robot_ws/install/my_bot/share/my_bot/launch/launch_robot.launch.py
[1.632s] -- Up-to-date symlink: /home/edisonwong/robot_ws/install/my_bot/share/my_bot/launch/launch_sim.launch.py
[1.634s] -- Up-to-date symlink: /home/edisonwong/robot_ws/install/my_bot/share/my_bot/launch/rplidar.launch.py
[1.639s] -- Up-to-date symlink: /home/edisonwong/robot_ws/install/my_bot/share/my_bot/launch/rsp.launch.py
[1.643s] -- Up-to-date symlink: /home/edisonwong/robot_ws/install/my_bot/share/my_bot/worlds/empty.world
[1.648s] -- Up-to-date symlink: /home/edisonwong/robot_ws/install/my_bot/share/my_bot/worlds/kb5.world
[1.648s] -- Up-to-date symlink: /home/edisonwong/robot_ws/install/my_bot/share/my_bot/worlds/obstacles.world
[1.650s] -- Up-to-date symlink: /home/edisonwong/robot_ws/install/my_bot/share/ament_index/resource_index/package_run_dependencies/my_bot
[1.651s] -- Up-to-date symlink: /home/edisonwong/robot_ws/install/my_bot/share/ament_index/resource_index/parent_prefix_path/my_bot
[1.652s] -- Up-to-date symlink: /home/edisonwong/robot_ws/install/my_bot/share/my_bot/environment/ament_prefix_path.sh
[1.653s] -- Up-to-date symlink: /home/edisonwong/robot_ws/install/my_bot/share/my_bot/environment/ament_prefix_path.dsv
[1.663s] -- Up-to-date symlink: /home/edisonwong/robot_ws/install/my_bot/share/my_bot/environment/path.sh
[1.664s] -- Up-to-date symlink: /home/edisonwong/robot_ws/install/my_bot/share/my_bot/environment/path.dsv
[1.665s] -- Up-to-date symlink: /home/edisonwong/robot_ws/install/my_bot/share/my_bot/local_setup.bash
[1.665s] -- Up-to-date symlink: /home/edisonwong/robot_ws/install/my_bot/share/my_bot/local_setup.sh
[1.669s] -- Up-to-date symlink: /home/edisonwong/robot_ws/install/my_bot/share/my_bot/local_setup.zsh
[1.678s] -- Up-to-date symlink: /home/edisonwong/robot_ws/install/my_bot/share/my_bot/local_setup.dsv
[1.679s] -- Symlinking: /home/edisonwong/robot_ws/install/my_bot/share/my_bot/package.dsv
[1.747s] -- Up-to-date symlink: /home/edisonwong/robot_ws/install/my_bot/share/ament_index/resource_index/packages/my_bot
[1.750s] -- Up-to-date symlink: /home/edisonwong/robot_ws/install/my_bot/share/my_bot/cmake/my_botConfig.cmake
[1.752s] -- Up-to-date symlink: /home/edisonwong/robot_ws/install/my_bot/share/my_bot/cmake/my_botConfig-version.cmake
[1.755s] -- Up-to-date symlink: /home/edisonwong/robot_ws/install/my_bot/share/my_bot/package.xml
[1.770s] Invoked command in '/home/edisonwong/robot_ws/build/my_bot' returned '0': CMAKE_PREFIX_PATH=${CMAKE_PREFIX_PATH}:/home/edisonwong/robot_ws/install/serial_motor_demo:/opt/ros/humble /usr/bin/cmake --install /home/edisonwong/robot_ws/build/my_bot
