[8.925s] Invoking command in '/home/edisonwong/robot_ws/build/serial_motor_demo': AMENT_PREFIX_PATH=/home/edisonwong/robot_ws/install/serial_motor_demo_msgs:${AMENT_PREFIX_PATH} CMAKE_PREFIX_PATH=/home/edisonwong/robot_ws/install/serial_motor_demo_msgs LD_LIBRARY_PATH=/home/edisonwong/robot_ws/install/serial_motor_demo_msgs/lib:${LD_LIBRARY_PATH} PYTHONPATH=/home/edisonwong/robot_ws/build/serial_motor_demo/prefix_override:/home/edisonwong/robot_ws/install/serial_motor_demo/lib/python3.10/site-packages:/home/edisonwong/robot_ws/install/serial_motor_demo_msgs/local/lib/python3.10/dist-packages:${PYTHONPATH} /usr/bin/python3 setup.py develop --editable --build-directory /home/edisonwong/robot_ws/build/serial_motor_demo/build --no-deps install_data
[11.589s] /usr/lib/python3/dist-packages/setuptools/dist.py:723: UserWarning: Usage of dash-separated 'script-dir' will not be supported in future versions. Please use the underscore name 'script_dir' instead
[11.590s]   warnings.warn(
[11.790s] running develop
[11.792s] /usr/lib/python3/dist-packages/setuptools/command/easy_install.py:158: EasyInstallDeprecationWarning: easy_install command is deprecated. Use build and pip and other standards-based tools.
[11.793s]   warnings.warn(
[11.802s] /usr/lib/python3/dist-packages/setuptools/command/install.py:34: SetuptoolsDeprecationWarning: setup.py install is deprecated. Use build and pip and other standards-based tools.
[11.803s]   warnings.warn(
[12.380s] /usr/lib/python3/dist-packages/pkg_resources/__init__.py:116: PkgResourcesDeprecationWarning: 1.16.0-unknown is an invalid version and will not be supported in a future release
[12.380s]   warnings.warn(
[12.382s] /usr/lib/python3/dist-packages/pkg_resources/__init__.py:116: PkgResourcesDeprecationWarning: 1.1build1 is an invalid version and will not be supported in a future release
[12.382s]   warnings.warn(
[12.383s] /usr/lib/python3/dist-packages/pkg_resources/__init__.py:116: PkgResourcesDeprecationWarning: 0.1.43ubuntu1 is an invalid version and will not be supported in a future release
[12.384s]   warnings.warn(
[13.550s] running egg_info
[13.552s] writing serial_motor_demo.egg-info/PKG-INFO
[13.554s] writing dependency_links to serial_motor_demo.egg-info/dependency_links.txt
[13.556s] writing entry points to serial_motor_demo.egg-info/entry_points.txt
[13.558s] writing requirements to serial_motor_demo.egg-info/requires.txt
[13.559s] writing top-level names to serial_motor_demo.egg-info/top_level.txt
[13.588s] reading manifest file 'serial_motor_demo.egg-info/SOURCES.txt'
[13.592s] writing manifest file 'serial_motor_demo.egg-info/SOURCES.txt'
[13.601s] running build_ext
[13.602s] Creating /home/edisonwong/robot_ws/install/serial_motor_demo/lib/python3.10/site-packages/serial-motor-demo.egg-link (link to .)
[13.610s] Installing driver script to /home/edisonwong/robot_ws/install/serial_motor_demo/lib/serial_motor_demo
[13.613s] Installing gui script to /home/edisonwong/robot_ws/install/serial_motor_demo/lib/serial_motor_demo
[13.617s] 
[13.618s] Installed /home/edisonwong/robot_ws/build/serial_motor_demo
[13.620s] running install_data
[13.829s] Invoked command in '/home/edisonwong/robot_ws/build/serial_motor_demo' returned '0': AMENT_PREFIX_PATH=/home/edisonwong/robot_ws/install/serial_motor_demo_msgs:${AMENT_PREFIX_PATH} CMAKE_PREFIX_PATH=/home/edisonwong/robot_ws/install/serial_motor_demo_msgs LD_LIBRARY_PATH=/home/edisonwong/robot_ws/install/serial_motor_demo_msgs/lib:${LD_LIBRARY_PATH} PYTHONPATH=/home/edisonwong/robot_ws/build/serial_motor_demo/prefix_override:/home/edisonwong/robot_ws/install/serial_motor_demo/lib/python3.10/site-packages:/home/edisonwong/robot_ws/install/serial_motor_demo_msgs/local/lib/python3.10/dist-packages:${PYTHONPATH} /usr/bin/python3 setup.py develop --editable --build-directory /home/edisonwong/robot_ws/build/serial_motor_demo/build --no-deps install_data
