[0.150s] Invoking command in '/home/edisonwong/robot_ws/build/my_bot': CMAKE_PREFIX_PATH=${CMAKE_PREFIX_PATH}:/home/edisonwong/robot_ws/install/serial_motor_demo:/opt/ros/humble /usr/bin/cmake --build /home/edisonwong/robot_ws/build/my_bot -- -j4 -l4
[0.492s] Invoked command in '/home/edisonwong/robot_ws/build/my_bot' returned '0': CMAKE_PREFIX_PATH=${CMAKE_PREFIX_PATH}:/home/edisonwong/robot_ws/install/serial_motor_demo:/opt/ros/humble /usr/bin/cmake --build /home/edisonwong/robot_ws/build/my_bot -- -j4 -l4
[1.034s] Invoking command in '/home/edisonwong/robot_ws/build/my_bot': CMAKE_PREFIX_PATH=${CMAKE_PREFIX_PATH}:/home/edisonwong/robot_ws/install/serial_motor_demo:/opt/ros/humble /usr/bin/cmake --install /home/edisonwong/robot_ws/build/my_bot
[1.148s] -- Install configuration: ""
[1.150s] -- Execute custom install script
[1.160s] -- Up-to-date symlink: /home/edisonwong/robot_ws/install/my_bot/share/my_bot/config/box_filter.yaml
[1.164s] -- Up-to-date symlink: /home/edisonwong/robot_ws/install/my_bot/share/my_bot/config/drive_bot.rviz
[1.170s] -- Up-to-date symlink: /home/edisonwong/robot_ws/install/my_bot/share/my_bot/config/empty.yaml
[1.173s] -- Up-to-date symlink: /home/edisonwong/robot_ws/install/my_bot/share/my_bot/config/gazebo_params.yaml
[1.181s] -- Up-to-date symlink: /home/edisonwong/robot_ws/install/my_bot/share/my_bot/config/joystick.yaml
[1.185s] -- Up-to-date symlink: /home/edisonwong/robot_ws/install/my_bot/share/my_bot/config/mapper_params_online_async.yaml
[1.194s] -- Up-to-date symlink: /home/edisonwong/robot_ws/install/my_bot/share/my_bot/config/my_controllers.yaml
[1.197s] -- Up-to-date symlink: /home/edisonwong/robot_ws/install/my_bot/share/my_bot/config/twist_mux.yaml
[1.199s] -- Up-to-date symlink: /home/edisonwong/robot_ws/install/my_bot/share/my_bot/config/view_bot.rviz
[1.209s] -- Up-to-date symlink: /home/edisonwong/robot_ws/install/my_bot/share/my_bot/description/_l515.urdf.xacro
[1.212s] -- Up-to-date symlink: /home/edisonwong/robot_ws/install/my_bot/share/my_bot/description/_materials.urdf.xacro
[1.221s] -- Up-to-date symlink: /home/edisonwong/robot_ws/install/my_bot/share/my_bot/description/_usb_plug.urdf.xacro
[1.229s] -- Up-to-date symlink: /home/edisonwong/robot_ws/install/my_bot/share/my_bot/description/camera.xacro
[1.232s] -- Up-to-date symlink: /home/edisonwong/robot_ws/install/my_bot/share/my_bot/description/depth_camera.xacro
[1.234s] -- Up-to-date symlink: /home/edisonwong/robot_ws/install/my_bot/share/my_bot/description/gazebo_control.xacro
[1.236s] -- Up-to-date symlink: /home/edisonwong/robot_ws/install/my_bot/share/my_bot/description/inertial_macros.xacro
[1.238s] -- Up-to-date symlink: /home/edisonwong/robot_ws/install/my_bot/share/my_bot/description/l515_camera.xacro
[1.240s] -- Up-to-date symlink: /home/edisonwong/robot_ws/install/my_bot/share/my_bot/description/lidar.xacro
[1.247s] -- Up-to-date symlink: /home/edisonwong/robot_ws/install/my_bot/share/my_bot/description/robot.urdf.xacro
[1.251s] -- Up-to-date symlink: /home/edisonwong/robot_ws/install/my_bot/share/my_bot/description/robot_core.xacro
[1.253s] -- Up-to-date symlink: /home/edisonwong/robot_ws/install/my_bot/share/my_bot/description/ros2_control.xacro
[1.257s] -- Up-to-date symlink: /home/edisonwong/robot_ws/install/my_bot/share/my_bot/launch/box_filter.launch.py
[1.260s] -- Up-to-date symlink: /home/edisonwong/robot_ws/install/my_bot/share/my_bot/launch/joystick.launch.py
[1.267s] -- Up-to-date symlink: /home/edisonwong/robot_ws/install/my_bot/share/my_bot/launch/launch_robot.launch.py
[1.271s] -- Up-to-date symlink: /home/edisonwong/robot_ws/install/my_bot/share/my_bot/launch/launch_sim.launch.py
[1.275s] -- Up-to-date symlink: /home/edisonwong/robot_ws/install/my_bot/share/my_bot/launch/rplidar.launch.py
[1.278s] -- Up-to-date symlink: /home/edisonwong/robot_ws/install/my_bot/share/my_bot/launch/rsp.launch.py
[1.283s] -- Up-to-date symlink: /home/edisonwong/robot_ws/install/my_bot/share/my_bot/worlds/empty.world
[1.287s] -- Up-to-date symlink: /home/edisonwong/robot_ws/install/my_bot/share/my_bot/worlds/kb5.world
[1.292s] -- Up-to-date symlink: /home/edisonwong/robot_ws/install/my_bot/share/my_bot/worlds/obstacles.world
[1.297s] -- Up-to-date symlink: /home/edisonwong/robot_ws/install/my_bot/share/ament_index/resource_index/package_run_dependencies/my_bot
[1.300s] -- Up-to-date symlink: /home/edisonwong/robot_ws/install/my_bot/share/ament_index/resource_index/parent_prefix_path/my_bot
[1.306s] -- Up-to-date symlink: /home/edisonwong/robot_ws/install/my_bot/share/my_bot/environment/ament_prefix_path.sh
[1.311s] -- Up-to-date symlink: /home/edisonwong/robot_ws/install/my_bot/share/my_bot/environment/ament_prefix_path.dsv
[1.316s] -- Up-to-date symlink: /home/edisonwong/robot_ws/install/my_bot/share/my_bot/environment/path.sh
[1.319s] -- Up-to-date symlink: /home/edisonwong/robot_ws/install/my_bot/share/my_bot/environment/path.dsv
[1.321s] -- Up-to-date symlink: /home/edisonwong/robot_ws/install/my_bot/share/my_bot/local_setup.bash
[1.322s] -- Up-to-date symlink: /home/edisonwong/robot_ws/install/my_bot/share/my_bot/local_setup.sh
[1.324s] -- Up-to-date symlink: /home/edisonwong/robot_ws/install/my_bot/share/my_bot/local_setup.zsh
[1.326s] -- Up-to-date symlink: /home/edisonwong/robot_ws/install/my_bot/share/my_bot/local_setup.dsv
[1.328s] -- Symlinking: /home/edisonwong/robot_ws/install/my_bot/share/my_bot/package.dsv
[1.388s] -- Up-to-date symlink: /home/edisonwong/robot_ws/install/my_bot/share/ament_index/resource_index/packages/my_bot
[1.389s] -- Up-to-date symlink: /home/edisonwong/robot_ws/install/my_bot/share/my_bot/cmake/my_botConfig.cmake
[1.400s] -- Up-to-date symlink: /home/edisonwong/robot_ws/install/my_bot/share/my_bot/cmake/my_botConfig-version.cmake
[1.401s] -- Up-to-date symlink: /home/edisonwong/robot_ws/install/my_bot/share/my_bot/package.xml
[1.426s] Invoked command in '/home/edisonwong/robot_ws/build/my_bot' returned '0': CMAKE_PREFIX_PATH=${CMAKE_PREFIX_PATH}:/home/edisonwong/robot_ws/install/serial_motor_demo:/opt/ros/humble /usr/bin/cmake --install /home/edisonwong/robot_ws/build/my_bot
