[0.117s] Invoking command in '/home/edisonwong/robot_ws/build/serial': CMAKE_PREFIX_PATH=/opt/ros/humble /usr/bin/cmake --build /home/edisonwong/robot_ws/build/serial -- -j4 -l4
[0.419s] [ 28%] Built target serial
[0.451s] [ 42%] Built target gtest
[0.457s] [ 57%] Built target gtest_main
[0.625s] [ 71%] Built target serial_example
[0.658s] [ 85%] Built target serial-test-timer
[0.684s] [100%] Built target serial-test
[0.820s] Invoked command in '/home/edisonwong/robot_ws/build/serial' returned '0': CMAKE_PREFIX_PATH=/opt/ros/humble /usr/bin/cmake --build /home/edisonwong/robot_ws/build/serial -- -j4 -l4
[1.075s] Invoking command in '/home/edisonwong/robot_ws/build/serial': CMAKE_PREFIX_PATH=/opt/ros/humble /usr/bin/cmake --install /home/edisonwong/robot_ws/build/serial
[1.115s] -- Install configuration: ""
[1.117s] -- Execute custom install script
[1.119s] -- Up-to-date symlink: /home/edisonwong/robot_ws/install/serial/lib/libserial.a
[1.121s] -- Up-to-date symlink: /home/edisonwong/robot_ws/install/serial/include/serial/serial.h
[1.122s] -- Up-to-date symlink: /home/edisonwong/robot_ws/install/serial/include/serial/v8stdint.h
[1.123s] -- Up-to-date symlink: /home/edisonwong/robot_ws/install/serial/share/serial/environment/library_path.sh
[1.124s] -- Up-to-date symlink: /home/edisonwong/robot_ws/install/serial/share/serial/environment/library_path.dsv
[1.126s] -- Up-to-date symlink: /home/edisonwong/robot_ws/install/serial/share/ament_index/resource_index/package_run_dependencies/serial
[1.128s] -- Up-to-date symlink: /home/edisonwong/robot_ws/install/serial/share/ament_index/resource_index/parent_prefix_path/serial
[1.129s] -- Up-to-date symlink: /home/edisonwong/robot_ws/install/serial/share/serial/environment/ament_prefix_path.sh
[1.132s] -- Up-to-date symlink: /home/edisonwong/robot_ws/install/serial/share/serial/environment/ament_prefix_path.dsv
[1.135s] -- Up-to-date symlink: /home/edisonwong/robot_ws/install/serial/share/serial/environment/path.sh
[1.138s] -- Up-to-date symlink: /home/edisonwong/robot_ws/install/serial/share/serial/environment/path.dsv
[1.140s] -- Up-to-date symlink: /home/edisonwong/robot_ws/install/serial/share/serial/local_setup.bash
[1.143s] -- Up-to-date symlink: /home/edisonwong/robot_ws/install/serial/share/serial/local_setup.sh
[1.145s] -- Up-to-date symlink: /home/edisonwong/robot_ws/install/serial/share/serial/local_setup.zsh
[1.148s] -- Up-to-date symlink: /home/edisonwong/robot_ws/install/serial/share/serial/local_setup.dsv
[1.150s] -- Symlinking: /home/edisonwong/robot_ws/install/serial/share/serial/package.dsv
[1.190s] -- Up-to-date symlink: /home/edisonwong/robot_ws/install/serial/share/ament_index/resource_index/packages/serial
[1.191s] -- Up-to-date symlink: /home/edisonwong/robot_ws/install/serial/share/serial/cmake/ament_cmake_export_include_directories-extras.cmake
[1.193s] -- Up-to-date symlink: /home/edisonwong/robot_ws/install/serial/share/serial/cmake/ament_cmake_export_libraries-extras.cmake
[1.196s] -- Up-to-date symlink: /home/edisonwong/robot_ws/install/serial/share/serial/cmake/serialConfig.cmake
[1.199s] -- Up-to-date symlink: /home/edisonwong/robot_ws/install/serial/share/serial/cmake/serialConfig-version.cmake
[1.202s] -- Up-to-date symlink: /home/edisonwong/robot_ws/install/serial/share/serial/package.xml
[1.219s] Invoked command in '/home/edisonwong/robot_ws/build/serial' returned '0': CMAKE_PREFIX_PATH=/opt/ros/humble /usr/bin/cmake --install /home/edisonwong/robot_ws/build/serial
