[0.071s] Invoking command in '/home/edisonwong/robot_ws/build/diffdrive_arduino': CMAKE_PREFIX_PATH=/home/edisonwong/robot_ws/install/serial:/home/edisonwong/robot_ws/src/install/serial_motor_demo_msgs:/home/edisonwong/robot_ws/src/install/diffdrive_arduino:/home/edisonwong/robot_ws/src/install/serial:/home/edisonwong/robot_ws/src/install/my_bot:/home/edisonwong/robot_ws/install/serial_motor_demo_msgs:/home/edisonwong/robot_ws/install/diffdrive_arduino:/home/edisonwong/robot_ws/install/my_bot:/home/edisonwong/robot_ws/src/install/serial_motor_demo:/home/edisonwong/robot_ws/install/serial_motor_demo:/opt/ros/humble /usr/bin/cmake --build /home/edisonwong/robot_ws/build/diffdrive_arduino -- -j4 -l4
[0.321s] [35m[1mConsolidate compiler generated dependencies of target fake_robot[0m
[0.322s] [35m[1mConsolidate compiler generated dependencies of target diffdrive_arduino[0m
[0.466s] [ 42%] Built target fake_robot
[0.481s] [100%] Built target diffdrive_arduino
[0.537s] Invoked command in '/home/edisonwong/robot_ws/build/diffdrive_arduino' returned '0': CMAKE_PREFIX_PATH=/home/edisonwong/robot_ws/install/serial:/home/edisonwong/robot_ws/src/install/serial_motor_demo_msgs:/home/edisonwong/robot_ws/src/install/diffdrive_arduino:/home/edisonwong/robot_ws/src/install/serial:/home/edisonwong/robot_ws/src/install/my_bot:/home/edisonwong/robot_ws/install/serial_motor_demo_msgs:/home/edisonwong/robot_ws/install/diffdrive_arduino:/home/edisonwong/robot_ws/install/my_bot:/home/edisonwong/robot_ws/src/install/serial_motor_demo:/home/edisonwong/robot_ws/install/serial_motor_demo:/opt/ros/humble /usr/bin/cmake --build /home/edisonwong/robot_ws/build/diffdrive_arduino -- -j4 -l4
[0.800s] Invoking command in '/home/edisonwong/robot_ws/build/diffdrive_arduino': CMAKE_PREFIX_PATH=/home/edisonwong/robot_ws/install/serial:/home/edisonwong/robot_ws/src/install/serial_motor_demo_msgs:/home/edisonwong/robot_ws/src/install/diffdrive_arduino:/home/edisonwong/robot_ws/src/install/serial:/home/edisonwong/robot_ws/src/install/my_bot:/home/edisonwong/robot_ws/install/serial_motor_demo_msgs:/home/edisonwong/robot_ws/install/diffdrive_arduino:/home/edisonwong/robot_ws/install/my_bot:/home/edisonwong/robot_ws/src/install/serial_motor_demo:/home/edisonwong/robot_ws/install/serial_motor_demo:/opt/ros/humble /usr/bin/cmake --install /home/edisonwong/robot_ws/build/diffdrive_arduino
[0.838s] -- Install configuration: ""
[0.843s] -- Execute custom install script
[0.843s] -- Up-to-date symlink: /home/edisonwong/robot_ws/install/diffdrive_arduino/share/diffdrive_arduino//robot_hardware.xml
[0.844s] -- Up-to-date symlink: /home/edisonwong/robot_ws/install/diffdrive_arduino/share/diffdrive_arduino//fake_robot_hardware.xml
[0.845s] -- Up-to-date symlink: /home/edisonwong/robot_ws/install/diffdrive_arduino/lib/libdiffdrive_arduino.so
[0.846s] -- Up-to-date symlink: /home/edisonwong/robot_ws/install/diffdrive_arduino/lib/libfake_robot.so
[0.848s] -- Up-to-date symlink: /home/edisonwong/robot_ws/install/diffdrive_arduino/share/diffdrive_arduino/controllers/robot_controller_example.yaml
[0.850s] -- Up-to-date symlink: /home/edisonwong/robot_ws/install/diffdrive_arduino/share/diffdrive_arduino/__pycache__/test_robot.launch.cpython-310.pyc
[0.852s] -- Up-to-date symlink: /home/edisonwong/robot_ws/install/diffdrive_arduino/share/diffdrive_arduino/fake_robot.launch.py
[0.853s] -- Up-to-date symlink: /home/edisonwong/robot_ws/install/diffdrive_arduino/share/diffdrive_arduino/test_robot.launch.py
[0.853s] -- Up-to-date symlink: /home/edisonwong/robot_ws/install/diffdrive_arduino/share/diffdrive_arduino/environment/library_path.sh
[0.855s] -- Up-to-date symlink: /home/edisonwong/robot_ws/install/diffdrive_arduino/share/diffdrive_arduino/environment/library_path.dsv
[0.856s] -- Up-to-date symlink: /home/edisonwong/robot_ws/install/diffdrive_arduino/share/ament_index/resource_index/package_run_dependencies/diffdrive_arduino
[0.858s] -- Up-to-date symlink: /home/edisonwong/robot_ws/install/diffdrive_arduino/share/ament_index/resource_index/parent_prefix_path/diffdrive_arduino
[0.859s] -- Up-to-date symlink: /home/edisonwong/robot_ws/install/diffdrive_arduino/share/diffdrive_arduino/environment/ament_prefix_path.sh
[0.860s] -- Up-to-date symlink: /home/edisonwong/robot_ws/install/diffdrive_arduino/share/diffdrive_arduino/environment/ament_prefix_path.dsv
[0.862s] -- Up-to-date symlink: /home/edisonwong/robot_ws/install/diffdrive_arduino/share/diffdrive_arduino/environment/path.sh
[0.863s] -- Up-to-date symlink: /home/edisonwong/robot_ws/install/diffdrive_arduino/share/diffdrive_arduino/environment/path.dsv
[0.864s] -- Up-to-date symlink: /home/edisonwong/robot_ws/install/diffdrive_arduino/share/diffdrive_arduino/local_setup.bash
[0.865s] -- Up-to-date symlink: /home/edisonwong/robot_ws/install/diffdrive_arduino/share/diffdrive_arduino/local_setup.sh
[0.869s] -- Up-to-date symlink: /home/edisonwong/robot_ws/install/diffdrive_arduino/share/diffdrive_arduino/local_setup.zsh
[0.870s] -- Up-to-date symlink: /home/edisonwong/robot_ws/install/diffdrive_arduino/share/diffdrive_arduino/local_setup.dsv
[0.871s] -- Symlinking: /home/edisonwong/robot_ws/install/diffdrive_arduino/share/diffdrive_arduino/package.dsv
[0.920s] -- Up-to-date symlink: /home/edisonwong/robot_ws/install/diffdrive_arduino/share/ament_index/resource_index/packages/diffdrive_arduino
[0.921s] -- Up-to-date symlink: /home/edisonwong/robot_ws/install/diffdrive_arduino/share/ament_index/resource_index/hardware_interface__pluginlib__plugin/diffdrive_arduino
[0.922s] -- Up-to-date symlink: /home/edisonwong/robot_ws/install/diffdrive_arduino/share/diffdrive_arduino/cmake/ament_cmake_export_libraries-extras.cmake
[0.924s] -- Up-to-date symlink: /home/edisonwong/robot_ws/install/diffdrive_arduino/share/diffdrive_arduino/cmake/ament_cmake_export_dependencies-extras.cmake
[0.925s] -- Up-to-date symlink: /home/edisonwong/robot_ws/install/diffdrive_arduino/share/diffdrive_arduino/cmake/diffdrive_arduinoConfig.cmake
[0.926s] -- Up-to-date symlink: /home/edisonwong/robot_ws/install/diffdrive_arduino/share/diffdrive_arduino/cmake/diffdrive_arduinoConfig-version.cmake
[0.927s] -- Up-to-date symlink: /home/edisonwong/robot_ws/install/diffdrive_arduino/share/diffdrive_arduino/package.xml
[0.944s] Invoked command in '/home/edisonwong/robot_ws/build/diffdrive_arduino' returned '0': CMAKE_PREFIX_PATH=/home/edisonwong/robot_ws/install/serial:/home/edisonwong/robot_ws/src/install/serial_motor_demo_msgs:/home/edisonwong/robot_ws/src/install/diffdrive_arduino:/home/edisonwong/robot_ws/src/install/serial:/home/edisonwong/robot_ws/src/install/my_bot:/home/edisonwong/robot_ws/install/serial_motor_demo_msgs:/home/edisonwong/robot_ws/install/diffdrive_arduino:/home/edisonwong/robot_ws/install/my_bot:/home/edisonwong/robot_ws/src/install/serial_motor_demo:/home/edisonwong/robot_ws/install/serial_motor_demo:/opt/ros/humble /usr/bin/cmake --install /home/edisonwong/robot_ws/build/diffdrive_arduino
