[1.798s] DEBUG:colcon:Command line arguments: ['/usr/bin/colcon', 'build', '--symlink-install']
[1.798s] DEBUG:colcon:Parsed command line arguments: Namespace(log_base=None, log_level=None, verb_name='build', build_base='build', install_base='install', merge_install=False, symlink_install=True, test_result_base=None, continue_on_error=False, executor='parallel', parallel_workers=4, event_handlers=None, ignore_user_meta=False, metas=['./colcon.meta'], base_paths=['.'], packages_ignore=None, packages_ignore_regex=None, paths=None, packages_up_to=None, packages_up_to_regex=None, packages_above=None, packages_above_and_dependencies=None, packages_above_depth=None, packages_select_by_dep=None, packages_skip_by_dep=None, packages_skip_up_to=None, packages_select_build_failed=False, packages_skip_build_finished=False, packages_select_test_failures=False, packages_skip_test_passed=False, packages_select=None, packages_skip=None, packages_select_regex=None, packages_skip_regex=None, packages_start=None, packages_end=None, allow_overriding=[], cmake_args=None, cmake_target=None, cmake_target_skip_unavailable=False, cmake_clean_cache=False, cmake_clean_first=False, cmake_force_configure=False, ament_cmake_args=None, catkin_cmake_args=None, catkin_skip_building_tests=False, verb_parser=<colcon_defaults.argument_parser.defaults.DefaultArgumentsDecorator object at 0xffffbc4212d0>, verb_extension=<colcon_core.verb.build.BuildVerb object at 0xffffbcbc41f0>, main=<bound method BuildVerb.main of <colcon_core.verb.build.BuildVerb object at 0xffffbcbc41f0>>)
[1.968s] Level 1:colcon.colcon_core.package_discovery:discover_packages(colcon_meta) check parameters
[1.968s] Level 1:colcon.colcon_core.package_discovery:discover_packages(recursive) check parameters
[1.969s] Level 1:colcon.colcon_core.package_discovery:discover_packages(ignore) check parameters
[1.969s] Level 1:colcon.colcon_core.package_discovery:discover_packages(path) check parameters
[1.969s] Level 1:colcon.colcon_core.package_discovery:discover_packages(colcon_meta) discover
[1.970s] Level 1:colcon.colcon_core.package_discovery:discover_packages(recursive) discover
[1.970s] INFO:colcon.colcon_core.package_discovery:Crawling recursively for packages in '/home/edisonwong/robot_ws'
[1.971s] Level 1:colcon.colcon_core.package_identification:_identify(.) by extensions ['ignore', 'ignore_ament_install']
[1.971s] Level 1:colcon.colcon_core.package_identification:_identify(.) by extension 'ignore'
[1.972s] Level 1:colcon.colcon_core.package_identification:_identify(.) by extension 'ignore_ament_install'
[1.972s] Level 1:colcon.colcon_core.package_identification:_identify(.) by extensions ['colcon_pkg']
[1.973s] Level 1:colcon.colcon_core.package_identification:_identify(.) by extension 'colcon_pkg'
[1.973s] Level 1:colcon.colcon_core.package_identification:_identify(.) by extensions ['colcon_meta']
[1.973s] Level 1:colcon.colcon_core.package_identification:_identify(.) by extension 'colcon_meta'
[1.974s] Level 1:colcon.colcon_core.package_identification:_identify(.) by extensions ['ros']
[1.974s] Level 1:colcon.colcon_core.package_identification:_identify(.) by extension 'ros'
[2.032s] Level 1:colcon.colcon_core.package_identification:_identify(.) by extensions ['cmake', 'python']
[2.032s] Level 1:colcon.colcon_core.package_identification:_identify(.) by extension 'cmake'
[2.033s] Level 1:colcon.colcon_core.package_identification:_identify(.) by extension 'python'
[2.033s] Level 1:colcon.colcon_core.package_identification:_identify(.) by extensions ['python_setup_py']
[2.033s] Level 1:colcon.colcon_core.package_identification:_identify(.) by extension 'python_setup_py'
[2.034s] Level 1:colcon.colcon_core.package_identification:_identify(build) by extensions ['ignore', 'ignore_ament_install']
[2.034s] Level 1:colcon.colcon_core.package_identification:_identify(build) by extension 'ignore'
[2.035s] Level 1:colcon.colcon_core.package_identification:_identify(build) ignored
[2.036s] Level 1:colcon.colcon_core.package_identification:_identify(install) by extensions ['ignore', 'ignore_ament_install']
[2.037s] Level 1:colcon.colcon_core.package_identification:_identify(install) by extension 'ignore'
[2.037s] Level 1:colcon.colcon_core.package_identification:_identify(install) ignored
[2.039s] Level 1:colcon.colcon_core.package_identification:_identify(log) by extensions ['ignore', 'ignore_ament_install']
[2.040s] Level 1:colcon.colcon_core.package_identification:_identify(log) by extension 'ignore'
[2.040s] Level 1:colcon.colcon_core.package_identification:_identify(log) ignored
[2.041s] Level 1:colcon.colcon_core.package_identification:_identify(serial_motor_demo) by extensions ['ignore', 'ignore_ament_install']
[2.041s] Level 1:colcon.colcon_core.package_identification:_identify(serial_motor_demo) by extension 'ignore'
[2.042s] Level 1:colcon.colcon_core.package_identification:_identify(serial_motor_demo) by extension 'ignore_ament_install'
[2.042s] Level 1:colcon.colcon_core.package_identification:_identify(serial_motor_demo) by extensions ['colcon_pkg']
[2.042s] Level 1:colcon.colcon_core.package_identification:_identify(serial_motor_demo) by extension 'colcon_pkg'
[2.042s] Level 1:colcon.colcon_core.package_identification:_identify(serial_motor_demo) by extensions ['colcon_meta']
[2.042s] Level 1:colcon.colcon_core.package_identification:_identify(serial_motor_demo) by extension 'colcon_meta'
[2.043s] Level 1:colcon.colcon_core.package_identification:_identify(serial_motor_demo) by extensions ['ros']
[2.043s] Level 1:colcon.colcon_core.package_identification:_identify(serial_motor_demo) by extension 'ros'
[2.043s] Level 1:colcon.colcon_core.package_identification:_identify(serial_motor_demo) by extensions ['cmake', 'python']
[2.043s] Level 1:colcon.colcon_core.package_identification:_identify(serial_motor_demo) by extension 'cmake'
[2.044s] Level 1:colcon.colcon_core.package_identification:_identify(serial_motor_demo) by extension 'python'
[2.044s] Level 1:colcon.colcon_core.package_identification:_identify(serial_motor_demo) by extensions ['python_setup_py']
[2.044s] Level 1:colcon.colcon_core.package_identification:_identify(serial_motor_demo) by extension 'python_setup_py'
[2.045s] Level 1:colcon.colcon_core.package_identification:_identify(serial_motor_demo/serial_motor_demo) by extensions ['ignore', 'ignore_ament_install']
[2.045s] Level 1:colcon.colcon_core.package_identification:_identify(serial_motor_demo/serial_motor_demo) by extension 'ignore'
[2.045s] Level 1:colcon.colcon_core.package_identification:_identify(serial_motor_demo/serial_motor_demo) by extension 'ignore_ament_install'
[2.046s] Level 1:colcon.colcon_core.package_identification:_identify(serial_motor_demo/serial_motor_demo) by extensions ['colcon_pkg']
[2.046s] Level 1:colcon.colcon_core.package_identification:_identify(serial_motor_demo/serial_motor_demo) by extension 'colcon_pkg'
[2.046s] Level 1:colcon.colcon_core.package_identification:_identify(serial_motor_demo/serial_motor_demo) by extensions ['colcon_meta']
[2.046s] Level 1:colcon.colcon_core.package_identification:_identify(serial_motor_demo/serial_motor_demo) by extension 'colcon_meta'
[2.046s] Level 1:colcon.colcon_core.package_identification:_identify(serial_motor_demo/serial_motor_demo) by extensions ['ros']
[2.046s] Level 1:colcon.colcon_core.package_identification:_identify(serial_motor_demo/serial_motor_demo) by extension 'ros'
[2.058s] DEBUG:colcon.colcon_core.package_identification:Package 'serial_motor_demo/serial_motor_demo' with type 'ros.ament_python' and name 'serial_motor_demo'
[2.059s] Level 1:colcon.colcon_core.package_identification:_identify(serial_motor_demo/serial_motor_demo_msgs) by extensions ['ignore', 'ignore_ament_install']
[2.060s] Level 1:colcon.colcon_core.package_identification:_identify(serial_motor_demo/serial_motor_demo_msgs) by extension 'ignore'
[2.060s] Level 1:colcon.colcon_core.package_identification:_identify(serial_motor_demo/serial_motor_demo_msgs) by extension 'ignore_ament_install'
[2.060s] Level 1:colcon.colcon_core.package_identification:_identify(serial_motor_demo/serial_motor_demo_msgs) by extensions ['colcon_pkg']
[2.060s] Level 1:colcon.colcon_core.package_identification:_identify(serial_motor_demo/serial_motor_demo_msgs) by extension 'colcon_pkg'
[2.061s] Level 1:colcon.colcon_core.package_identification:_identify(serial_motor_demo/serial_motor_demo_msgs) by extensions ['colcon_meta']
[2.061s] Level 1:colcon.colcon_core.package_identification:_identify(serial_motor_demo/serial_motor_demo_msgs) by extension 'colcon_meta'
[2.061s] Level 1:colcon.colcon_core.package_identification:_identify(serial_motor_demo/serial_motor_demo_msgs) by extensions ['ros']
[2.061s] Level 1:colcon.colcon_core.package_identification:_identify(serial_motor_demo/serial_motor_demo_msgs) by extension 'ros'
[2.064s] DEBUG:colcon.colcon_core.package_identification:Package 'serial_motor_demo/serial_motor_demo_msgs' with type 'ros.ament_cmake' and name 'serial_motor_demo_msgs'
[2.064s] Level 1:colcon.colcon_core.package_identification:_identify(src) by extensions ['ignore', 'ignore_ament_install']
[2.065s] Level 1:colcon.colcon_core.package_identification:_identify(src) by extension 'ignore'
[2.065s] Level 1:colcon.colcon_core.package_identification:_identify(src) by extension 'ignore_ament_install'
[2.065s] Level 1:colcon.colcon_core.package_identification:_identify(src) by extensions ['colcon_pkg']
[2.065s] Level 1:colcon.colcon_core.package_identification:_identify(src) by extension 'colcon_pkg'
[2.066s] Level 1:colcon.colcon_core.package_identification:_identify(src) by extensions ['colcon_meta']
[2.066s] Level 1:colcon.colcon_core.package_identification:_identify(src) by extension 'colcon_meta'
[2.066s] Level 1:colcon.colcon_core.package_identification:_identify(src) by extensions ['ros']
[2.066s] Level 1:colcon.colcon_core.package_identification:_identify(src) by extension 'ros'
[2.066s] Level 1:colcon.colcon_core.package_identification:_identify(src) by extensions ['cmake', 'python']
[2.067s] Level 1:colcon.colcon_core.package_identification:_identify(src) by extension 'cmake'
[2.067s] Level 1:colcon.colcon_core.package_identification:_identify(src) by extension 'python'
[2.067s] Level 1:colcon.colcon_core.package_identification:_identify(src) by extensions ['python_setup_py']
[2.067s] Level 1:colcon.colcon_core.package_identification:_identify(src) by extension 'python_setup_py'
[2.068s] Level 1:colcon.colcon_core.package_identification:_identify(src/build) by extensions ['ignore', 'ignore_ament_install']
[2.069s] Level 1:colcon.colcon_core.package_identification:_identify(src/build) by extension 'ignore'
[2.070s] Level 1:colcon.colcon_core.package_identification:_identify(src/build) ignored
[2.071s] Level 1:colcon.colcon_core.package_identification:_identify(src/diffdrive_arduino) by extensions ['ignore', 'ignore_ament_install']
[2.071s] Level 1:colcon.colcon_core.package_identification:_identify(src/diffdrive_arduino) by extension 'ignore'
[2.072s] Level 1:colcon.colcon_core.package_identification:_identify(src/diffdrive_arduino) by extension 'ignore_ament_install'
[2.072s] Level 1:colcon.colcon_core.package_identification:_identify(src/diffdrive_arduino) by extensions ['colcon_pkg']
[2.072s] Level 1:colcon.colcon_core.package_identification:_identify(src/diffdrive_arduino) by extension 'colcon_pkg'
[2.073s] Level 1:colcon.colcon_core.package_identification:_identify(src/diffdrive_arduino) by extensions ['colcon_meta']
[2.073s] Level 1:colcon.colcon_core.package_identification:_identify(src/diffdrive_arduino) by extension 'colcon_meta'
[2.074s] Level 1:colcon.colcon_core.package_identification:_identify(src/diffdrive_arduino) by extensions ['ros']
[2.074s] Level 1:colcon.colcon_core.package_identification:_identify(src/diffdrive_arduino) by extension 'ros'
[2.079s] DEBUG:colcon.colcon_core.package_identification:Package 'src/diffdrive_arduino' with type 'ros.ament_cmake' and name 'diffdrive_arduino'
[2.080s] Level 1:colcon.colcon_core.package_identification:_identify(src/install) by extensions ['ignore', 'ignore_ament_install']
[2.080s] Level 1:colcon.colcon_core.package_identification:_identify(src/install) by extension 'ignore'
[2.080s] Level 1:colcon.colcon_core.package_identification:_identify(src/install) ignored
[2.081s] Level 1:colcon.colcon_core.package_identification:_identify(src/laser_filters) by extensions ['ignore', 'ignore_ament_install']
[2.081s] Level 1:colcon.colcon_core.package_identification:_identify(src/laser_filters) by extension 'ignore'
[2.082s] Level 1:colcon.colcon_core.package_identification:_identify(src/laser_filters) by extension 'ignore_ament_install'
[2.082s] Level 1:colcon.colcon_core.package_identification:_identify(src/laser_filters) by extensions ['colcon_pkg']
[2.082s] Level 1:colcon.colcon_core.package_identification:_identify(src/laser_filters) by extension 'colcon_pkg'
[2.082s] Level 1:colcon.colcon_core.package_identification:_identify(src/laser_filters) by extensions ['colcon_meta']
[2.082s] Level 1:colcon.colcon_core.package_identification:_identify(src/laser_filters) by extension 'colcon_meta'
[2.083s] Level 1:colcon.colcon_core.package_identification:_identify(src/laser_filters) by extensions ['ros']
[2.083s] Level 1:colcon.colcon_core.package_identification:_identify(src/laser_filters) by extension 'ros'
[2.089s] DEBUG:colcon.colcon_core.package_identification:Package 'src/laser_filters' with type 'ros.ament_cmake' and name 'laser_filters'
[2.090s] Level 1:colcon.colcon_core.package_identification:_identify(src/log) by extensions ['ignore', 'ignore_ament_install']
[2.091s] Level 1:colcon.colcon_core.package_identification:_identify(src/log) by extension 'ignore'
[2.091s] Level 1:colcon.colcon_core.package_identification:_identify(src/log) ignored
[2.091s] Level 1:colcon.colcon_core.package_identification:_identify(src/my_bot) by extensions ['ignore', 'ignore_ament_install']
[2.092s] Level 1:colcon.colcon_core.package_identification:_identify(src/my_bot) by extension 'ignore'
[2.092s] Level 1:colcon.colcon_core.package_identification:_identify(src/my_bot) by extension 'ignore_ament_install'
[2.092s] Level 1:colcon.colcon_core.package_identification:_identify(src/my_bot) by extensions ['colcon_pkg']
[2.093s] Level 1:colcon.colcon_core.package_identification:_identify(src/my_bot) by extension 'colcon_pkg'
[2.093s] Level 1:colcon.colcon_core.package_identification:_identify(src/my_bot) by extensions ['colcon_meta']
[2.093s] Level 1:colcon.colcon_core.package_identification:_identify(src/my_bot) by extension 'colcon_meta'
[2.093s] Level 1:colcon.colcon_core.package_identification:_identify(src/my_bot) by extensions ['ros']
[2.093s] Level 1:colcon.colcon_core.package_identification:_identify(src/my_bot) by extension 'ros'
[2.095s] DEBUG:colcon.colcon_core.package_identification:Package 'src/my_bot' with type 'ros.ament_cmake' and name 'my_bot'
[2.096s] Level 1:colcon.colcon_core.package_identification:_identify(src/serial) by extensions ['ignore', 'ignore_ament_install']
[2.097s] Level 1:colcon.colcon_core.package_identification:_identify(src/serial) by extension 'ignore'
[2.097s] Level 1:colcon.colcon_core.package_identification:_identify(src/serial) by extension 'ignore_ament_install'
[2.097s] Level 1:colcon.colcon_core.package_identification:_identify(src/serial) by extensions ['colcon_pkg']
[2.097s] Level 1:colcon.colcon_core.package_identification:_identify(src/serial) by extension 'colcon_pkg'
[2.098s] Level 1:colcon.colcon_core.package_identification:_identify(src/serial) by extensions ['colcon_meta']
[2.098s] Level 1:colcon.colcon_core.package_identification:_identify(src/serial) by extension 'colcon_meta'
[2.098s] Level 1:colcon.colcon_core.package_identification:_identify(src/serial) by extensions ['ros']
[2.098s] Level 1:colcon.colcon_core.package_identification:_identify(src/serial) by extension 'ros'
[2.101s] DEBUG:colcon.colcon_core.package_identification:Package 'src/serial' with type 'ros.ament_cmake' and name 'serial'
[2.101s] Level 1:colcon.colcon_core.package_discovery:discover_packages(recursive) using defaults
[2.101s] Level 1:colcon.colcon_core.package_discovery:discover_packages(ignore) discover
[2.102s] Level 1:colcon.colcon_core.package_discovery:discover_packages(ignore) using defaults
[2.102s] Level 1:colcon.colcon_core.package_discovery:discover_packages(path) discover
[2.102s] Level 1:colcon.colcon_core.package_discovery:discover_packages(path) using defaults
[2.223s] Level 1:colcon.colcon_core.package_discovery:discover_packages(prefix_path) check parameters
[2.223s] Level 1:colcon.colcon_core.package_discovery:discover_packages(prefix_path) discover
[2.241s] DEBUG:colcon.colcon_installed_package_information.package_discovery:Found 6 installed packages in /home/edisonwong/robot_ws/install
[2.256s] DEBUG:colcon.colcon_installed_package_information.package_discovery:Found 311 installed packages in /opt/ros/humble
[2.264s] Level 1:colcon.colcon_core.package_discovery:discover_packages(prefix_path) using defaults
[2.633s] Level 5:colcon.colcon_core.verb:set package 'laser_filters' build argument 'cmake_args' from command line to 'None'
[2.633s] Level 5:colcon.colcon_core.verb:set package 'laser_filters' build argument 'cmake_target' from command line to 'None'
[2.633s] Level 5:colcon.colcon_core.verb:set package 'laser_filters' build argument 'cmake_target_skip_unavailable' from command line to 'False'
[2.633s] Level 5:colcon.colcon_core.verb:set package 'laser_filters' build argument 'cmake_clean_cache' from command line to 'False'
[2.634s] Level 5:colcon.colcon_core.verb:set package 'laser_filters' build argument 'cmake_clean_first' from command line to 'False'
[2.634s] Level 5:colcon.colcon_core.verb:set package 'laser_filters' build argument 'cmake_force_configure' from command line to 'False'
[2.634s] Level 5:colcon.colcon_core.verb:set package 'laser_filters' build argument 'ament_cmake_args' from command line to 'None'
[2.634s] Level 5:colcon.colcon_core.verb:set package 'laser_filters' build argument 'catkin_cmake_args' from command line to 'None'
[2.634s] Level 5:colcon.colcon_core.verb:set package 'laser_filters' build argument 'catkin_skip_building_tests' from command line to 'False'
[2.635s] DEBUG:colcon.colcon_core.verb:Building package 'laser_filters' with the following arguments: {'ament_cmake_args': None, 'build_base': '/home/edisonwong/robot_ws/build/laser_filters', 'catkin_cmake_args': None, 'catkin_skip_building_tests': False, 'cmake_args': None, 'cmake_clean_cache': False, 'cmake_clean_first': False, 'cmake_force_configure': False, 'cmake_target': None, 'cmake_target_skip_unavailable': False, 'install_base': '/home/edisonwong/robot_ws/install/laser_filters', 'merge_install': False, 'path': '/home/edisonwong/robot_ws/src/laser_filters', 'symlink_install': True, 'test_result_base': None}
[2.641s] Level 5:colcon.colcon_core.verb:set package 'my_bot' build argument 'cmake_args' from command line to 'None'
[2.641s] Level 5:colcon.colcon_core.verb:set package 'my_bot' build argument 'cmake_target' from command line to 'None'
[2.641s] Level 5:colcon.colcon_core.verb:set package 'my_bot' build argument 'cmake_target_skip_unavailable' from command line to 'False'
[2.641s] Level 5:colcon.colcon_core.verb:set package 'my_bot' build argument 'cmake_clean_cache' from command line to 'False'
[2.641s] Level 5:colcon.colcon_core.verb:set package 'my_bot' build argument 'cmake_clean_first' from command line to 'False'
[2.642s] Level 5:colcon.colcon_core.verb:set package 'my_bot' build argument 'cmake_force_configure' from command line to 'False'
[2.642s] Level 5:colcon.colcon_core.verb:set package 'my_bot' build argument 'ament_cmake_args' from command line to 'None'
[2.642s] Level 5:colcon.colcon_core.verb:set package 'my_bot' build argument 'catkin_cmake_args' from command line to 'None'
[2.642s] Level 5:colcon.colcon_core.verb:set package 'my_bot' build argument 'catkin_skip_building_tests' from command line to 'False'
[2.642s] DEBUG:colcon.colcon_core.verb:Building package 'my_bot' with the following arguments: {'ament_cmake_args': None, 'build_base': '/home/edisonwong/robot_ws/build/my_bot', 'catkin_cmake_args': None, 'catkin_skip_building_tests': False, 'cmake_args': None, 'cmake_clean_cache': False, 'cmake_clean_first': False, 'cmake_force_configure': False, 'cmake_target': None, 'cmake_target_skip_unavailable': False, 'install_base': '/home/edisonwong/robot_ws/install/my_bot', 'merge_install': False, 'path': '/home/edisonwong/robot_ws/src/my_bot', 'symlink_install': True, 'test_result_base': None}
[2.647s] Level 5:colcon.colcon_core.verb:set package 'serial' build argument 'cmake_args' from command line to 'None'
[2.647s] Level 5:colcon.colcon_core.verb:set package 'serial' build argument 'cmake_target' from command line to 'None'
[2.648s] Level 5:colcon.colcon_core.verb:set package 'serial' build argument 'cmake_target_skip_unavailable' from command line to 'False'
[2.648s] Level 5:colcon.colcon_core.verb:set package 'serial' build argument 'cmake_clean_cache' from command line to 'False'
[2.648s] Level 5:colcon.colcon_core.verb:set package 'serial' build argument 'cmake_clean_first' from command line to 'False'
[2.648s] Level 5:colcon.colcon_core.verb:set package 'serial' build argument 'cmake_force_configure' from command line to 'False'
[2.648s] Level 5:colcon.colcon_core.verb:set package 'serial' build argument 'ament_cmake_args' from command line to 'None'
[2.648s] Level 5:colcon.colcon_core.verb:set package 'serial' build argument 'catkin_cmake_args' from command line to 'None'
[2.648s] Level 5:colcon.colcon_core.verb:set package 'serial' build argument 'catkin_skip_building_tests' from command line to 'False'
[2.648s] DEBUG:colcon.colcon_core.verb:Building package 'serial' with the following arguments: {'ament_cmake_args': None, 'build_base': '/home/edisonwong/robot_ws/build/serial', 'catkin_cmake_args': None, 'catkin_skip_building_tests': False, 'cmake_args': None, 'cmake_clean_cache': False, 'cmake_clean_first': False, 'cmake_force_configure': False, 'cmake_target': None, 'cmake_target_skip_unavailable': False, 'install_base': '/home/edisonwong/robot_ws/install/serial', 'merge_install': False, 'path': '/home/edisonwong/robot_ws/src/serial', 'symlink_install': True, 'test_result_base': None}
[2.654s] Level 5:colcon.colcon_core.verb:set package 'serial_motor_demo_msgs' build argument 'cmake_args' from command line to 'None'
[2.654s] Level 5:colcon.colcon_core.verb:set package 'serial_motor_demo_msgs' build argument 'cmake_target' from command line to 'None'
[2.655s] Level 5:colcon.colcon_core.verb:set package 'serial_motor_demo_msgs' build argument 'cmake_target_skip_unavailable' from command line to 'False'
[2.655s] Level 5:colcon.colcon_core.verb:set package 'serial_motor_demo_msgs' build argument 'cmake_clean_cache' from command line to 'False'
[2.655s] Level 5:colcon.colcon_core.verb:set package 'serial_motor_demo_msgs' build argument 'cmake_clean_first' from command line to 'False'
[2.655s] Level 5:colcon.colcon_core.verb:set package 'serial_motor_demo_msgs' build argument 'cmake_force_configure' from command line to 'False'
[2.655s] Level 5:colcon.colcon_core.verb:set package 'serial_motor_demo_msgs' build argument 'ament_cmake_args' from command line to 'None'
[2.656s] Level 5:colcon.colcon_core.verb:set package 'serial_motor_demo_msgs' build argument 'catkin_cmake_args' from command line to 'None'
[2.656s] Level 5:colcon.colcon_core.verb:set package 'serial_motor_demo_msgs' build argument 'catkin_skip_building_tests' from command line to 'False'
[2.656s] DEBUG:colcon.colcon_core.verb:Building package 'serial_motor_demo_msgs' with the following arguments: {'ament_cmake_args': None, 'build_base': '/home/edisonwong/robot_ws/build/serial_motor_demo_msgs', 'catkin_cmake_args': None, 'catkin_skip_building_tests': False, 'cmake_args': None, 'cmake_clean_cache': False, 'cmake_clean_first': False, 'cmake_force_configure': False, 'cmake_target': None, 'cmake_target_skip_unavailable': False, 'install_base': '/home/edisonwong/robot_ws/install/serial_motor_demo_msgs', 'merge_install': False, 'path': '/home/edisonwong/robot_ws/serial_motor_demo/serial_motor_demo_msgs', 'symlink_install': True, 'test_result_base': None}
[2.661s] Level 5:colcon.colcon_core.verb:set package 'diffdrive_arduino' build argument 'cmake_args' from command line to 'None'
[2.661s] Level 5:colcon.colcon_core.verb:set package 'diffdrive_arduino' build argument 'cmake_target' from command line to 'None'
[2.661s] Level 5:colcon.colcon_core.verb:set package 'diffdrive_arduino' build argument 'cmake_target_skip_unavailable' from command line to 'False'
[2.662s] Level 5:colcon.colcon_core.verb:set package 'diffdrive_arduino' build argument 'cmake_clean_cache' from command line to 'False'
[2.662s] Level 5:colcon.colcon_core.verb:set package 'diffdrive_arduino' build argument 'cmake_clean_first' from command line to 'False'
[2.662s] Level 5:colcon.colcon_core.verb:set package 'diffdrive_arduino' build argument 'cmake_force_configure' from command line to 'False'
[2.662s] Level 5:colcon.colcon_core.verb:set package 'diffdrive_arduino' build argument 'ament_cmake_args' from command line to 'None'
[2.662s] Level 5:colcon.colcon_core.verb:set package 'diffdrive_arduino' build argument 'catkin_cmake_args' from command line to 'None'
[2.662s] Level 5:colcon.colcon_core.verb:set package 'diffdrive_arduino' build argument 'catkin_skip_building_tests' from command line to 'False'
[2.662s] DEBUG:colcon.colcon_core.verb:Building package 'diffdrive_arduino' with the following arguments: {'ament_cmake_args': None, 'build_base': '/home/edisonwong/robot_ws/build/diffdrive_arduino', 'catkin_cmake_args': None, 'catkin_skip_building_tests': False, 'cmake_args': None, 'cmake_clean_cache': False, 'cmake_clean_first': False, 'cmake_force_configure': False, 'cmake_target': None, 'cmake_target_skip_unavailable': False, 'install_base': '/home/edisonwong/robot_ws/install/diffdrive_arduino', 'merge_install': False, 'path': '/home/edisonwong/robot_ws/src/diffdrive_arduino', 'symlink_install': True, 'test_result_base': None}
[2.667s] Level 5:colcon.colcon_core.verb:set package 'serial_motor_demo' build argument 'cmake_args' from command line to 'None'
[2.668s] Level 5:colcon.colcon_core.verb:set package 'serial_motor_demo' build argument 'cmake_target' from command line to 'None'
[2.668s] Level 5:colcon.colcon_core.verb:set package 'serial_motor_demo' build argument 'cmake_target_skip_unavailable' from command line to 'False'
[2.668s] Level 5:colcon.colcon_core.verb:set package 'serial_motor_demo' build argument 'cmake_clean_cache' from command line to 'False'
[2.668s] Level 5:colcon.colcon_core.verb:set package 'serial_motor_demo' build argument 'cmake_clean_first' from command line to 'False'
[2.668s] Level 5:colcon.colcon_core.verb:set package 'serial_motor_demo' build argument 'cmake_force_configure' from command line to 'False'
[2.669s] Level 5:colcon.colcon_core.verb:set package 'serial_motor_demo' build argument 'ament_cmake_args' from command line to 'None'
[2.669s] Level 5:colcon.colcon_core.verb:set package 'serial_motor_demo' build argument 'catkin_cmake_args' from command line to 'None'
[2.669s] Level 5:colcon.colcon_core.verb:set package 'serial_motor_demo' build argument 'catkin_skip_building_tests' from command line to 'False'
[2.669s] DEBUG:colcon.colcon_core.verb:Building package 'serial_motor_demo' with the following arguments: {'ament_cmake_args': None, 'build_base': '/home/edisonwong/robot_ws/build/serial_motor_demo', 'catkin_cmake_args': None, 'catkin_skip_building_tests': False, 'cmake_args': None, 'cmake_clean_cache': False, 'cmake_clean_first': False, 'cmake_force_configure': False, 'cmake_target': None, 'cmake_target_skip_unavailable': False, 'install_base': '/home/edisonwong/robot_ws/install/serial_motor_demo', 'merge_install': False, 'path': '/home/edisonwong/robot_ws/serial_motor_demo/serial_motor_demo', 'symlink_install': True, 'test_result_base': None}
[2.673s] INFO:colcon.colcon_core.executor:Executing jobs using 'parallel' executor
[2.689s] DEBUG:colcon.colcon_parallel_executor.executor.parallel:run_until_complete
[2.691s] INFO:colcon.colcon_ros.task.ament_cmake.build:Building ROS package in '/home/edisonwong/robot_ws/src/serial' with build type 'ament_cmake'
[2.692s] INFO:colcon.colcon_cmake.task.cmake.build:Building CMake package in '/home/edisonwong/robot_ws/src/serial'
[2.716s] INFO:colcon.colcon_core.plugin_system:Skipping extension 'colcon_core.shell.bat': Not used on non-Windows systems
[2.717s] INFO:colcon.colcon_core.shell:Skip shell extension 'powershell' for command environment: Not usable outside of PowerShell
[2.718s] DEBUG:colcon.colcon_core.shell:Skip shell extension 'dsv' for command environment
[2.751s] INFO:colcon.colcon_ros.task.ament_cmake.build:Building ROS package in '/home/edisonwong/robot_ws/serial_motor_demo/serial_motor_demo_msgs' with build type 'ament_cmake'
[2.752s] INFO:colcon.colcon_cmake.task.cmake.build:Building CMake package in '/home/edisonwong/robot_ws/serial_motor_demo/serial_motor_demo_msgs'
[2.760s] INFO:colcon.colcon_core.shell:Skip shell extension 'powershell' for command environment: Not usable outside of PowerShell
[2.761s] DEBUG:colcon.colcon_core.shell:Skip shell extension 'dsv' for command environment
[2.794s] INFO:colcon.colcon_ros.task.ament_cmake.build:Building ROS package in '/home/edisonwong/robot_ws/src/laser_filters' with build type 'ament_cmake'
[2.794s] INFO:colcon.colcon_cmake.task.cmake.build:Building CMake package in '/home/edisonwong/robot_ws/src/laser_filters'
[2.801s] INFO:colcon.colcon_core.shell:Skip shell extension 'powershell' for command environment: Not usable outside of PowerShell
[2.802s] DEBUG:colcon.colcon_core.shell:Skip shell extension 'dsv' for command environment
[2.836s] INFO:colcon.colcon_ros.task.ament_cmake.build:Building ROS package in '/home/edisonwong/robot_ws/src/my_bot' with build type 'ament_cmake'
[2.837s] INFO:colcon.colcon_cmake.task.cmake.build:Building CMake package in '/home/edisonwong/robot_ws/src/my_bot'
[2.847s] INFO:colcon.colcon_core.shell:Skip shell extension 'powershell' for command environment: Not usable outside of PowerShell
[2.848s] DEBUG:colcon.colcon_core.shell:Skip shell extension 'dsv' for command environment
[2.904s] DEBUG:colcon.colcon_core.event_handler.log_command:Invoking command in '/home/edisonwong/robot_ws/build/serial': CMAKE_PREFIX_PATH=${CMAKE_PREFIX_PATH}:/home/edisonwong/robot_ws/install/serial_motor_demo:/opt/ros/humble /usr/bin/cmake --build /home/edisonwong/robot_ws/build/serial -- -j4 -l4
[2.934s] DEBUG:colcon.colcon_core.event_handler.log_command:Invoking command in '/home/edisonwong/robot_ws/build/serial_motor_demo_msgs': CMAKE_PREFIX_PATH=${CMAKE_PREFIX_PATH}:/home/edisonwong/robot_ws/install/serial_motor_demo:/opt/ros/humble /usr/bin/cmake --build /home/edisonwong/robot_ws/build/serial_motor_demo_msgs -- -j4 -l4
[2.961s] DEBUG:colcon.colcon_core.event_handler.log_command:Invoking command in '/home/edisonwong/robot_ws/build/laser_filters': CMAKE_PREFIX_PATH=${CMAKE_PREFIX_PATH}:/home/edisonwong/robot_ws/install/serial_motor_demo:/opt/ros/humble /usr/bin/cmake --build /home/edisonwong/robot_ws/build/laser_filters -- -j4 -l4
[3.014s] DEBUG:colcon.colcon_core.event_handler.log_command:Invoking command in '/home/edisonwong/robot_ws/build/my_bot': CMAKE_PREFIX_PATH=${CMAKE_PREFIX_PATH}:/home/edisonwong/robot_ws/install/serial_motor_demo:/opt/ros/humble /usr/bin/cmake --build /home/edisonwong/robot_ws/build/my_bot -- -j4 -l4
[3.389s] DEBUG:colcon.colcon_core.event_handler.log_command:Invoked command in '/home/edisonwong/robot_ws/build/my_bot' returned '0': CMAKE_PREFIX_PATH=${CMAKE_PREFIX_PATH}:/home/edisonwong/robot_ws/install/serial_motor_demo:/opt/ros/humble /usr/bin/cmake --build /home/edisonwong/robot_ws/build/my_bot -- -j4 -l4
[4.136s] DEBUG:colcon.colcon_core.event_handler.log_command:Invoking command in '/home/edisonwong/robot_ws/build/my_bot': CMAKE_PREFIX_PATH=${CMAKE_PREFIX_PATH}:/home/edisonwong/robot_ws/install/serial_motor_demo:/opt/ros/humble /usr/bin/cmake --install /home/edisonwong/robot_ws/build/my_bot
[4.223s] DEBUG:colcon.colcon_core.event_handler.log_command:Invoked command in '/home/edisonwong/robot_ws/build/serial' returned '0': CMAKE_PREFIX_PATH=${CMAKE_PREFIX_PATH}:/home/edisonwong/robot_ws/install/serial_motor_demo:/opt/ros/humble /usr/bin/cmake --build /home/edisonwong/robot_ws/build/serial -- -j4 -l4
[4.443s] DEBUG:colcon.colcon_core.event_handler.log_command:Invoked command in '/home/edisonwong/robot_ws/build/laser_filters' returned '0': CMAKE_PREFIX_PATH=${CMAKE_PREFIX_PATH}:/home/edisonwong/robot_ws/install/serial_motor_demo:/opt/ros/humble /usr/bin/cmake --build /home/edisonwong/robot_ws/build/laser_filters -- -j4 -l4
[4.562s] Level 1:colcon.colcon_core.environment:create_environment_scripts_only(my_bot)
[4.563s] DEBUG:colcon.colcon_core.event_handler.log_command:Invoked command in '/home/edisonwong/robot_ws/build/my_bot' returned '0': CMAKE_PREFIX_PATH=${CMAKE_PREFIX_PATH}:/home/edisonwong/robot_ws/install/serial_motor_demo:/opt/ros/humble /usr/bin/cmake --install /home/edisonwong/robot_ws/build/my_bot
[4.615s] Level 1:colcon.colcon_core.environment:checking '/home/edisonwong/robot_ws/install/my_bot' for CMake module files
[4.619s] Level 1:colcon.colcon_core.environment:checking '/home/edisonwong/robot_ws/install/my_bot' for CMake config files
[4.636s] Level 1:colcon.colcon_core.shell:create_environment_hook('my_bot', 'cmake_prefix_path')
[4.649s] INFO:colcon.colcon_core.shell:Creating environment hook '/home/edisonwong/robot_ws/install/my_bot/share/my_bot/hook/cmake_prefix_path.ps1'
[4.661s] INFO:colcon.colcon_core.shell:Creating environment descriptor '/home/edisonwong/robot_ws/install/my_bot/share/my_bot/hook/cmake_prefix_path.dsv'
[4.667s] INFO:colcon.colcon_core.shell:Creating environment hook '/home/edisonwong/robot_ws/install/my_bot/share/my_bot/hook/cmake_prefix_path.sh'
[4.677s] Level 1:colcon.colcon_core.environment:checking '/home/edisonwong/robot_ws/install/my_bot/bin'
[4.680s] Level 1:colcon.colcon_core.environment:checking '/home/edisonwong/robot_ws/install/my_bot/lib/pkgconfig/my_bot.pc'
[4.682s] Level 1:colcon.colcon_core.environment:checking '/home/edisonwong/robot_ws/install/my_bot/lib/python3.10/site-packages'
[4.683s] Level 1:colcon.colcon_core.environment:checking '/home/edisonwong/robot_ws/install/my_bot/bin'
[4.697s] INFO:colcon.colcon_core.shell:Creating package script '/home/edisonwong/robot_ws/install/my_bot/share/my_bot/package.ps1'
[4.702s] INFO:colcon.colcon_core.shell:Creating package descriptor '/home/edisonwong/robot_ws/install/my_bot/share/my_bot/package.dsv'
[4.706s] INFO:colcon.colcon_core.shell:Creating package script '/home/edisonwong/robot_ws/install/my_bot/share/my_bot/package.sh'
[4.713s] INFO:colcon.colcon_core.shell:Creating package script '/home/edisonwong/robot_ws/install/my_bot/share/my_bot/package.bash'
[4.718s] INFO:colcon.colcon_core.shell:Creating package script '/home/edisonwong/robot_ws/install/my_bot/share/my_bot/package.zsh'
[4.723s] Level 1:colcon.colcon_core.environment:create_file_with_runtime_dependencies(/home/edisonwong/robot_ws/install/my_bot/share/colcon-core/packages/my_bot)
[4.928s] DEBUG:colcon.colcon_core.event_handler.log_command:Invoking command in '/home/edisonwong/robot_ws/build/serial': CMAKE_PREFIX_PATH=${CMAKE_PREFIX_PATH}:/home/edisonwong/robot_ws/install/serial_motor_demo:/opt/ros/humble /usr/bin/cmake --install /home/edisonwong/robot_ws/build/serial
[4.978s] Level 1:colcon.colcon_core.environment:create_environment_scripts_only(my_bot)
[4.998s] Level 1:colcon.colcon_core.environment:checking '/home/edisonwong/robot_ws/install/my_bot' for CMake module files
[5.034s] Level 1:colcon.colcon_core.environment:checking '/home/edisonwong/robot_ws/install/my_bot' for CMake config files
[5.044s] Level 1:colcon.colcon_core.shell:create_environment_hook('my_bot', 'cmake_prefix_path')
[5.051s] INFO:colcon.colcon_core.shell:Creating environment hook '/home/edisonwong/robot_ws/install/my_bot/share/my_bot/hook/cmake_prefix_path.ps1'
[5.055s] INFO:colcon.colcon_core.shell:Creating environment descriptor '/home/edisonwong/robot_ws/install/my_bot/share/my_bot/hook/cmake_prefix_path.dsv'
[5.063s] INFO:colcon.colcon_core.shell:Creating environment hook '/home/edisonwong/robot_ws/install/my_bot/share/my_bot/hook/cmake_prefix_path.sh'
[5.069s] Level 1:colcon.colcon_core.environment:checking '/home/edisonwong/robot_ws/install/my_bot/bin'
[5.069s] Level 1:colcon.colcon_core.environment:checking '/home/edisonwong/robot_ws/install/my_bot/lib/pkgconfig/my_bot.pc'
[5.071s] Level 1:colcon.colcon_core.environment:checking '/home/edisonwong/robot_ws/install/my_bot/lib/python3.10/site-packages'
[5.080s] Level 1:colcon.colcon_core.environment:checking '/home/edisonwong/robot_ws/install/my_bot/bin'
[5.096s] INFO:colcon.colcon_core.shell:Creating package script '/home/edisonwong/robot_ws/install/my_bot/share/my_bot/package.ps1'
[5.107s] INFO:colcon.colcon_core.shell:Creating package descriptor '/home/edisonwong/robot_ws/install/my_bot/share/my_bot/package.dsv'
[5.119s] INFO:colcon.colcon_core.shell:Creating package script '/home/edisonwong/robot_ws/install/my_bot/share/my_bot/package.sh'
[5.126s] INFO:colcon.colcon_core.shell:Creating package script '/home/edisonwong/robot_ws/install/my_bot/share/my_bot/package.bash'
[5.133s] INFO:colcon.colcon_core.shell:Creating package script '/home/edisonwong/robot_ws/install/my_bot/share/my_bot/package.zsh'
[5.141s] Level 1:colcon.colcon_core.environment:create_file_with_runtime_dependencies(/home/edisonwong/robot_ws/install/my_bot/share/colcon-core/packages/my_bot)
[5.167s] DEBUG:colcon.colcon_core.event_handler.log_command:Invoking command in '/home/edisonwong/robot_ws/build/laser_filters': CMAKE_PREFIX_PATH=${CMAKE_PREFIX_PATH}:/home/edisonwong/robot_ws/install/serial_motor_demo:/opt/ros/humble /usr/bin/cmake --install /home/edisonwong/robot_ws/build/laser_filters
[5.194s] Level 1:colcon.colcon_core.environment:create_environment_scripts_only(serial)
[5.206s] DEBUG:colcon.colcon_core.event_handler.log_command:Invoked command in '/home/edisonwong/robot_ws/build/serial' returned '0': CMAKE_PREFIX_PATH=${CMAKE_PREFIX_PATH}:/home/edisonwong/robot_ws/install/serial_motor_demo:/opt/ros/humble /usr/bin/cmake --install /home/edisonwong/robot_ws/build/serial
[5.214s] Level 1:colcon.colcon_core.environment:checking '/home/edisonwong/robot_ws/install/serial' for CMake module files
[5.226s] Level 1:colcon.colcon_core.environment:checking '/home/edisonwong/robot_ws/install/serial' for CMake config files
[5.229s] Level 1:colcon.colcon_core.shell:create_environment_hook('serial', 'cmake_prefix_path')
[5.252s] INFO:colcon.colcon_core.shell:Creating environment hook '/home/edisonwong/robot_ws/install/serial/share/serial/hook/cmake_prefix_path.ps1'
[5.263s] INFO:colcon.colcon_core.shell:Creating environment descriptor '/home/edisonwong/robot_ws/install/serial/share/serial/hook/cmake_prefix_path.dsv'
[5.274s] INFO:colcon.colcon_core.shell:Creating environment hook '/home/edisonwong/robot_ws/install/serial/share/serial/hook/cmake_prefix_path.sh'
[5.289s] Level 1:colcon.colcon_core.environment:checking '/home/edisonwong/robot_ws/install/serial/lib'
[5.296s] Level 1:colcon.colcon_core.environment:checking '/home/edisonwong/robot_ws/install/serial/bin'
[5.297s] Level 1:colcon.colcon_core.environment:checking '/home/edisonwong/robot_ws/install/serial/lib/pkgconfig/serial.pc'
[5.298s] Level 1:colcon.colcon_core.environment:checking '/home/edisonwong/robot_ws/install/serial/lib/python3.10/site-packages'
[5.301s] Level 1:colcon.colcon_core.environment:checking '/home/edisonwong/robot_ws/install/serial/bin'
[5.313s] INFO:colcon.colcon_core.shell:Creating package script '/home/edisonwong/robot_ws/install/serial/share/serial/package.ps1'
[5.325s] INFO:colcon.colcon_core.shell:Creating package descriptor '/home/edisonwong/robot_ws/install/serial/share/serial/package.dsv'
[5.332s] INFO:colcon.colcon_core.shell:Creating package script '/home/edisonwong/robot_ws/install/serial/share/serial/package.sh'
[5.338s] INFO:colcon.colcon_core.shell:Creating package script '/home/edisonwong/robot_ws/install/serial/share/serial/package.bash'
[5.341s] INFO:colcon.colcon_core.shell:Creating package script '/home/edisonwong/robot_ws/install/serial/share/serial/package.zsh'
[5.345s] Level 1:colcon.colcon_core.environment:create_file_with_runtime_dependencies(/home/edisonwong/robot_ws/install/serial/share/colcon-core/packages/serial)
[5.425s] Level 1:colcon.colcon_core.environment:create_environment_scripts_only(laser_filters)
[5.434s] Level 1:colcon.colcon_core.environment:checking '/home/edisonwong/robot_ws/install/laser_filters' for CMake module files
[5.437s] DEBUG:colcon.colcon_core.event_handler.log_command:Invoked command in '/home/edisonwong/robot_ws/build/laser_filters' returned '0': CMAKE_PREFIX_PATH=${CMAKE_PREFIX_PATH}:/home/edisonwong/robot_ws/install/serial_motor_demo:/opt/ros/humble /usr/bin/cmake --install /home/edisonwong/robot_ws/build/laser_filters
[5.441s] Level 1:colcon.colcon_core.environment:checking '/home/edisonwong/robot_ws/install/laser_filters' for CMake config files
[5.444s] Level 1:colcon.colcon_core.shell:create_environment_hook('laser_filters', 'cmake_prefix_path')
[5.450s] INFO:colcon.colcon_core.shell:Creating environment hook '/home/edisonwong/robot_ws/install/laser_filters/share/laser_filters/hook/cmake_prefix_path.ps1'
[5.453s] INFO:colcon.colcon_core.shell:Creating environment descriptor '/home/edisonwong/robot_ws/install/laser_filters/share/laser_filters/hook/cmake_prefix_path.dsv'
[5.455s] INFO:colcon.colcon_core.shell:Creating environment hook '/home/edisonwong/robot_ws/install/laser_filters/share/laser_filters/hook/cmake_prefix_path.sh'
[5.458s] Level 1:colcon.colcon_core.environment:checking '/home/edisonwong/robot_ws/install/laser_filters/lib'
[5.460s] Level 1:colcon.colcon_core.shell:create_environment_hook('laser_filters', 'ld_library_path_lib')
[5.466s] INFO:colcon.colcon_core.shell:Creating environment hook '/home/edisonwong/robot_ws/install/laser_filters/share/laser_filters/hook/ld_library_path_lib.ps1'
[5.469s] INFO:colcon.colcon_core.shell:Creating environment descriptor '/home/edisonwong/robot_ws/install/laser_filters/share/laser_filters/hook/ld_library_path_lib.dsv'
[5.471s] INFO:colcon.colcon_core.shell:Creating environment hook '/home/edisonwong/robot_ws/install/laser_filters/share/laser_filters/hook/ld_library_path_lib.sh'
[5.474s] Level 1:colcon.colcon_core.environment:checking '/home/edisonwong/robot_ws/install/laser_filters/bin'
[5.474s] Level 1:colcon.colcon_core.environment:checking '/home/edisonwong/robot_ws/install/laser_filters/lib/pkgconfig/laser_filters.pc'
[5.475s] Level 1:colcon.colcon_core.environment:checking '/home/edisonwong/robot_ws/install/laser_filters/lib/python3.10/site-packages'
[5.477s] Level 1:colcon.colcon_core.environment:checking '/home/edisonwong/robot_ws/install/laser_filters/bin'
[5.484s] INFO:colcon.colcon_core.shell:Creating package script '/home/edisonwong/robot_ws/install/laser_filters/share/laser_filters/package.ps1'
[5.487s] INFO:colcon.colcon_core.shell:Creating package descriptor '/home/edisonwong/robot_ws/install/laser_filters/share/laser_filters/package.dsv'
[5.489s] INFO:colcon.colcon_core.shell:Creating package script '/home/edisonwong/robot_ws/install/laser_filters/share/laser_filters/package.sh'
[5.492s] INFO:colcon.colcon_core.shell:Creating package script '/home/edisonwong/robot_ws/install/laser_filters/share/laser_filters/package.bash'
[5.495s] INFO:colcon.colcon_core.shell:Creating package script '/home/edisonwong/robot_ws/install/laser_filters/share/laser_filters/package.zsh'
[5.497s] Level 1:colcon.colcon_core.environment:create_file_with_runtime_dependencies(/home/edisonwong/robot_ws/install/laser_filters/share/colcon-core/packages/laser_filters)
[5.642s] Level 1:colcon.colcon_core.environment:create_environment_scripts_only(serial)
[5.652s] Level 1:colcon.colcon_core.environment:checking '/home/edisonwong/robot_ws/install/serial' for CMake module files
[5.656s] Level 1:colcon.colcon_core.environment:checking '/home/edisonwong/robot_ws/install/serial' for CMake config files
[5.659s] Level 1:colcon.colcon_core.shell:create_environment_hook('serial', 'cmake_prefix_path')
[5.666s] INFO:colcon.colcon_core.shell:Creating environment hook '/home/edisonwong/robot_ws/install/serial/share/serial/hook/cmake_prefix_path.ps1'
[5.669s] INFO:colcon.colcon_core.shell:Creating environment descriptor '/home/edisonwong/robot_ws/install/serial/share/serial/hook/cmake_prefix_path.dsv'
[5.671s] INFO:colcon.colcon_core.shell:Creating environment hook '/home/edisonwong/robot_ws/install/serial/share/serial/hook/cmake_prefix_path.sh'
[5.675s] Level 1:colcon.colcon_core.environment:checking '/home/edisonwong/robot_ws/install/serial/lib'
[5.676s] Level 1:colcon.colcon_core.environment:checking '/home/edisonwong/robot_ws/install/serial/bin'
[5.676s] Level 1:colcon.colcon_core.environment:checking '/home/edisonwong/robot_ws/install/serial/lib/pkgconfig/serial.pc'
[5.678s] Level 1:colcon.colcon_core.environment:checking '/home/edisonwong/robot_ws/install/serial/lib/python3.10/site-packages'
[5.679s] Level 1:colcon.colcon_core.environment:checking '/home/edisonwong/robot_ws/install/serial/bin'
[5.686s] INFO:colcon.colcon_core.shell:Creating package script '/home/edisonwong/robot_ws/install/serial/share/serial/package.ps1'
[5.689s] INFO:colcon.colcon_core.shell:Creating package descriptor '/home/edisonwong/robot_ws/install/serial/share/serial/package.dsv'
[5.692s] INFO:colcon.colcon_core.shell:Creating package script '/home/edisonwong/robot_ws/install/serial/share/serial/package.sh'
[5.695s] INFO:colcon.colcon_core.shell:Creating package script '/home/edisonwong/robot_ws/install/serial/share/serial/package.bash'
[5.698s] INFO:colcon.colcon_core.shell:Creating package script '/home/edisonwong/robot_ws/install/serial/share/serial/package.zsh'
[5.701s] Level 1:colcon.colcon_core.environment:create_file_with_runtime_dependencies(/home/edisonwong/robot_ws/install/serial/share/colcon-core/packages/serial)
[5.706s] INFO:colcon.colcon_ros.task.ament_cmake.build:Building ROS package in '/home/edisonwong/robot_ws/src/diffdrive_arduino' with build type 'ament_cmake'
[5.707s] INFO:colcon.colcon_cmake.task.cmake.build:Building CMake package in '/home/edisonwong/robot_ws/src/diffdrive_arduino'
[5.714s] INFO:colcon.colcon_core.shell:Skip shell extension 'powershell' for command environment: Not usable outside of PowerShell
[5.714s] DEBUG:colcon.colcon_core.shell:Skip shell extension 'dsv' for command environment
[5.782s] DEBUG:colcon.colcon_core.event_handler.log_command:Invoking command in '/home/edisonwong/robot_ws/build/diffdrive_arduino': CMAKE_PREFIX_PATH=/home/edisonwong/robot_ws/install/serial:/home/edisonwong/robot_ws/install/serial_motor_demo_msgs:/home/edisonwong/robot_ws/install/diffdrive_arduino:/home/edisonwong/robot_ws/install/my_bot:/home/edisonwong/robot_ws/install/laser_filters:/home/edisonwong/robot_ws/install/serial_motor_demo:/opt/ros/humble /usr/bin/cmake --build /home/edisonwong/robot_ws/build/diffdrive_arduino -- -j4 -l4
[5.799s] Level 1:colcon.colcon_core.environment:create_environment_scripts_only(laser_filters)
[5.809s] Level 1:colcon.colcon_core.environment:checking '/home/edisonwong/robot_ws/install/laser_filters' for CMake module files
[5.814s] Level 1:colcon.colcon_core.environment:checking '/home/edisonwong/robot_ws/install/laser_filters' for CMake config files
[5.817s] Level 1:colcon.colcon_core.shell:create_environment_hook('laser_filters', 'cmake_prefix_path')
[5.825s] INFO:colcon.colcon_core.shell:Creating environment hook '/home/edisonwong/robot_ws/install/laser_filters/share/laser_filters/hook/cmake_prefix_path.ps1'
[5.827s] INFO:colcon.colcon_core.shell:Creating environment descriptor '/home/edisonwong/robot_ws/install/laser_filters/share/laser_filters/hook/cmake_prefix_path.dsv'
[5.829s] INFO:colcon.colcon_core.shell:Creating environment hook '/home/edisonwong/robot_ws/install/laser_filters/share/laser_filters/hook/cmake_prefix_path.sh'
[5.833s] Level 1:colcon.colcon_core.environment:checking '/home/edisonwong/robot_ws/install/laser_filters/lib'
[5.834s] Level 1:colcon.colcon_core.shell:create_environment_hook('laser_filters', 'ld_library_path_lib')
[5.840s] INFO:colcon.colcon_core.shell:Creating environment hook '/home/edisonwong/robot_ws/install/laser_filters/share/laser_filters/hook/ld_library_path_lib.ps1'
[5.843s] INFO:colcon.colcon_core.shell:Creating environment descriptor '/home/edisonwong/robot_ws/install/laser_filters/share/laser_filters/hook/ld_library_path_lib.dsv'
[5.845s] INFO:colcon.colcon_core.shell:Creating environment hook '/home/edisonwong/robot_ws/install/laser_filters/share/laser_filters/hook/ld_library_path_lib.sh'
[5.848s] Level 1:colcon.colcon_core.environment:checking '/home/edisonwong/robot_ws/install/laser_filters/bin'
[5.848s] Level 1:colcon.colcon_core.environment:checking '/home/edisonwong/robot_ws/install/laser_filters/lib/pkgconfig/laser_filters.pc'
[5.850s] Level 1:colcon.colcon_core.environment:checking '/home/edisonwong/robot_ws/install/laser_filters/lib/python3.10/site-packages'
[5.851s] Level 1:colcon.colcon_core.environment:checking '/home/edisonwong/robot_ws/install/laser_filters/bin'
[5.858s] INFO:colcon.colcon_core.shell:Creating package script '/home/edisonwong/robot_ws/install/laser_filters/share/laser_filters/package.ps1'
[5.861s] INFO:colcon.colcon_core.shell:Creating package descriptor '/home/edisonwong/robot_ws/install/laser_filters/share/laser_filters/package.dsv'
[5.865s] INFO:colcon.colcon_core.shell:Creating package script '/home/edisonwong/robot_ws/install/laser_filters/share/laser_filters/package.sh'
[5.869s] INFO:colcon.colcon_core.shell:Creating package script '/home/edisonwong/robot_ws/install/laser_filters/share/laser_filters/package.bash'
[5.873s] INFO:colcon.colcon_core.shell:Creating package script '/home/edisonwong/robot_ws/install/laser_filters/share/laser_filters/package.zsh'
[5.877s] Level 1:colcon.colcon_core.environment:create_file_with_runtime_dependencies(/home/edisonwong/robot_ws/install/laser_filters/share/colcon-core/packages/laser_filters)
[6.177s] DEBUG:colcon.colcon_core.event_handler.log_command:Invoked command in '/home/edisonwong/robot_ws/build/diffdrive_arduino' returned '0': CMAKE_PREFIX_PATH=/home/edisonwong/robot_ws/install/serial:/home/edisonwong/robot_ws/install/serial_motor_demo_msgs:/home/edisonwong/robot_ws/install/diffdrive_arduino:/home/edisonwong/robot_ws/install/my_bot:/home/edisonwong/robot_ws/install/laser_filters:/home/edisonwong/robot_ws/install/serial_motor_demo:/opt/ros/humble /usr/bin/cmake --build /home/edisonwong/robot_ws/build/diffdrive_arduino -- -j4 -l4
[6.402s] DEBUG:colcon.colcon_core.event_handler.log_command:Invoking command in '/home/edisonwong/robot_ws/build/diffdrive_arduino': CMAKE_PREFIX_PATH=/home/edisonwong/robot_ws/install/serial:/home/edisonwong/robot_ws/install/serial_motor_demo_msgs:/home/edisonwong/robot_ws/install/diffdrive_arduino:/home/edisonwong/robot_ws/install/my_bot:/home/edisonwong/robot_ws/install/laser_filters:/home/edisonwong/robot_ws/install/serial_motor_demo:/opt/ros/humble /usr/bin/cmake --install /home/edisonwong/robot_ws/build/diffdrive_arduino
[6.562s] Level 1:colcon.colcon_core.environment:create_environment_scripts_only(diffdrive_arduino)
[6.574s] Level 1:colcon.colcon_core.environment:checking '/home/edisonwong/robot_ws/install/diffdrive_arduino' for CMake module files
[6.575s] DEBUG:colcon.colcon_core.event_handler.log_command:Invoked command in '/home/edisonwong/robot_ws/build/diffdrive_arduino' returned '0': CMAKE_PREFIX_PATH=/home/edisonwong/robot_ws/install/serial:/home/edisonwong/robot_ws/install/serial_motor_demo_msgs:/home/edisonwong/robot_ws/install/diffdrive_arduino:/home/edisonwong/robot_ws/install/my_bot:/home/edisonwong/robot_ws/install/laser_filters:/home/edisonwong/robot_ws/install/serial_motor_demo:/opt/ros/humble /usr/bin/cmake --install /home/edisonwong/robot_ws/build/diffdrive_arduino
[6.581s] Level 1:colcon.colcon_core.environment:checking '/home/edisonwong/robot_ws/install/diffdrive_arduino' for CMake config files
[6.585s] Level 1:colcon.colcon_core.shell:create_environment_hook('diffdrive_arduino', 'cmake_prefix_path')
[6.593s] INFO:colcon.colcon_core.shell:Creating environment hook '/home/edisonwong/robot_ws/install/diffdrive_arduino/share/diffdrive_arduino/hook/cmake_prefix_path.ps1'
[6.595s] INFO:colcon.colcon_core.shell:Creating environment descriptor '/home/edisonwong/robot_ws/install/diffdrive_arduino/share/diffdrive_arduino/hook/cmake_prefix_path.dsv'
[6.597s] INFO:colcon.colcon_core.shell:Creating environment hook '/home/edisonwong/robot_ws/install/diffdrive_arduino/share/diffdrive_arduino/hook/cmake_prefix_path.sh'
[6.601s] Level 1:colcon.colcon_core.environment:checking '/home/edisonwong/robot_ws/install/diffdrive_arduino/lib'
[6.601s] Level 1:colcon.colcon_core.shell:create_environment_hook('diffdrive_arduino', 'ld_library_path_lib')
[6.608s] INFO:colcon.colcon_core.shell:Creating environment hook '/home/edisonwong/robot_ws/install/diffdrive_arduino/share/diffdrive_arduino/hook/ld_library_path_lib.ps1'
[6.611s] INFO:colcon.colcon_core.shell:Creating environment descriptor '/home/edisonwong/robot_ws/install/diffdrive_arduino/share/diffdrive_arduino/hook/ld_library_path_lib.dsv'
[6.613s] INFO:colcon.colcon_core.shell:Creating environment hook '/home/edisonwong/robot_ws/install/diffdrive_arduino/share/diffdrive_arduino/hook/ld_library_path_lib.sh'
[6.616s] Level 1:colcon.colcon_core.environment:checking '/home/edisonwong/robot_ws/install/diffdrive_arduino/bin'
[6.616s] Level 1:colcon.colcon_core.environment:checking '/home/edisonwong/robot_ws/install/diffdrive_arduino/lib/pkgconfig/diffdrive_arduino.pc'
[6.618s] Level 1:colcon.colcon_core.environment:checking '/home/edisonwong/robot_ws/install/diffdrive_arduino/lib/python3.10/site-packages'
[6.619s] Level 1:colcon.colcon_core.environment:checking '/home/edisonwong/robot_ws/install/diffdrive_arduino/bin'
[6.626s] INFO:colcon.colcon_core.shell:Creating package script '/home/edisonwong/robot_ws/install/diffdrive_arduino/share/diffdrive_arduino/package.ps1'
[6.629s] INFO:colcon.colcon_core.shell:Creating package descriptor '/home/edisonwong/robot_ws/install/diffdrive_arduino/share/diffdrive_arduino/package.dsv'
[6.632s] INFO:colcon.colcon_core.shell:Creating package script '/home/edisonwong/robot_ws/install/diffdrive_arduino/share/diffdrive_arduino/package.sh'
[6.635s] INFO:colcon.colcon_core.shell:Creating package script '/home/edisonwong/robot_ws/install/diffdrive_arduino/share/diffdrive_arduino/package.bash'
[6.637s] INFO:colcon.colcon_core.shell:Creating package script '/home/edisonwong/robot_ws/install/diffdrive_arduino/share/diffdrive_arduino/package.zsh'
[6.639s] Level 1:colcon.colcon_core.environment:create_file_with_runtime_dependencies(/home/edisonwong/robot_ws/install/diffdrive_arduino/share/colcon-core/packages/diffdrive_arduino)
[6.648s] DEBUG:colcon.colcon_core.event_handler.log_command:Invoked command in '/home/edisonwong/robot_ws/build/serial_motor_demo_msgs' returned '0': CMAKE_PREFIX_PATH=${CMAKE_PREFIX_PATH}:/home/edisonwong/robot_ws/install/serial_motor_demo:/opt/ros/humble /usr/bin/cmake --build /home/edisonwong/robot_ws/build/serial_motor_demo_msgs -- -j4 -l4
[6.860s] Level 1:colcon.colcon_core.environment:create_environment_scripts_only(diffdrive_arduino)
[6.871s] Level 1:colcon.colcon_core.environment:checking '/home/edisonwong/robot_ws/install/diffdrive_arduino' for CMake module files
[6.875s] Level 1:colcon.colcon_core.environment:checking '/home/edisonwong/robot_ws/install/diffdrive_arduino' for CMake config files
[6.879s] Level 1:colcon.colcon_core.shell:create_environment_hook('diffdrive_arduino', 'cmake_prefix_path')
[6.886s] INFO:colcon.colcon_core.shell:Creating environment hook '/home/edisonwong/robot_ws/install/diffdrive_arduino/share/diffdrive_arduino/hook/cmake_prefix_path.ps1'
[6.888s] INFO:colcon.colcon_core.shell:Creating environment descriptor '/home/edisonwong/robot_ws/install/diffdrive_arduino/share/diffdrive_arduino/hook/cmake_prefix_path.dsv'
[6.890s] INFO:colcon.colcon_core.shell:Creating environment hook '/home/edisonwong/robot_ws/install/diffdrive_arduino/share/diffdrive_arduino/hook/cmake_prefix_path.sh'
[6.893s] Level 1:colcon.colcon_core.environment:checking '/home/edisonwong/robot_ws/install/diffdrive_arduino/lib'
[6.894s] Level 1:colcon.colcon_core.shell:create_environment_hook('diffdrive_arduino', 'ld_library_path_lib')
[6.900s] INFO:colcon.colcon_core.shell:Creating environment hook '/home/edisonwong/robot_ws/install/diffdrive_arduino/share/diffdrive_arduino/hook/ld_library_path_lib.ps1'
[6.902s] INFO:colcon.colcon_core.shell:Creating environment descriptor '/home/edisonwong/robot_ws/install/diffdrive_arduino/share/diffdrive_arduino/hook/ld_library_path_lib.dsv'
[6.904s] INFO:colcon.colcon_core.shell:Creating environment hook '/home/edisonwong/robot_ws/install/diffdrive_arduino/share/diffdrive_arduino/hook/ld_library_path_lib.sh'
[6.907s] Level 1:colcon.colcon_core.environment:checking '/home/edisonwong/robot_ws/install/diffdrive_arduino/bin'
[6.907s] Level 1:colcon.colcon_core.environment:checking '/home/edisonwong/robot_ws/install/diffdrive_arduino/lib/pkgconfig/diffdrive_arduino.pc'
[6.908s] Level 1:colcon.colcon_core.environment:checking '/home/edisonwong/robot_ws/install/diffdrive_arduino/lib/python3.10/site-packages'
[6.909s] Level 1:colcon.colcon_core.environment:checking '/home/edisonwong/robot_ws/install/diffdrive_arduino/bin'
[6.916s] INFO:colcon.colcon_core.shell:Creating package script '/home/edisonwong/robot_ws/install/diffdrive_arduino/share/diffdrive_arduino/package.ps1'
[6.919s] INFO:colcon.colcon_core.shell:Creating package descriptor '/home/edisonwong/robot_ws/install/diffdrive_arduino/share/diffdrive_arduino/package.dsv'
[6.922s] INFO:colcon.colcon_core.shell:Creating package script '/home/edisonwong/robot_ws/install/diffdrive_arduino/share/diffdrive_arduino/package.sh'
[6.925s] INFO:colcon.colcon_core.shell:Creating package script '/home/edisonwong/robot_ws/install/diffdrive_arduino/share/diffdrive_arduino/package.bash'
[6.927s] INFO:colcon.colcon_core.shell:Creating package script '/home/edisonwong/robot_ws/install/diffdrive_arduino/share/diffdrive_arduino/package.zsh'
[6.929s] Level 1:colcon.colcon_core.environment:create_file_with_runtime_dependencies(/home/edisonwong/robot_ws/install/diffdrive_arduino/share/colcon-core/packages/diffdrive_arduino)
[7.366s] DEBUG:colcon.colcon_core.event_handler.log_command:Invoking command in '/home/edisonwong/robot_ws/build/serial_motor_demo_msgs': CMAKE_PREFIX_PATH=${CMAKE_PREFIX_PATH}:/home/edisonwong/robot_ws/install/serial_motor_demo:/opt/ros/humble /usr/bin/cmake --install /home/edisonwong/robot_ws/build/serial_motor_demo_msgs
[7.810s] Level 1:colcon.colcon_core.environment:create_environment_scripts_only(serial_motor_demo_msgs)
[7.821s] Level 1:colcon.colcon_core.environment:checking '/home/edisonwong/robot_ws/install/serial_motor_demo_msgs' for CMake module files
[7.823s] DEBUG:colcon.colcon_core.event_handler.log_command:Invoked command in '/home/edisonwong/robot_ws/build/serial_motor_demo_msgs' returned '0': CMAKE_PREFIX_PATH=${CMAKE_PREFIX_PATH}:/home/edisonwong/robot_ws/install/serial_motor_demo:/opt/ros/humble /usr/bin/cmake --install /home/edisonwong/robot_ws/build/serial_motor_demo_msgs
[7.829s] Level 1:colcon.colcon_core.environment:checking '/home/edisonwong/robot_ws/install/serial_motor_demo_msgs' for CMake config files
[7.832s] Level 1:colcon.colcon_core.shell:create_environment_hook('serial_motor_demo_msgs', 'cmake_prefix_path')
[7.838s] INFO:colcon.colcon_core.shell:Creating environment hook '/home/edisonwong/robot_ws/install/serial_motor_demo_msgs/share/serial_motor_demo_msgs/hook/cmake_prefix_path.ps1'
[7.840s] INFO:colcon.colcon_core.shell:Creating environment descriptor '/home/edisonwong/robot_ws/install/serial_motor_demo_msgs/share/serial_motor_demo_msgs/hook/cmake_prefix_path.dsv'
[7.843s] INFO:colcon.colcon_core.shell:Creating environment hook '/home/edisonwong/robot_ws/install/serial_motor_demo_msgs/share/serial_motor_demo_msgs/hook/cmake_prefix_path.sh'
[7.847s] Level 1:colcon.colcon_core.environment:checking '/home/edisonwong/robot_ws/install/serial_motor_demo_msgs/lib'
[7.847s] Level 1:colcon.colcon_core.shell:create_environment_hook('serial_motor_demo_msgs', 'ld_library_path_lib')
[7.854s] INFO:colcon.colcon_core.shell:Creating environment hook '/home/edisonwong/robot_ws/install/serial_motor_demo_msgs/share/serial_motor_demo_msgs/hook/ld_library_path_lib.ps1'
[7.856s] INFO:colcon.colcon_core.shell:Creating environment descriptor '/home/edisonwong/robot_ws/install/serial_motor_demo_msgs/share/serial_motor_demo_msgs/hook/ld_library_path_lib.dsv'
[7.859s] INFO:colcon.colcon_core.shell:Creating environment hook '/home/edisonwong/robot_ws/install/serial_motor_demo_msgs/share/serial_motor_demo_msgs/hook/ld_library_path_lib.sh'
[7.861s] Level 1:colcon.colcon_core.environment:checking '/home/edisonwong/robot_ws/install/serial_motor_demo_msgs/bin'
[7.862s] Level 1:colcon.colcon_core.environment:checking '/home/edisonwong/robot_ws/install/serial_motor_demo_msgs/lib/pkgconfig/serial_motor_demo_msgs.pc'
[7.863s] Level 1:colcon.colcon_core.environment:checking '/home/edisonwong/robot_ws/install/serial_motor_demo_msgs/lib/python3.10/site-packages'
[7.865s] Level 1:colcon.colcon_core.environment:checking '/home/edisonwong/robot_ws/install/serial_motor_demo_msgs/bin'
[7.873s] INFO:colcon.colcon_core.shell:Creating package script '/home/edisonwong/robot_ws/install/serial_motor_demo_msgs/share/serial_motor_demo_msgs/package.ps1'
[7.877s] INFO:colcon.colcon_core.shell:Creating package descriptor '/home/edisonwong/robot_ws/install/serial_motor_demo_msgs/share/serial_motor_demo_msgs/package.dsv'
[7.879s] INFO:colcon.colcon_core.shell:Creating package script '/home/edisonwong/robot_ws/install/serial_motor_demo_msgs/share/serial_motor_demo_msgs/package.sh'
[7.882s] INFO:colcon.colcon_core.shell:Creating package script '/home/edisonwong/robot_ws/install/serial_motor_demo_msgs/share/serial_motor_demo_msgs/package.bash'
[7.885s] INFO:colcon.colcon_core.shell:Creating package script '/home/edisonwong/robot_ws/install/serial_motor_demo_msgs/share/serial_motor_demo_msgs/package.zsh'
[7.887s] Level 1:colcon.colcon_core.environment:create_file_with_runtime_dependencies(/home/edisonwong/robot_ws/install/serial_motor_demo_msgs/share/colcon-core/packages/serial_motor_demo_msgs)
[8.588s] Level 1:colcon.colcon_core.environment:create_environment_scripts_only(serial_motor_demo_msgs)
[8.601s] Level 1:colcon.colcon_core.environment:checking '/home/edisonwong/robot_ws/install/serial_motor_demo_msgs' for CMake module files
[8.606s] Level 1:colcon.colcon_core.environment:checking '/home/edisonwong/robot_ws/install/serial_motor_demo_msgs' for CMake config files
[8.609s] Level 1:colcon.colcon_core.shell:create_environment_hook('serial_motor_demo_msgs', 'cmake_prefix_path')
[8.615s] INFO:colcon.colcon_core.shell:Creating environment hook '/home/edisonwong/robot_ws/install/serial_motor_demo_msgs/share/serial_motor_demo_msgs/hook/cmake_prefix_path.ps1'
[8.617s] INFO:colcon.colcon_core.shell:Creating environment descriptor '/home/edisonwong/robot_ws/install/serial_motor_demo_msgs/share/serial_motor_demo_msgs/hook/cmake_prefix_path.dsv'
[8.619s] INFO:colcon.colcon_core.shell:Creating environment hook '/home/edisonwong/robot_ws/install/serial_motor_demo_msgs/share/serial_motor_demo_msgs/hook/cmake_prefix_path.sh'
[8.622s] Level 1:colcon.colcon_core.environment:checking '/home/edisonwong/robot_ws/install/serial_motor_demo_msgs/lib'
[8.622s] Level 1:colcon.colcon_core.shell:create_environment_hook('serial_motor_demo_msgs', 'ld_library_path_lib')
[8.628s] INFO:colcon.colcon_core.shell:Creating environment hook '/home/edisonwong/robot_ws/install/serial_motor_demo_msgs/share/serial_motor_demo_msgs/hook/ld_library_path_lib.ps1'
[8.630s] INFO:colcon.colcon_core.shell:Creating environment descriptor '/home/edisonwong/robot_ws/install/serial_motor_demo_msgs/share/serial_motor_demo_msgs/hook/ld_library_path_lib.dsv'
[8.632s] INFO:colcon.colcon_core.shell:Creating environment hook '/home/edisonwong/robot_ws/install/serial_motor_demo_msgs/share/serial_motor_demo_msgs/hook/ld_library_path_lib.sh'
[8.634s] Level 1:colcon.colcon_core.environment:checking '/home/edisonwong/robot_ws/install/serial_motor_demo_msgs/bin'
[8.634s] Level 1:colcon.colcon_core.environment:checking '/home/edisonwong/robot_ws/install/serial_motor_demo_msgs/lib/pkgconfig/serial_motor_demo_msgs.pc'
[8.635s] Level 1:colcon.colcon_core.environment:checking '/home/edisonwong/robot_ws/install/serial_motor_demo_msgs/lib/python3.10/site-packages'
[8.636s] Level 1:colcon.colcon_core.environment:checking '/home/edisonwong/robot_ws/install/serial_motor_demo_msgs/bin'
[8.643s] INFO:colcon.colcon_core.shell:Creating package script '/home/edisonwong/robot_ws/install/serial_motor_demo_msgs/share/serial_motor_demo_msgs/package.ps1'
[8.645s] INFO:colcon.colcon_core.shell:Creating package descriptor '/home/edisonwong/robot_ws/install/serial_motor_demo_msgs/share/serial_motor_demo_msgs/package.dsv'
[8.648s] INFO:colcon.colcon_core.shell:Creating package script '/home/edisonwong/robot_ws/install/serial_motor_demo_msgs/share/serial_motor_demo_msgs/package.sh'
[8.650s] INFO:colcon.colcon_core.shell:Creating package script '/home/edisonwong/robot_ws/install/serial_motor_demo_msgs/share/serial_motor_demo_msgs/package.bash'
[8.653s] INFO:colcon.colcon_core.shell:Creating package script '/home/edisonwong/robot_ws/install/serial_motor_demo_msgs/share/serial_motor_demo_msgs/package.zsh'
[8.655s] Level 1:colcon.colcon_core.environment:create_file_with_runtime_dependencies(/home/edisonwong/robot_ws/install/serial_motor_demo_msgs/share/colcon-core/packages/serial_motor_demo_msgs)
[8.656s] INFO:colcon.colcon_ros.task.ament_python.build:Building ROS package in '/home/edisonwong/robot_ws/serial_motor_demo/serial_motor_demo' with build type 'ament_python'
[8.657s] Level 1:colcon.colcon_core.shell:create_environment_hook('serial_motor_demo', 'ament_prefix_path')
[8.663s] INFO:colcon.colcon_core.shell:Creating environment hook '/home/edisonwong/robot_ws/install/serial_motor_demo/share/serial_motor_demo/hook/ament_prefix_path.ps1'
[8.666s] INFO:colcon.colcon_core.shell:Creating environment descriptor '/home/edisonwong/robot_ws/install/serial_motor_demo/share/serial_motor_demo/hook/ament_prefix_path.dsv'
[8.668s] INFO:colcon.colcon_core.shell:Creating environment hook '/home/edisonwong/robot_ws/install/serial_motor_demo/share/serial_motor_demo/hook/ament_prefix_path.sh'
[8.676s] INFO:colcon.colcon_core.shell:Skip shell extension 'powershell' for command environment: Not usable outside of PowerShell
[8.676s] DEBUG:colcon.colcon_core.shell:Skip shell extension 'dsv' for command environment
[10.101s] INFO:colcon.colcon_core.task.python.build:Building Python package in '/home/edisonwong/robot_ws/serial_motor_demo/serial_motor_demo'
[10.107s] INFO:colcon.colcon_core.shell:Skip shell extension 'powershell' for command environment: Not usable outside of PowerShell
[10.108s] DEBUG:colcon.colcon_core.shell:Skip shell extension 'dsv' for command environment
[12.066s] DEBUG:colcon.colcon_core.event_handler.log_command:Invoking command in '/home/edisonwong/robot_ws/build/serial_motor_demo': PYTHONPATH=/home/edisonwong/robot_ws/build/serial_motor_demo/prefix_override:/home/edisonwong/robot_ws/install/serial_motor_demo/lib/python3.10/site-packages:${PYTHONPATH} /usr/bin/python3 setup.py develop --editable --build-directory /home/edisonwong/robot_ws/build/serial_motor_demo/build --no-deps install_data
[14.589s] Level 1:colcon.colcon_core.shell:create_environment_hook('serial_motor_demo', 'pythonpath_develop')
[14.596s] INFO:colcon.colcon_core.shell:Creating environment hook '/home/edisonwong/robot_ws/build/serial_motor_demo/share/serial_motor_demo/hook/pythonpath_develop.ps1'
[14.597s] DEBUG:colcon.colcon_core.event_handler.log_command:Invoked command in '/home/edisonwong/robot_ws/build/serial_motor_demo' returned '0': PYTHONPATH=/home/edisonwong/robot_ws/build/serial_motor_demo/prefix_override:/home/edisonwong/robot_ws/install/serial_motor_demo/lib/python3.10/site-packages:${PYTHONPATH} /usr/bin/python3 setup.py develop --editable --build-directory /home/edisonwong/robot_ws/build/serial_motor_demo/build --no-deps install_data
[14.599s] INFO:colcon.colcon_core.shell:Creating environment descriptor '/home/edisonwong/robot_ws/build/serial_motor_demo/share/serial_motor_demo/hook/pythonpath_develop.dsv'
[14.601s] INFO:colcon.colcon_core.shell:Creating environment hook '/home/edisonwong/robot_ws/build/serial_motor_demo/share/serial_motor_demo/hook/pythonpath_develop.sh'
[14.614s] Level 1:colcon.colcon_core.environment:checking '/home/edisonwong/robot_ws/install/serial_motor_demo' for CMake module files
[14.617s] Level 1:colcon.colcon_core.environment:checking '/home/edisonwong/robot_ws/install/serial_motor_demo' for CMake config files
[14.620s] Level 1:colcon.colcon_core.environment:checking '/home/edisonwong/robot_ws/install/serial_motor_demo/lib'
[14.620s] Level 1:colcon.colcon_core.environment:checking '/home/edisonwong/robot_ws/install/serial_motor_demo/bin'
[14.621s] Level 1:colcon.colcon_core.environment:checking '/home/edisonwong/robot_ws/install/serial_motor_demo/lib/pkgconfig/serial_motor_demo.pc'
[14.621s] Level 1:colcon.colcon_core.environment:checking '/home/edisonwong/robot_ws/install/serial_motor_demo/lib/python3.10/site-packages'
[14.622s] Level 1:colcon.colcon_core.shell:create_environment_hook('serial_motor_demo', 'pythonpath')
[14.628s] INFO:colcon.colcon_core.shell:Creating environment hook '/home/edisonwong/robot_ws/install/serial_motor_demo/share/serial_motor_demo/hook/pythonpath.ps1'
[14.630s] INFO:colcon.colcon_core.shell:Creating environment descriptor '/home/edisonwong/robot_ws/install/serial_motor_demo/share/serial_motor_demo/hook/pythonpath.dsv'
[14.631s] INFO:colcon.colcon_core.shell:Creating environment hook '/home/edisonwong/robot_ws/install/serial_motor_demo/share/serial_motor_demo/hook/pythonpath.sh'
[14.634s] Level 1:colcon.colcon_core.environment:checking '/home/edisonwong/robot_ws/install/serial_motor_demo/bin'
[14.635s] Level 1:colcon.colcon_core.environment:create_environment_scripts_only(serial_motor_demo)
[14.641s] INFO:colcon.colcon_core.shell:Creating package script '/home/edisonwong/robot_ws/install/serial_motor_demo/share/serial_motor_demo/package.ps1'
[14.644s] INFO:colcon.colcon_core.shell:Creating package descriptor '/home/edisonwong/robot_ws/install/serial_motor_demo/share/serial_motor_demo/package.dsv'
[14.646s] INFO:colcon.colcon_core.shell:Creating package script '/home/edisonwong/robot_ws/install/serial_motor_demo/share/serial_motor_demo/package.sh'
[14.649s] INFO:colcon.colcon_core.shell:Creating package script '/home/edisonwong/robot_ws/install/serial_motor_demo/share/serial_motor_demo/package.bash'
[14.650s] INFO:colcon.colcon_core.shell:Creating package script '/home/edisonwong/robot_ws/install/serial_motor_demo/share/serial_motor_demo/package.zsh'
[14.652s] Level 1:colcon.colcon_core.environment:create_file_with_runtime_dependencies(/home/edisonwong/robot_ws/install/serial_motor_demo/share/colcon-core/packages/serial_motor_demo)
[14.654s] DEBUG:colcon.colcon_parallel_executor.executor.parallel:closing loop
[14.655s] DEBUG:colcon.colcon_parallel_executor.executor.parallel:loop closed
[14.655s] DEBUG:colcon.colcon_parallel_executor.executor.parallel:run_until_complete finished with '0'
[14.657s] DEBUG:colcon.colcon_core.event_reactor:joining thread
[14.683s] INFO:colcon.colcon_core.plugin_system:Skipping extension 'colcon_notification.desktop_notification.terminal_notifier': Not used on non-Darwin systems
[14.683s] INFO:colcon.colcon_core.plugin_system:Skipping extension 'colcon_notification.desktop_notification.win32': Not used on non-Windows systems
[14.683s] INFO:colcon.colcon_notification.desktop_notification:Sending desktop notification using 'notify2'
[14.725s] DEBUG:colcon.colcon_core.event_reactor:joined thread
[14.731s] INFO:colcon.colcon_core.shell:Creating prefix script '/home/edisonwong/robot_ws/install/local_setup.ps1'
[14.736s] INFO:colcon.colcon_core.shell:Creating prefix util module '/home/edisonwong/robot_ws/install/_local_setup_util_ps1.py'
[14.742s] INFO:colcon.colcon_core.shell:Creating prefix chain script '/home/edisonwong/robot_ws/install/setup.ps1'
[14.750s] INFO:colcon.colcon_core.shell:Creating prefix script '/home/edisonwong/robot_ws/install/local_setup.sh'
[14.753s] INFO:colcon.colcon_core.shell:Creating prefix util module '/home/edisonwong/robot_ws/install/_local_setup_util_sh.py'
[14.755s] INFO:colcon.colcon_core.shell:Creating prefix chain script '/home/edisonwong/robot_ws/install/setup.sh'
[14.764s] INFO:colcon.colcon_core.shell:Creating prefix script '/home/edisonwong/robot_ws/install/local_setup.bash'
[14.766s] INFO:colcon.colcon_core.shell:Creating prefix chain script '/home/edisonwong/robot_ws/install/setup.bash'
[14.774s] INFO:colcon.colcon_core.shell:Creating prefix script '/home/edisonwong/robot_ws/install/local_setup.zsh'
[14.777s] INFO:colcon.colcon_core.shell:Creating prefix chain script '/home/edisonwong/robot_ws/install/setup.zsh'
