[0.193s] Invoking command in '/home/edisonwong/robot_ws/build/serial': CMAKE_PREFIX_PATH=${CMAKE_PREFIX_PATH}:/home/edisonwong/robot_ws/install/serial_motor_demo:/opt/ros/humble /usr/bin/cmake --build /home/edisonwong/robot_ws/build/serial -- -j4 -l4
[0.995s] [ 14%] Built target gtest_main
[1.019s] [ 28%] Built target gtest
[1.035s] [ 57%] Built target serial
[1.293s] [ 71%] Built target serial-test-timer
[1.318s] [ 85%] Built target serial_example
[1.447s] [100%] Built target serial-test
[1.791s] Invoked command in '/home/edisonwong/robot_ws/build/serial' returned '0': CMAKE_PREFIX_PATH=${CMAKE_PREFIX_PATH}:/home/edisonwong/robot_ws/install/serial_motor_demo:/opt/ros/humble /usr/bin/cmake --build /home/edisonwong/robot_ws/build/serial -- -j4 -l4
[2.095s] Invoking command in '/home/edisonwong/robot_ws/build/serial': CMAKE_PREFIX_PATH=${CMAKE_PREFIX_PATH}:/home/edisonwong/robot_ws/install/serial_motor_demo:/opt/ros/humble /usr/bin/cmake --install /home/edisonwong/robot_ws/build/serial
[2.156s] -- Install configuration: ""
[2.163s] -- Execute custom install script
[2.166s] -- Up-to-date symlink: /home/edisonwong/robot_ws/install/serial/lib/libserial.a
[2.168s] -- Up-to-date symlink: /home/edisonwong/robot_ws/install/serial/include/serial/serial.h
[2.171s] -- Up-to-date symlink: /home/edisonwong/robot_ws/install/serial/include/serial/v8stdint.h
[2.174s] -- Up-to-date symlink: /home/edisonwong/robot_ws/install/serial/share/serial/environment/library_path.sh
[2.176s] -- Up-to-date symlink: /home/edisonwong/robot_ws/install/serial/share/serial/environment/library_path.dsv
[2.179s] -- Up-to-date symlink: /home/edisonwong/robot_ws/install/serial/share/ament_index/resource_index/package_run_dependencies/serial
[2.182s] -- Up-to-date symlink: /home/edisonwong/robot_ws/install/serial/share/ament_index/resource_index/parent_prefix_path/serial
[2.184s] -- Up-to-date symlink: /home/edisonwong/robot_ws/install/serial/share/serial/environment/ament_prefix_path.sh
[2.187s] -- Up-to-date symlink: /home/edisonwong/robot_ws/install/serial/share/serial/environment/ament_prefix_path.dsv
[2.190s] -- Up-to-date symlink: /home/edisonwong/robot_ws/install/serial/share/serial/environment/path.sh
[2.193s] -- Up-to-date symlink: /home/edisonwong/robot_ws/install/serial/share/serial/environment/path.dsv
[2.196s] -- Up-to-date symlink: /home/edisonwong/robot_ws/install/serial/share/serial/local_setup.bash
[2.198s] -- Up-to-date symlink: /home/edisonwong/robot_ws/install/serial/share/serial/local_setup.sh
[2.200s] -- Up-to-date symlink: /home/edisonwong/robot_ws/install/serial/share/serial/local_setup.zsh
[2.202s] -- Up-to-date symlink: /home/edisonwong/robot_ws/install/serial/share/serial/local_setup.dsv
[2.205s] -- Symlinking: /home/edisonwong/robot_ws/install/serial/share/serial/package.dsv
[2.248s] -- Up-to-date symlink: /home/edisonwong/robot_ws/install/serial/share/ament_index/resource_index/packages/serial
[2.253s] -- Up-to-date symlink: /home/edisonwong/robot_ws/install/serial/share/serial/cmake/ament_cmake_export_include_directories-extras.cmake
[2.258s] -- Up-to-date symlink: /home/edisonwong/robot_ws/install/serial/share/serial/cmake/ament_cmake_export_libraries-extras.cmake
[2.262s] -- Up-to-date symlink: /home/edisonwong/robot_ws/install/serial/share/serial/cmake/serialConfig.cmake
[2.265s] -- Up-to-date symlink: /home/edisonwong/robot_ws/install/serial/share/serial/cmake/serialConfig-version.cmake
[2.268s] -- Up-to-date symlink: /home/edisonwong/robot_ws/install/serial/share/serial/package.xml
[2.284s] Invoked command in '/home/edisonwong/robot_ws/build/serial' returned '0': CMAKE_PREFIX_PATH=${CMAKE_PREFIX_PATH}:/home/edisonwong/robot_ws/install/serial_motor_demo:/opt/ros/humble /usr/bin/cmake --install /home/edisonwong/robot_ws/build/serial
