[  5%] Built target gmock_main
[ 13%] Built target gmock
[ 29%] Built target hardware_interface
[35m[1mConsolidate compiler generated dependencies of target fake_components[0m
[ 35%] Built target test_macros
[ 40%] Built target test_joint_handle
[ 45%] Built target mock_components
[35m[1mConsolidate compiler generated dependencies of target test_component_interfaces[0m
[35m[1mConsolidate compiler generated dependencies of target test_component_parser[0m
[ 54%] Built target fake_components
[35m[1mConsolidate compiler generated dependencies of target test_components[0m
[35m[1mConsolidate compiler generated dependencies of target test_hardware_components[0m
[ 59%] Built target test_component_interfaces
[ 62%] [32mBuilding CXX object CMakeFiles/test_component_parser.dir/test/test_component_parser.cpp.o[0m
[ 72%] Built target test_components
[ 86%] Built target test_hardware_components
[ 89%] [32mBuilding CXX object CMakeFiles/test_resource_manager.dir/test/test_resource_manager.cpp.o[0m
[ 91%] [32mBuilding CXX object CMakeFiles/test_generic_system.dir/test/mock_components/test_generic_system.cpp.o[0m
[ 94%] [32m[1mLinking CXX executable test_generic_system[0m
[ 94%] Built target test_generic_system
