[0.209s] Invoking command in '/home/edisonwong/robot_ws/build/serial': CMAKE_PREFIX_PATH=${CMAKE_PREFIX_PATH}:/home/edisonwong/robot_ws/install/serial_motor_demo:/opt/ros/humble /usr/bin/cmake --build /home/edisonwong/robot_ws/build/serial -- -j4 -l4
[0.737s] [ 14%] Built target gtest
[0.797s] [ 28%] Built target gtest_main
[0.825s] [ 57%] Built target serial
[1.169s] [ 71%] Built target serial_example
[1.287s] [ 85%] Built target serial-test
[1.315s] [100%] Built target serial-test-timer
[1.645s] Invoked command in '/home/edisonwong/robot_ws/build/serial' returned '0': CMAKE_PREFIX_PATH=${CMAKE_PREFIX_PATH}:/home/edisonwong/robot_ws/install/serial_motor_demo:/opt/ros/humble /usr/bin/cmake --build /home/edisonwong/robot_ws/build/serial -- -j4 -l4
[2.153s] Invoking command in '/home/edisonwong/robot_ws/build/serial': CMAKE_PREFIX_PATH=${CMAKE_PREFIX_PATH}:/home/edisonwong/robot_ws/install/serial_motor_demo:/opt/ros/humble /usr/bin/cmake --install /home/edisonwong/robot_ws/build/serial
[2.178s] -- Install configuration: ""
[2.182s] -- Execute custom install script
[2.185s] -- Up-to-date symlink: /home/edisonwong/robot_ws/install/serial/lib/libserial.a
[2.188s] -- Up-to-date symlink: /home/edisonwong/robot_ws/install/serial/include/serial/serial.h
[2.191s] -- Up-to-date symlink: /home/edisonwong/robot_ws/install/serial/include/serial/v8stdint.h
[2.194s] -- Up-to-date symlink: /home/edisonwong/robot_ws/install/serial/share/serial/environment/library_path.sh
[2.196s] -- Up-to-date symlink: /home/edisonwong/robot_ws/install/serial/share/serial/environment/library_path.dsv
[2.199s] -- Up-to-date symlink: /home/edisonwong/robot_ws/install/serial/share/ament_index/resource_index/package_run_dependencies/serial
[2.202s] -- Up-to-date symlink: /home/edisonwong/robot_ws/install/serial/share/ament_index/resource_index/parent_prefix_path/serial
[2.205s] -- Up-to-date symlink: /home/edisonwong/robot_ws/install/serial/share/serial/environment/ament_prefix_path.sh
[2.208s] -- Up-to-date symlink: /home/edisonwong/robot_ws/install/serial/share/serial/environment/ament_prefix_path.dsv
[2.211s] -- Up-to-date symlink: /home/edisonwong/robot_ws/install/serial/share/serial/environment/path.sh
[2.221s] -- Up-to-date symlink: /home/edisonwong/robot_ws/install/serial/share/serial/environment/path.dsv
[2.223s] -- Up-to-date symlink: /home/edisonwong/robot_ws/install/serial/share/serial/local_setup.bash
[2.226s] -- Up-to-date symlink: /home/edisonwong/robot_ws/install/serial/share/serial/local_setup.sh
[2.229s] -- Up-to-date symlink: /home/edisonwong/robot_ws/install/serial/share/serial/local_setup.zsh
[2.230s] -- Up-to-date symlink: /home/edisonwong/robot_ws/install/serial/share/serial/local_setup.dsv
[2.232s] -- Symlinking: /home/edisonwong/robot_ws/install/serial/share/serial/package.dsv
[2.302s] -- Up-to-date symlink: /home/edisonwong/robot_ws/install/serial/share/ament_index/resource_index/packages/serial
[2.303s] -- Up-to-date symlink: /home/edisonwong/robot_ws/install/serial/share/serial/cmake/ament_cmake_export_include_directories-extras.cmake
[2.304s] -- Up-to-date symlink: /home/edisonwong/robot_ws/install/serial/share/serial/cmake/ament_cmake_export_libraries-extras.cmake
[2.304s] -- Up-to-date symlink: /home/edisonwong/robot_ws/install/serial/share/serial/cmake/serialConfig.cmake
[2.305s] -- Up-to-date symlink: /home/edisonwong/robot_ws/install/serial/share/serial/cmake/serialConfig-version.cmake
[2.306s] -- Up-to-date symlink: /home/edisonwong/robot_ws/install/serial/share/serial/package.xml
[2.364s] Invoked command in '/home/edisonwong/robot_ws/build/serial' returned '0': CMAKE_PREFIX_PATH=${CMAKE_PREFIX_PATH}:/home/edisonwong/robot_ws/install/serial_motor_demo:/opt/ros/humble /usr/bin/cmake --install /home/edisonwong/robot_ws/build/serial
