[0.150s] Invoking command in '/home/edisonwong/robot_ws/build/my_bot': CMAKE_PREFIX_PATH=${CMAKE_PREFIX_PATH}:/home/edisonwong/robot_ws/install/serial_motor_demo:/opt/ros/humble /usr/bin/cmake --build /home/edisonwong/robot_ws/build/my_bot -- -j4 -l4
[0.544s] Invoked command in '/home/edisonwong/robot_ws/build/my_bot' returned '0': CMAKE_PREFIX_PATH=${CMAKE_PREFIX_PATH}:/home/edisonwong/robot_ws/install/serial_motor_demo:/opt/ros/humble /usr/bin/cmake --build /home/edisonwong/robot_ws/build/my_bot -- -j4 -l4
[1.141s] Invoking command in '/home/edisonwong/robot_ws/build/my_bot': CMAKE_PREFIX_PATH=${CMAKE_PREFIX_PATH}:/home/edisonwong/robot_ws/install/serial_motor_demo:/opt/ros/humble /usr/bin/cmake --install /home/edisonwong/robot_ws/build/my_bot
[1.209s] -- Install configuration: ""
[1.213s] -- Execute custom install script
[1.217s] -- Up-to-date symlink: /home/edisonwong/robot_ws/install/my_bot/share/my_bot/config/box_filter.yaml
[1.219s] -- Up-to-date symlink: /home/edisonwong/robot_ws/install/my_bot/share/my_bot/config/drive_bot.rviz
[1.221s] -- Up-to-date symlink: /home/edisonwong/robot_ws/install/my_bot/share/my_bot/config/empty.yaml
[1.224s] -- Up-to-date symlink: /home/edisonwong/robot_ws/install/my_bot/share/my_bot/config/gazebo_params.yaml
[1.226s] -- Up-to-date symlink: /home/edisonwong/robot_ws/install/my_bot/share/my_bot/config/joystick.yaml
[1.229s] -- Up-to-date symlink: /home/edisonwong/robot_ws/install/my_bot/share/my_bot/config/mapper_params_online_async.yaml
[1.231s] -- Up-to-date symlink: /home/edisonwong/robot_ws/install/my_bot/share/my_bot/config/my_controllers.yaml
[1.233s] -- Up-to-date symlink: /home/edisonwong/robot_ws/install/my_bot/share/my_bot/config/twist_mux.yaml
[1.236s] -- Up-to-date symlink: /home/edisonwong/robot_ws/install/my_bot/share/my_bot/config/view_bot.rviz
[1.240s] -- Up-to-date symlink: /home/edisonwong/robot_ws/install/my_bot/share/my_bot/description/camera.xacro
[1.241s] -- Up-to-date symlink: /home/edisonwong/robot_ws/install/my_bot/share/my_bot/description/depth_camera.xacro
[1.242s] -- Up-to-date symlink: /home/edisonwong/robot_ws/install/my_bot/share/my_bot/description/gazebo_control.xacro
[1.243s] -- Up-to-date symlink: /home/edisonwong/robot_ws/install/my_bot/share/my_bot/description/inertial_macros.xacro
[1.244s] -- Up-to-date symlink: /home/edisonwong/robot_ws/install/my_bot/share/my_bot/description/lidar.xacro
[1.245s] -- Up-to-date symlink: /home/edisonwong/robot_ws/install/my_bot/share/my_bot/description/robot.urdf.xacro
[1.246s] -- Up-to-date symlink: /home/edisonwong/robot_ws/install/my_bot/share/my_bot/description/robot_core.xacro
[1.247s] -- Up-to-date symlink: /home/edisonwong/robot_ws/install/my_bot/share/my_bot/description/ros2_control.xacro
[1.249s] -- Up-to-date symlink: /home/edisonwong/robot_ws/install/my_bot/share/my_bot/launch/box_filter.launch.py
[1.250s] -- Up-to-date symlink: /home/edisonwong/robot_ws/install/my_bot/share/my_bot/launch/joystick.launch.py
[1.251s] -- Up-to-date symlink: /home/edisonwong/robot_ws/install/my_bot/share/my_bot/launch/launch_robot.launch.py
[1.254s] -- Up-to-date symlink: /home/edisonwong/robot_ws/install/my_bot/share/my_bot/launch/launch_sim.launch.py
[1.258s] -- Up-to-date symlink: /home/edisonwong/robot_ws/install/my_bot/share/my_bot/launch/rplidar.launch.py
[1.273s] -- Up-to-date symlink: /home/edisonwong/robot_ws/install/my_bot/share/my_bot/launch/rsp.launch.py
[1.274s] -- Up-to-date symlink: /home/edisonwong/robot_ws/install/my_bot/share/my_bot/worlds/empty.world
[1.274s] -- Up-to-date symlink: /home/edisonwong/robot_ws/install/my_bot/share/my_bot/worlds/kb5.world
[1.275s] -- Up-to-date symlink: /home/edisonwong/robot_ws/install/my_bot/share/my_bot/worlds/obstacles.world
[1.275s] -- Up-to-date symlink: /home/edisonwong/robot_ws/install/my_bot/share/ament_index/resource_index/package_run_dependencies/my_bot
[1.276s] -- Up-to-date symlink: /home/edisonwong/robot_ws/install/my_bot/share/ament_index/resource_index/parent_prefix_path/my_bot
[1.276s] -- Up-to-date symlink: /home/edisonwong/robot_ws/install/my_bot/share/my_bot/environment/ament_prefix_path.sh
[1.278s] -- Up-to-date symlink: /home/edisonwong/robot_ws/install/my_bot/share/my_bot/environment/ament_prefix_path.dsv
[1.278s] -- Up-to-date symlink: /home/edisonwong/robot_ws/install/my_bot/share/my_bot/environment/path.sh
[1.289s] -- Up-to-date symlink: /home/edisonwong/robot_ws/install/my_bot/share/my_bot/environment/path.dsv
[1.290s] -- Up-to-date symlink: /home/edisonwong/robot_ws/install/my_bot/share/my_bot/local_setup.bash
[1.290s] -- Up-to-date symlink: /home/edisonwong/robot_ws/install/my_bot/share/my_bot/local_setup.sh
[1.291s] -- Up-to-date symlink: /home/edisonwong/robot_ws/install/my_bot/share/my_bot/local_setup.zsh
[1.291s] -- Up-to-date symlink: /home/edisonwong/robot_ws/install/my_bot/share/my_bot/local_setup.dsv
[1.292s] -- Symlinking: /home/edisonwong/robot_ws/install/my_bot/share/my_bot/package.dsv
[1.326s] -- Up-to-date symlink: /home/edisonwong/robot_ws/install/my_bot/share/ament_index/resource_index/packages/my_bot
[1.328s] -- Up-to-date symlink: /home/edisonwong/robot_ws/install/my_bot/share/my_bot/cmake/my_botConfig.cmake
[1.330s] -- Up-to-date symlink: /home/edisonwong/robot_ws/install/my_bot/share/my_bot/cmake/my_botConfig-version.cmake
[1.331s] -- Up-to-date symlink: /home/edisonwong/robot_ws/install/my_bot/share/my_bot/package.xml
[1.349s] Invoked command in '/home/edisonwong/robot_ws/build/my_bot' returned '0': CMAKE_PREFIX_PATH=${CMAKE_PREFIX_PATH}:/home/edisonwong/robot_ws/install/serial_motor_demo:/opt/ros/humble /usr/bin/cmake --install /home/edisonwong/robot_ws/build/my_bot
