[0.076s] Invoking command in '/home/edisonwong/robot_ws/src/build/diffdrive_arduino': CMAKE_PREFIX_PATH=/home/edisonwong/robot_ws/src/install/serial:/home/edisonwong/robot_ws/src/install/serial_motor_demo_msgs:/home/edisonwong/robot_ws/src/install/diffdrive_arduino:/home/edisonwong/robot_ws/src/install/my_bot:/home/edisonwong/robot_ws/install/serial_motor_demo_msgs:/home/edisonwong/robot_ws/install/diffdrive_arduino:/home/edisonwong/robot_ws/install/serial:/home/edisonwong/robot_ws/install/my_bot:/home/edisonwong/robot_ws/src/install/serial_motor_demo:/home/edisonwong/robot_ws/install/serial_motor_demo:/opt/ros/humble /usr/bin/cmake --build /home/edisonwong/robot_ws/src/build/diffdrive_arduino -- -j4 -l4
[0.405s] [ 57%] Built target diffdrive_arduino
[0.408s] [100%] Built target fake_robot
[0.460s] Invoked command in '/home/edisonwong/robot_ws/src/build/diffdrive_arduino' returned '0': CMAKE_PREFIX_PATH=/home/edisonwong/robot_ws/src/install/serial:/home/edisonwong/robot_ws/src/install/serial_motor_demo_msgs:/home/edisonwong/robot_ws/src/install/diffdrive_arduino:/home/edisonwong/robot_ws/src/install/my_bot:/home/edisonwong/robot_ws/install/serial_motor_demo_msgs:/home/edisonwong/robot_ws/install/diffdrive_arduino:/home/edisonwong/robot_ws/install/serial:/home/edisonwong/robot_ws/install/my_bot:/home/edisonwong/robot_ws/src/install/serial_motor_demo:/home/edisonwong/robot_ws/install/serial_motor_demo:/opt/ros/humble /usr/bin/cmake --build /home/edisonwong/robot_ws/src/build/diffdrive_arduino -- -j4 -l4
[0.706s] Invoking command in '/home/edisonwong/robot_ws/src/build/diffdrive_arduino': CMAKE_PREFIX_PATH=/home/edisonwong/robot_ws/src/install/serial:/home/edisonwong/robot_ws/src/install/serial_motor_demo_msgs:/home/edisonwong/robot_ws/src/install/diffdrive_arduino:/home/edisonwong/robot_ws/src/install/my_bot:/home/edisonwong/robot_ws/install/serial_motor_demo_msgs:/home/edisonwong/robot_ws/install/diffdrive_arduino:/home/edisonwong/robot_ws/install/serial:/home/edisonwong/robot_ws/install/my_bot:/home/edisonwong/robot_ws/src/install/serial_motor_demo:/home/edisonwong/robot_ws/install/serial_motor_demo:/opt/ros/humble /usr/bin/cmake --install /home/edisonwong/robot_ws/src/build/diffdrive_arduino
[0.743s] -- Install configuration: ""
[0.745s] -- Execute custom install script
[0.746s] -- Up-to-date symlink: /home/edisonwong/robot_ws/src/install/diffdrive_arduino/share/diffdrive_arduino//robot_hardware.xml
[0.747s] -- Up-to-date symlink: /home/edisonwong/robot_ws/src/install/diffdrive_arduino/share/diffdrive_arduino//fake_robot_hardware.xml
[0.749s] -- Up-to-date symlink: /home/edisonwong/robot_ws/src/install/diffdrive_arduino/lib/libdiffdrive_arduino.so
[0.750s] -- Up-to-date symlink: /home/edisonwong/robot_ws/src/install/diffdrive_arduino/lib/libfake_robot.so
[0.753s] -- Up-to-date symlink: /home/edisonwong/robot_ws/src/install/diffdrive_arduino/share/diffdrive_arduino/controllers/robot_controller_example.yaml
[0.754s] -- Up-to-date symlink: /home/edisonwong/robot_ws/src/install/diffdrive_arduino/share/diffdrive_arduino/__pycache__/test_robot.launch.cpython-310.pyc
[0.755s] -- Up-to-date symlink: /home/edisonwong/robot_ws/src/install/diffdrive_arduino/share/diffdrive_arduino/fake_robot.launch.py
[0.756s] -- Up-to-date symlink: /home/edisonwong/robot_ws/src/install/diffdrive_arduino/share/diffdrive_arduino/test_robot.launch.py
[0.757s] -- Up-to-date symlink: /home/edisonwong/robot_ws/src/install/diffdrive_arduino/share/diffdrive_arduino/environment/library_path.sh
[0.758s] -- Up-to-date symlink: /home/edisonwong/robot_ws/src/install/diffdrive_arduino/share/diffdrive_arduino/environment/library_path.dsv
[0.760s] -- Up-to-date symlink: /home/edisonwong/robot_ws/src/install/diffdrive_arduino/share/ament_index/resource_index/package_run_dependencies/diffdrive_arduino
[0.761s] -- Up-to-date symlink: /home/edisonwong/robot_ws/src/install/diffdrive_arduino/share/ament_index/resource_index/parent_prefix_path/diffdrive_arduino
[0.762s] -- Up-to-date symlink: /home/edisonwong/robot_ws/src/install/diffdrive_arduino/share/diffdrive_arduino/environment/ament_prefix_path.sh
[0.764s] -- Up-to-date symlink: /home/edisonwong/robot_ws/src/install/diffdrive_arduino/share/diffdrive_arduino/environment/ament_prefix_path.dsv
[0.765s] -- Up-to-date symlink: /home/edisonwong/robot_ws/src/install/diffdrive_arduino/share/diffdrive_arduino/environment/path.sh
[0.766s] -- Up-to-date symlink: /home/edisonwong/robot_ws/src/install/diffdrive_arduino/share/diffdrive_arduino/environment/path.dsv
[0.767s] -- Up-to-date symlink: /home/edisonwong/robot_ws/src/install/diffdrive_arduino/share/diffdrive_arduino/local_setup.bash
[0.768s] -- Up-to-date symlink: /home/edisonwong/robot_ws/src/install/diffdrive_arduino/share/diffdrive_arduino/local_setup.sh
[0.769s] -- Up-to-date symlink: /home/edisonwong/robot_ws/src/install/diffdrive_arduino/share/diffdrive_arduino/local_setup.zsh
[0.770s] -- Up-to-date symlink: /home/edisonwong/robot_ws/src/install/diffdrive_arduino/share/diffdrive_arduino/local_setup.dsv
[0.771s] -- Symlinking: /home/edisonwong/robot_ws/src/install/diffdrive_arduino/share/diffdrive_arduino/package.dsv
[0.817s] -- Up-to-date symlink: /home/edisonwong/robot_ws/src/install/diffdrive_arduino/share/ament_index/resource_index/packages/diffdrive_arduino
[0.818s] -- Up-to-date symlink: /home/edisonwong/robot_ws/src/install/diffdrive_arduino/share/ament_index/resource_index/hardware_interface__pluginlib__plugin/diffdrive_arduino
[0.819s] -- Up-to-date symlink: /home/edisonwong/robot_ws/src/install/diffdrive_arduino/share/diffdrive_arduino/cmake/ament_cmake_export_libraries-extras.cmake
[0.821s] -- Up-to-date symlink: /home/edisonwong/robot_ws/src/install/diffdrive_arduino/share/diffdrive_arduino/cmake/ament_cmake_export_dependencies-extras.cmake
[0.822s] -- Up-to-date symlink: /home/edisonwong/robot_ws/src/install/diffdrive_arduino/share/diffdrive_arduino/cmake/diffdrive_arduinoConfig.cmake
[0.823s] -- Up-to-date symlink: /home/edisonwong/robot_ws/src/install/diffdrive_arduino/share/diffdrive_arduino/cmake/diffdrive_arduinoConfig-version.cmake
[0.824s] -- Up-to-date symlink: /home/edisonwong/robot_ws/src/install/diffdrive_arduino/share/diffdrive_arduino/package.xml
[0.841s] Invoked command in '/home/edisonwong/robot_ws/src/build/diffdrive_arduino' returned '0': CMAKE_PREFIX_PATH=/home/edisonwong/robot_ws/src/install/serial:/home/edisonwong/robot_ws/src/install/serial_motor_demo_msgs:/home/edisonwong/robot_ws/src/install/diffdrive_arduino:/home/edisonwong/robot_ws/src/install/my_bot:/home/edisonwong/robot_ws/install/serial_motor_demo_msgs:/home/edisonwong/robot_ws/install/diffdrive_arduino:/home/edisonwong/robot_ws/install/serial:/home/edisonwong/robot_ws/install/my_bot:/home/edisonwong/robot_ws/src/install/serial_motor_demo:/home/edisonwong/robot_ws/install/serial_motor_demo:/opt/ros/humble /usr/bin/cmake --install /home/edisonwong/robot_ws/src/build/diffdrive_arduino
