[0.080s] Invoking command in '/home/edisonwong/robot_ws/build/diffdrive_arduino': CMAKE_PREFIX_PATH=/home/edisonwong/robot_ws/install/serial:/home/edisonwong/robot_ws/install/serial_motor_demo_msgs:/home/edisonwong/robot_ws/install/diffdrive_arduino:/home/edisonwong/robot_ws/install/my_bot:/home/edisonwong/robot_ws/install/serial_motor_demo:/opt/ros/humble /usr/bin/cmake --build /home/edisonwong/robot_ws/build/diffdrive_arduino -- -j4 -l4
[0.626s] [ 57%] Built target diffdrive_arduino
[0.633s] [100%] Built target fake_robot
[0.685s] Invoked command in '/home/edisonwong/robot_ws/build/diffdrive_arduino' returned '0': CMAKE_PREFIX_PATH=/home/edisonwong/robot_ws/install/serial:/home/edisonwong/robot_ws/install/serial_motor_demo_msgs:/home/edisonwong/robot_ws/install/diffdrive_arduino:/home/edisonwong/robot_ws/install/my_bot:/home/edisonwong/robot_ws/install/serial_motor_demo:/opt/ros/humble /usr/bin/cmake --build /home/edisonwong/robot_ws/build/diffdrive_arduino -- -j4 -l4
[0.911s] Invoking command in '/home/edisonwong/robot_ws/build/diffdrive_arduino': CMAKE_PREFIX_PATH=/home/edisonwong/robot_ws/install/serial:/home/edisonwong/robot_ws/install/serial_motor_demo_msgs:/home/edisonwong/robot_ws/install/diffdrive_arduino:/home/edisonwong/robot_ws/install/my_bot:/home/edisonwong/robot_ws/install/serial_motor_demo:/opt/ros/humble /usr/bin/cmake --install /home/edisonwong/robot_ws/build/diffdrive_arduino
[0.949s] -- Install configuration: ""
[0.952s] -- Execute custom install script
[0.954s] -- Up-to-date symlink: /home/edisonwong/robot_ws/install/diffdrive_arduino/share/diffdrive_arduino//robot_hardware.xml
[0.955s] -- Up-to-date symlink: /home/edisonwong/robot_ws/install/diffdrive_arduino/share/diffdrive_arduino//fake_robot_hardware.xml
[0.958s] -- Up-to-date symlink: /home/edisonwong/robot_ws/install/diffdrive_arduino/lib/libdiffdrive_arduino.so
[0.960s] -- Up-to-date symlink: /home/edisonwong/robot_ws/install/diffdrive_arduino/lib/libfake_robot.so
[0.963s] -- Up-to-date symlink: /home/edisonwong/robot_ws/install/diffdrive_arduino/share/diffdrive_arduino/controllers/robot_controller_example.yaml
[0.967s] -- Up-to-date symlink: /home/edisonwong/robot_ws/install/diffdrive_arduino/share/diffdrive_arduino/__pycache__/test_robot.launch.cpython-310.pyc
[0.969s] -- Up-to-date symlink: /home/edisonwong/robot_ws/install/diffdrive_arduino/share/diffdrive_arduino/fake_robot.launch.py
[0.970s] -- Up-to-date symlink: /home/edisonwong/robot_ws/install/diffdrive_arduino/share/diffdrive_arduino/test_robot.launch.py
[0.974s] -- Up-to-date symlink: /home/edisonwong/robot_ws/install/diffdrive_arduino/share/diffdrive_arduino/environment/library_path.sh
[0.976s] -- Up-to-date symlink: /home/edisonwong/robot_ws/install/diffdrive_arduino/share/diffdrive_arduino/environment/library_path.dsv
[0.977s] -- Up-to-date symlink: /home/edisonwong/robot_ws/install/diffdrive_arduino/share/ament_index/resource_index/package_run_dependencies/diffdrive_arduino
[0.979s] -- Up-to-date symlink: /home/edisonwong/robot_ws/install/diffdrive_arduino/share/ament_index/resource_index/parent_prefix_path/diffdrive_arduino
[0.980s] -- Up-to-date symlink: /home/edisonwong/robot_ws/install/diffdrive_arduino/share/diffdrive_arduino/environment/ament_prefix_path.sh
[0.981s] -- Up-to-date symlink: /home/edisonwong/robot_ws/install/diffdrive_arduino/share/diffdrive_arduino/environment/ament_prefix_path.dsv
[0.983s] -- Up-to-date symlink: /home/edisonwong/robot_ws/install/diffdrive_arduino/share/diffdrive_arduino/environment/path.sh
[0.985s] -- Up-to-date symlink: /home/edisonwong/robot_ws/install/diffdrive_arduino/share/diffdrive_arduino/environment/path.dsv
[0.987s] -- Up-to-date symlink: /home/edisonwong/robot_ws/install/diffdrive_arduino/share/diffdrive_arduino/local_setup.bash
[0.989s] -- Up-to-date symlink: /home/edisonwong/robot_ws/install/diffdrive_arduino/share/diffdrive_arduino/local_setup.sh
[0.991s] -- Up-to-date symlink: /home/edisonwong/robot_ws/install/diffdrive_arduino/share/diffdrive_arduino/local_setup.zsh
[0.993s] -- Up-to-date symlink: /home/edisonwong/robot_ws/install/diffdrive_arduino/share/diffdrive_arduino/local_setup.dsv
[0.994s] -- Symlinking: /home/edisonwong/robot_ws/install/diffdrive_arduino/share/diffdrive_arduino/package.dsv
[1.036s] -- Up-to-date symlink: /home/edisonwong/robot_ws/install/diffdrive_arduino/share/ament_index/resource_index/packages/diffdrive_arduino
[1.036s] -- Up-to-date symlink: /home/edisonwong/robot_ws/install/diffdrive_arduino/share/ament_index/resource_index/hardware_interface__pluginlib__plugin/diffdrive_arduino
[1.040s] -- Up-to-date symlink: /home/edisonwong/robot_ws/install/diffdrive_arduino/share/diffdrive_arduino/cmake/ament_cmake_export_libraries-extras.cmake
[1.042s] -- Up-to-date symlink: /home/edisonwong/robot_ws/install/diffdrive_arduino/share/diffdrive_arduino/cmake/ament_cmake_export_dependencies-extras.cmake
[1.045s] -- Up-to-date symlink: /home/edisonwong/robot_ws/install/diffdrive_arduino/share/diffdrive_arduino/cmake/diffdrive_arduinoConfig.cmake
[1.046s] -- Up-to-date symlink: /home/edisonwong/robot_ws/install/diffdrive_arduino/share/diffdrive_arduino/cmake/diffdrive_arduinoConfig-version.cmake
[1.047s] -- Up-to-date symlink: /home/edisonwong/robot_ws/install/diffdrive_arduino/share/diffdrive_arduino/package.xml
[1.064s] Invoked command in '/home/edisonwong/robot_ws/build/diffdrive_arduino' returned '0': CMAKE_PREFIX_PATH=/home/edisonwong/robot_ws/install/serial:/home/edisonwong/robot_ws/install/serial_motor_demo_msgs:/home/edisonwong/robot_ws/install/diffdrive_arduino:/home/edisonwong/robot_ws/install/my_bot:/home/edisonwong/robot_ws/install/serial_motor_demo:/opt/ros/humble /usr/bin/cmake --install /home/edisonwong/robot_ws/build/diffdrive_arduino
