[0.120s] Invoking command in '/home/edisonwong/robot_ws/src/build/serial': CMAKE_PREFIX_PATH=${CMAKE_PREFIX_PATH}:/home/edisonwong/robot_ws/src/install/serial_motor_demo:/home/edisonwong/robot_ws/install/serial_motor_demo:/opt/ros/humble /usr/bin/cmake --build /home/edisonwong/robot_ws/src/build/serial -- -j4 -l4
[0.431s] [ 28%] Built target serial
[0.435s] [ 42%] Built target gtest_main
[0.457s] [ 57%] Built target gtest
[0.564s] [ 71%] Built target serial_example
[0.602s] [ 85%] Built target serial-test-timer
[0.609s] [100%] Built target serial-test
[0.687s] Invoked command in '/home/edisonwong/robot_ws/src/build/serial' returned '0': CMAKE_PREFIX_PATH=${CMAKE_PREFIX_PATH}:/home/edisonwong/robot_ws/src/install/serial_motor_demo:/home/edisonwong/robot_ws/install/serial_motor_demo:/opt/ros/humble /usr/bin/cmake --build /home/edisonwong/robot_ws/src/build/serial -- -j4 -l4
[0.941s] Invoking command in '/home/edisonwong/robot_ws/src/build/serial': CMAKE_PREFIX_PATH=${CMAKE_PREFIX_PATH}:/home/edisonwong/robot_ws/src/install/serial_motor_demo:/home/edisonwong/robot_ws/install/serial_motor_demo:/opt/ros/humble /usr/bin/cmake --install /home/edisonwong/robot_ws/src/build/serial
[0.980s] -- Install configuration: ""
[0.983s] -- Execute custom install script
[0.984s] -- Up-to-date symlink: /home/edisonwong/robot_ws/src/install/serial/lib/libserial.a
[0.985s] -- Up-to-date symlink: /home/edisonwong/robot_ws/src/install/serial/include/serial/serial.h
[0.987s] -- Up-to-date symlink: /home/edisonwong/robot_ws/src/install/serial/include/serial/v8stdint.h
[0.992s] -- Up-to-date symlink: /home/edisonwong/robot_ws/src/install/serial/share/serial/environment/library_path.sh
[1.001s] -- Up-to-date symlink: /home/edisonwong/robot_ws/src/install/serial/share/serial/environment/library_path.dsv
[1.002s] -- Up-to-date symlink: /home/edisonwong/robot_ws/src/install/serial/share/ament_index/resource_index/package_run_dependencies/serial
[1.004s] -- Up-to-date symlink: /home/edisonwong/robot_ws/src/install/serial/share/ament_index/resource_index/parent_prefix_path/serial
[1.004s] -- Up-to-date symlink: /home/edisonwong/robot_ws/src/install/serial/share/serial/environment/ament_prefix_path.sh
[1.006s] -- Up-to-date symlink: /home/edisonwong/robot_ws/src/install/serial/share/serial/environment/ament_prefix_path.dsv
[1.008s] -- Up-to-date symlink: /home/edisonwong/robot_ws/src/install/serial/share/serial/environment/path.sh
[1.008s] -- Up-to-date symlink: /home/edisonwong/robot_ws/src/install/serial/share/serial/environment/path.dsv
[1.009s] -- Up-to-date symlink: /home/edisonwong/robot_ws/src/install/serial/share/serial/local_setup.bash
[1.009s] -- Up-to-date symlink: /home/edisonwong/robot_ws/src/install/serial/share/serial/local_setup.sh
[1.009s] -- Up-to-date symlink: /home/edisonwong/robot_ws/src/install/serial/share/serial/local_setup.zsh
[1.010s] -- Up-to-date symlink: /home/edisonwong/robot_ws/src/install/serial/share/serial/local_setup.dsv
[1.010s] -- Symlinking: /home/edisonwong/robot_ws/src/install/serial/share/serial/package.dsv
[1.049s] -- Up-to-date symlink: /home/edisonwong/robot_ws/src/install/serial/share/ament_index/resource_index/packages/serial
[1.050s] -- Up-to-date symlink: /home/edisonwong/robot_ws/src/install/serial/share/serial/cmake/ament_cmake_export_include_directories-extras.cmake
[1.051s] -- Up-to-date symlink: /home/edisonwong/robot_ws/src/install/serial/share/serial/cmake/ament_cmake_export_libraries-extras.cmake
[1.052s] -- Up-to-date symlink: /home/edisonwong/robot_ws/src/install/serial/share/serial/cmake/serialConfig.cmake
[1.053s] -- Up-to-date symlink: /home/edisonwong/robot_ws/src/install/serial/share/serial/cmake/serialConfig-version.cmake
[1.055s] -- Up-to-date symlink: /home/edisonwong/robot_ws/src/install/serial/share/serial/package.xml
[1.072s] Invoked command in '/home/edisonwong/robot_ws/src/build/serial' returned '0': CMAKE_PREFIX_PATH=${CMAKE_PREFIX_PATH}:/home/edisonwong/robot_ws/src/install/serial_motor_demo:/home/edisonwong/robot_ws/install/serial_motor_demo:/opt/ros/humble /usr/bin/cmake --install /home/edisonwong/robot_ws/src/build/serial
