[8.818s] Invoking command in '/home/edisonwong/robot_ws/build/serial_motor_demo': AMENT_PREFIX_PATH=/home/edisonwong/robot_ws/install/serial_motor_demo_msgs:${AMENT_PREFIX_PATH} CMAKE_PREFIX_PATH=/home/edisonwong/robot_ws/install/serial_motor_demo_msgs LD_LIBRARY_PATH=/home/edisonwong/robot_ws/install/serial_motor_demo_msgs/lib:${LD_LIBRARY_PATH} PYTHONPATH=/home/edisonwong/robot_ws/build/serial_motor_demo/prefix_override:/home/edisonwong/robot_ws/install/serial_motor_demo/lib/python3.10/site-packages:/home/edisonwong/robot_ws/install/serial_motor_demo_msgs/local/lib/python3.10/dist-packages:${PYTHONPATH} /usr/bin/python3 setup.py develop --editable --build-directory /home/edisonwong/robot_ws/build/serial_motor_demo/build --no-deps install_data
[11.498s] /usr/lib/python3/dist-packages/setuptools/dist.py:723: UserWarning: Usage of dash-separated 'script-dir' will not be supported in future versions. Please use the underscore name 'script_dir' instead
[11.499s]   warnings.warn(
[11.698s] running develop
[11.707s] /usr/lib/python3/dist-packages/setuptools/command/easy_install.py:158: EasyInstallDeprecationWarning: easy_install command is deprecated. Use build and pip and other standards-based tools.
[11.708s]   warnings.warn(
[11.732s] /usr/lib/python3/dist-packages/setuptools/command/install.py:34: SetuptoolsDeprecationWarning: setup.py install is deprecated. Use build and pip and other standards-based tools.
[11.733s]   warnings.warn(
[12.572s] /usr/lib/python3/dist-packages/pkg_resources/__init__.py:116: PkgResourcesDeprecationWarning: 1.16.0-unknown is an invalid version and will not be supported in a future release
[12.572s]   warnings.warn(
[12.574s] /usr/lib/python3/dist-packages/pkg_resources/__init__.py:116: PkgResourcesDeprecationWarning: 1.1build1 is an invalid version and will not be supported in a future release
[12.575s]   warnings.warn(
[12.576s] /usr/lib/python3/dist-packages/pkg_resources/__init__.py:116: PkgResourcesDeprecationWarning: 0.1.43ubuntu1 is an invalid version and will not be supported in a future release
[12.577s]   warnings.warn(
[14.006s] running egg_info
[14.008s] writing serial_motor_demo.egg-info/PKG-INFO
[14.012s] writing dependency_links to serial_motor_demo.egg-info/dependency_links.txt
[14.015s] writing entry points to serial_motor_demo.egg-info/entry_points.txt
[14.017s] writing requirements to serial_motor_demo.egg-info/requires.txt
[14.019s] writing top-level names to serial_motor_demo.egg-info/top_level.txt
[14.088s] reading manifest file 'serial_motor_demo.egg-info/SOURCES.txt'
[14.258s] writing manifest file 'serial_motor_demo.egg-info/SOURCES.txt'
[14.277s] running build_ext
[14.278s] Creating /home/edisonwong/robot_ws/install/serial_motor_demo/lib/python3.10/site-packages/serial-motor-demo.egg-link (link to .)
[14.285s] Installing driver script to /home/edisonwong/robot_ws/install/serial_motor_demo/lib/serial_motor_demo
[14.293s] Installing gui script to /home/edisonwong/robot_ws/install/serial_motor_demo/lib/serial_motor_demo
[14.296s] 
[14.300s] Installed /home/edisonwong/robot_ws/build/serial_motor_demo
[14.304s] running install_data
[14.574s] Invoked command in '/home/edisonwong/robot_ws/build/serial_motor_demo' returned '0': AMENT_PREFIX_PATH=/home/edisonwong/robot_ws/install/serial_motor_demo_msgs:${AMENT_PREFIX_PATH} CMAKE_PREFIX_PATH=/home/edisonwong/robot_ws/install/serial_motor_demo_msgs LD_LIBRARY_PATH=/home/edisonwong/robot_ws/install/serial_motor_demo_msgs/lib:${LD_LIBRARY_PATH} PYTHONPATH=/home/edisonwong/robot_ws/build/serial_motor_demo/prefix_override:/home/edisonwong/robot_ws/install/serial_motor_demo/lib/python3.10/site-packages:/home/edisonwong/robot_ws/install/serial_motor_demo_msgs/local/lib/python3.10/dist-packages:${PYTHONPATH} /usr/bin/python3 setup.py develop --editable --build-directory /home/edisonwong/robot_ws/build/serial_motor_demo/build --no-deps install_data
