[1.700s] DEBUG:colcon:Command line arguments: ['/usr/bin/colcon', 'build', '--symlink-install']
[1.701s] DEBUG:colcon:Parsed command line arguments: Namespace(log_base=None, log_level=None, verb_name='build', build_base='build', install_base='install', merge_install=False, symlink_install=True, test_result_base=None, continue_on_error=False, executor='parallel', parallel_workers=4, event_handlers=None, ignore_user_meta=False, metas=['./colcon.meta'], base_paths=['.'], packages_ignore=None, packages_ignore_regex=None, paths=None, packages_up_to=None, packages_up_to_regex=None, packages_above=None, packages_above_and_dependencies=None, packages_above_depth=None, packages_select_by_dep=None, packages_skip_by_dep=None, packages_skip_up_to=None, packages_select_build_failed=False, packages_skip_build_finished=False, packages_select_test_failures=False, packages_skip_test_passed=False, packages_select=None, packages_skip=None, packages_select_regex=None, packages_skip_regex=None, packages_start=None, packages_end=None, allow_overriding=[], cmake_args=None, cmake_target=None, cmake_target_skip_unavailable=False, cmake_clean_cache=False, cmake_clean_first=False, cmake_force_configure=False, ament_cmake_args=None, catkin_cmake_args=None, catkin_skip_building_tests=False, verb_parser=<colcon_defaults.argument_parser.defaults.DefaultArgumentsDecorator object at 0xffffab66ca60>, verb_extension=<colcon_core.verb.build.BuildVerb object at 0xffffac07bca0>, main=<bound method BuildVerb.main of <colcon_core.verb.build.BuildVerb object at 0xffffac07bca0>>)
[1.842s] Level 1:colcon.colcon_core.package_discovery:discover_packages(colcon_meta) check parameters
[1.842s] Level 1:colcon.colcon_core.package_discovery:discover_packages(recursive) check parameters
[1.842s] Level 1:colcon.colcon_core.package_discovery:discover_packages(ignore) check parameters
[1.842s] Level 1:colcon.colcon_core.package_discovery:discover_packages(path) check parameters
[1.843s] Level 1:colcon.colcon_core.package_discovery:discover_packages(colcon_meta) discover
[1.843s] Level 1:colcon.colcon_core.package_discovery:discover_packages(recursive) discover
[1.843s] INFO:colcon.colcon_core.package_discovery:Crawling recursively for packages in '/home/edisonwong/robot_ws'
[1.844s] Level 1:colcon.colcon_core.package_identification:_identify(.) by extensions ['ignore', 'ignore_ament_install']
[1.844s] Level 1:colcon.colcon_core.package_identification:_identify(.) by extension 'ignore'
[1.844s] Level 1:colcon.colcon_core.package_identification:_identify(.) by extension 'ignore_ament_install'
[1.845s] Level 1:colcon.colcon_core.package_identification:_identify(.) by extensions ['colcon_pkg']
[1.845s] Level 1:colcon.colcon_core.package_identification:_identify(.) by extension 'colcon_pkg'
[1.845s] Level 1:colcon.colcon_core.package_identification:_identify(.) by extensions ['colcon_meta']
[1.845s] Level 1:colcon.colcon_core.package_identification:_identify(.) by extension 'colcon_meta'
[1.845s] Level 1:colcon.colcon_core.package_identification:_identify(.) by extensions ['ros']
[1.845s] Level 1:colcon.colcon_core.package_identification:_identify(.) by extension 'ros'
[1.900s] Level 1:colcon.colcon_core.package_identification:_identify(.) by extensions ['cmake', 'python']
[1.900s] Level 1:colcon.colcon_core.package_identification:_identify(.) by extension 'cmake'
[1.901s] Level 1:colcon.colcon_core.package_identification:_identify(.) by extension 'python'
[1.901s] Level 1:colcon.colcon_core.package_identification:_identify(.) by extensions ['python_setup_py']
[1.901s] Level 1:colcon.colcon_core.package_identification:_identify(.) by extension 'python_setup_py'
[1.902s] Level 1:colcon.colcon_core.package_identification:_identify(build) by extensions ['ignore', 'ignore_ament_install']
[1.902s] Level 1:colcon.colcon_core.package_identification:_identify(build) by extension 'ignore'
[1.903s] Level 1:colcon.colcon_core.package_identification:_identify(build) ignored
[1.904s] Level 1:colcon.colcon_core.package_identification:_identify(install) by extensions ['ignore', 'ignore_ament_install']
[1.904s] Level 1:colcon.colcon_core.package_identification:_identify(install) by extension 'ignore'
[1.905s] Level 1:colcon.colcon_core.package_identification:_identify(install) ignored
[1.906s] Level 1:colcon.colcon_core.package_identification:_identify(log) by extensions ['ignore', 'ignore_ament_install']
[1.907s] Level 1:colcon.colcon_core.package_identification:_identify(log) by extension 'ignore'
[1.907s] Level 1:colcon.colcon_core.package_identification:_identify(log) ignored
[1.908s] Level 1:colcon.colcon_core.package_identification:_identify(serial_motor_demo) by extensions ['ignore', 'ignore_ament_install']
[1.908s] Level 1:colcon.colcon_core.package_identification:_identify(serial_motor_demo) by extension 'ignore'
[1.908s] Level 1:colcon.colcon_core.package_identification:_identify(serial_motor_demo) by extension 'ignore_ament_install'
[1.909s] Level 1:colcon.colcon_core.package_identification:_identify(serial_motor_demo) by extensions ['colcon_pkg']
[1.909s] Level 1:colcon.colcon_core.package_identification:_identify(serial_motor_demo) by extension 'colcon_pkg'
[1.909s] Level 1:colcon.colcon_core.package_identification:_identify(serial_motor_demo) by extensions ['colcon_meta']
[1.909s] Level 1:colcon.colcon_core.package_identification:_identify(serial_motor_demo) by extension 'colcon_meta'
[1.910s] Level 1:colcon.colcon_core.package_identification:_identify(serial_motor_demo) by extensions ['ros']
[1.910s] Level 1:colcon.colcon_core.package_identification:_identify(serial_motor_demo) by extension 'ros'
[1.910s] Level 1:colcon.colcon_core.package_identification:_identify(serial_motor_demo) by extensions ['cmake', 'python']
[1.910s] Level 1:colcon.colcon_core.package_identification:_identify(serial_motor_demo) by extension 'cmake'
[1.911s] Level 1:colcon.colcon_core.package_identification:_identify(serial_motor_demo) by extension 'python'
[1.911s] Level 1:colcon.colcon_core.package_identification:_identify(serial_motor_demo) by extensions ['python_setup_py']
[1.911s] Level 1:colcon.colcon_core.package_identification:_identify(serial_motor_demo) by extension 'python_setup_py'
[1.912s] Level 1:colcon.colcon_core.package_identification:_identify(serial_motor_demo/serial_motor_demo) by extensions ['ignore', 'ignore_ament_install']
[1.912s] Level 1:colcon.colcon_core.package_identification:_identify(serial_motor_demo/serial_motor_demo) by extension 'ignore'
[1.913s] Level 1:colcon.colcon_core.package_identification:_identify(serial_motor_demo/serial_motor_demo) by extension 'ignore_ament_install'
[1.913s] Level 1:colcon.colcon_core.package_identification:_identify(serial_motor_demo/serial_motor_demo) by extensions ['colcon_pkg']
[1.913s] Level 1:colcon.colcon_core.package_identification:_identify(serial_motor_demo/serial_motor_demo) by extension 'colcon_pkg'
[1.913s] Level 1:colcon.colcon_core.package_identification:_identify(serial_motor_demo/serial_motor_demo) by extensions ['colcon_meta']
[1.913s] Level 1:colcon.colcon_core.package_identification:_identify(serial_motor_demo/serial_motor_demo) by extension 'colcon_meta'
[1.914s] Level 1:colcon.colcon_core.package_identification:_identify(serial_motor_demo/serial_motor_demo) by extensions ['ros']
[1.914s] Level 1:colcon.colcon_core.package_identification:_identify(serial_motor_demo/serial_motor_demo) by extension 'ros'
[1.925s] DEBUG:colcon.colcon_core.package_identification:Package 'serial_motor_demo/serial_motor_demo' with type 'ros.ament_python' and name 'serial_motor_demo'
[1.926s] Level 1:colcon.colcon_core.package_identification:_identify(serial_motor_demo/serial_motor_demo_msgs) by extensions ['ignore', 'ignore_ament_install']
[1.926s] Level 1:colcon.colcon_core.package_identification:_identify(serial_motor_demo/serial_motor_demo_msgs) by extension 'ignore'
[1.926s] Level 1:colcon.colcon_core.package_identification:_identify(serial_motor_demo/serial_motor_demo_msgs) by extension 'ignore_ament_install'
[1.927s] Level 1:colcon.colcon_core.package_identification:_identify(serial_motor_demo/serial_motor_demo_msgs) by extensions ['colcon_pkg']
[1.927s] Level 1:colcon.colcon_core.package_identification:_identify(serial_motor_demo/serial_motor_demo_msgs) by extension 'colcon_pkg'
[1.927s] Level 1:colcon.colcon_core.package_identification:_identify(serial_motor_demo/serial_motor_demo_msgs) by extensions ['colcon_meta']
[1.927s] Level 1:colcon.colcon_core.package_identification:_identify(serial_motor_demo/serial_motor_demo_msgs) by extension 'colcon_meta'
[1.928s] Level 1:colcon.colcon_core.package_identification:_identify(serial_motor_demo/serial_motor_demo_msgs) by extensions ['ros']
[1.928s] Level 1:colcon.colcon_core.package_identification:_identify(serial_motor_demo/serial_motor_demo_msgs) by extension 'ros'
[1.930s] DEBUG:colcon.colcon_core.package_identification:Package 'serial_motor_demo/serial_motor_demo_msgs' with type 'ros.ament_cmake' and name 'serial_motor_demo_msgs'
[1.931s] Level 1:colcon.colcon_core.package_identification:_identify(src) by extensions ['ignore', 'ignore_ament_install']
[1.931s] Level 1:colcon.colcon_core.package_identification:_identify(src) by extension 'ignore'
[1.932s] Level 1:colcon.colcon_core.package_identification:_identify(src) by extension 'ignore_ament_install'
[1.932s] Level 1:colcon.colcon_core.package_identification:_identify(src) by extensions ['colcon_pkg']
[1.932s] Level 1:colcon.colcon_core.package_identification:_identify(src) by extension 'colcon_pkg'
[1.933s] Level 1:colcon.colcon_core.package_identification:_identify(src) by extensions ['colcon_meta']
[1.933s] Level 1:colcon.colcon_core.package_identification:_identify(src) by extension 'colcon_meta'
[1.933s] Level 1:colcon.colcon_core.package_identification:_identify(src) by extensions ['ros']
[1.933s] Level 1:colcon.colcon_core.package_identification:_identify(src) by extension 'ros'
[1.934s] Level 1:colcon.colcon_core.package_identification:_identify(src) by extensions ['cmake', 'python']
[1.934s] Level 1:colcon.colcon_core.package_identification:_identify(src) by extension 'cmake'
[1.934s] Level 1:colcon.colcon_core.package_identification:_identify(src) by extension 'python'
[1.934s] Level 1:colcon.colcon_core.package_identification:_identify(src) by extensions ['python_setup_py']
[1.934s] Level 1:colcon.colcon_core.package_identification:_identify(src) by extension 'python_setup_py'
[1.935s] Level 1:colcon.colcon_core.package_identification:_identify(src/build) by extensions ['ignore', 'ignore_ament_install']
[1.936s] Level 1:colcon.colcon_core.package_identification:_identify(src/build) by extension 'ignore'
[1.936s] Level 1:colcon.colcon_core.package_identification:_identify(src/build) ignored
[1.936s] Level 1:colcon.colcon_core.package_identification:_identify(src/diffdrive_arduino) by extensions ['ignore', 'ignore_ament_install']
[1.937s] Level 1:colcon.colcon_core.package_identification:_identify(src/diffdrive_arduino) by extension 'ignore'
[1.937s] Level 1:colcon.colcon_core.package_identification:_identify(src/diffdrive_arduino) by extension 'ignore_ament_install'
[1.938s] Level 1:colcon.colcon_core.package_identification:_identify(src/diffdrive_arduino) by extensions ['colcon_pkg']
[1.938s] Level 1:colcon.colcon_core.package_identification:_identify(src/diffdrive_arduino) by extension 'colcon_pkg'
[1.938s] Level 1:colcon.colcon_core.package_identification:_identify(src/diffdrive_arduino) by extensions ['colcon_meta']
[1.938s] Level 1:colcon.colcon_core.package_identification:_identify(src/diffdrive_arduino) by extension 'colcon_meta'
[1.938s] Level 1:colcon.colcon_core.package_identification:_identify(src/diffdrive_arduino) by extensions ['ros']
[1.939s] Level 1:colcon.colcon_core.package_identification:_identify(src/diffdrive_arduino) by extension 'ros'
[1.943s] DEBUG:colcon.colcon_core.package_identification:Package 'src/diffdrive_arduino' with type 'ros.ament_cmake' and name 'diffdrive_arduino'
[1.944s] Level 1:colcon.colcon_core.package_identification:_identify(src/install) by extensions ['ignore', 'ignore_ament_install']
[1.945s] Level 1:colcon.colcon_core.package_identification:_identify(src/install) by extension 'ignore'
[1.945s] Level 1:colcon.colcon_core.package_identification:_identify(src/install) ignored
[1.946s] Level 1:colcon.colcon_core.package_identification:_identify(src/laser_filters) by extensions ['ignore', 'ignore_ament_install']
[1.946s] Level 1:colcon.colcon_core.package_identification:_identify(src/laser_filters) by extension 'ignore'
[1.947s] Level 1:colcon.colcon_core.package_identification:_identify(src/laser_filters) by extension 'ignore_ament_install'
[1.947s] Level 1:colcon.colcon_core.package_identification:_identify(src/laser_filters) by extensions ['colcon_pkg']
[1.947s] Level 1:colcon.colcon_core.package_identification:_identify(src/laser_filters) by extension 'colcon_pkg'
[1.947s] Level 1:colcon.colcon_core.package_identification:_identify(src/laser_filters) by extensions ['colcon_meta']
[1.948s] Level 1:colcon.colcon_core.package_identification:_identify(src/laser_filters) by extension 'colcon_meta'
[1.948s] Level 1:colcon.colcon_core.package_identification:_identify(src/laser_filters) by extensions ['ros']
[1.948s] Level 1:colcon.colcon_core.package_identification:_identify(src/laser_filters) by extension 'ros'
[1.954s] DEBUG:colcon.colcon_core.package_identification:Package 'src/laser_filters' with type 'ros.ament_cmake' and name 'laser_filters'
[1.955s] Level 1:colcon.colcon_core.package_identification:_identify(src/log) by extensions ['ignore', 'ignore_ament_install']
[1.956s] Level 1:colcon.colcon_core.package_identification:_identify(src/log) by extension 'ignore'
[1.956s] Level 1:colcon.colcon_core.package_identification:_identify(src/log) ignored
[1.957s] Level 1:colcon.colcon_core.package_identification:_identify(src/my_bot) by extensions ['ignore', 'ignore_ament_install']
[1.957s] Level 1:colcon.colcon_core.package_identification:_identify(src/my_bot) by extension 'ignore'
[1.957s] Level 1:colcon.colcon_core.package_identification:_identify(src/my_bot) by extension 'ignore_ament_install'
[1.958s] Level 1:colcon.colcon_core.package_identification:_identify(src/my_bot) by extensions ['colcon_pkg']
[1.958s] Level 1:colcon.colcon_core.package_identification:_identify(src/my_bot) by extension 'colcon_pkg'
[1.958s] Level 1:colcon.colcon_core.package_identification:_identify(src/my_bot) by extensions ['colcon_meta']
[1.958s] Level 1:colcon.colcon_core.package_identification:_identify(src/my_bot) by extension 'colcon_meta'
[1.959s] Level 1:colcon.colcon_core.package_identification:_identify(src/my_bot) by extensions ['ros']
[1.959s] Level 1:colcon.colcon_core.package_identification:_identify(src/my_bot) by extension 'ros'
[1.961s] DEBUG:colcon.colcon_core.package_identification:Package 'src/my_bot' with type 'ros.ament_cmake' and name 'my_bot'
[1.962s] Level 1:colcon.colcon_core.package_identification:_identify(src/serial) by extensions ['ignore', 'ignore_ament_install']
[1.962s] Level 1:colcon.colcon_core.package_identification:_identify(src/serial) by extension 'ignore'
[1.962s] Level 1:colcon.colcon_core.package_identification:_identify(src/serial) by extension 'ignore_ament_install'
[1.963s] Level 1:colcon.colcon_core.package_identification:_identify(src/serial) by extensions ['colcon_pkg']
[1.963s] Level 1:colcon.colcon_core.package_identification:_identify(src/serial) by extension 'colcon_pkg'
[1.963s] Level 1:colcon.colcon_core.package_identification:_identify(src/serial) by extensions ['colcon_meta']
[1.963s] Level 1:colcon.colcon_core.package_identification:_identify(src/serial) by extension 'colcon_meta'
[1.964s] Level 1:colcon.colcon_core.package_identification:_identify(src/serial) by extensions ['ros']
[1.964s] Level 1:colcon.colcon_core.package_identification:_identify(src/serial) by extension 'ros'
[1.966s] DEBUG:colcon.colcon_core.package_identification:Package 'src/serial' with type 'ros.ament_cmake' and name 'serial'
[1.967s] Level 1:colcon.colcon_core.package_discovery:discover_packages(recursive) using defaults
[1.967s] Level 1:colcon.colcon_core.package_discovery:discover_packages(ignore) discover
[1.967s] Level 1:colcon.colcon_core.package_discovery:discover_packages(ignore) using defaults
[1.967s] Level 1:colcon.colcon_core.package_discovery:discover_packages(path) discover
[1.968s] Level 1:colcon.colcon_core.package_discovery:discover_packages(path) using defaults
[2.083s] Level 1:colcon.colcon_core.package_discovery:discover_packages(prefix_path) check parameters
[2.084s] Level 1:colcon.colcon_core.package_discovery:discover_packages(prefix_path) discover
[2.100s] DEBUG:colcon.colcon_installed_package_information.package_discovery:Found 6 installed packages in /home/edisonwong/robot_ws/install
[2.115s] DEBUG:colcon.colcon_installed_package_information.package_discovery:Found 310 installed packages in /opt/ros/humble
[2.123s] Level 1:colcon.colcon_core.package_discovery:discover_packages(prefix_path) using defaults
[2.461s] Level 5:colcon.colcon_core.verb:set package 'laser_filters' build argument 'cmake_args' from command line to 'None'
[2.462s] Level 5:colcon.colcon_core.verb:set package 'laser_filters' build argument 'cmake_target' from command line to 'None'
[2.462s] Level 5:colcon.colcon_core.verb:set package 'laser_filters' build argument 'cmake_target_skip_unavailable' from command line to 'False'
[2.462s] Level 5:colcon.colcon_core.verb:set package 'laser_filters' build argument 'cmake_clean_cache' from command line to 'False'
[2.462s] Level 5:colcon.colcon_core.verb:set package 'laser_filters' build argument 'cmake_clean_first' from command line to 'False'
[2.462s] Level 5:colcon.colcon_core.verb:set package 'laser_filters' build argument 'cmake_force_configure' from command line to 'False'
[2.462s] Level 5:colcon.colcon_core.verb:set package 'laser_filters' build argument 'ament_cmake_args' from command line to 'None'
[2.463s] Level 5:colcon.colcon_core.verb:set package 'laser_filters' build argument 'catkin_cmake_args' from command line to 'None'
[2.463s] Level 5:colcon.colcon_core.verb:set package 'laser_filters' build argument 'catkin_skip_building_tests' from command line to 'False'
[2.463s] DEBUG:colcon.colcon_core.verb:Building package 'laser_filters' with the following arguments: {'ament_cmake_args': None, 'build_base': '/home/edisonwong/robot_ws/build/laser_filters', 'catkin_cmake_args': None, 'catkin_skip_building_tests': False, 'cmake_args': None, 'cmake_clean_cache': False, 'cmake_clean_first': False, 'cmake_force_configure': False, 'cmake_target': None, 'cmake_target_skip_unavailable': False, 'install_base': '/home/edisonwong/robot_ws/install/laser_filters', 'merge_install': False, 'path': '/home/edisonwong/robot_ws/src/laser_filters', 'symlink_install': True, 'test_result_base': None}
[2.468s] Level 5:colcon.colcon_core.verb:set package 'my_bot' build argument 'cmake_args' from command line to 'None'
[2.468s] Level 5:colcon.colcon_core.verb:set package 'my_bot' build argument 'cmake_target' from command line to 'None'
[2.468s] Level 5:colcon.colcon_core.verb:set package 'my_bot' build argument 'cmake_target_skip_unavailable' from command line to 'False'
[2.469s] Level 5:colcon.colcon_core.verb:set package 'my_bot' build argument 'cmake_clean_cache' from command line to 'False'
[2.469s] Level 5:colcon.colcon_core.verb:set package 'my_bot' build argument 'cmake_clean_first' from command line to 'False'
[2.469s] Level 5:colcon.colcon_core.verb:set package 'my_bot' build argument 'cmake_force_configure' from command line to 'False'
[2.469s] Level 5:colcon.colcon_core.verb:set package 'my_bot' build argument 'ament_cmake_args' from command line to 'None'
[2.469s] Level 5:colcon.colcon_core.verb:set package 'my_bot' build argument 'catkin_cmake_args' from command line to 'None'
[2.469s] Level 5:colcon.colcon_core.verb:set package 'my_bot' build argument 'catkin_skip_building_tests' from command line to 'False'
[2.469s] DEBUG:colcon.colcon_core.verb:Building package 'my_bot' with the following arguments: {'ament_cmake_args': None, 'build_base': '/home/edisonwong/robot_ws/build/my_bot', 'catkin_cmake_args': None, 'catkin_skip_building_tests': False, 'cmake_args': None, 'cmake_clean_cache': False, 'cmake_clean_first': False, 'cmake_force_configure': False, 'cmake_target': None, 'cmake_target_skip_unavailable': False, 'install_base': '/home/edisonwong/robot_ws/install/my_bot', 'merge_install': False, 'path': '/home/edisonwong/robot_ws/src/my_bot', 'symlink_install': True, 'test_result_base': None}
[2.474s] Level 5:colcon.colcon_core.verb:set package 'serial' build argument 'cmake_args' from command line to 'None'
[2.475s] Level 5:colcon.colcon_core.verb:set package 'serial' build argument 'cmake_target' from command line to 'None'
[2.475s] Level 5:colcon.colcon_core.verb:set package 'serial' build argument 'cmake_target_skip_unavailable' from command line to 'False'
[2.475s] Level 5:colcon.colcon_core.verb:set package 'serial' build argument 'cmake_clean_cache' from command line to 'False'
[2.475s] Level 5:colcon.colcon_core.verb:set package 'serial' build argument 'cmake_clean_first' from command line to 'False'
[2.475s] Level 5:colcon.colcon_core.verb:set package 'serial' build argument 'cmake_force_configure' from command line to 'False'
[2.475s] Level 5:colcon.colcon_core.verb:set package 'serial' build argument 'ament_cmake_args' from command line to 'None'
[2.476s] Level 5:colcon.colcon_core.verb:set package 'serial' build argument 'catkin_cmake_args' from command line to 'None'
[2.476s] Level 5:colcon.colcon_core.verb:set package 'serial' build argument 'catkin_skip_building_tests' from command line to 'False'
[2.476s] DEBUG:colcon.colcon_core.verb:Building package 'serial' with the following arguments: {'ament_cmake_args': None, 'build_base': '/home/edisonwong/robot_ws/build/serial', 'catkin_cmake_args': None, 'catkin_skip_building_tests': False, 'cmake_args': None, 'cmake_clean_cache': False, 'cmake_clean_first': False, 'cmake_force_configure': False, 'cmake_target': None, 'cmake_target_skip_unavailable': False, 'install_base': '/home/edisonwong/robot_ws/install/serial', 'merge_install': False, 'path': '/home/edisonwong/robot_ws/src/serial', 'symlink_install': True, 'test_result_base': None}
[2.481s] Level 5:colcon.colcon_core.verb:set package 'serial_motor_demo_msgs' build argument 'cmake_args' from command line to 'None'
[2.481s] Level 5:colcon.colcon_core.verb:set package 'serial_motor_demo_msgs' build argument 'cmake_target' from command line to 'None'
[2.481s] Level 5:colcon.colcon_core.verb:set package 'serial_motor_demo_msgs' build argument 'cmake_target_skip_unavailable' from command line to 'False'
[2.482s] Level 5:colcon.colcon_core.verb:set package 'serial_motor_demo_msgs' build argument 'cmake_clean_cache' from command line to 'False'
[2.482s] Level 5:colcon.colcon_core.verb:set package 'serial_motor_demo_msgs' build argument 'cmake_clean_first' from command line to 'False'
[2.482s] Level 5:colcon.colcon_core.verb:set package 'serial_motor_demo_msgs' build argument 'cmake_force_configure' from command line to 'False'
[2.482s] Level 5:colcon.colcon_core.verb:set package 'serial_motor_demo_msgs' build argument 'ament_cmake_args' from command line to 'None'
[2.482s] Level 5:colcon.colcon_core.verb:set package 'serial_motor_demo_msgs' build argument 'catkin_cmake_args' from command line to 'None'
[2.482s] Level 5:colcon.colcon_core.verb:set package 'serial_motor_demo_msgs' build argument 'catkin_skip_building_tests' from command line to 'False'
[2.482s] DEBUG:colcon.colcon_core.verb:Building package 'serial_motor_demo_msgs' with the following arguments: {'ament_cmake_args': None, 'build_base': '/home/edisonwong/robot_ws/build/serial_motor_demo_msgs', 'catkin_cmake_args': None, 'catkin_skip_building_tests': False, 'cmake_args': None, 'cmake_clean_cache': False, 'cmake_clean_first': False, 'cmake_force_configure': False, 'cmake_target': None, 'cmake_target_skip_unavailable': False, 'install_base': '/home/edisonwong/robot_ws/install/serial_motor_demo_msgs', 'merge_install': False, 'path': '/home/edisonwong/robot_ws/serial_motor_demo/serial_motor_demo_msgs', 'symlink_install': True, 'test_result_base': None}
[2.487s] Level 5:colcon.colcon_core.verb:set package 'diffdrive_arduino' build argument 'cmake_args' from command line to 'None'
[2.488s] Level 5:colcon.colcon_core.verb:set package 'diffdrive_arduino' build argument 'cmake_target' from command line to 'None'
[2.488s] Level 5:colcon.colcon_core.verb:set package 'diffdrive_arduino' build argument 'cmake_target_skip_unavailable' from command line to 'False'
[2.488s] Level 5:colcon.colcon_core.verb:set package 'diffdrive_arduino' build argument 'cmake_clean_cache' from command line to 'False'
[2.488s] Level 5:colcon.colcon_core.verb:set package 'diffdrive_arduino' build argument 'cmake_clean_first' from command line to 'False'
[2.488s] Level 5:colcon.colcon_core.verb:set package 'diffdrive_arduino' build argument 'cmake_force_configure' from command line to 'False'
[2.489s] Level 5:colcon.colcon_core.verb:set package 'diffdrive_arduino' build argument 'ament_cmake_args' from command line to 'None'
[2.489s] Level 5:colcon.colcon_core.verb:set package 'diffdrive_arduino' build argument 'catkin_cmake_args' from command line to 'None'
[2.489s] Level 5:colcon.colcon_core.verb:set package 'diffdrive_arduino' build argument 'catkin_skip_building_tests' from command line to 'False'
[2.489s] DEBUG:colcon.colcon_core.verb:Building package 'diffdrive_arduino' with the following arguments: {'ament_cmake_args': None, 'build_base': '/home/edisonwong/robot_ws/build/diffdrive_arduino', 'catkin_cmake_args': None, 'catkin_skip_building_tests': False, 'cmake_args': None, 'cmake_clean_cache': False, 'cmake_clean_first': False, 'cmake_force_configure': False, 'cmake_target': None, 'cmake_target_skip_unavailable': False, 'install_base': '/home/edisonwong/robot_ws/install/diffdrive_arduino', 'merge_install': False, 'path': '/home/edisonwong/robot_ws/src/diffdrive_arduino', 'symlink_install': True, 'test_result_base': None}
[2.494s] Level 5:colcon.colcon_core.verb:set package 'serial_motor_demo' build argument 'cmake_args' from command line to 'None'
[2.494s] Level 5:colcon.colcon_core.verb:set package 'serial_motor_demo' build argument 'cmake_target' from command line to 'None'
[2.495s] Level 5:colcon.colcon_core.verb:set package 'serial_motor_demo' build argument 'cmake_target_skip_unavailable' from command line to 'False'
[2.495s] Level 5:colcon.colcon_core.verb:set package 'serial_motor_demo' build argument 'cmake_clean_cache' from command line to 'False'
[2.495s] Level 5:colcon.colcon_core.verb:set package 'serial_motor_demo' build argument 'cmake_clean_first' from command line to 'False'
[2.495s] Level 5:colcon.colcon_core.verb:set package 'serial_motor_demo' build argument 'cmake_force_configure' from command line to 'False'
[2.495s] Level 5:colcon.colcon_core.verb:set package 'serial_motor_demo' build argument 'ament_cmake_args' from command line to 'None'
[2.495s] Level 5:colcon.colcon_core.verb:set package 'serial_motor_demo' build argument 'catkin_cmake_args' from command line to 'None'
[2.495s] Level 5:colcon.colcon_core.verb:set package 'serial_motor_demo' build argument 'catkin_skip_building_tests' from command line to 'False'
[2.496s] DEBUG:colcon.colcon_core.verb:Building package 'serial_motor_demo' with the following arguments: {'ament_cmake_args': None, 'build_base': '/home/edisonwong/robot_ws/build/serial_motor_demo', 'catkin_cmake_args': None, 'catkin_skip_building_tests': False, 'cmake_args': None, 'cmake_clean_cache': False, 'cmake_clean_first': False, 'cmake_force_configure': False, 'cmake_target': None, 'cmake_target_skip_unavailable': False, 'install_base': '/home/edisonwong/robot_ws/install/serial_motor_demo', 'merge_install': False, 'path': '/home/edisonwong/robot_ws/serial_motor_demo/serial_motor_demo', 'symlink_install': True, 'test_result_base': None}
[2.499s] INFO:colcon.colcon_core.executor:Executing jobs using 'parallel' executor
[2.515s] DEBUG:colcon.colcon_parallel_executor.executor.parallel:run_until_complete
[2.517s] INFO:colcon.colcon_ros.task.ament_cmake.build:Building ROS package in '/home/edisonwong/robot_ws/src/serial' with build type 'ament_cmake'
[2.518s] INFO:colcon.colcon_cmake.task.cmake.build:Building CMake package in '/home/edisonwong/robot_ws/src/serial'
[2.540s] INFO:colcon.colcon_core.plugin_system:Skipping extension 'colcon_core.shell.bat': Not used on non-Windows systems
[2.541s] INFO:colcon.colcon_core.shell:Skip shell extension 'powershell' for command environment: Not usable outside of PowerShell
[2.542s] DEBUG:colcon.colcon_core.shell:Skip shell extension 'dsv' for command environment
[2.574s] INFO:colcon.colcon_ros.task.ament_cmake.build:Building ROS package in '/home/edisonwong/robot_ws/serial_motor_demo/serial_motor_demo_msgs' with build type 'ament_cmake'
[2.575s] INFO:colcon.colcon_cmake.task.cmake.build:Building CMake package in '/home/edisonwong/robot_ws/serial_motor_demo/serial_motor_demo_msgs'
[2.583s] INFO:colcon.colcon_core.shell:Skip shell extension 'powershell' for command environment: Not usable outside of PowerShell
[2.588s] DEBUG:colcon.colcon_core.shell:Skip shell extension 'dsv' for command environment
[2.619s] INFO:colcon.colcon_ros.task.ament_cmake.build:Building ROS package in '/home/edisonwong/robot_ws/src/laser_filters' with build type 'ament_cmake'
[2.620s] INFO:colcon.colcon_cmake.task.cmake.build:Building CMake package in '/home/edisonwong/robot_ws/src/laser_filters'
[2.627s] INFO:colcon.colcon_core.shell:Skip shell extension 'powershell' for command environment: Not usable outside of PowerShell
[2.627s] DEBUG:colcon.colcon_core.shell:Skip shell extension 'dsv' for command environment
[2.657s] INFO:colcon.colcon_ros.task.ament_cmake.build:Building ROS package in '/home/edisonwong/robot_ws/src/my_bot' with build type 'ament_cmake'
[2.658s] INFO:colcon.colcon_cmake.task.cmake.build:Building CMake package in '/home/edisonwong/robot_ws/src/my_bot'
[2.665s] INFO:colcon.colcon_core.shell:Skip shell extension 'powershell' for command environment: Not usable outside of PowerShell
[2.665s] DEBUG:colcon.colcon_core.shell:Skip shell extension 'dsv' for command environment
[2.731s] DEBUG:colcon.colcon_core.event_handler.log_command:Invoking command in '/home/edisonwong/robot_ws/build/serial': CMAKE_PREFIX_PATH=${CMAKE_PREFIX_PATH}:/home/edisonwong/robot_ws/install/serial_motor_demo:/opt/ros/humble /usr/bin/cmake --build /home/edisonwong/robot_ws/build/serial -- -j4 -l4
[2.748s] DEBUG:colcon.colcon_core.event_handler.log_command:Invoking command in '/home/edisonwong/robot_ws/build/serial_motor_demo_msgs': CMAKE_PREFIX_PATH=${CMAKE_PREFIX_PATH}:/home/edisonwong/robot_ws/install/serial_motor_demo:/opt/ros/humble /usr/bin/cmake --build /home/edisonwong/robot_ws/build/serial_motor_demo_msgs -- -j4 -l4
[2.778s] DEBUG:colcon.colcon_core.event_handler.log_command:Invoking command in '/home/edisonwong/robot_ws/build/laser_filters': CMAKE_PREFIX_PATH=${CMAKE_PREFIX_PATH}:/home/edisonwong/robot_ws/install/serial_motor_demo:/opt/ros/humble /usr/bin/cmake --build /home/edisonwong/robot_ws/build/laser_filters -- -j4 -l4
[2.814s] DEBUG:colcon.colcon_core.event_handler.log_command:Invoking command in '/home/edisonwong/robot_ws/build/my_bot': CMAKE_PREFIX_PATH=${CMAKE_PREFIX_PATH}:/home/edisonwong/robot_ws/install/serial_motor_demo:/opt/ros/humble /usr/bin/cmake --build /home/edisonwong/robot_ws/build/my_bot -- -j4 -l4
[3.172s] DEBUG:colcon.colcon_core.event_handler.log_command:Invoked command in '/home/edisonwong/robot_ws/build/my_bot' returned '0': CMAKE_PREFIX_PATH=${CMAKE_PREFIX_PATH}:/home/edisonwong/robot_ws/install/serial_motor_demo:/opt/ros/humble /usr/bin/cmake --build /home/edisonwong/robot_ws/build/my_bot -- -j4 -l4
[3.913s] DEBUG:colcon.colcon_core.event_handler.log_command:Invoking command in '/home/edisonwong/robot_ws/build/my_bot': CMAKE_PREFIX_PATH=${CMAKE_PREFIX_PATH}:/home/edisonwong/robot_ws/install/serial_motor_demo:/opt/ros/humble /usr/bin/cmake --install /home/edisonwong/robot_ws/build/my_bot
[3.961s] DEBUG:colcon.colcon_core.event_handler.log_command:Invoked command in '/home/edisonwong/robot_ws/build/serial' returned '0': CMAKE_PREFIX_PATH=${CMAKE_PREFIX_PATH}:/home/edisonwong/robot_ws/install/serial_motor_demo:/opt/ros/humble /usr/bin/cmake --build /home/edisonwong/robot_ws/build/serial -- -j4 -l4
[4.139s] DEBUG:colcon.colcon_core.event_handler.log_command:Invoked command in '/home/edisonwong/robot_ws/build/laser_filters' returned '0': CMAKE_PREFIX_PATH=${CMAKE_PREFIX_PATH}:/home/edisonwong/robot_ws/install/serial_motor_demo:/opt/ros/humble /usr/bin/cmake --build /home/edisonwong/robot_ws/build/laser_filters -- -j4 -l4
[4.261s] Level 1:colcon.colcon_core.environment:create_environment_scripts_only(my_bot)
[4.263s] DEBUG:colcon.colcon_core.event_handler.log_command:Invoked command in '/home/edisonwong/robot_ws/build/my_bot' returned '0': CMAKE_PREFIX_PATH=${CMAKE_PREFIX_PATH}:/home/edisonwong/robot_ws/install/serial_motor_demo:/opt/ros/humble /usr/bin/cmake --install /home/edisonwong/robot_ws/build/my_bot
[4.300s] Level 1:colcon.colcon_core.environment:checking '/home/edisonwong/robot_ws/install/my_bot' for CMake module files
[4.304s] Level 1:colcon.colcon_core.environment:checking '/home/edisonwong/robot_ws/install/my_bot' for CMake config files
[4.309s] Level 1:colcon.colcon_core.shell:create_environment_hook('my_bot', 'cmake_prefix_path')
[4.323s] INFO:colcon.colcon_core.shell:Creating environment hook '/home/edisonwong/robot_ws/install/my_bot/share/my_bot/hook/cmake_prefix_path.ps1'
[4.329s] INFO:colcon.colcon_core.shell:Creating environment descriptor '/home/edisonwong/robot_ws/install/my_bot/share/my_bot/hook/cmake_prefix_path.dsv'
[4.333s] INFO:colcon.colcon_core.shell:Creating environment hook '/home/edisonwong/robot_ws/install/my_bot/share/my_bot/hook/cmake_prefix_path.sh'
[4.339s] Level 1:colcon.colcon_core.environment:checking '/home/edisonwong/robot_ws/install/my_bot/bin'
[4.340s] Level 1:colcon.colcon_core.environment:checking '/home/edisonwong/robot_ws/install/my_bot/lib/pkgconfig/my_bot.pc'
[4.342s] Level 1:colcon.colcon_core.environment:checking '/home/edisonwong/robot_ws/install/my_bot/lib/python3.10/site-packages'
[4.345s] Level 1:colcon.colcon_core.environment:checking '/home/edisonwong/robot_ws/install/my_bot/bin'
[4.354s] INFO:colcon.colcon_core.shell:Creating package script '/home/edisonwong/robot_ws/install/my_bot/share/my_bot/package.ps1'
[4.366s] INFO:colcon.colcon_core.shell:Creating package descriptor '/home/edisonwong/robot_ws/install/my_bot/share/my_bot/package.dsv'
[4.373s] INFO:colcon.colcon_core.shell:Creating package script '/home/edisonwong/robot_ws/install/my_bot/share/my_bot/package.sh'
[4.380s] INFO:colcon.colcon_core.shell:Creating package script '/home/edisonwong/robot_ws/install/my_bot/share/my_bot/package.bash'
[4.412s] INFO:colcon.colcon_core.shell:Creating package script '/home/edisonwong/robot_ws/install/my_bot/share/my_bot/package.zsh'
[4.417s] Level 1:colcon.colcon_core.environment:create_file_with_runtime_dependencies(/home/edisonwong/robot_ws/install/my_bot/share/colcon-core/packages/my_bot)
[4.622s] DEBUG:colcon.colcon_core.event_handler.log_command:Invoking command in '/home/edisonwong/robot_ws/build/serial': CMAKE_PREFIX_PATH=${CMAKE_PREFIX_PATH}:/home/edisonwong/robot_ws/install/serial_motor_demo:/opt/ros/humble /usr/bin/cmake --install /home/edisonwong/robot_ws/build/serial
[4.709s] Level 1:colcon.colcon_core.environment:create_environment_scripts_only(my_bot)
[4.727s] Level 1:colcon.colcon_core.environment:checking '/home/edisonwong/robot_ws/install/my_bot' for CMake module files
[4.733s] Level 1:colcon.colcon_core.environment:checking '/home/edisonwong/robot_ws/install/my_bot' for CMake config files
[4.749s] Level 1:colcon.colcon_core.shell:create_environment_hook('my_bot', 'cmake_prefix_path')
[4.770s] INFO:colcon.colcon_core.shell:Creating environment hook '/home/edisonwong/robot_ws/install/my_bot/share/my_bot/hook/cmake_prefix_path.ps1'
[4.776s] INFO:colcon.colcon_core.shell:Creating environment descriptor '/home/edisonwong/robot_ws/install/my_bot/share/my_bot/hook/cmake_prefix_path.dsv'
[4.781s] INFO:colcon.colcon_core.shell:Creating environment hook '/home/edisonwong/robot_ws/install/my_bot/share/my_bot/hook/cmake_prefix_path.sh'
[4.789s] Level 1:colcon.colcon_core.environment:checking '/home/edisonwong/robot_ws/install/my_bot/bin'
[4.789s] Level 1:colcon.colcon_core.environment:checking '/home/edisonwong/robot_ws/install/my_bot/lib/pkgconfig/my_bot.pc'
[4.791s] Level 1:colcon.colcon_core.environment:checking '/home/edisonwong/robot_ws/install/my_bot/lib/python3.10/site-packages'
[4.794s] Level 1:colcon.colcon_core.environment:checking '/home/edisonwong/robot_ws/install/my_bot/bin'
[4.803s] INFO:colcon.colcon_core.shell:Creating package script '/home/edisonwong/robot_ws/install/my_bot/share/my_bot/package.ps1'
[4.807s] INFO:colcon.colcon_core.shell:Creating package descriptor '/home/edisonwong/robot_ws/install/my_bot/share/my_bot/package.dsv'
[4.810s] INFO:colcon.colcon_core.shell:Creating package script '/home/edisonwong/robot_ws/install/my_bot/share/my_bot/package.sh'
[4.813s] INFO:colcon.colcon_core.shell:Creating package script '/home/edisonwong/robot_ws/install/my_bot/share/my_bot/package.bash'
[4.815s] INFO:colcon.colcon_core.shell:Creating package script '/home/edisonwong/robot_ws/install/my_bot/share/my_bot/package.zsh'
[4.817s] Level 1:colcon.colcon_core.environment:create_file_with_runtime_dependencies(/home/edisonwong/robot_ws/install/my_bot/share/colcon-core/packages/my_bot)
[4.823s] Level 1:colcon.colcon_core.environment:create_environment_scripts_only(serial)
[4.830s] DEBUG:colcon.colcon_core.event_handler.log_command:Invoked command in '/home/edisonwong/robot_ws/build/serial' returned '0': CMAKE_PREFIX_PATH=${CMAKE_PREFIX_PATH}:/home/edisonwong/robot_ws/install/serial_motor_demo:/opt/ros/humble /usr/bin/cmake --install /home/edisonwong/robot_ws/build/serial
[4.838s] Level 1:colcon.colcon_core.environment:checking '/home/edisonwong/robot_ws/install/serial' for CMake module files
[4.841s] Level 1:colcon.colcon_core.environment:checking '/home/edisonwong/robot_ws/install/serial' for CMake config files
[4.844s] Level 1:colcon.colcon_core.shell:create_environment_hook('serial', 'cmake_prefix_path')
[4.852s] INFO:colcon.colcon_core.shell:Creating environment hook '/home/edisonwong/robot_ws/install/serial/share/serial/hook/cmake_prefix_path.ps1'
[4.854s] INFO:colcon.colcon_core.shell:Creating environment descriptor '/home/edisonwong/robot_ws/install/serial/share/serial/hook/cmake_prefix_path.dsv'
[4.857s] INFO:colcon.colcon_core.shell:Creating environment hook '/home/edisonwong/robot_ws/install/serial/share/serial/hook/cmake_prefix_path.sh'
[4.860s] Level 1:colcon.colcon_core.environment:checking '/home/edisonwong/robot_ws/install/serial/lib'
[4.861s] Level 1:colcon.colcon_core.environment:checking '/home/edisonwong/robot_ws/install/serial/bin'
[4.861s] Level 1:colcon.colcon_core.environment:checking '/home/edisonwong/robot_ws/install/serial/lib/pkgconfig/serial.pc'
[4.863s] Level 1:colcon.colcon_core.environment:checking '/home/edisonwong/robot_ws/install/serial/lib/python3.10/site-packages'
[4.864s] Level 1:colcon.colcon_core.environment:checking '/home/edisonwong/robot_ws/install/serial/bin'
[4.871s] INFO:colcon.colcon_core.shell:Creating package script '/home/edisonwong/robot_ws/install/serial/share/serial/package.ps1'
[4.874s] INFO:colcon.colcon_core.shell:Creating package descriptor '/home/edisonwong/robot_ws/install/serial/share/serial/package.dsv'
[4.876s] INFO:colcon.colcon_core.shell:Creating package script '/home/edisonwong/robot_ws/install/serial/share/serial/package.sh'
[4.879s] INFO:colcon.colcon_core.shell:Creating package script '/home/edisonwong/robot_ws/install/serial/share/serial/package.bash'
[4.881s] INFO:colcon.colcon_core.shell:Creating package script '/home/edisonwong/robot_ws/install/serial/share/serial/package.zsh'
[4.883s] Level 1:colcon.colcon_core.environment:create_file_with_runtime_dependencies(/home/edisonwong/robot_ws/install/serial/share/colcon-core/packages/serial)
[4.897s] DEBUG:colcon.colcon_core.event_handler.log_command:Invoking command in '/home/edisonwong/robot_ws/build/laser_filters': CMAKE_PREFIX_PATH=${CMAKE_PREFIX_PATH}:/home/edisonwong/robot_ws/install/serial_motor_demo:/opt/ros/humble /usr/bin/cmake --install /home/edisonwong/robot_ws/build/laser_filters
[5.078s] Level 1:colcon.colcon_core.environment:create_environment_scripts_only(laser_filters)
[5.095s] Level 1:colcon.colcon_core.environment:checking '/home/edisonwong/robot_ws/install/laser_filters' for CMake module files
[5.081s] DEBUG:colcon.colcon_core.event_handler.log_command:Invoked command in '/home/edisonwong/robot_ws/build/laser_filters' returned '0': CMAKE_PREFIX_PATH=${CMAKE_PREFIX_PATH}:/home/edisonwong/robot_ws/install/serial_motor_demo:/opt/ros/humble /usr/bin/cmake --install /home/edisonwong/robot_ws/build/laser_filters
[5.100s] Level 1:colcon.colcon_core.environment:checking '/home/edisonwong/robot_ws/install/laser_filters' for CMake config files
[5.103s] Level 1:colcon.colcon_core.shell:create_environment_hook('laser_filters', 'cmake_prefix_path')
[5.111s] INFO:colcon.colcon_core.shell:Creating environment hook '/home/edisonwong/robot_ws/install/laser_filters/share/laser_filters/hook/cmake_prefix_path.ps1'
[5.113s] INFO:colcon.colcon_core.shell:Creating environment descriptor '/home/edisonwong/robot_ws/install/laser_filters/share/laser_filters/hook/cmake_prefix_path.dsv'
[5.116s] INFO:colcon.colcon_core.shell:Creating environment hook '/home/edisonwong/robot_ws/install/laser_filters/share/laser_filters/hook/cmake_prefix_path.sh'
[5.120s] Level 1:colcon.colcon_core.environment:checking '/home/edisonwong/robot_ws/install/laser_filters/lib'
[5.121s] Level 1:colcon.colcon_core.shell:create_environment_hook('laser_filters', 'ld_library_path_lib')
[5.128s] INFO:colcon.colcon_core.shell:Creating environment hook '/home/edisonwong/robot_ws/install/laser_filters/share/laser_filters/hook/ld_library_path_lib.ps1'
[5.131s] INFO:colcon.colcon_core.shell:Creating environment descriptor '/home/edisonwong/robot_ws/install/laser_filters/share/laser_filters/hook/ld_library_path_lib.dsv'
[5.134s] INFO:colcon.colcon_core.shell:Creating environment hook '/home/edisonwong/robot_ws/install/laser_filters/share/laser_filters/hook/ld_library_path_lib.sh'
[5.137s] Level 1:colcon.colcon_core.environment:checking '/home/edisonwong/robot_ws/install/laser_filters/bin'
[5.138s] Level 1:colcon.colcon_core.environment:checking '/home/edisonwong/robot_ws/install/laser_filters/lib/pkgconfig/laser_filters.pc'
[5.140s] Level 1:colcon.colcon_core.environment:checking '/home/edisonwong/robot_ws/install/laser_filters/lib/python3.10/site-packages'
[5.142s] Level 1:colcon.colcon_core.environment:checking '/home/edisonwong/robot_ws/install/laser_filters/bin'
[5.150s] INFO:colcon.colcon_core.shell:Creating package script '/home/edisonwong/robot_ws/install/laser_filters/share/laser_filters/package.ps1'
[5.154s] INFO:colcon.colcon_core.shell:Creating package descriptor '/home/edisonwong/robot_ws/install/laser_filters/share/laser_filters/package.dsv'
[5.157s] INFO:colcon.colcon_core.shell:Creating package script '/home/edisonwong/robot_ws/install/laser_filters/share/laser_filters/package.sh'
[5.160s] INFO:colcon.colcon_core.shell:Creating package script '/home/edisonwong/robot_ws/install/laser_filters/share/laser_filters/package.bash'
[5.163s] INFO:colcon.colcon_core.shell:Creating package script '/home/edisonwong/robot_ws/install/laser_filters/share/laser_filters/package.zsh'
[5.165s] Level 1:colcon.colcon_core.environment:create_file_with_runtime_dependencies(/home/edisonwong/robot_ws/install/laser_filters/share/colcon-core/packages/laser_filters)
[5.201s] Level 1:colcon.colcon_core.environment:create_environment_scripts_only(serial)
[5.213s] Level 1:colcon.colcon_core.environment:checking '/home/edisonwong/robot_ws/install/serial' for CMake module files
[5.217s] Level 1:colcon.colcon_core.environment:checking '/home/edisonwong/robot_ws/install/serial' for CMake config files
[5.220s] Level 1:colcon.colcon_core.shell:create_environment_hook('serial', 'cmake_prefix_path')
[5.227s] INFO:colcon.colcon_core.shell:Creating environment hook '/home/edisonwong/robot_ws/install/serial/share/serial/hook/cmake_prefix_path.ps1'
[5.230s] INFO:colcon.colcon_core.shell:Creating environment descriptor '/home/edisonwong/robot_ws/install/serial/share/serial/hook/cmake_prefix_path.dsv'
[5.232s] INFO:colcon.colcon_core.shell:Creating environment hook '/home/edisonwong/robot_ws/install/serial/share/serial/hook/cmake_prefix_path.sh'
[5.235s] Level 1:colcon.colcon_core.environment:checking '/home/edisonwong/robot_ws/install/serial/lib'
[5.236s] Level 1:colcon.colcon_core.environment:checking '/home/edisonwong/robot_ws/install/serial/bin'
[5.237s] Level 1:colcon.colcon_core.environment:checking '/home/edisonwong/robot_ws/install/serial/lib/pkgconfig/serial.pc'
[5.238s] Level 1:colcon.colcon_core.environment:checking '/home/edisonwong/robot_ws/install/serial/lib/python3.10/site-packages'
[5.239s] Level 1:colcon.colcon_core.environment:checking '/home/edisonwong/robot_ws/install/serial/bin'
[5.246s] INFO:colcon.colcon_core.shell:Creating package script '/home/edisonwong/robot_ws/install/serial/share/serial/package.ps1'
[5.249s] INFO:colcon.colcon_core.shell:Creating package descriptor '/home/edisonwong/robot_ws/install/serial/share/serial/package.dsv'
[5.252s] INFO:colcon.colcon_core.shell:Creating package script '/home/edisonwong/robot_ws/install/serial/share/serial/package.sh'
[5.255s] INFO:colcon.colcon_core.shell:Creating package script '/home/edisonwong/robot_ws/install/serial/share/serial/package.bash'
[5.258s] INFO:colcon.colcon_core.shell:Creating package script '/home/edisonwong/robot_ws/install/serial/share/serial/package.zsh'
[5.261s] Level 1:colcon.colcon_core.environment:create_file_with_runtime_dependencies(/home/edisonwong/robot_ws/install/serial/share/colcon-core/packages/serial)
[5.265s] INFO:colcon.colcon_ros.task.ament_cmake.build:Building ROS package in '/home/edisonwong/robot_ws/src/diffdrive_arduino' with build type 'ament_cmake'
[5.265s] INFO:colcon.colcon_cmake.task.cmake.build:Building CMake package in '/home/edisonwong/robot_ws/src/diffdrive_arduino'
[5.273s] INFO:colcon.colcon_core.shell:Skip shell extension 'powershell' for command environment: Not usable outside of PowerShell
[5.273s] DEBUG:colcon.colcon_core.shell:Skip shell extension 'dsv' for command environment
[5.370s] DEBUG:colcon.colcon_core.event_handler.log_command:Invoking command in '/home/edisonwong/robot_ws/build/diffdrive_arduino': CMAKE_PREFIX_PATH=/home/edisonwong/robot_ws/install/serial:/home/edisonwong/robot_ws/install/serial_motor_demo_msgs:/home/edisonwong/robot_ws/install/diffdrive_arduino:/home/edisonwong/robot_ws/install/my_bot:/home/edisonwong/robot_ws/install/laser_filters:/home/edisonwong/robot_ws/install/serial_motor_demo:/opt/ros/humble /usr/bin/cmake --build /home/edisonwong/robot_ws/build/diffdrive_arduino -- -j4 -l4
[5.476s] Level 1:colcon.colcon_core.environment:create_environment_scripts_only(laser_filters)
[5.488s] Level 1:colcon.colcon_core.environment:checking '/home/edisonwong/robot_ws/install/laser_filters' for CMake module files
[5.493s] Level 1:colcon.colcon_core.environment:checking '/home/edisonwong/robot_ws/install/laser_filters' for CMake config files
[5.496s] Level 1:colcon.colcon_core.shell:create_environment_hook('laser_filters', 'cmake_prefix_path')
[5.503s] INFO:colcon.colcon_core.shell:Creating environment hook '/home/edisonwong/robot_ws/install/laser_filters/share/laser_filters/hook/cmake_prefix_path.ps1'
[5.505s] INFO:colcon.colcon_core.shell:Creating environment descriptor '/home/edisonwong/robot_ws/install/laser_filters/share/laser_filters/hook/cmake_prefix_path.dsv'
[5.508s] INFO:colcon.colcon_core.shell:Creating environment hook '/home/edisonwong/robot_ws/install/laser_filters/share/laser_filters/hook/cmake_prefix_path.sh'
[5.511s] Level 1:colcon.colcon_core.environment:checking '/home/edisonwong/robot_ws/install/laser_filters/lib'
[5.512s] Level 1:colcon.colcon_core.shell:create_environment_hook('laser_filters', 'ld_library_path_lib')
[5.520s] INFO:colcon.colcon_core.shell:Creating environment hook '/home/edisonwong/robot_ws/install/laser_filters/share/laser_filters/hook/ld_library_path_lib.ps1'
[5.522s] INFO:colcon.colcon_core.shell:Creating environment descriptor '/home/edisonwong/robot_ws/install/laser_filters/share/laser_filters/hook/ld_library_path_lib.dsv'
[5.525s] INFO:colcon.colcon_core.shell:Creating environment hook '/home/edisonwong/robot_ws/install/laser_filters/share/laser_filters/hook/ld_library_path_lib.sh'
[5.527s] Level 1:colcon.colcon_core.environment:checking '/home/edisonwong/robot_ws/install/laser_filters/bin'
[5.528s] Level 1:colcon.colcon_core.environment:checking '/home/edisonwong/robot_ws/install/laser_filters/lib/pkgconfig/laser_filters.pc'
[5.529s] Level 1:colcon.colcon_core.environment:checking '/home/edisonwong/robot_ws/install/laser_filters/lib/python3.10/site-packages'
[5.530s] Level 1:colcon.colcon_core.environment:checking '/home/edisonwong/robot_ws/install/laser_filters/bin'
[5.538s] INFO:colcon.colcon_core.shell:Creating package script '/home/edisonwong/robot_ws/install/laser_filters/share/laser_filters/package.ps1'
[5.542s] INFO:colcon.colcon_core.shell:Creating package descriptor '/home/edisonwong/robot_ws/install/laser_filters/share/laser_filters/package.dsv'
[5.545s] INFO:colcon.colcon_core.shell:Creating package script '/home/edisonwong/robot_ws/install/laser_filters/share/laser_filters/package.sh'
[5.549s] INFO:colcon.colcon_core.shell:Creating package script '/home/edisonwong/robot_ws/install/laser_filters/share/laser_filters/package.bash'
[5.561s] INFO:colcon.colcon_core.shell:Creating package script '/home/edisonwong/robot_ws/install/laser_filters/share/laser_filters/package.zsh'
[5.564s] Level 1:colcon.colcon_core.environment:create_file_with_runtime_dependencies(/home/edisonwong/robot_ws/install/laser_filters/share/colcon-core/packages/laser_filters)
[5.810s] DEBUG:colcon.colcon_core.event_handler.log_command:Invoked command in '/home/edisonwong/robot_ws/build/diffdrive_arduino' returned '0': CMAKE_PREFIX_PATH=/home/edisonwong/robot_ws/install/serial:/home/edisonwong/robot_ws/install/serial_motor_demo_msgs:/home/edisonwong/robot_ws/install/diffdrive_arduino:/home/edisonwong/robot_ws/install/my_bot:/home/edisonwong/robot_ws/install/laser_filters:/home/edisonwong/robot_ws/install/serial_motor_demo:/opt/ros/humble /usr/bin/cmake --build /home/edisonwong/robot_ws/build/diffdrive_arduino -- -j4 -l4
[6.062s] DEBUG:colcon.colcon_core.event_handler.log_command:Invoking command in '/home/edisonwong/robot_ws/build/diffdrive_arduino': CMAKE_PREFIX_PATH=/home/edisonwong/robot_ws/install/serial:/home/edisonwong/robot_ws/install/serial_motor_demo_msgs:/home/edisonwong/robot_ws/install/diffdrive_arduino:/home/edisonwong/robot_ws/install/my_bot:/home/edisonwong/robot_ws/install/laser_filters:/home/edisonwong/robot_ws/install/serial_motor_demo:/opt/ros/humble /usr/bin/cmake --install /home/edisonwong/robot_ws/build/diffdrive_arduino
[6.133s] DEBUG:colcon.colcon_core.event_handler.log_command:Invoked command in '/home/edisonwong/robot_ws/build/serial_motor_demo_msgs' returned '0': CMAKE_PREFIX_PATH=${CMAKE_PREFIX_PATH}:/home/edisonwong/robot_ws/install/serial_motor_demo:/opt/ros/humble /usr/bin/cmake --build /home/edisonwong/robot_ws/build/serial_motor_demo_msgs -- -j4 -l4
[6.187s] Level 1:colcon.colcon_core.environment:create_environment_scripts_only(diffdrive_arduino)
[6.198s] Level 1:colcon.colcon_core.environment:checking '/home/edisonwong/robot_ws/install/diffdrive_arduino' for CMake module files
[6.200s] DEBUG:colcon.colcon_core.event_handler.log_command:Invoked command in '/home/edisonwong/robot_ws/build/diffdrive_arduino' returned '0': CMAKE_PREFIX_PATH=/home/edisonwong/robot_ws/install/serial:/home/edisonwong/robot_ws/install/serial_motor_demo_msgs:/home/edisonwong/robot_ws/install/diffdrive_arduino:/home/edisonwong/robot_ws/install/my_bot:/home/edisonwong/robot_ws/install/laser_filters:/home/edisonwong/robot_ws/install/serial_motor_demo:/opt/ros/humble /usr/bin/cmake --install /home/edisonwong/robot_ws/build/diffdrive_arduino
[6.203s] Level 1:colcon.colcon_core.environment:checking '/home/edisonwong/robot_ws/install/diffdrive_arduino' for CMake config files
[6.208s] Level 1:colcon.colcon_core.shell:create_environment_hook('diffdrive_arduino', 'cmake_prefix_path')
[6.214s] INFO:colcon.colcon_core.shell:Creating environment hook '/home/edisonwong/robot_ws/install/diffdrive_arduino/share/diffdrive_arduino/hook/cmake_prefix_path.ps1'
[6.217s] INFO:colcon.colcon_core.shell:Creating environment descriptor '/home/edisonwong/robot_ws/install/diffdrive_arduino/share/diffdrive_arduino/hook/cmake_prefix_path.dsv'
[6.219s] INFO:colcon.colcon_core.shell:Creating environment hook '/home/edisonwong/robot_ws/install/diffdrive_arduino/share/diffdrive_arduino/hook/cmake_prefix_path.sh'
[6.222s] Level 1:colcon.colcon_core.environment:checking '/home/edisonwong/robot_ws/install/diffdrive_arduino/lib'
[6.223s] Level 1:colcon.colcon_core.shell:create_environment_hook('diffdrive_arduino', 'ld_library_path_lib')
[6.229s] INFO:colcon.colcon_core.shell:Creating environment hook '/home/edisonwong/robot_ws/install/diffdrive_arduino/share/diffdrive_arduino/hook/ld_library_path_lib.ps1'
[6.232s] INFO:colcon.colcon_core.shell:Creating environment descriptor '/home/edisonwong/robot_ws/install/diffdrive_arduino/share/diffdrive_arduino/hook/ld_library_path_lib.dsv'
[6.234s] INFO:colcon.colcon_core.shell:Creating environment hook '/home/edisonwong/robot_ws/install/diffdrive_arduino/share/diffdrive_arduino/hook/ld_library_path_lib.sh'
[6.237s] Level 1:colcon.colcon_core.environment:checking '/home/edisonwong/robot_ws/install/diffdrive_arduino/bin'
[6.237s] Level 1:colcon.colcon_core.environment:checking '/home/edisonwong/robot_ws/install/diffdrive_arduino/lib/pkgconfig/diffdrive_arduino.pc'
[6.238s] Level 1:colcon.colcon_core.environment:checking '/home/edisonwong/robot_ws/install/diffdrive_arduino/lib/python3.10/site-packages'
[6.240s] Level 1:colcon.colcon_core.environment:checking '/home/edisonwong/robot_ws/install/diffdrive_arduino/bin'
[6.246s] INFO:colcon.colcon_core.shell:Creating package script '/home/edisonwong/robot_ws/install/diffdrive_arduino/share/diffdrive_arduino/package.ps1'
[6.249s] INFO:colcon.colcon_core.shell:Creating package descriptor '/home/edisonwong/robot_ws/install/diffdrive_arduino/share/diffdrive_arduino/package.dsv'
[6.252s] INFO:colcon.colcon_core.shell:Creating package script '/home/edisonwong/robot_ws/install/diffdrive_arduino/share/diffdrive_arduino/package.sh'
[6.254s] INFO:colcon.colcon_core.shell:Creating package script '/home/edisonwong/robot_ws/install/diffdrive_arduino/share/diffdrive_arduino/package.bash'
[6.257s] INFO:colcon.colcon_core.shell:Creating package script '/home/edisonwong/robot_ws/install/diffdrive_arduino/share/diffdrive_arduino/package.zsh'
[6.259s] Level 1:colcon.colcon_core.environment:create_file_with_runtime_dependencies(/home/edisonwong/robot_ws/install/diffdrive_arduino/share/colcon-core/packages/diffdrive_arduino)
[6.482s] Level 1:colcon.colcon_core.environment:create_environment_scripts_only(diffdrive_arduino)
[6.495s] Level 1:colcon.colcon_core.environment:checking '/home/edisonwong/robot_ws/install/diffdrive_arduino' for CMake module files
[6.499s] Level 1:colcon.colcon_core.environment:checking '/home/edisonwong/robot_ws/install/diffdrive_arduino' for CMake config files
[6.503s] Level 1:colcon.colcon_core.shell:create_environment_hook('diffdrive_arduino', 'cmake_prefix_path')
[6.510s] INFO:colcon.colcon_core.shell:Creating environment hook '/home/edisonwong/robot_ws/install/diffdrive_arduino/share/diffdrive_arduino/hook/cmake_prefix_path.ps1'
[6.513s] INFO:colcon.colcon_core.shell:Creating environment descriptor '/home/edisonwong/robot_ws/install/diffdrive_arduino/share/diffdrive_arduino/hook/cmake_prefix_path.dsv'
[6.516s] INFO:colcon.colcon_core.shell:Creating environment hook '/home/edisonwong/robot_ws/install/diffdrive_arduino/share/diffdrive_arduino/hook/cmake_prefix_path.sh'
[6.520s] Level 1:colcon.colcon_core.environment:checking '/home/edisonwong/robot_ws/install/diffdrive_arduino/lib'
[6.521s] Level 1:colcon.colcon_core.shell:create_environment_hook('diffdrive_arduino', 'ld_library_path_lib')
[6.527s] INFO:colcon.colcon_core.shell:Creating environment hook '/home/edisonwong/robot_ws/install/diffdrive_arduino/share/diffdrive_arduino/hook/ld_library_path_lib.ps1'
[6.530s] INFO:colcon.colcon_core.shell:Creating environment descriptor '/home/edisonwong/robot_ws/install/diffdrive_arduino/share/diffdrive_arduino/hook/ld_library_path_lib.dsv'
[6.533s] INFO:colcon.colcon_core.shell:Creating environment hook '/home/edisonwong/robot_ws/install/diffdrive_arduino/share/diffdrive_arduino/hook/ld_library_path_lib.sh'
[6.536s] Level 1:colcon.colcon_core.environment:checking '/home/edisonwong/robot_ws/install/diffdrive_arduino/bin'
[6.537s] Level 1:colcon.colcon_core.environment:checking '/home/edisonwong/robot_ws/install/diffdrive_arduino/lib/pkgconfig/diffdrive_arduino.pc'
[6.538s] Level 1:colcon.colcon_core.environment:checking '/home/edisonwong/robot_ws/install/diffdrive_arduino/lib/python3.10/site-packages'
[6.540s] Level 1:colcon.colcon_core.environment:checking '/home/edisonwong/robot_ws/install/diffdrive_arduino/bin'
[6.547s] INFO:colcon.colcon_core.shell:Creating package script '/home/edisonwong/robot_ws/install/diffdrive_arduino/share/diffdrive_arduino/package.ps1'
[6.551s] INFO:colcon.colcon_core.shell:Creating package descriptor '/home/edisonwong/robot_ws/install/diffdrive_arduino/share/diffdrive_arduino/package.dsv'
[6.554s] INFO:colcon.colcon_core.shell:Creating package script '/home/edisonwong/robot_ws/install/diffdrive_arduino/share/diffdrive_arduino/package.sh'
[6.557s] INFO:colcon.colcon_core.shell:Creating package script '/home/edisonwong/robot_ws/install/diffdrive_arduino/share/diffdrive_arduino/package.bash'
[6.561s] INFO:colcon.colcon_core.shell:Creating package script '/home/edisonwong/robot_ws/install/diffdrive_arduino/share/diffdrive_arduino/package.zsh'
[6.563s] Level 1:colcon.colcon_core.environment:create_file_with_runtime_dependencies(/home/edisonwong/robot_ws/install/diffdrive_arduino/share/colcon-core/packages/diffdrive_arduino)
[6.868s] DEBUG:colcon.colcon_core.event_handler.log_command:Invoking command in '/home/edisonwong/robot_ws/build/serial_motor_demo_msgs': CMAKE_PREFIX_PATH=${CMAKE_PREFIX_PATH}:/home/edisonwong/robot_ws/install/serial_motor_demo:/opt/ros/humble /usr/bin/cmake --install /home/edisonwong/robot_ws/build/serial_motor_demo_msgs
[7.323s] Level 1:colcon.colcon_core.environment:create_environment_scripts_only(serial_motor_demo_msgs)
[7.333s] Level 1:colcon.colcon_core.environment:checking '/home/edisonwong/robot_ws/install/serial_motor_demo_msgs' for CMake module files
[7.333s] DEBUG:colcon.colcon_core.event_handler.log_command:Invoked command in '/home/edisonwong/robot_ws/build/serial_motor_demo_msgs' returned '0': CMAKE_PREFIX_PATH=${CMAKE_PREFIX_PATH}:/home/edisonwong/robot_ws/install/serial_motor_demo:/opt/ros/humble /usr/bin/cmake --install /home/edisonwong/robot_ws/build/serial_motor_demo_msgs
[7.339s] Level 1:colcon.colcon_core.environment:checking '/home/edisonwong/robot_ws/install/serial_motor_demo_msgs' for CMake config files
[7.343s] Level 1:colcon.colcon_core.shell:create_environment_hook('serial_motor_demo_msgs', 'cmake_prefix_path')
[7.348s] INFO:colcon.colcon_core.shell:Creating environment hook '/home/edisonwong/robot_ws/install/serial_motor_demo_msgs/share/serial_motor_demo_msgs/hook/cmake_prefix_path.ps1'
[7.351s] INFO:colcon.colcon_core.shell:Creating environment descriptor '/home/edisonwong/robot_ws/install/serial_motor_demo_msgs/share/serial_motor_demo_msgs/hook/cmake_prefix_path.dsv'
[7.353s] INFO:colcon.colcon_core.shell:Creating environment hook '/home/edisonwong/robot_ws/install/serial_motor_demo_msgs/share/serial_motor_demo_msgs/hook/cmake_prefix_path.sh'
[7.356s] Level 1:colcon.colcon_core.environment:checking '/home/edisonwong/robot_ws/install/serial_motor_demo_msgs/lib'
[7.356s] Level 1:colcon.colcon_core.shell:create_environment_hook('serial_motor_demo_msgs', 'ld_library_path_lib')
[7.362s] INFO:colcon.colcon_core.shell:Creating environment hook '/home/edisonwong/robot_ws/install/serial_motor_demo_msgs/share/serial_motor_demo_msgs/hook/ld_library_path_lib.ps1'
[7.364s] INFO:colcon.colcon_core.shell:Creating environment descriptor '/home/edisonwong/robot_ws/install/serial_motor_demo_msgs/share/serial_motor_demo_msgs/hook/ld_library_path_lib.dsv'
[7.367s] INFO:colcon.colcon_core.shell:Creating environment hook '/home/edisonwong/robot_ws/install/serial_motor_demo_msgs/share/serial_motor_demo_msgs/hook/ld_library_path_lib.sh'
[7.369s] Level 1:colcon.colcon_core.environment:checking '/home/edisonwong/robot_ws/install/serial_motor_demo_msgs/bin'
[7.369s] Level 1:colcon.colcon_core.environment:checking '/home/edisonwong/robot_ws/install/serial_motor_demo_msgs/lib/pkgconfig/serial_motor_demo_msgs.pc'
[7.370s] Level 1:colcon.colcon_core.environment:checking '/home/edisonwong/robot_ws/install/serial_motor_demo_msgs/lib/python3.10/site-packages'
[7.371s] Level 1:colcon.colcon_core.environment:checking '/home/edisonwong/robot_ws/install/serial_motor_demo_msgs/bin'
[7.379s] INFO:colcon.colcon_core.shell:Creating package script '/home/edisonwong/robot_ws/install/serial_motor_demo_msgs/share/serial_motor_demo_msgs/package.ps1'
[7.381s] INFO:colcon.colcon_core.shell:Creating package descriptor '/home/edisonwong/robot_ws/install/serial_motor_demo_msgs/share/serial_motor_demo_msgs/package.dsv'
[7.384s] INFO:colcon.colcon_core.shell:Creating package script '/home/edisonwong/robot_ws/install/serial_motor_demo_msgs/share/serial_motor_demo_msgs/package.sh'
[7.386s] INFO:colcon.colcon_core.shell:Creating package script '/home/edisonwong/robot_ws/install/serial_motor_demo_msgs/share/serial_motor_demo_msgs/package.bash'
[7.388s] INFO:colcon.colcon_core.shell:Creating package script '/home/edisonwong/robot_ws/install/serial_motor_demo_msgs/share/serial_motor_demo_msgs/package.zsh'
[7.390s] Level 1:colcon.colcon_core.environment:create_file_with_runtime_dependencies(/home/edisonwong/robot_ws/install/serial_motor_demo_msgs/share/colcon-core/packages/serial_motor_demo_msgs)
[8.092s] Level 1:colcon.colcon_core.environment:create_environment_scripts_only(serial_motor_demo_msgs)
[8.103s] Level 1:colcon.colcon_core.environment:checking '/home/edisonwong/robot_ws/install/serial_motor_demo_msgs' for CMake module files
[8.109s] Level 1:colcon.colcon_core.environment:checking '/home/edisonwong/robot_ws/install/serial_motor_demo_msgs' for CMake config files
[8.113s] Level 1:colcon.colcon_core.shell:create_environment_hook('serial_motor_demo_msgs', 'cmake_prefix_path')
[8.119s] INFO:colcon.colcon_core.shell:Creating environment hook '/home/edisonwong/robot_ws/install/serial_motor_demo_msgs/share/serial_motor_demo_msgs/hook/cmake_prefix_path.ps1'
[8.121s] INFO:colcon.colcon_core.shell:Creating environment descriptor '/home/edisonwong/robot_ws/install/serial_motor_demo_msgs/share/serial_motor_demo_msgs/hook/cmake_prefix_path.dsv'
[8.123s] INFO:colcon.colcon_core.shell:Creating environment hook '/home/edisonwong/robot_ws/install/serial_motor_demo_msgs/share/serial_motor_demo_msgs/hook/cmake_prefix_path.sh'
[8.126s] Level 1:colcon.colcon_core.environment:checking '/home/edisonwong/robot_ws/install/serial_motor_demo_msgs/lib'
[8.127s] Level 1:colcon.colcon_core.shell:create_environment_hook('serial_motor_demo_msgs', 'ld_library_path_lib')
[8.133s] INFO:colcon.colcon_core.shell:Creating environment hook '/home/edisonwong/robot_ws/install/serial_motor_demo_msgs/share/serial_motor_demo_msgs/hook/ld_library_path_lib.ps1'
[8.135s] INFO:colcon.colcon_core.shell:Creating environment descriptor '/home/edisonwong/robot_ws/install/serial_motor_demo_msgs/share/serial_motor_demo_msgs/hook/ld_library_path_lib.dsv'
[8.137s] INFO:colcon.colcon_core.shell:Creating environment hook '/home/edisonwong/robot_ws/install/serial_motor_demo_msgs/share/serial_motor_demo_msgs/hook/ld_library_path_lib.sh'
[8.139s] Level 1:colcon.colcon_core.environment:checking '/home/edisonwong/robot_ws/install/serial_motor_demo_msgs/bin'
[8.140s] Level 1:colcon.colcon_core.environment:checking '/home/edisonwong/robot_ws/install/serial_motor_demo_msgs/lib/pkgconfig/serial_motor_demo_msgs.pc'
[8.141s] Level 1:colcon.colcon_core.environment:checking '/home/edisonwong/robot_ws/install/serial_motor_demo_msgs/lib/python3.10/site-packages'
[8.142s] Level 1:colcon.colcon_core.environment:checking '/home/edisonwong/robot_ws/install/serial_motor_demo_msgs/bin'
[8.149s] INFO:colcon.colcon_core.shell:Creating package script '/home/edisonwong/robot_ws/install/serial_motor_demo_msgs/share/serial_motor_demo_msgs/package.ps1'
[8.151s] INFO:colcon.colcon_core.shell:Creating package descriptor '/home/edisonwong/robot_ws/install/serial_motor_demo_msgs/share/serial_motor_demo_msgs/package.dsv'
[8.154s] INFO:colcon.colcon_core.shell:Creating package script '/home/edisonwong/robot_ws/install/serial_motor_demo_msgs/share/serial_motor_demo_msgs/package.sh'
[8.157s] INFO:colcon.colcon_core.shell:Creating package script '/home/edisonwong/robot_ws/install/serial_motor_demo_msgs/share/serial_motor_demo_msgs/package.bash'
[8.159s] INFO:colcon.colcon_core.shell:Creating package script '/home/edisonwong/robot_ws/install/serial_motor_demo_msgs/share/serial_motor_demo_msgs/package.zsh'
[8.162s] Level 1:colcon.colcon_core.environment:create_file_with_runtime_dependencies(/home/edisonwong/robot_ws/install/serial_motor_demo_msgs/share/colcon-core/packages/serial_motor_demo_msgs)
[8.163s] INFO:colcon.colcon_ros.task.ament_python.build:Building ROS package in '/home/edisonwong/robot_ws/serial_motor_demo/serial_motor_demo' with build type 'ament_python'
[8.164s] Level 1:colcon.colcon_core.shell:create_environment_hook('serial_motor_demo', 'ament_prefix_path')
[8.171s] INFO:colcon.colcon_core.shell:Creating environment hook '/home/edisonwong/robot_ws/install/serial_motor_demo/share/serial_motor_demo/hook/ament_prefix_path.ps1'
[8.174s] INFO:colcon.colcon_core.shell:Creating environment descriptor '/home/edisonwong/robot_ws/install/serial_motor_demo/share/serial_motor_demo/hook/ament_prefix_path.dsv'
[8.176s] INFO:colcon.colcon_core.shell:Creating environment hook '/home/edisonwong/robot_ws/install/serial_motor_demo/share/serial_motor_demo/hook/ament_prefix_path.sh'
[8.185s] INFO:colcon.colcon_core.shell:Skip shell extension 'powershell' for command environment: Not usable outside of PowerShell
[8.185s] DEBUG:colcon.colcon_core.shell:Skip shell extension 'dsv' for command environment
[9.681s] INFO:colcon.colcon_core.task.python.build:Building Python package in '/home/edisonwong/robot_ws/serial_motor_demo/serial_motor_demo'
[9.687s] INFO:colcon.colcon_core.shell:Skip shell extension 'powershell' for command environment: Not usable outside of PowerShell
[9.687s] DEBUG:colcon.colcon_core.shell:Skip shell extension 'dsv' for command environment
[11.742s] DEBUG:colcon.colcon_core.event_handler.log_command:Invoking command in '/home/edisonwong/robot_ws/build/serial_motor_demo': PYTHONPATH=/home/edisonwong/robot_ws/build/serial_motor_demo/prefix_override:/home/edisonwong/robot_ws/install/serial_motor_demo/lib/python3.10/site-packages:${PYTHONPATH} /usr/bin/python3 setup.py develop --editable --build-directory /home/edisonwong/robot_ws/build/serial_motor_demo/build --no-deps install_data
[14.403s] Level 1:colcon.colcon_core.shell:create_environment_hook('serial_motor_demo', 'pythonpath_develop')
[14.410s] INFO:colcon.colcon_core.shell:Creating environment hook '/home/edisonwong/robot_ws/build/serial_motor_demo/share/serial_motor_demo/hook/pythonpath_develop.ps1'
[14.411s] DEBUG:colcon.colcon_core.event_handler.log_command:Invoked command in '/home/edisonwong/robot_ws/build/serial_motor_demo' returned '0': PYTHONPATH=/home/edisonwong/robot_ws/build/serial_motor_demo/prefix_override:/home/edisonwong/robot_ws/install/serial_motor_demo/lib/python3.10/site-packages:${PYTHONPATH} /usr/bin/python3 setup.py develop --editable --build-directory /home/edisonwong/robot_ws/build/serial_motor_demo/build --no-deps install_data
[14.414s] INFO:colcon.colcon_core.shell:Creating environment descriptor '/home/edisonwong/robot_ws/build/serial_motor_demo/share/serial_motor_demo/hook/pythonpath_develop.dsv'
[14.416s] INFO:colcon.colcon_core.shell:Creating environment hook '/home/edisonwong/robot_ws/build/serial_motor_demo/share/serial_motor_demo/hook/pythonpath_develop.sh'
[14.427s] Level 1:colcon.colcon_core.environment:checking '/home/edisonwong/robot_ws/install/serial_motor_demo' for CMake module files
[14.429s] Level 1:colcon.colcon_core.environment:checking '/home/edisonwong/robot_ws/install/serial_motor_demo' for CMake config files
[14.433s] Level 1:colcon.colcon_core.environment:checking '/home/edisonwong/robot_ws/install/serial_motor_demo/lib'
[14.433s] Level 1:colcon.colcon_core.environment:checking '/home/edisonwong/robot_ws/install/serial_motor_demo/bin'
[14.434s] Level 1:colcon.colcon_core.environment:checking '/home/edisonwong/robot_ws/install/serial_motor_demo/lib/pkgconfig/serial_motor_demo.pc'
[14.435s] Level 1:colcon.colcon_core.environment:checking '/home/edisonwong/robot_ws/install/serial_motor_demo/lib/python3.10/site-packages'
[14.435s] Level 1:colcon.colcon_core.shell:create_environment_hook('serial_motor_demo', 'pythonpath')
[14.441s] INFO:colcon.colcon_core.shell:Creating environment hook '/home/edisonwong/robot_ws/install/serial_motor_demo/share/serial_motor_demo/hook/pythonpath.ps1'
[14.443s] INFO:colcon.colcon_core.shell:Creating environment descriptor '/home/edisonwong/robot_ws/install/serial_motor_demo/share/serial_motor_demo/hook/pythonpath.dsv'
[14.445s] INFO:colcon.colcon_core.shell:Creating environment hook '/home/edisonwong/robot_ws/install/serial_motor_demo/share/serial_motor_demo/hook/pythonpath.sh'
[14.448s] Level 1:colcon.colcon_core.environment:checking '/home/edisonwong/robot_ws/install/serial_motor_demo/bin'
[14.449s] Level 1:colcon.colcon_core.environment:create_environment_scripts_only(serial_motor_demo)
[14.455s] INFO:colcon.colcon_core.shell:Creating package script '/home/edisonwong/robot_ws/install/serial_motor_demo/share/serial_motor_demo/package.ps1'
[14.458s] INFO:colcon.colcon_core.shell:Creating package descriptor '/home/edisonwong/robot_ws/install/serial_motor_demo/share/serial_motor_demo/package.dsv'
[14.460s] INFO:colcon.colcon_core.shell:Creating package script '/home/edisonwong/robot_ws/install/serial_motor_demo/share/serial_motor_demo/package.sh'
[14.463s] INFO:colcon.colcon_core.shell:Creating package script '/home/edisonwong/robot_ws/install/serial_motor_demo/share/serial_motor_demo/package.bash'
[14.465s] INFO:colcon.colcon_core.shell:Creating package script '/home/edisonwong/robot_ws/install/serial_motor_demo/share/serial_motor_demo/package.zsh'
[14.466s] Level 1:colcon.colcon_core.environment:create_file_with_runtime_dependencies(/home/edisonwong/robot_ws/install/serial_motor_demo/share/colcon-core/packages/serial_motor_demo)
[14.468s] DEBUG:colcon.colcon_parallel_executor.executor.parallel:closing loop
[14.469s] DEBUG:colcon.colcon_parallel_executor.executor.parallel:loop closed
[14.470s] DEBUG:colcon.colcon_parallel_executor.executor.parallel:run_until_complete finished with '0'
[14.470s] DEBUG:colcon.colcon_core.event_reactor:joining thread
[14.502s] INFO:colcon.colcon_core.plugin_system:Skipping extension 'colcon_notification.desktop_notification.terminal_notifier': Not used on non-Darwin systems
[14.502s] INFO:colcon.colcon_core.plugin_system:Skipping extension 'colcon_notification.desktop_notification.win32': Not used on non-Windows systems
[14.503s] INFO:colcon.colcon_notification.desktop_notification:Sending desktop notification using 'notify2'
[14.547s] DEBUG:colcon.colcon_core.event_reactor:joined thread
[14.554s] INFO:colcon.colcon_core.shell:Creating prefix script '/home/edisonwong/robot_ws/install/local_setup.ps1'
[14.558s] INFO:colcon.colcon_core.shell:Creating prefix util module '/home/edisonwong/robot_ws/install/_local_setup_util_ps1.py'
[14.564s] INFO:colcon.colcon_core.shell:Creating prefix chain script '/home/edisonwong/robot_ws/install/setup.ps1'
[14.573s] INFO:colcon.colcon_core.shell:Creating prefix script '/home/edisonwong/robot_ws/install/local_setup.sh'
[14.576s] INFO:colcon.colcon_core.shell:Creating prefix util module '/home/edisonwong/robot_ws/install/_local_setup_util_sh.py'
[14.579s] INFO:colcon.colcon_core.shell:Creating prefix chain script '/home/edisonwong/robot_ws/install/setup.sh'
[14.588s] INFO:colcon.colcon_core.shell:Creating prefix script '/home/edisonwong/robot_ws/install/local_setup.bash'
[14.591s] INFO:colcon.colcon_core.shell:Creating prefix chain script '/home/edisonwong/robot_ws/install/setup.bash'
[14.599s] INFO:colcon.colcon_core.shell:Creating prefix script '/home/edisonwong/robot_ws/install/local_setup.zsh'
[14.602s] INFO:colcon.colcon_core.shell:Creating prefix chain script '/home/edisonwong/robot_ws/install/setup.zsh'
