[0.119s] Invoking command in '/home/edisonwong/robot_ws/build/my_bot': CMAKE_PREFIX_PATH=${CMAKE_PREFIX_PATH}:/home/edisonwong/robot_ws/install/serial_motor_demo:/opt/ros/humble /usr/bin/cmake --build /home/edisonwong/robot_ws/build/my_bot -- -j4 -l4
[0.330s] Invoked command in '/home/edisonwong/robot_ws/build/my_bot' returned '0': CMAKE_PREFIX_PATH=${CMAKE_PREFIX_PATH}:/home/edisonwong/robot_ws/install/serial_motor_demo:/opt/ros/humble /usr/bin/cmake --build /home/edisonwong/robot_ws/build/my_bot -- -j4 -l4
[0.745s] Invoking command in '/home/edisonwong/robot_ws/build/my_bot': CMAKE_PREFIX_PATH=${CMAKE_PREFIX_PATH}:/home/edisonwong/robot_ws/install/serial_motor_demo:/opt/ros/humble /usr/bin/cmake --install /home/edisonwong/robot_ws/build/my_bot
[0.829s] -- Install configuration: ""
[0.832s] -- Execute custom install script
[0.833s] -- Up-to-date symlink: /home/edisonwong/robot_ws/install/my_bot/share/my_bot/config/drive_bot.rviz
[0.834s] -- Up-to-date symlink: /home/edisonwong/robot_ws/install/my_bot/share/my_bot/config/empty.yaml
[0.835s] -- Up-to-date symlink: /home/edisonwong/robot_ws/install/my_bot/share/my_bot/config/gazebo_params.yaml
[0.836s] -- Up-to-date symlink: /home/edisonwong/robot_ws/install/my_bot/share/my_bot/config/joystick.yaml
[0.836s] -- Up-to-date symlink: /home/edisonwong/robot_ws/install/my_bot/share/my_bot/config/mapper_params_online_async.yaml
[0.837s] -- Up-to-date symlink: /home/edisonwong/robot_ws/install/my_bot/share/my_bot/config/my_controllers.yaml
[0.838s] -- Up-to-date symlink: /home/edisonwong/robot_ws/install/my_bot/share/my_bot/config/twist_mux.yaml
[0.838s] -- Up-to-date symlink: /home/edisonwong/robot_ws/install/my_bot/share/my_bot/config/view_bot.rviz
[0.839s] -- Up-to-date symlink: /home/edisonwong/robot_ws/install/my_bot/share/my_bot/description/camera.xacro
[0.840s] -- Up-to-date symlink: /home/edisonwong/robot_ws/install/my_bot/share/my_bot/description/depth_camera.xacro
[0.840s] -- Up-to-date symlink: /home/edisonwong/robot_ws/install/my_bot/share/my_bot/description/gazebo_control.xacro
[0.841s] -- Up-to-date symlink: /home/edisonwong/robot_ws/install/my_bot/share/my_bot/description/inertial_macros.xacro
[0.842s] -- Up-to-date symlink: /home/edisonwong/robot_ws/install/my_bot/share/my_bot/description/lidar.xacro
[0.843s] -- Up-to-date symlink: /home/edisonwong/robot_ws/install/my_bot/share/my_bot/description/robot.urdf.xacro
[0.843s] -- Up-to-date symlink: /home/edisonwong/robot_ws/install/my_bot/share/my_bot/description/robot_core.xacro
[0.844s] -- Up-to-date symlink: /home/edisonwong/robot_ws/install/my_bot/share/my_bot/description/ros2_control.xacro
[0.844s] -- Up-to-date symlink: /home/edisonwong/robot_ws/install/my_bot/share/my_bot/launch/joystick.launch.py
[0.845s] -- Up-to-date symlink: /home/edisonwong/robot_ws/install/my_bot/share/my_bot/launch/launch_robot.launch.py
[0.848s] -- Up-to-date symlink: /home/edisonwong/robot_ws/install/my_bot/share/my_bot/launch/launch_sim.launch.py
[0.849s] -- Up-to-date symlink: /home/edisonwong/robot_ws/install/my_bot/share/my_bot/launch/rplidar.launch.py
[0.850s] -- Up-to-date symlink: /home/edisonwong/robot_ws/install/my_bot/share/my_bot/launch/rsp.launch.py
[0.850s] -- Up-to-date symlink: /home/edisonwong/robot_ws/install/my_bot/share/my_bot/worlds/empty.world
[0.851s] -- Up-to-date symlink: /home/edisonwong/robot_ws/install/my_bot/share/my_bot/worlds/kb5.world
[0.852s] -- Up-to-date symlink: /home/edisonwong/robot_ws/install/my_bot/share/my_bot/worlds/obstacles.world
[0.853s] -- Up-to-date symlink: /home/edisonwong/robot_ws/install/my_bot/share/ament_index/resource_index/package_run_dependencies/my_bot
[0.854s] -- Up-to-date symlink: /home/edisonwong/robot_ws/install/my_bot/share/ament_index/resource_index/parent_prefix_path/my_bot
[0.855s] -- Up-to-date symlink: /home/edisonwong/robot_ws/install/my_bot/share/my_bot/environment/ament_prefix_path.sh
[0.855s] -- Up-to-date symlink: /home/edisonwong/robot_ws/install/my_bot/share/my_bot/environment/ament_prefix_path.dsv
[0.856s] -- Up-to-date symlink: /home/edisonwong/robot_ws/install/my_bot/share/my_bot/environment/path.sh
[0.857s] -- Up-to-date symlink: /home/edisonwong/robot_ws/install/my_bot/share/my_bot/environment/path.dsv
[0.858s] -- Up-to-date symlink: /home/edisonwong/robot_ws/install/my_bot/share/my_bot/local_setup.bash
[0.859s] -- Up-to-date symlink: /home/edisonwong/robot_ws/install/my_bot/share/my_bot/local_setup.sh
[0.860s] -- Up-to-date symlink: /home/edisonwong/robot_ws/install/my_bot/share/my_bot/local_setup.zsh
[0.861s] -- Up-to-date symlink: /home/edisonwong/robot_ws/install/my_bot/share/my_bot/local_setup.dsv
[0.862s] -- Symlinking: /home/edisonwong/robot_ws/install/my_bot/share/my_bot/package.dsv
[0.907s] -- Up-to-date symlink: /home/edisonwong/robot_ws/install/my_bot/share/ament_index/resource_index/packages/my_bot
[0.908s] -- Up-to-date symlink: /home/edisonwong/robot_ws/install/my_bot/share/my_bot/cmake/my_botConfig.cmake
[0.909s] -- Up-to-date symlink: /home/edisonwong/robot_ws/install/my_bot/share/my_bot/cmake/my_botConfig-version.cmake
[0.912s] -- Up-to-date symlink: /home/edisonwong/robot_ws/install/my_bot/share/my_bot/package.xml
[0.920s] Invoked command in '/home/edisonwong/robot_ws/build/my_bot' returned '0': CMAKE_PREFIX_PATH=${CMAKE_PREFIX_PATH}:/home/edisonwong/robot_ws/install/serial_motor_demo:/opt/ros/humble /usr/bin/cmake --install /home/edisonwong/robot_ws/build/my_bot
