[3.680s] Invoking command in '/home/edisonwong/robot_ws/build/serial_motor_demo': PYTHONPATH=/home/edisonwong/robot_ws/build/serial_motor_demo/prefix_override:/home/edisonwong/robot_ws/install/serial_motor_demo/lib/python3.10/site-packages:${PYTHONPATH} /usr/bin/python3 setup.py develop --editable --build-directory /home/edisonwong/robot_ws/build/serial_motor_demo/build --no-deps install_data
[4.886s] /usr/lib/python3/dist-packages/setuptools/dist.py:723: UserWarning: Usage of dash-separated 'script-dir' will not be supported in future versions. Please use the underscore name 'script_dir' instead
[4.887s]   warnings.warn(
[5.010s] running develop
[5.017s] /usr/lib/python3/dist-packages/setuptools/command/easy_install.py:158: EasyInstallDeprecationWarning: easy_install command is deprecated. Use build and pip and other standards-based tools.
[5.018s]   warnings.warn(
[5.025s] /usr/lib/python3/dist-packages/setuptools/command/install.py:34: SetuptoolsDeprecationWarning: setup.py install is deprecated. Use build and pip and other standards-based tools.
[5.025s]   warnings.warn(
[5.364s] /usr/lib/python3/dist-packages/pkg_resources/__init__.py:116: PkgResourcesDeprecationWarning: 1.16.0-unknown is an invalid version and will not be supported in a future release
[5.364s]   warnings.warn(
[5.365s] /usr/lib/python3/dist-packages/pkg_resources/__init__.py:116: PkgResourcesDeprecationWarning: 1.1build1 is an invalid version and will not be supported in a future release
[5.365s]   warnings.warn(
[5.366s] /usr/lib/python3/dist-packages/pkg_resources/__init__.py:116: PkgResourcesDeprecationWarning: 0.1.43ubuntu1 is an invalid version and will not be supported in a future release
[5.366s]   warnings.warn(
[5.967s] running egg_info
[5.967s] writing serial_motor_demo.egg-info/PKG-INFO
[5.969s] writing dependency_links to serial_motor_demo.egg-info/dependency_links.txt
[5.970s] writing entry points to serial_motor_demo.egg-info/entry_points.txt
[5.970s] writing requirements to serial_motor_demo.egg-info/requires.txt
[5.971s] writing top-level names to serial_motor_demo.egg-info/top_level.txt
[5.982s] reading manifest file 'serial_motor_demo.egg-info/SOURCES.txt'
[5.986s] writing manifest file 'serial_motor_demo.egg-info/SOURCES.txt'
[5.993s] running build_ext
[5.994s] Creating /home/edisonwong/robot_ws/install/serial_motor_demo/lib/python3.10/site-packages/serial-motor-demo.egg-link (link to .)
[5.998s] Installing driver script to /home/edisonwong/robot_ws/install/serial_motor_demo/lib/serial_motor_demo
[5.999s] Installing gui script to /home/edisonwong/robot_ws/install/serial_motor_demo/lib/serial_motor_demo
[6.001s] 
[6.001s] Installed /home/edisonwong/robot_ws/build/serial_motor_demo
[6.002s] running install_data
[6.147s] Invoked command in '/home/edisonwong/robot_ws/build/serial_motor_demo' returned '0': PYTHONPATH=/home/edisonwong/robot_ws/build/serial_motor_demo/prefix_override:/home/edisonwong/robot_ws/install/serial_motor_demo/lib/python3.10/site-packages:${PYTHONPATH} /usr/bin/python3 setup.py develop --editable --build-directory /home/edisonwong/robot_ws/build/serial_motor_demo/build --no-deps install_data
