[0.096s] Invoking command in '/home/edisonwong/robot_ws/src/build/my_bot': CMAKE_PREFIX_PATH=${CMAKE_PREFIX_PATH}:/home/edisonwong/robot_ws/src/install/serial_motor_demo:/home/edisonwong/robot_ws/install/serial_motor_demo:/opt/ros/humble /usr/bin/cmake --build /home/edisonwong/robot_ws/src/build/my_bot -- -j4 -l4
[0.224s] -- Found ament_cmake: 1.3.3 (/opt/ros/humble/share/ament_cmake/cmake)
[1.108s] -- Override CMake install command with custom implementation using symlinks instead of copying resources
[1.157s] -- Found ament_lint_auto: 0.12.5 (/opt/ros/humble/share/ament_lint_auto/cmake)
[1.575s] -- Added test 'copyright' to check source files copyright and LICENSE
[1.672s] -- Added test 'flake8' to check Python code syntax and style conventions
[1.683s] -- Added test 'lint_cmake' to check CMake code style
[1.690s] -- Added test 'pep257' to check Python code against some of the docstring style conventions in PEP 257
[1.740s] -- Added test 'xmllint' to check XML markup files
[1.751s] -- Configuring done
[1.786s] -- Generating done
[1.793s] -- Build files have been written to: /home/edisonwong/robot_ws/src/build/my_bot
[1.908s] Invoked command in '/home/edisonwong/robot_ws/src/build/my_bot' returned '0': CMAKE_PREFIX_PATH=${CMAKE_PREFIX_PATH}:/home/edisonwong/robot_ws/src/install/serial_motor_demo:/home/edisonwong/robot_ws/install/serial_motor_demo:/opt/ros/humble /usr/bin/cmake --build /home/edisonwong/robot_ws/src/build/my_bot -- -j4 -l4
[2.067s] Invoking command in '/home/edisonwong/robot_ws/src/build/my_bot': CMAKE_PREFIX_PATH=${CMAKE_PREFIX_PATH}:/home/edisonwong/robot_ws/src/install/serial_motor_demo:/home/edisonwong/robot_ws/install/serial_motor_demo:/opt/ros/humble /usr/bin/cmake --install /home/edisonwong/robot_ws/src/build/my_bot
[2.104s] -- Install configuration: ""
[2.106s] -- Execute custom install script
[2.108s] -- Up-to-date symlink: /home/edisonwong/robot_ws/src/install/my_bot/share/my_bot/config/drive_bot.rviz
[2.109s] -- Up-to-date symlink: /home/edisonwong/robot_ws/src/install/my_bot/share/my_bot/config/empty.yaml
[2.110s] -- Up-to-date symlink: /home/edisonwong/robot_ws/src/install/my_bot/share/my_bot/config/gazebo_params.yaml
[2.111s] -- Up-to-date symlink: /home/edisonwong/robot_ws/src/install/my_bot/share/my_bot/config/my_controllers.yaml
[2.112s] -- Up-to-date symlink: /home/edisonwong/robot_ws/src/install/my_bot/share/my_bot/config/view_bot.rviz
[2.114s] -- Up-to-date symlink: /home/edisonwong/robot_ws/src/install/my_bot/share/my_bot/description/camera.xacro
[2.115s] -- Up-to-date symlink: /home/edisonwong/robot_ws/src/install/my_bot/share/my_bot/description/depth_camera.xacro
[2.116s] -- Up-to-date symlink: /home/edisonwong/robot_ws/src/install/my_bot/share/my_bot/description/gazebo_control.xacro
[2.117s] -- Up-to-date symlink: /home/edisonwong/robot_ws/src/install/my_bot/share/my_bot/description/inertial_macros.xacro
[2.118s] -- Up-to-date symlink: /home/edisonwong/robot_ws/src/install/my_bot/share/my_bot/description/lidar.xacro
[2.119s] -- Up-to-date symlink: /home/edisonwong/robot_ws/src/install/my_bot/share/my_bot/description/robot.urdf.xacro
[2.120s] -- Up-to-date symlink: /home/edisonwong/robot_ws/src/install/my_bot/share/my_bot/description/robot_core.xacro
[2.121s] -- Up-to-date symlink: /home/edisonwong/robot_ws/src/install/my_bot/share/my_bot/description/ros2_control.xacro
[2.122s] -- Up-to-date symlink: /home/edisonwong/robot_ws/src/install/my_bot/share/my_bot/launch/launch_robot.launch.py
[2.123s] -- Up-to-date symlink: /home/edisonwong/robot_ws/src/install/my_bot/share/my_bot/launch/launch_sim.launch.py
[2.124s] -- Up-to-date symlink: /home/edisonwong/robot_ws/src/install/my_bot/share/my_bot/launch/rsp.launch.py
[2.126s] -- Up-to-date symlink: /home/edisonwong/robot_ws/src/install/my_bot/share/my_bot/worlds/empty.world
[2.127s] -- Up-to-date symlink: /home/edisonwong/robot_ws/src/install/my_bot/share/my_bot/worlds/kb5.world
[2.128s] -- Up-to-date symlink: /home/edisonwong/robot_ws/src/install/my_bot/share/my_bot/worlds/obstacles.world
[2.129s] -- Up-to-date symlink: /home/edisonwong/robot_ws/src/install/my_bot/share/ament_index/resource_index/package_run_dependencies/my_bot
[2.131s] -- Up-to-date symlink: /home/edisonwong/robot_ws/src/install/my_bot/share/ament_index/resource_index/parent_prefix_path/my_bot
[2.132s] -- Up-to-date symlink: /home/edisonwong/robot_ws/src/install/my_bot/share/my_bot/environment/ament_prefix_path.sh
[2.133s] -- Up-to-date symlink: /home/edisonwong/robot_ws/src/install/my_bot/share/my_bot/environment/ament_prefix_path.dsv
[2.135s] -- Up-to-date symlink: /home/edisonwong/robot_ws/src/install/my_bot/share/my_bot/environment/path.sh
[2.136s] -- Up-to-date symlink: /home/edisonwong/robot_ws/src/install/my_bot/share/my_bot/environment/path.dsv
[2.137s] -- Up-to-date symlink: /home/edisonwong/robot_ws/src/install/my_bot/share/my_bot/local_setup.bash
[2.138s] -- Up-to-date symlink: /home/edisonwong/robot_ws/src/install/my_bot/share/my_bot/local_setup.sh
[2.139s] -- Up-to-date symlink: /home/edisonwong/robot_ws/src/install/my_bot/share/my_bot/local_setup.zsh
[2.140s] -- Up-to-date symlink: /home/edisonwong/robot_ws/src/install/my_bot/share/my_bot/local_setup.dsv
[2.142s] -- Symlinking: /home/edisonwong/robot_ws/src/install/my_bot/share/my_bot/package.dsv
[2.187s] -- Up-to-date symlink: /home/edisonwong/robot_ws/src/install/my_bot/share/ament_index/resource_index/packages/my_bot
[2.188s] -- Up-to-date symlink: /home/edisonwong/robot_ws/src/install/my_bot/share/my_bot/cmake/my_botConfig.cmake
[2.189s] -- Up-to-date symlink: /home/edisonwong/robot_ws/src/install/my_bot/share/my_bot/cmake/my_botConfig-version.cmake
[2.190s] -- Up-to-date symlink: /home/edisonwong/robot_ws/src/install/my_bot/share/my_bot/package.xml
[2.206s] Invoked command in '/home/edisonwong/robot_ws/src/build/my_bot' returned '0': CMAKE_PREFIX_PATH=${CMAKE_PREFIX_PATH}:/home/edisonwong/robot_ws/src/install/serial_motor_demo:/home/edisonwong/robot_ws/install/serial_motor_demo:/opt/ros/humble /usr/bin/cmake --install /home/edisonwong/robot_ws/src/build/my_bot
