[1.618s] DEBUG:colcon:Command line arguments: ['/usr/bin/colcon', 'build', '--symlink-install']
[1.619s] DEBUG:colcon:Parsed command line arguments: Namespace(log_base=None, log_level=None, verb_name='build', build_base='build', install_base='install', merge_install=False, symlink_install=True, test_result_base=None, continue_on_error=False, executor='parallel', parallel_workers=4, event_handlers=None, ignore_user_meta=False, metas=['./colcon.meta'], base_paths=['.'], packages_ignore=None, packages_ignore_regex=None, paths=None, packages_up_to=None, packages_up_to_regex=None, packages_above=None, packages_above_and_dependencies=None, packages_above_depth=None, packages_select_by_dep=None, packages_skip_by_dep=None, packages_skip_up_to=None, packages_select_build_failed=False, packages_skip_build_finished=False, packages_select_test_failures=False, packages_skip_test_passed=False, packages_select=None, packages_skip=None, packages_select_regex=None, packages_skip_regex=None, packages_start=None, packages_end=None, allow_overriding=[], cmake_args=None, cmake_target=None, cmake_target_skip_unavailable=False, cmake_clean_cache=False, cmake_clean_first=False, cmake_force_configure=False, ament_cmake_args=None, catkin_cmake_args=None, catkin_skip_building_tests=False, verb_parser=<colcon_defaults.argument_parser.defaults.DefaultArgumentsDecorator object at 0xffff9ff67820>, verb_extension=<colcon_core.verb.build.BuildVerb object at 0xffffa0989180>, main=<bound method BuildVerb.main of <colcon_core.verb.build.BuildVerb object at 0xffffa0989180>>)
[1.757s] Level 1:colcon.colcon_core.package_discovery:discover_packages(colcon_meta) check parameters
[1.757s] Level 1:colcon.colcon_core.package_discovery:discover_packages(recursive) check parameters
[1.757s] Level 1:colcon.colcon_core.package_discovery:discover_packages(ignore) check parameters
[1.758s] Level 1:colcon.colcon_core.package_discovery:discover_packages(path) check parameters
[1.758s] Level 1:colcon.colcon_core.package_discovery:discover_packages(colcon_meta) discover
[1.758s] Level 1:colcon.colcon_core.package_discovery:discover_packages(recursive) discover
[1.758s] INFO:colcon.colcon_core.package_discovery:Crawling recursively for packages in '/home/edisonwong/robot_ws/src'
[1.759s] Level 1:colcon.colcon_core.package_identification:_identify(.) by extensions ['ignore', 'ignore_ament_install']
[1.759s] Level 1:colcon.colcon_core.package_identification:_identify(.) by extension 'ignore'
[1.760s] Level 1:colcon.colcon_core.package_identification:_identify(.) by extension 'ignore_ament_install'
[1.760s] Level 1:colcon.colcon_core.package_identification:_identify(.) by extensions ['colcon_pkg']
[1.760s] Level 1:colcon.colcon_core.package_identification:_identify(.) by extension 'colcon_pkg'
[1.760s] Level 1:colcon.colcon_core.package_identification:_identify(.) by extensions ['colcon_meta']
[1.760s] Level 1:colcon.colcon_core.package_identification:_identify(.) by extension 'colcon_meta'
[1.761s] Level 1:colcon.colcon_core.package_identification:_identify(.) by extensions ['ros']
[1.761s] Level 1:colcon.colcon_core.package_identification:_identify(.) by extension 'ros'
[1.812s] Level 1:colcon.colcon_core.package_identification:_identify(.) by extensions ['cmake', 'python']
[1.812s] Level 1:colcon.colcon_core.package_identification:_identify(.) by extension 'cmake'
[1.813s] Level 1:colcon.colcon_core.package_identification:_identify(.) by extension 'python'
[1.813s] Level 1:colcon.colcon_core.package_identification:_identify(.) by extensions ['python_setup_py']
[1.813s] Level 1:colcon.colcon_core.package_identification:_identify(.) by extension 'python_setup_py'
[1.814s] Level 1:colcon.colcon_core.package_identification:_identify(build) by extensions ['ignore', 'ignore_ament_install']
[1.815s] Level 1:colcon.colcon_core.package_identification:_identify(build) by extension 'ignore'
[1.815s] Level 1:colcon.colcon_core.package_identification:_identify(build) ignored
[1.816s] Level 1:colcon.colcon_core.package_identification:_identify(diffdrive_arduino) by extensions ['ignore', 'ignore_ament_install']
[1.816s] Level 1:colcon.colcon_core.package_identification:_identify(diffdrive_arduino) by extension 'ignore'
[1.816s] Level 1:colcon.colcon_core.package_identification:_identify(diffdrive_arduino) by extension 'ignore_ament_install'
[1.817s] Level 1:colcon.colcon_core.package_identification:_identify(diffdrive_arduino) by extensions ['colcon_pkg']
[1.817s] Level 1:colcon.colcon_core.package_identification:_identify(diffdrive_arduino) by extension 'colcon_pkg'
[1.817s] Level 1:colcon.colcon_core.package_identification:_identify(diffdrive_arduino) by extensions ['colcon_meta']
[1.817s] Level 1:colcon.colcon_core.package_identification:_identify(diffdrive_arduino) by extension 'colcon_meta'
[1.817s] Level 1:colcon.colcon_core.package_identification:_identify(diffdrive_arduino) by extensions ['ros']
[1.817s] Level 1:colcon.colcon_core.package_identification:_identify(diffdrive_arduino) by extension 'ros'
[1.830s] DEBUG:colcon.colcon_core.package_identification:Package 'diffdrive_arduino' with type 'ros.ament_cmake' and name 'diffdrive_arduino'
[1.831s] Level 1:colcon.colcon_core.package_identification:_identify(install) by extensions ['ignore', 'ignore_ament_install']
[1.831s] Level 1:colcon.colcon_core.package_identification:_identify(install) by extension 'ignore'
[1.832s] Level 1:colcon.colcon_core.package_identification:_identify(install) ignored
[1.832s] Level 1:colcon.colcon_core.package_identification:_identify(log) by extensions ['ignore', 'ignore_ament_install']
[1.833s] Level 1:colcon.colcon_core.package_identification:_identify(log) by extension 'ignore'
[1.833s] Level 1:colcon.colcon_core.package_identification:_identify(log) ignored
[1.834s] Level 1:colcon.colcon_core.package_identification:_identify(my_bot) by extensions ['ignore', 'ignore_ament_install']
[1.834s] Level 1:colcon.colcon_core.package_identification:_identify(my_bot) by extension 'ignore'
[1.834s] Level 1:colcon.colcon_core.package_identification:_identify(my_bot) by extension 'ignore_ament_install'
[1.835s] Level 1:colcon.colcon_core.package_identification:_identify(my_bot) by extensions ['colcon_pkg']
[1.835s] Level 1:colcon.colcon_core.package_identification:_identify(my_bot) by extension 'colcon_pkg'
[1.835s] Level 1:colcon.colcon_core.package_identification:_identify(my_bot) by extensions ['colcon_meta']
[1.835s] Level 1:colcon.colcon_core.package_identification:_identify(my_bot) by extension 'colcon_meta'
[1.835s] Level 1:colcon.colcon_core.package_identification:_identify(my_bot) by extensions ['ros']
[1.835s] Level 1:colcon.colcon_core.package_identification:_identify(my_bot) by extension 'ros'
[1.837s] DEBUG:colcon.colcon_core.package_identification:Package 'my_bot' with type 'ros.ament_cmake' and name 'my_bot'
[1.838s] Level 1:colcon.colcon_core.package_identification:_identify(serial) by extensions ['ignore', 'ignore_ament_install']
[1.839s] Level 1:colcon.colcon_core.package_identification:_identify(serial) by extension 'ignore'
[1.839s] Level 1:colcon.colcon_core.package_identification:_identify(serial) by extension 'ignore_ament_install'
[1.840s] Level 1:colcon.colcon_core.package_identification:_identify(serial) by extensions ['colcon_pkg']
[1.840s] Level 1:colcon.colcon_core.package_identification:_identify(serial) by extension 'colcon_pkg'
[1.840s] Level 1:colcon.colcon_core.package_identification:_identify(serial) by extensions ['colcon_meta']
[1.840s] Level 1:colcon.colcon_core.package_identification:_identify(serial) by extension 'colcon_meta'
[1.840s] Level 1:colcon.colcon_core.package_identification:_identify(serial) by extensions ['ros']
[1.841s] Level 1:colcon.colcon_core.package_identification:_identify(serial) by extension 'ros'
[1.843s] DEBUG:colcon.colcon_core.package_identification:Package 'serial' with type 'ros.ament_cmake' and name 'serial'
[1.843s] Level 1:colcon.colcon_core.package_discovery:discover_packages(recursive) using defaults
[1.844s] Level 1:colcon.colcon_core.package_discovery:discover_packages(ignore) discover
[1.844s] Level 1:colcon.colcon_core.package_discovery:discover_packages(ignore) using defaults
[1.844s] Level 1:colcon.colcon_core.package_discovery:discover_packages(path) discover
[1.844s] Level 1:colcon.colcon_core.package_discovery:discover_packages(path) using defaults
[1.956s] Level 1:colcon.colcon_core.package_discovery:discover_packages(prefix_path) check parameters
[1.956s] Level 1:colcon.colcon_core.package_discovery:discover_packages(prefix_path) discover
[1.974s] DEBUG:colcon.colcon_installed_package_information.package_discovery:Found 5 installed packages in /home/edisonwong/robot_ws/src/install
[1.980s] DEBUG:colcon.colcon_installed_package_information.package_discovery:Found 5 installed packages in /home/edisonwong/robot_ws/install
[1.996s] DEBUG:colcon.colcon_installed_package_information.package_discovery:Found 307 installed packages in /opt/ros/humble
[2.004s] Level 1:colcon.colcon_core.package_discovery:discover_packages(prefix_path) using defaults
[2.318s] Level 5:colcon.colcon_core.verb:set package 'my_bot' build argument 'cmake_args' from command line to 'None'
[2.318s] Level 5:colcon.colcon_core.verb:set package 'my_bot' build argument 'cmake_target' from command line to 'None'
[2.319s] Level 5:colcon.colcon_core.verb:set package 'my_bot' build argument 'cmake_target_skip_unavailable' from command line to 'False'
[2.319s] Level 5:colcon.colcon_core.verb:set package 'my_bot' build argument 'cmake_clean_cache' from command line to 'False'
[2.319s] Level 5:colcon.colcon_core.verb:set package 'my_bot' build argument 'cmake_clean_first' from command line to 'False'
[2.319s] Level 5:colcon.colcon_core.verb:set package 'my_bot' build argument 'cmake_force_configure' from command line to 'False'
[2.319s] Level 5:colcon.colcon_core.verb:set package 'my_bot' build argument 'ament_cmake_args' from command line to 'None'
[2.319s] Level 5:colcon.colcon_core.verb:set package 'my_bot' build argument 'catkin_cmake_args' from command line to 'None'
[2.320s] Level 5:colcon.colcon_core.verb:set package 'my_bot' build argument 'catkin_skip_building_tests' from command line to 'False'
[2.320s] DEBUG:colcon.colcon_core.verb:Building package 'my_bot' with the following arguments: {'ament_cmake_args': None, 'build_base': '/home/edisonwong/robot_ws/src/build/my_bot', 'catkin_cmake_args': None, 'catkin_skip_building_tests': False, 'cmake_args': None, 'cmake_clean_cache': False, 'cmake_clean_first': False, 'cmake_force_configure': False, 'cmake_target': None, 'cmake_target_skip_unavailable': False, 'install_base': '/home/edisonwong/robot_ws/src/install/my_bot', 'merge_install': False, 'path': '/home/edisonwong/robot_ws/src/my_bot', 'symlink_install': True, 'test_result_base': None}
[2.325s] Level 5:colcon.colcon_core.verb:set package 'serial' build argument 'cmake_args' from command line to 'None'
[2.325s] Level 5:colcon.colcon_core.verb:set package 'serial' build argument 'cmake_target' from command line to 'None'
[2.325s] Level 5:colcon.colcon_core.verb:set package 'serial' build argument 'cmake_target_skip_unavailable' from command line to 'False'
[2.325s] Level 5:colcon.colcon_core.verb:set package 'serial' build argument 'cmake_clean_cache' from command line to 'False'
[2.325s] Level 5:colcon.colcon_core.verb:set package 'serial' build argument 'cmake_clean_first' from command line to 'False'
[2.325s] Level 5:colcon.colcon_core.verb:set package 'serial' build argument 'cmake_force_configure' from command line to 'False'
[2.326s] Level 5:colcon.colcon_core.verb:set package 'serial' build argument 'ament_cmake_args' from command line to 'None'
[2.326s] Level 5:colcon.colcon_core.verb:set package 'serial' build argument 'catkin_cmake_args' from command line to 'None'
[2.326s] Level 5:colcon.colcon_core.verb:set package 'serial' build argument 'catkin_skip_building_tests' from command line to 'False'
[2.326s] DEBUG:colcon.colcon_core.verb:Building package 'serial' with the following arguments: {'ament_cmake_args': None, 'build_base': '/home/edisonwong/robot_ws/src/build/serial', 'catkin_cmake_args': None, 'catkin_skip_building_tests': False, 'cmake_args': None, 'cmake_clean_cache': False, 'cmake_clean_first': False, 'cmake_force_configure': False, 'cmake_target': None, 'cmake_target_skip_unavailable': False, 'install_base': '/home/edisonwong/robot_ws/src/install/serial', 'merge_install': False, 'path': '/home/edisonwong/robot_ws/src/serial', 'symlink_install': True, 'test_result_base': None}
[2.331s] Level 5:colcon.colcon_core.verb:set package 'diffdrive_arduino' build argument 'cmake_args' from command line to 'None'
[2.332s] Level 5:colcon.colcon_core.verb:set package 'diffdrive_arduino' build argument 'cmake_target' from command line to 'None'
[2.332s] Level 5:colcon.colcon_core.verb:set package 'diffdrive_arduino' build argument 'cmake_target_skip_unavailable' from command line to 'False'
[2.332s] Level 5:colcon.colcon_core.verb:set package 'diffdrive_arduino' build argument 'cmake_clean_cache' from command line to 'False'
[2.332s] Level 5:colcon.colcon_core.verb:set package 'diffdrive_arduino' build argument 'cmake_clean_first' from command line to 'False'
[2.333s] Level 5:colcon.colcon_core.verb:set package 'diffdrive_arduino' build argument 'cmake_force_configure' from command line to 'False'
[2.333s] Level 5:colcon.colcon_core.verb:set package 'diffdrive_arduino' build argument 'ament_cmake_args' from command line to 'None'
[2.333s] Level 5:colcon.colcon_core.verb:set package 'diffdrive_arduino' build argument 'catkin_cmake_args' from command line to 'None'
[2.333s] Level 5:colcon.colcon_core.verb:set package 'diffdrive_arduino' build argument 'catkin_skip_building_tests' from command line to 'False'
[2.333s] DEBUG:colcon.colcon_core.verb:Building package 'diffdrive_arduino' with the following arguments: {'ament_cmake_args': None, 'build_base': '/home/edisonwong/robot_ws/src/build/diffdrive_arduino', 'catkin_cmake_args': None, 'catkin_skip_building_tests': False, 'cmake_args': None, 'cmake_clean_cache': False, 'cmake_clean_first': False, 'cmake_force_configure': False, 'cmake_target': None, 'cmake_target_skip_unavailable': False, 'install_base': '/home/edisonwong/robot_ws/src/install/diffdrive_arduino', 'merge_install': False, 'path': '/home/edisonwong/robot_ws/src/diffdrive_arduino', 'symlink_install': True, 'test_result_base': None}
[2.336s] INFO:colcon.colcon_core.executor:Executing jobs using 'parallel' executor
[2.353s] DEBUG:colcon.colcon_parallel_executor.executor.parallel:run_until_complete
[2.354s] INFO:colcon.colcon_ros.task.ament_cmake.build:Building ROS package in '/home/edisonwong/robot_ws/src/serial' with build type 'ament_cmake'
[2.355s] INFO:colcon.colcon_cmake.task.cmake.build:Building CMake package in '/home/edisonwong/robot_ws/src/serial'
[2.378s] INFO:colcon.colcon_core.plugin_system:Skipping extension 'colcon_core.shell.bat': Not used on non-Windows systems
[2.379s] INFO:colcon.colcon_core.shell:Skip shell extension 'powershell' for command environment: Not usable outside of PowerShell
[2.379s] DEBUG:colcon.colcon_core.shell:Skip shell extension 'dsv' for command environment
[2.417s] INFO:colcon.colcon_ros.task.ament_cmake.build:Building ROS package in '/home/edisonwong/robot_ws/src/my_bot' with build type 'ament_cmake'
[2.418s] INFO:colcon.colcon_cmake.task.cmake.build:Building CMake package in '/home/edisonwong/robot_ws/src/my_bot'
[2.424s] INFO:colcon.colcon_core.shell:Skip shell extension 'powershell' for command environment: Not usable outside of PowerShell
[2.425s] DEBUG:colcon.colcon_core.shell:Skip shell extension 'dsv' for command environment
[2.481s] DEBUG:colcon.colcon_core.event_handler.log_command:Invoking command in '/home/edisonwong/robot_ws/src/build/serial': CMAKE_PREFIX_PATH=${CMAKE_PREFIX_PATH}:/home/edisonwong/robot_ws/src/install/serial_motor_demo:/home/edisonwong/robot_ws/install/serial_motor_demo:/opt/ros/humble /usr/bin/cmake --build /home/edisonwong/robot_ws/src/build/serial -- -j4 -l4
[2.514s] DEBUG:colcon.colcon_core.event_handler.log_command:Invoking command in '/home/edisonwong/robot_ws/src/build/my_bot': CMAKE_PREFIX_PATH=${CMAKE_PREFIX_PATH}:/home/edisonwong/robot_ws/src/install/serial_motor_demo:/home/edisonwong/robot_ws/install/serial_motor_demo:/opt/ros/humble /usr/bin/cmake --build /home/edisonwong/robot_ws/src/build/my_bot -- -j4 -l4
[2.729s] DEBUG:colcon.colcon_core.event_handler.log_command:Invoked command in '/home/edisonwong/robot_ws/src/build/my_bot' returned '0': CMAKE_PREFIX_PATH=${CMAKE_PREFIX_PATH}:/home/edisonwong/robot_ws/src/install/serial_motor_demo:/home/edisonwong/robot_ws/install/serial_motor_demo:/opt/ros/humble /usr/bin/cmake --build /home/edisonwong/robot_ws/src/build/my_bot -- -j4 -l4
[2.970s] DEBUG:colcon.colcon_core.event_handler.log_command:Invoking command in '/home/edisonwong/robot_ws/src/build/my_bot': CMAKE_PREFIX_PATH=${CMAKE_PREFIX_PATH}:/home/edisonwong/robot_ws/src/install/serial_motor_demo:/home/edisonwong/robot_ws/install/serial_motor_demo:/opt/ros/humble /usr/bin/cmake --install /home/edisonwong/robot_ws/src/build/my_bot
[3.003s] DEBUG:colcon.colcon_core.event_handler.log_command:Invoked command in '/home/edisonwong/robot_ws/src/build/serial' returned '0': CMAKE_PREFIX_PATH=${CMAKE_PREFIX_PATH}:/home/edisonwong/robot_ws/src/install/serial_motor_demo:/home/edisonwong/robot_ws/install/serial_motor_demo:/opt/ros/humble /usr/bin/cmake --build /home/edisonwong/robot_ws/src/build/serial -- -j4 -l4
[3.105s] Level 1:colcon.colcon_core.environment:create_environment_scripts_only(my_bot)
[3.110s] DEBUG:colcon.colcon_core.event_handler.log_command:Invoked command in '/home/edisonwong/robot_ws/src/build/my_bot' returned '0': CMAKE_PREFIX_PATH=${CMAKE_PREFIX_PATH}:/home/edisonwong/robot_ws/src/install/serial_motor_demo:/home/edisonwong/robot_ws/install/serial_motor_demo:/opt/ros/humble /usr/bin/cmake --install /home/edisonwong/robot_ws/src/build/my_bot
[3.132s] Level 1:colcon.colcon_core.environment:checking '/home/edisonwong/robot_ws/src/install/my_bot' for CMake module files
[3.135s] Level 1:colcon.colcon_core.environment:checking '/home/edisonwong/robot_ws/src/install/my_bot' for CMake config files
[3.139s] Level 1:colcon.colcon_core.shell:create_environment_hook('my_bot', 'cmake_prefix_path')
[3.145s] INFO:colcon.colcon_core.shell:Creating environment hook '/home/edisonwong/robot_ws/src/install/my_bot/share/my_bot/hook/cmake_prefix_path.ps1'
[3.148s] INFO:colcon.colcon_core.shell:Creating environment descriptor '/home/edisonwong/robot_ws/src/install/my_bot/share/my_bot/hook/cmake_prefix_path.dsv'
[3.150s] INFO:colcon.colcon_core.shell:Creating environment hook '/home/edisonwong/robot_ws/src/install/my_bot/share/my_bot/hook/cmake_prefix_path.sh'
[3.157s] Level 1:colcon.colcon_core.environment:checking '/home/edisonwong/robot_ws/src/install/my_bot/bin'
[3.158s] Level 1:colcon.colcon_core.environment:checking '/home/edisonwong/robot_ws/src/install/my_bot/lib/pkgconfig/my_bot.pc'
[3.159s] Level 1:colcon.colcon_core.environment:checking '/home/edisonwong/robot_ws/src/install/my_bot/lib/python3.10/site-packages'
[3.160s] Level 1:colcon.colcon_core.environment:checking '/home/edisonwong/robot_ws/src/install/my_bot/bin'
[3.167s] INFO:colcon.colcon_core.shell:Creating package script '/home/edisonwong/robot_ws/src/install/my_bot/share/my_bot/package.ps1'
[3.171s] INFO:colcon.colcon_core.shell:Creating package descriptor '/home/edisonwong/robot_ws/src/install/my_bot/share/my_bot/package.dsv'
[3.174s] INFO:colcon.colcon_core.shell:Creating package script '/home/edisonwong/robot_ws/src/install/my_bot/share/my_bot/package.sh'
[3.178s] INFO:colcon.colcon_core.shell:Creating package script '/home/edisonwong/robot_ws/src/install/my_bot/share/my_bot/package.bash'
[3.182s] INFO:colcon.colcon_core.shell:Creating package script '/home/edisonwong/robot_ws/src/install/my_bot/share/my_bot/package.zsh'
[3.185s] Level 1:colcon.colcon_core.environment:create_file_with_runtime_dependencies(/home/edisonwong/robot_ws/src/install/my_bot/share/colcon-core/packages/my_bot)
[3.282s] DEBUG:colcon.colcon_core.event_handler.log_command:Invoking command in '/home/edisonwong/robot_ws/src/build/serial': CMAKE_PREFIX_PATH=${CMAKE_PREFIX_PATH}:/home/edisonwong/robot_ws/src/install/serial_motor_demo:/home/edisonwong/robot_ws/install/serial_motor_demo:/opt/ros/humble /usr/bin/cmake --install /home/edisonwong/robot_ws/src/build/serial
[3.338s] Level 1:colcon.colcon_core.environment:create_environment_scripts_only(my_bot)
[3.348s] Level 1:colcon.colcon_core.environment:checking '/home/edisonwong/robot_ws/src/install/my_bot' for CMake module files
[3.355s] Level 1:colcon.colcon_core.environment:checking '/home/edisonwong/robot_ws/src/install/my_bot' for CMake config files
[3.360s] Level 1:colcon.colcon_core.shell:create_environment_hook('my_bot', 'cmake_prefix_path')
[3.368s] INFO:colcon.colcon_core.shell:Creating environment hook '/home/edisonwong/robot_ws/src/install/my_bot/share/my_bot/hook/cmake_prefix_path.ps1'
[3.370s] INFO:colcon.colcon_core.shell:Creating environment descriptor '/home/edisonwong/robot_ws/src/install/my_bot/share/my_bot/hook/cmake_prefix_path.dsv'
[3.373s] INFO:colcon.colcon_core.shell:Creating environment hook '/home/edisonwong/robot_ws/src/install/my_bot/share/my_bot/hook/cmake_prefix_path.sh'
[3.376s] Level 1:colcon.colcon_core.environment:checking '/home/edisonwong/robot_ws/src/install/my_bot/bin'
[3.377s] Level 1:colcon.colcon_core.environment:checking '/home/edisonwong/robot_ws/src/install/my_bot/lib/pkgconfig/my_bot.pc'
[3.378s] Level 1:colcon.colcon_core.environment:checking '/home/edisonwong/robot_ws/src/install/my_bot/lib/python3.10/site-packages'
[3.380s] Level 1:colcon.colcon_core.environment:checking '/home/edisonwong/robot_ws/src/install/my_bot/bin'
[3.387s] INFO:colcon.colcon_core.shell:Creating package script '/home/edisonwong/robot_ws/src/install/my_bot/share/my_bot/package.ps1'
[3.392s] INFO:colcon.colcon_core.shell:Creating package descriptor '/home/edisonwong/robot_ws/src/install/my_bot/share/my_bot/package.dsv'
[3.397s] INFO:colcon.colcon_core.shell:Creating package script '/home/edisonwong/robot_ws/src/install/my_bot/share/my_bot/package.sh'
[3.401s] INFO:colcon.colcon_core.shell:Creating package script '/home/edisonwong/robot_ws/src/install/my_bot/share/my_bot/package.bash'
[3.403s] INFO:colcon.colcon_core.shell:Creating package script '/home/edisonwong/robot_ws/src/install/my_bot/share/my_bot/package.zsh'
[3.406s] Level 1:colcon.colcon_core.environment:create_file_with_runtime_dependencies(/home/edisonwong/robot_ws/src/install/my_bot/share/colcon-core/packages/my_bot)
[3.410s] Level 1:colcon.colcon_core.environment:create_environment_scripts_only(serial)
[3.420s] Level 1:colcon.colcon_core.environment:checking '/home/edisonwong/robot_ws/src/install/serial' for CMake module files
[3.422s] DEBUG:colcon.colcon_core.event_handler.log_command:Invoked command in '/home/edisonwong/robot_ws/src/build/serial' returned '0': CMAKE_PREFIX_PATH=${CMAKE_PREFIX_PATH}:/home/edisonwong/robot_ws/src/install/serial_motor_demo:/home/edisonwong/robot_ws/install/serial_motor_demo:/opt/ros/humble /usr/bin/cmake --install /home/edisonwong/robot_ws/src/build/serial
[3.425s] Level 1:colcon.colcon_core.environment:checking '/home/edisonwong/robot_ws/src/install/serial' for CMake config files
[3.427s] Level 1:colcon.colcon_core.shell:create_environment_hook('serial', 'cmake_prefix_path')
[3.434s] INFO:colcon.colcon_core.shell:Creating environment hook '/home/edisonwong/robot_ws/src/install/serial/share/serial/hook/cmake_prefix_path.ps1'
[3.436s] INFO:colcon.colcon_core.shell:Creating environment descriptor '/home/edisonwong/robot_ws/src/install/serial/share/serial/hook/cmake_prefix_path.dsv'
[3.438s] INFO:colcon.colcon_core.shell:Creating environment hook '/home/edisonwong/robot_ws/src/install/serial/share/serial/hook/cmake_prefix_path.sh'
[3.441s] Level 1:colcon.colcon_core.environment:checking '/home/edisonwong/robot_ws/src/install/serial/lib'
[3.442s] Level 1:colcon.colcon_core.environment:checking '/home/edisonwong/robot_ws/src/install/serial/bin'
[3.443s] Level 1:colcon.colcon_core.environment:checking '/home/edisonwong/robot_ws/src/install/serial/lib/pkgconfig/serial.pc'
[3.444s] Level 1:colcon.colcon_core.environment:checking '/home/edisonwong/robot_ws/src/install/serial/lib/python3.10/site-packages'
[3.445s] Level 1:colcon.colcon_core.environment:checking '/home/edisonwong/robot_ws/src/install/serial/bin'
[3.451s] INFO:colcon.colcon_core.shell:Creating package script '/home/edisonwong/robot_ws/src/install/serial/share/serial/package.ps1'
[3.453s] INFO:colcon.colcon_core.shell:Creating package descriptor '/home/edisonwong/robot_ws/src/install/serial/share/serial/package.dsv'
[3.455s] INFO:colcon.colcon_core.shell:Creating package script '/home/edisonwong/robot_ws/src/install/serial/share/serial/package.sh'
[3.458s] INFO:colcon.colcon_core.shell:Creating package script '/home/edisonwong/robot_ws/src/install/serial/share/serial/package.bash'
[3.460s] INFO:colcon.colcon_core.shell:Creating package script '/home/edisonwong/robot_ws/src/install/serial/share/serial/package.zsh'
[3.462s] Level 1:colcon.colcon_core.environment:create_file_with_runtime_dependencies(/home/edisonwong/robot_ws/src/install/serial/share/colcon-core/packages/serial)
[3.735s] Level 1:colcon.colcon_core.environment:create_environment_scripts_only(serial)
[3.747s] Level 1:colcon.colcon_core.environment:checking '/home/edisonwong/robot_ws/src/install/serial' for CMake module files
[3.750s] Level 1:colcon.colcon_core.environment:checking '/home/edisonwong/robot_ws/src/install/serial' for CMake config files
[3.752s] Level 1:colcon.colcon_core.shell:create_environment_hook('serial', 'cmake_prefix_path')
[3.758s] INFO:colcon.colcon_core.shell:Creating environment hook '/home/edisonwong/robot_ws/src/install/serial/share/serial/hook/cmake_prefix_path.ps1'
[3.760s] INFO:colcon.colcon_core.shell:Creating environment descriptor '/home/edisonwong/robot_ws/src/install/serial/share/serial/hook/cmake_prefix_path.dsv'
[3.763s] INFO:colcon.colcon_core.shell:Creating environment hook '/home/edisonwong/robot_ws/src/install/serial/share/serial/hook/cmake_prefix_path.sh'
[3.766s] Level 1:colcon.colcon_core.environment:checking '/home/edisonwong/robot_ws/src/install/serial/lib'
[3.766s] Level 1:colcon.colcon_core.environment:checking '/home/edisonwong/robot_ws/src/install/serial/bin'
[3.767s] Level 1:colcon.colcon_core.environment:checking '/home/edisonwong/robot_ws/src/install/serial/lib/pkgconfig/serial.pc'
[3.768s] Level 1:colcon.colcon_core.environment:checking '/home/edisonwong/robot_ws/src/install/serial/lib/python3.10/site-packages'
[3.768s] Level 1:colcon.colcon_core.environment:checking '/home/edisonwong/robot_ws/src/install/serial/bin'
[3.775s] INFO:colcon.colcon_core.shell:Creating package script '/home/edisonwong/robot_ws/src/install/serial/share/serial/package.ps1'
[3.777s] INFO:colcon.colcon_core.shell:Creating package descriptor '/home/edisonwong/robot_ws/src/install/serial/share/serial/package.dsv'
[3.780s] INFO:colcon.colcon_core.shell:Creating package script '/home/edisonwong/robot_ws/src/install/serial/share/serial/package.sh'
[3.782s] INFO:colcon.colcon_core.shell:Creating package script '/home/edisonwong/robot_ws/src/install/serial/share/serial/package.bash'
[3.784s] INFO:colcon.colcon_core.shell:Creating package script '/home/edisonwong/robot_ws/src/install/serial/share/serial/package.zsh'
[3.786s] Level 1:colcon.colcon_core.environment:create_file_with_runtime_dependencies(/home/edisonwong/robot_ws/src/install/serial/share/colcon-core/packages/serial)
[3.788s] INFO:colcon.colcon_ros.task.ament_cmake.build:Building ROS package in '/home/edisonwong/robot_ws/src/diffdrive_arduino' with build type 'ament_cmake'
[3.788s] INFO:colcon.colcon_cmake.task.cmake.build:Building CMake package in '/home/edisonwong/robot_ws/src/diffdrive_arduino'
[3.795s] INFO:colcon.colcon_core.shell:Skip shell extension 'powershell' for command environment: Not usable outside of PowerShell
[3.795s] DEBUG:colcon.colcon_core.shell:Skip shell extension 'dsv' for command environment
[3.879s] DEBUG:colcon.colcon_core.event_handler.log_command:Invoking command in '/home/edisonwong/robot_ws/src/build/diffdrive_arduino': CMAKE_PREFIX_PATH=/home/edisonwong/robot_ws/src/install/serial:/home/edisonwong/robot_ws/src/install/serial_motor_demo_msgs:/home/edisonwong/robot_ws/src/install/diffdrive_arduino:/home/edisonwong/robot_ws/src/install/my_bot:/home/edisonwong/robot_ws/install/serial_motor_demo_msgs:/home/edisonwong/robot_ws/install/diffdrive_arduino:/home/edisonwong/robot_ws/install/serial:/home/edisonwong/robot_ws/install/my_bot:/home/edisonwong/robot_ws/src/install/serial_motor_demo:/home/edisonwong/robot_ws/install/serial_motor_demo:/opt/ros/humble /usr/bin/cmake --build /home/edisonwong/robot_ws/src/build/diffdrive_arduino -- -j4 -l4
[4.269s] DEBUG:colcon.colcon_core.event_handler.log_command:Invoked command in '/home/edisonwong/robot_ws/src/build/diffdrive_arduino' returned '0': CMAKE_PREFIX_PATH=/home/edisonwong/robot_ws/src/install/serial:/home/edisonwong/robot_ws/src/install/serial_motor_demo_msgs:/home/edisonwong/robot_ws/src/install/diffdrive_arduino:/home/edisonwong/robot_ws/src/install/my_bot:/home/edisonwong/robot_ws/install/serial_motor_demo_msgs:/home/edisonwong/robot_ws/install/diffdrive_arduino:/home/edisonwong/robot_ws/install/serial:/home/edisonwong/robot_ws/install/my_bot:/home/edisonwong/robot_ws/src/install/serial_motor_demo:/home/edisonwong/robot_ws/install/serial_motor_demo:/opt/ros/humble /usr/bin/cmake --build /home/edisonwong/robot_ws/src/build/diffdrive_arduino -- -j4 -l4
[4.509s] DEBUG:colcon.colcon_core.event_handler.log_command:Invoking command in '/home/edisonwong/robot_ws/src/build/diffdrive_arduino': CMAKE_PREFIX_PATH=/home/edisonwong/robot_ws/src/install/serial:/home/edisonwong/robot_ws/src/install/serial_motor_demo_msgs:/home/edisonwong/robot_ws/src/install/diffdrive_arduino:/home/edisonwong/robot_ws/src/install/my_bot:/home/edisonwong/robot_ws/install/serial_motor_demo_msgs:/home/edisonwong/robot_ws/install/diffdrive_arduino:/home/edisonwong/robot_ws/install/serial:/home/edisonwong/robot_ws/install/my_bot:/home/edisonwong/robot_ws/src/install/serial_motor_demo:/home/edisonwong/robot_ws/install/serial_motor_demo:/opt/ros/humble /usr/bin/cmake --install /home/edisonwong/robot_ws/src/build/diffdrive_arduino
[4.635s] Level 1:colcon.colcon_core.environment:create_environment_scripts_only(diffdrive_arduino)
[4.647s] Level 1:colcon.colcon_core.environment:checking '/home/edisonwong/robot_ws/src/install/diffdrive_arduino' for CMake module files
[4.648s] DEBUG:colcon.colcon_core.event_handler.log_command:Invoked command in '/home/edisonwong/robot_ws/src/build/diffdrive_arduino' returned '0': CMAKE_PREFIX_PATH=/home/edisonwong/robot_ws/src/install/serial:/home/edisonwong/robot_ws/src/install/serial_motor_demo_msgs:/home/edisonwong/robot_ws/src/install/diffdrive_arduino:/home/edisonwong/robot_ws/src/install/my_bot:/home/edisonwong/robot_ws/install/serial_motor_demo_msgs:/home/edisonwong/robot_ws/install/diffdrive_arduino:/home/edisonwong/robot_ws/install/serial:/home/edisonwong/robot_ws/install/my_bot:/home/edisonwong/robot_ws/src/install/serial_motor_demo:/home/edisonwong/robot_ws/install/serial_motor_demo:/opt/ros/humble /usr/bin/cmake --install /home/edisonwong/robot_ws/src/build/diffdrive_arduino
[4.652s] Level 1:colcon.colcon_core.environment:checking '/home/edisonwong/robot_ws/src/install/diffdrive_arduino' for CMake config files
[4.656s] Level 1:colcon.colcon_core.shell:create_environment_hook('diffdrive_arduino', 'cmake_prefix_path')
[4.662s] INFO:colcon.colcon_core.shell:Creating environment hook '/home/edisonwong/robot_ws/src/install/diffdrive_arduino/share/diffdrive_arduino/hook/cmake_prefix_path.ps1'
[4.664s] INFO:colcon.colcon_core.shell:Creating environment descriptor '/home/edisonwong/robot_ws/src/install/diffdrive_arduino/share/diffdrive_arduino/hook/cmake_prefix_path.dsv'
[4.667s] INFO:colcon.colcon_core.shell:Creating environment hook '/home/edisonwong/robot_ws/src/install/diffdrive_arduino/share/diffdrive_arduino/hook/cmake_prefix_path.sh'
[4.670s] Level 1:colcon.colcon_core.environment:checking '/home/edisonwong/robot_ws/src/install/diffdrive_arduino/lib'
[4.671s] Level 1:colcon.colcon_core.shell:create_environment_hook('diffdrive_arduino', 'ld_library_path_lib')
[4.676s] INFO:colcon.colcon_core.shell:Creating environment hook '/home/edisonwong/robot_ws/src/install/diffdrive_arduino/share/diffdrive_arduino/hook/ld_library_path_lib.ps1'
[4.679s] INFO:colcon.colcon_core.shell:Creating environment descriptor '/home/edisonwong/robot_ws/src/install/diffdrive_arduino/share/diffdrive_arduino/hook/ld_library_path_lib.dsv'
[4.680s] INFO:colcon.colcon_core.shell:Creating environment hook '/home/edisonwong/robot_ws/src/install/diffdrive_arduino/share/diffdrive_arduino/hook/ld_library_path_lib.sh'
[4.683s] Level 1:colcon.colcon_core.environment:checking '/home/edisonwong/robot_ws/src/install/diffdrive_arduino/bin'
[4.683s] Level 1:colcon.colcon_core.environment:checking '/home/edisonwong/robot_ws/src/install/diffdrive_arduino/lib/pkgconfig/diffdrive_arduino.pc'
[4.684s] Level 1:colcon.colcon_core.environment:checking '/home/edisonwong/robot_ws/src/install/diffdrive_arduino/lib/python3.10/site-packages'
[4.685s] Level 1:colcon.colcon_core.environment:checking '/home/edisonwong/robot_ws/src/install/diffdrive_arduino/bin'
[4.692s] INFO:colcon.colcon_core.shell:Creating package script '/home/edisonwong/robot_ws/src/install/diffdrive_arduino/share/diffdrive_arduino/package.ps1'
[4.695s] INFO:colcon.colcon_core.shell:Creating package descriptor '/home/edisonwong/robot_ws/src/install/diffdrive_arduino/share/diffdrive_arduino/package.dsv'
[4.697s] INFO:colcon.colcon_core.shell:Creating package script '/home/edisonwong/robot_ws/src/install/diffdrive_arduino/share/diffdrive_arduino/package.sh'
[4.699s] INFO:colcon.colcon_core.shell:Creating package script '/home/edisonwong/robot_ws/src/install/diffdrive_arduino/share/diffdrive_arduino/package.bash'
[4.701s] INFO:colcon.colcon_core.shell:Creating package script '/home/edisonwong/robot_ws/src/install/diffdrive_arduino/share/diffdrive_arduino/package.zsh'
[4.703s] Level 1:colcon.colcon_core.environment:create_file_with_runtime_dependencies(/home/edisonwong/robot_ws/src/install/diffdrive_arduino/share/colcon-core/packages/diffdrive_arduino)
[4.945s] Level 1:colcon.colcon_core.environment:create_environment_scripts_only(diffdrive_arduino)
[4.955s] Level 1:colcon.colcon_core.environment:checking '/home/edisonwong/robot_ws/src/install/diffdrive_arduino' for CMake module files
[4.959s] Level 1:colcon.colcon_core.environment:checking '/home/edisonwong/robot_ws/src/install/diffdrive_arduino' for CMake config files
[4.963s] Level 1:colcon.colcon_core.shell:create_environment_hook('diffdrive_arduino', 'cmake_prefix_path')
[4.969s] INFO:colcon.colcon_core.shell:Creating environment hook '/home/edisonwong/robot_ws/src/install/diffdrive_arduino/share/diffdrive_arduino/hook/cmake_prefix_path.ps1'
[4.972s] INFO:colcon.colcon_core.shell:Creating environment descriptor '/home/edisonwong/robot_ws/src/install/diffdrive_arduino/share/diffdrive_arduino/hook/cmake_prefix_path.dsv'
[4.974s] INFO:colcon.colcon_core.shell:Creating environment hook '/home/edisonwong/robot_ws/src/install/diffdrive_arduino/share/diffdrive_arduino/hook/cmake_prefix_path.sh'
[4.977s] Level 1:colcon.colcon_core.environment:checking '/home/edisonwong/robot_ws/src/install/diffdrive_arduino/lib'
[4.977s] Level 1:colcon.colcon_core.shell:create_environment_hook('diffdrive_arduino', 'ld_library_path_lib')
[4.983s] INFO:colcon.colcon_core.shell:Creating environment hook '/home/edisonwong/robot_ws/src/install/diffdrive_arduino/share/diffdrive_arduino/hook/ld_library_path_lib.ps1'
[4.985s] INFO:colcon.colcon_core.shell:Creating environment descriptor '/home/edisonwong/robot_ws/src/install/diffdrive_arduino/share/diffdrive_arduino/hook/ld_library_path_lib.dsv'
[4.987s] INFO:colcon.colcon_core.shell:Creating environment hook '/home/edisonwong/robot_ws/src/install/diffdrive_arduino/share/diffdrive_arduino/hook/ld_library_path_lib.sh'
[4.989s] Level 1:colcon.colcon_core.environment:checking '/home/edisonwong/robot_ws/src/install/diffdrive_arduino/bin'
[4.989s] Level 1:colcon.colcon_core.environment:checking '/home/edisonwong/robot_ws/src/install/diffdrive_arduino/lib/pkgconfig/diffdrive_arduino.pc'
[4.991s] Level 1:colcon.colcon_core.environment:checking '/home/edisonwong/robot_ws/src/install/diffdrive_arduino/lib/python3.10/site-packages'
[4.992s] Level 1:colcon.colcon_core.environment:checking '/home/edisonwong/robot_ws/src/install/diffdrive_arduino/bin'
[4.998s] INFO:colcon.colcon_core.shell:Creating package script '/home/edisonwong/robot_ws/src/install/diffdrive_arduino/share/diffdrive_arduino/package.ps1'
[5.001s] INFO:colcon.colcon_core.shell:Creating package descriptor '/home/edisonwong/robot_ws/src/install/diffdrive_arduino/share/diffdrive_arduino/package.dsv'
[5.003s] INFO:colcon.colcon_core.shell:Creating package script '/home/edisonwong/robot_ws/src/install/diffdrive_arduino/share/diffdrive_arduino/package.sh'
[5.006s] INFO:colcon.colcon_core.shell:Creating package script '/home/edisonwong/robot_ws/src/install/diffdrive_arduino/share/diffdrive_arduino/package.bash'
[5.008s] INFO:colcon.colcon_core.shell:Creating package script '/home/edisonwong/robot_ws/src/install/diffdrive_arduino/share/diffdrive_arduino/package.zsh'
[5.010s] Level 1:colcon.colcon_core.environment:create_file_with_runtime_dependencies(/home/edisonwong/robot_ws/src/install/diffdrive_arduino/share/colcon-core/packages/diffdrive_arduino)
[5.012s] DEBUG:colcon.colcon_parallel_executor.executor.parallel:closing loop
[5.013s] DEBUG:colcon.colcon_parallel_executor.executor.parallel:loop closed
[5.014s] DEBUG:colcon.colcon_parallel_executor.executor.parallel:run_until_complete finished with '0'
[5.014s] DEBUG:colcon.colcon_core.event_reactor:joining thread
[5.042s] INFO:colcon.colcon_core.plugin_system:Skipping extension 'colcon_notification.desktop_notification.terminal_notifier': Not used on non-Darwin systems
[5.042s] INFO:colcon.colcon_core.plugin_system:Skipping extension 'colcon_notification.desktop_notification.win32': Not used on non-Windows systems
[5.043s] INFO:colcon.colcon_notification.desktop_notification:Sending desktop notification using 'notify2'
[5.087s] DEBUG:colcon.colcon_core.event_reactor:joined thread
[5.094s] INFO:colcon.colcon_core.shell:Creating prefix script '/home/edisonwong/robot_ws/src/install/local_setup.ps1'
[5.098s] INFO:colcon.colcon_core.shell:Creating prefix util module '/home/edisonwong/robot_ws/src/install/_local_setup_util_ps1.py'
[5.104s] INFO:colcon.colcon_core.shell:Creating prefix chain script '/home/edisonwong/robot_ws/src/install/setup.ps1'
[5.114s] INFO:colcon.colcon_core.shell:Creating prefix script '/home/edisonwong/robot_ws/src/install/local_setup.sh'
[5.117s] INFO:colcon.colcon_core.shell:Creating prefix util module '/home/edisonwong/robot_ws/src/install/_local_setup_util_sh.py'
[5.119s] INFO:colcon.colcon_core.shell:Creating prefix chain script '/home/edisonwong/robot_ws/src/install/setup.sh'
[5.129s] INFO:colcon.colcon_core.shell:Creating prefix script '/home/edisonwong/robot_ws/src/install/local_setup.bash'
[5.132s] INFO:colcon.colcon_core.shell:Creating prefix chain script '/home/edisonwong/robot_ws/src/install/setup.bash'
[5.142s] INFO:colcon.colcon_core.shell:Creating prefix script '/home/edisonwong/robot_ws/src/install/local_setup.zsh'
[5.144s] INFO:colcon.colcon_core.shell:Creating prefix chain script '/home/edisonwong/robot_ws/src/install/setup.zsh'
