[0.178s] Invoking command in '/home/edisonwong/robot_ws/build/serial': CMAKE_PREFIX_PATH=/opt/ros/humble /usr/bin/cmake --build /home/edisonwong/robot_ws/build/serial -- -j4 -l4
[0.912s] [ 28%] Built target gtest_main
[0.935s] [ 42%] Built target serial
[0.939s] [ 57%] Built target gtest
[1.165s] [ 71%] Built target serial_example
[1.240s] [ 85%] Built target serial-test-timer
[1.327s] [100%] Built target serial-test
[1.682s] Invoked command in '/home/edisonwong/robot_ws/build/serial' returned '0': CMAKE_PREFIX_PATH=/opt/ros/humble /usr/bin/cmake --build /home/edisonwong/robot_ws/build/serial -- -j4 -l4
[2.102s] Invoking command in '/home/edisonwong/robot_ws/build/serial': CMAKE_PREFIX_PATH=/opt/ros/humble /usr/bin/cmake --install /home/edisonwong/robot_ws/build/serial
[2.145s] -- Install configuration: ""
[2.154s] -- Execute custom install script
[2.161s] -- Up-to-date symlink: /home/edisonwong/robot_ws/install/serial/lib/libserial.a
[2.162s] -- Up-to-date symlink: /home/edisonwong/robot_ws/install/serial/include/serial/serial.h
[2.165s] -- Up-to-date symlink: /home/edisonwong/robot_ws/install/serial/include/serial/v8stdint.h
[2.167s] -- Up-to-date symlink: /home/edisonwong/robot_ws/install/serial/share/serial/environment/library_path.sh
[2.169s] -- Up-to-date symlink: /home/edisonwong/robot_ws/install/serial/share/serial/environment/library_path.dsv
[2.172s] -- Up-to-date symlink: /home/edisonwong/robot_ws/install/serial/share/ament_index/resource_index/package_run_dependencies/serial
[2.174s] -- Up-to-date symlink: /home/edisonwong/robot_ws/install/serial/share/ament_index/resource_index/parent_prefix_path/serial
[2.177s] -- Up-to-date symlink: /home/edisonwong/robot_ws/install/serial/share/serial/environment/ament_prefix_path.sh
[2.179s] -- Up-to-date symlink: /home/edisonwong/robot_ws/install/serial/share/serial/environment/ament_prefix_path.dsv
[2.181s] -- Up-to-date symlink: /home/edisonwong/robot_ws/install/serial/share/serial/environment/path.sh
[2.184s] -- Up-to-date symlink: /home/edisonwong/robot_ws/install/serial/share/serial/environment/path.dsv
[2.186s] -- Up-to-date symlink: /home/edisonwong/robot_ws/install/serial/share/serial/local_setup.bash
[2.189s] -- Up-to-date symlink: /home/edisonwong/robot_ws/install/serial/share/serial/local_setup.sh
[2.191s] -- Up-to-date symlink: /home/edisonwong/robot_ws/install/serial/share/serial/local_setup.zsh
[2.194s] -- Up-to-date symlink: /home/edisonwong/robot_ws/install/serial/share/serial/local_setup.dsv
[2.196s] -- Symlinking: /home/edisonwong/robot_ws/install/serial/share/serial/package.dsv
[2.250s] -- Up-to-date symlink: /home/edisonwong/robot_ws/install/serial/share/ament_index/resource_index/packages/serial
[2.252s] -- Up-to-date symlink: /home/edisonwong/robot_ws/install/serial/share/serial/cmake/ament_cmake_export_include_directories-extras.cmake
[2.255s] -- Up-to-date symlink: /home/edisonwong/robot_ws/install/serial/share/serial/cmake/ament_cmake_export_libraries-extras.cmake
[2.257s] -- Up-to-date symlink: /home/edisonwong/robot_ws/install/serial/share/serial/cmake/serialConfig.cmake
[2.259s] -- Up-to-date symlink: /home/edisonwong/robot_ws/install/serial/share/serial/cmake/serialConfig-version.cmake
[2.261s] -- Up-to-date symlink: /home/edisonwong/robot_ws/install/serial/share/serial/package.xml
[2.293s] Invoked command in '/home/edisonwong/robot_ws/build/serial' returned '0': CMAKE_PREFIX_PATH=/opt/ros/humble /usr/bin/cmake --install /home/edisonwong/robot_ws/build/serial
