[0.106s] Invoking command in '/home/edisonwong/robot_ws/build/my_bot': CMAKE_PREFIX_PATH=/opt/ros/humble /usr/bin/cmake /home/edisonwong/robot_ws/src/my_bot -DAMENT_CMAKE_SYMLINK_INSTALL=1 -DCMAKE_INSTALL_PREFIX=/home/edisonwong/robot_ws/install/my_bot
[1.438s] -- The C compiler identification is GNU 11.3.0
[2.268s] -- The CXX compiler identification is GNU 11.3.0
[2.321s] -- Detecting C compiler ABI info
[2.764s] -- Detecting C compiler ABI info - done
[2.798s] -- Check for working C compiler: /usr/bin/cc - skipped
[2.799s] -- Detecting C compile features
[2.801s] -- Detecting C compile features - done
[2.816s] -- Detecting CXX compiler ABI info
[3.396s] -- Detecting CXX compiler ABI info - done
[3.427s] -- Check for working CXX compiler: /usr/bin/c++ - skipped
[3.429s] -- Detecting CXX compile features
[3.430s] -- Detecting CXX compile features - done
[5.277s] -- Found ament_cmake: 1.3.3 (/opt/ros/humble/share/ament_cmake/cmake)
[6.937s] -- Found Python3: /usr/bin/python3.10 (found version "3.10.6") found components: Interpreter 
[7.382s] -- Override CMake install command with custom implementation using symlinks instead of copying resources
[7.765s] -- Found ament_lint_auto: 0.12.4 (/opt/ros/humble/share/ament_lint_auto/cmake)
[8.445s] -- Added test 'copyright' to check source files copyright and LICENSE
[8.550s] -- Added test 'flake8' to check Python code syntax and style conventions
[8.565s] -- Added test 'lint_cmake' to check CMake code style
[8.576s] -- Added test 'pep257' to check Python code against some of the docstring style conventions in PEP 257
[8.634s] -- Added test 'xmllint' to check XML markup files
[8.650s] -- Configuring done
[8.678s] -- Generating done
[8.686s] -- Build files have been written to: /home/edisonwong/robot_ws/build/my_bot
[9.173s] Invoked command in '/home/edisonwong/robot_ws/build/my_bot' returned '0': CMAKE_PREFIX_PATH=/opt/ros/humble /usr/bin/cmake /home/edisonwong/robot_ws/src/my_bot -DAMENT_CMAKE_SYMLINK_INSTALL=1 -DCMAKE_INSTALL_PREFIX=/home/edisonwong/robot_ws/install/my_bot
[9.182s] Invoking command in '/home/edisonwong/robot_ws/build/my_bot': CMAKE_PREFIX_PATH=/opt/ros/humble /usr/bin/cmake --build /home/edisonwong/robot_ws/build/my_bot -- -j4 -l4
[9.362s] Invoked command in '/home/edisonwong/robot_ws/build/my_bot' returned '0': CMAKE_PREFIX_PATH=/opt/ros/humble /usr/bin/cmake --build /home/edisonwong/robot_ws/build/my_bot -- -j4 -l4
[9.487s] Invoking command in '/home/edisonwong/robot_ws/build/my_bot': CMAKE_PREFIX_PATH=/opt/ros/humble /usr/bin/cmake --install /home/edisonwong/robot_ws/build/my_bot
[9.530s] -- Install configuration: ""
[9.534s] -- Execute custom install script
[9.539s] -- Symlinking: /home/edisonwong/robot_ws/install/my_bot/share/my_bot/config/drive_bot.rviz
[9.602s] -- Symlinking: /home/edisonwong/robot_ws/install/my_bot/share/my_bot/config/empty.yaml
[9.658s] -- Symlinking: /home/edisonwong/robot_ws/install/my_bot/share/my_bot/config/gazebo_params.yaml
[9.705s] -- Symlinking: /home/edisonwong/robot_ws/install/my_bot/share/my_bot/config/my_controllers.yaml
[9.751s] -- Symlinking: /home/edisonwong/robot_ws/install/my_bot/share/my_bot/config/view_bot.rviz
[9.798s] -- Symlinking: /home/edisonwong/robot_ws/install/my_bot/share/my_bot/description/camera.xacro
[9.839s] -- Symlinking: /home/edisonwong/robot_ws/install/my_bot/share/my_bot/description/depth_camera.xacro
[9.890s] -- Symlinking: /home/edisonwong/robot_ws/install/my_bot/share/my_bot/description/gazebo_control.xacro
[9.930s] -- Symlinking: /home/edisonwong/robot_ws/install/my_bot/share/my_bot/description/inertial_macros.xacro
[9.969s] -- Symlinking: /home/edisonwong/robot_ws/install/my_bot/share/my_bot/description/lidar.xacro
[10.008s] -- Symlinking: /home/edisonwong/robot_ws/install/my_bot/share/my_bot/description/robot.urdf.xacro
[10.050s] -- Symlinking: /home/edisonwong/robot_ws/install/my_bot/share/my_bot/description/robot_core.xacro
[10.090s] -- Symlinking: /home/edisonwong/robot_ws/install/my_bot/share/my_bot/description/ros2_control.xacro
[10.129s] -- Symlinking: /home/edisonwong/robot_ws/install/my_bot/share/my_bot/launch/launch_sim.launch.py
[10.171s] -- Symlinking: /home/edisonwong/robot_ws/install/my_bot/share/my_bot/launch/rsp.launch.py
[10.217s] -- Symlinking: /home/edisonwong/robot_ws/install/my_bot/share/my_bot/worlds/empty.world
[10.260s] -- Symlinking: /home/edisonwong/robot_ws/install/my_bot/share/my_bot/worlds/kb5.world
[10.308s] -- Symlinking: /home/edisonwong/robot_ws/install/my_bot/share/my_bot/worlds/obstacles.world
[10.353s] -- Symlinking: /home/edisonwong/robot_ws/install/my_bot/share/ament_index/resource_index/package_run_dependencies/my_bot
[10.402s] -- Symlinking: /home/edisonwong/robot_ws/install/my_bot/share/ament_index/resource_index/parent_prefix_path/my_bot
[10.445s] -- Symlinking: /home/edisonwong/robot_ws/install/my_bot/share/my_bot/environment/ament_prefix_path.sh
[10.490s] -- Symlinking: /home/edisonwong/robot_ws/install/my_bot/share/my_bot/environment/ament_prefix_path.dsv
[10.531s] -- Symlinking: /home/edisonwong/robot_ws/install/my_bot/share/my_bot/environment/path.sh
[10.576s] -- Symlinking: /home/edisonwong/robot_ws/install/my_bot/share/my_bot/environment/path.dsv
[10.621s] -- Symlinking: /home/edisonwong/robot_ws/install/my_bot/share/my_bot/local_setup.bash
[10.731s] -- Symlinking: /home/edisonwong/robot_ws/install/my_bot/share/my_bot/local_setup.sh
[10.827s] -- Symlinking: /home/edisonwong/robot_ws/install/my_bot/share/my_bot/local_setup.zsh
[10.926s] -- Symlinking: /home/edisonwong/robot_ws/install/my_bot/share/my_bot/local_setup.dsv
[11.026s] -- Symlinking: /home/edisonwong/robot_ws/install/my_bot/share/my_bot/package.dsv
[11.136s] -- Symlinking: /home/edisonwong/robot_ws/install/my_bot/share/ament_index/resource_index/packages/my_bot
[11.200s] -- Symlinking: /home/edisonwong/robot_ws/install/my_bot/share/my_bot/cmake/my_botConfig.cmake
[11.248s] -- Symlinking: /home/edisonwong/robot_ws/install/my_bot/share/my_bot/cmake/my_botConfig-version.cmake
[11.294s] -- Symlinking: /home/edisonwong/robot_ws/install/my_bot/share/my_bot/package.xml
[11.354s] Invoked command in '/home/edisonwong/robot_ws/build/my_bot' returned '0': CMAKE_PREFIX_PATH=/opt/ros/humble /usr/bin/cmake --install /home/edisonwong/robot_ws/build/my_bot
