[1.728s] DEBUG:colcon:Command line arguments: ['/usr/bin/colcon', 'build', '--symlink-install']
[1.729s] DEBUG:colcon:Parsed command line arguments: Namespace(log_base=None, log_level=None, verb_name='build', build_base='build', install_base='install', merge_install=False, symlink_install=True, test_result_base=None, continue_on_error=False, executor='parallel', parallel_workers=4, event_handlers=None, ignore_user_meta=False, metas=['./colcon.meta'], base_paths=['.'], packages_ignore=None, packages_ignore_regex=None, paths=None, packages_up_to=None, packages_up_to_regex=None, packages_above=None, packages_above_and_dependencies=None, packages_above_depth=None, packages_select_by_dep=None, packages_skip_by_dep=None, packages_skip_up_to=None, packages_select_build_failed=False, packages_skip_build_finished=False, packages_select_test_failures=False, packages_skip_test_passed=False, packages_select=None, packages_skip=None, packages_select_regex=None, packages_skip_regex=None, packages_start=None, packages_end=None, allow_overriding=[], cmake_args=None, cmake_target=None, cmake_target_skip_unavailable=False, cmake_clean_cache=False, cmake_clean_first=False, cmake_force_configure=False, ament_cmake_args=None, catkin_cmake_args=None, catkin_skip_building_tests=False, verb_parser=<colcon_defaults.argument_parser.defaults.DefaultArgumentsDecorator object at 0xffff806bca30>, verb_extension=<colcon_core.verb.build.BuildVerb object at 0xffff810cba90>, main=<bound method BuildVerb.main of <colcon_core.verb.build.BuildVerb object at 0xffff810cba90>>)
[1.874s] Level 1:colcon.colcon_core.package_discovery:discover_packages(colcon_meta) check parameters
[1.875s] Level 1:colcon.colcon_core.package_discovery:discover_packages(recursive) check parameters
[1.875s] Level 1:colcon.colcon_core.package_discovery:discover_packages(ignore) check parameters
[1.875s] Level 1:colcon.colcon_core.package_discovery:discover_packages(path) check parameters
[1.875s] Level 1:colcon.colcon_core.package_discovery:discover_packages(colcon_meta) discover
[1.876s] Level 1:colcon.colcon_core.package_discovery:discover_packages(recursive) discover
[1.876s] INFO:colcon.colcon_core.package_discovery:Crawling recursively for packages in '/home/edisonwong/robot_ws'
[1.876s] Level 1:colcon.colcon_core.package_identification:_identify(.) by extensions ['ignore', 'ignore_ament_install']
[1.877s] Level 1:colcon.colcon_core.package_identification:_identify(.) by extension 'ignore'
[1.877s] Level 1:colcon.colcon_core.package_identification:_identify(.) by extension 'ignore_ament_install'
[1.877s] Level 1:colcon.colcon_core.package_identification:_identify(.) by extensions ['colcon_pkg']
[1.878s] Level 1:colcon.colcon_core.package_identification:_identify(.) by extension 'colcon_pkg'
[1.878s] Level 1:colcon.colcon_core.package_identification:_identify(.) by extensions ['colcon_meta']
[1.878s] Level 1:colcon.colcon_core.package_identification:_identify(.) by extension 'colcon_meta'
[1.878s] Level 1:colcon.colcon_core.package_identification:_identify(.) by extensions ['ros']
[1.878s] Level 1:colcon.colcon_core.package_identification:_identify(.) by extension 'ros'
[1.931s] Level 1:colcon.colcon_core.package_identification:_identify(.) by extensions ['cmake', 'python']
[1.932s] Level 1:colcon.colcon_core.package_identification:_identify(.) by extension 'cmake'
[1.933s] Level 1:colcon.colcon_core.package_identification:_identify(.) by extension 'python'
[1.933s] Level 1:colcon.colcon_core.package_identification:_identify(.) by extensions ['python_setup_py']
[1.933s] Level 1:colcon.colcon_core.package_identification:_identify(.) by extension 'python_setup_py'
[1.934s] Level 1:colcon.colcon_core.package_identification:_identify(build) by extensions ['ignore', 'ignore_ament_install']
[1.934s] Level 1:colcon.colcon_core.package_identification:_identify(build) by extension 'ignore'
[1.935s] Level 1:colcon.colcon_core.package_identification:_identify(build) ignored
[1.935s] Level 1:colcon.colcon_core.package_identification:_identify(install) by extensions ['ignore', 'ignore_ament_install']
[1.936s] Level 1:colcon.colcon_core.package_identification:_identify(install) by extension 'ignore'
[1.936s] Level 1:colcon.colcon_core.package_identification:_identify(install) ignored
[1.938s] Level 1:colcon.colcon_core.package_identification:_identify(log) by extensions ['ignore', 'ignore_ament_install']
[1.938s] Level 1:colcon.colcon_core.package_identification:_identify(log) by extension 'ignore'
[1.938s] Level 1:colcon.colcon_core.package_identification:_identify(log) ignored
[1.939s] Level 1:colcon.colcon_core.package_identification:_identify(serial_motor_demo) by extensions ['ignore', 'ignore_ament_install']
[1.939s] Level 1:colcon.colcon_core.package_identification:_identify(serial_motor_demo) by extension 'ignore'
[1.940s] Level 1:colcon.colcon_core.package_identification:_identify(serial_motor_demo) by extension 'ignore_ament_install'
[1.940s] Level 1:colcon.colcon_core.package_identification:_identify(serial_motor_demo) by extensions ['colcon_pkg']
[1.940s] Level 1:colcon.colcon_core.package_identification:_identify(serial_motor_demo) by extension 'colcon_pkg'
[1.940s] Level 1:colcon.colcon_core.package_identification:_identify(serial_motor_demo) by extensions ['colcon_meta']
[1.940s] Level 1:colcon.colcon_core.package_identification:_identify(serial_motor_demo) by extension 'colcon_meta'
[1.941s] Level 1:colcon.colcon_core.package_identification:_identify(serial_motor_demo) by extensions ['ros']
[1.941s] Level 1:colcon.colcon_core.package_identification:_identify(serial_motor_demo) by extension 'ros'
[1.941s] Level 1:colcon.colcon_core.package_identification:_identify(serial_motor_demo) by extensions ['cmake', 'python']
[1.942s] Level 1:colcon.colcon_core.package_identification:_identify(serial_motor_demo) by extension 'cmake'
[1.942s] Level 1:colcon.colcon_core.package_identification:_identify(serial_motor_demo) by extension 'python'
[1.942s] Level 1:colcon.colcon_core.package_identification:_identify(serial_motor_demo) by extensions ['python_setup_py']
[1.942s] Level 1:colcon.colcon_core.package_identification:_identify(serial_motor_demo) by extension 'python_setup_py'
[1.943s] Level 1:colcon.colcon_core.package_identification:_identify(serial_motor_demo/serial_motor_demo) by extensions ['ignore', 'ignore_ament_install']
[1.943s] Level 1:colcon.colcon_core.package_identification:_identify(serial_motor_demo/serial_motor_demo) by extension 'ignore'
[1.944s] Level 1:colcon.colcon_core.package_identification:_identify(serial_motor_demo/serial_motor_demo) by extension 'ignore_ament_install'
[1.944s] Level 1:colcon.colcon_core.package_identification:_identify(serial_motor_demo/serial_motor_demo) by extensions ['colcon_pkg']
[1.944s] Level 1:colcon.colcon_core.package_identification:_identify(serial_motor_demo/serial_motor_demo) by extension 'colcon_pkg'
[1.944s] Level 1:colcon.colcon_core.package_identification:_identify(serial_motor_demo/serial_motor_demo) by extensions ['colcon_meta']
[1.945s] Level 1:colcon.colcon_core.package_identification:_identify(serial_motor_demo/serial_motor_demo) by extension 'colcon_meta'
[1.945s] Level 1:colcon.colcon_core.package_identification:_identify(serial_motor_demo/serial_motor_demo) by extensions ['ros']
[1.945s] Level 1:colcon.colcon_core.package_identification:_identify(serial_motor_demo/serial_motor_demo) by extension 'ros'
[1.956s] DEBUG:colcon.colcon_core.package_identification:Package 'serial_motor_demo/serial_motor_demo' with type 'ros.ament_python' and name 'serial_motor_demo'
[1.957s] Level 1:colcon.colcon_core.package_identification:_identify(serial_motor_demo/serial_motor_demo_msgs) by extensions ['ignore', 'ignore_ament_install']
[1.957s] Level 1:colcon.colcon_core.package_identification:_identify(serial_motor_demo/serial_motor_demo_msgs) by extension 'ignore'
[1.957s] Level 1:colcon.colcon_core.package_identification:_identify(serial_motor_demo/serial_motor_demo_msgs) by extension 'ignore_ament_install'
[1.958s] Level 1:colcon.colcon_core.package_identification:_identify(serial_motor_demo/serial_motor_demo_msgs) by extensions ['colcon_pkg']
[1.958s] Level 1:colcon.colcon_core.package_identification:_identify(serial_motor_demo/serial_motor_demo_msgs) by extension 'colcon_pkg'
[1.958s] Level 1:colcon.colcon_core.package_identification:_identify(serial_motor_demo/serial_motor_demo_msgs) by extensions ['colcon_meta']
[1.958s] Level 1:colcon.colcon_core.package_identification:_identify(serial_motor_demo/serial_motor_demo_msgs) by extension 'colcon_meta'
[1.959s] Level 1:colcon.colcon_core.package_identification:_identify(serial_motor_demo/serial_motor_demo_msgs) by extensions ['ros']
[1.959s] Level 1:colcon.colcon_core.package_identification:_identify(serial_motor_demo/serial_motor_demo_msgs) by extension 'ros'
[1.961s] DEBUG:colcon.colcon_core.package_identification:Package 'serial_motor_demo/serial_motor_demo_msgs' with type 'ros.ament_cmake' and name 'serial_motor_demo_msgs'
[1.962s] Level 1:colcon.colcon_core.package_identification:_identify(src) by extensions ['ignore', 'ignore_ament_install']
[1.963s] Level 1:colcon.colcon_core.package_identification:_identify(src) by extension 'ignore'
[1.963s] Level 1:colcon.colcon_core.package_identification:_identify(src) by extension 'ignore_ament_install'
[1.963s] Level 1:colcon.colcon_core.package_identification:_identify(src) by extensions ['colcon_pkg']
[1.963s] Level 1:colcon.colcon_core.package_identification:_identify(src) by extension 'colcon_pkg'
[1.964s] Level 1:colcon.colcon_core.package_identification:_identify(src) by extensions ['colcon_meta']
[1.964s] Level 1:colcon.colcon_core.package_identification:_identify(src) by extension 'colcon_meta'
[1.964s] Level 1:colcon.colcon_core.package_identification:_identify(src) by extensions ['ros']
[1.964s] Level 1:colcon.colcon_core.package_identification:_identify(src) by extension 'ros'
[1.965s] Level 1:colcon.colcon_core.package_identification:_identify(src) by extensions ['cmake', 'python']
[1.965s] Level 1:colcon.colcon_core.package_identification:_identify(src) by extension 'cmake'
[1.965s] Level 1:colcon.colcon_core.package_identification:_identify(src) by extension 'python'
[1.965s] Level 1:colcon.colcon_core.package_identification:_identify(src) by extensions ['python_setup_py']
[1.965s] Level 1:colcon.colcon_core.package_identification:_identify(src) by extension 'python_setup_py'
[1.966s] Level 1:colcon.colcon_core.package_identification:_identify(src/build) by extensions ['ignore', 'ignore_ament_install']
[1.966s] Level 1:colcon.colcon_core.package_identification:_identify(src/build) by extension 'ignore'
[1.967s] Level 1:colcon.colcon_core.package_identification:_identify(src/build) ignored
[1.967s] Level 1:colcon.colcon_core.package_identification:_identify(src/diffdrive_arduino) by extensions ['ignore', 'ignore_ament_install']
[1.968s] Level 1:colcon.colcon_core.package_identification:_identify(src/diffdrive_arduino) by extension 'ignore'
[1.968s] Level 1:colcon.colcon_core.package_identification:_identify(src/diffdrive_arduino) by extension 'ignore_ament_install'
[1.969s] Level 1:colcon.colcon_core.package_identification:_identify(src/diffdrive_arduino) by extensions ['colcon_pkg']
[1.969s] Level 1:colcon.colcon_core.package_identification:_identify(src/diffdrive_arduino) by extension 'colcon_pkg'
[1.969s] Level 1:colcon.colcon_core.package_identification:_identify(src/diffdrive_arduino) by extensions ['colcon_meta']
[1.969s] Level 1:colcon.colcon_core.package_identification:_identify(src/diffdrive_arduino) by extension 'colcon_meta'
[1.969s] Level 1:colcon.colcon_core.package_identification:_identify(src/diffdrive_arduino) by extensions ['ros']
[1.970s] Level 1:colcon.colcon_core.package_identification:_identify(src/diffdrive_arduino) by extension 'ros'
[1.975s] DEBUG:colcon.colcon_core.package_identification:Package 'src/diffdrive_arduino' with type 'ros.ament_cmake' and name 'diffdrive_arduino'
[1.976s] Level 1:colcon.colcon_core.package_identification:_identify(src/install) by extensions ['ignore', 'ignore_ament_install']
[1.977s] Level 1:colcon.colcon_core.package_identification:_identify(src/install) by extension 'ignore'
[1.977s] Level 1:colcon.colcon_core.package_identification:_identify(src/install) ignored
[1.978s] Level 1:colcon.colcon_core.package_identification:_identify(src/laser_filters) by extensions ['ignore', 'ignore_ament_install']
[1.978s] Level 1:colcon.colcon_core.package_identification:_identify(src/laser_filters) by extension 'ignore'
[1.979s] Level 1:colcon.colcon_core.package_identification:_identify(src/laser_filters) by extension 'ignore_ament_install'
[1.979s] Level 1:colcon.colcon_core.package_identification:_identify(src/laser_filters) by extensions ['colcon_pkg']
[1.979s] Level 1:colcon.colcon_core.package_identification:_identify(src/laser_filters) by extension 'colcon_pkg'
[1.979s] Level 1:colcon.colcon_core.package_identification:_identify(src/laser_filters) by extensions ['colcon_meta']
[1.979s] Level 1:colcon.colcon_core.package_identification:_identify(src/laser_filters) by extension 'colcon_meta'
[1.980s] Level 1:colcon.colcon_core.package_identification:_identify(src/laser_filters) by extensions ['ros']
[1.980s] Level 1:colcon.colcon_core.package_identification:_identify(src/laser_filters) by extension 'ros'
[1.985s] DEBUG:colcon.colcon_core.package_identification:Package 'src/laser_filters' with type 'ros.ament_cmake' and name 'laser_filters'
[1.986s] Level 1:colcon.colcon_core.package_identification:_identify(src/log) by extensions ['ignore', 'ignore_ament_install']
[1.987s] Level 1:colcon.colcon_core.package_identification:_identify(src/log) by extension 'ignore'
[1.987s] Level 1:colcon.colcon_core.package_identification:_identify(src/log) ignored
[1.988s] Level 1:colcon.colcon_core.package_identification:_identify(src/my_bot) by extensions ['ignore', 'ignore_ament_install']
[1.988s] Level 1:colcon.colcon_core.package_identification:_identify(src/my_bot) by extension 'ignore'
[1.988s] Level 1:colcon.colcon_core.package_identification:_identify(src/my_bot) by extension 'ignore_ament_install'
[1.989s] Level 1:colcon.colcon_core.package_identification:_identify(src/my_bot) by extensions ['colcon_pkg']
[1.989s] Level 1:colcon.colcon_core.package_identification:_identify(src/my_bot) by extension 'colcon_pkg'
[1.989s] Level 1:colcon.colcon_core.package_identification:_identify(src/my_bot) by extensions ['colcon_meta']
[1.989s] Level 1:colcon.colcon_core.package_identification:_identify(src/my_bot) by extension 'colcon_meta'
[1.989s] Level 1:colcon.colcon_core.package_identification:_identify(src/my_bot) by extensions ['ros']
[1.990s] Level 1:colcon.colcon_core.package_identification:_identify(src/my_bot) by extension 'ros'
[1.992s] DEBUG:colcon.colcon_core.package_identification:Package 'src/my_bot' with type 'ros.ament_cmake' and name 'my_bot'
[1.993s] Level 1:colcon.colcon_core.package_identification:_identify(src/serial) by extensions ['ignore', 'ignore_ament_install']
[1.993s] Level 1:colcon.colcon_core.package_identification:_identify(src/serial) by extension 'ignore'
[1.994s] Level 1:colcon.colcon_core.package_identification:_identify(src/serial) by extension 'ignore_ament_install'
[1.994s] Level 1:colcon.colcon_core.package_identification:_identify(src/serial) by extensions ['colcon_pkg']
[1.994s] Level 1:colcon.colcon_core.package_identification:_identify(src/serial) by extension 'colcon_pkg'
[1.994s] Level 1:colcon.colcon_core.package_identification:_identify(src/serial) by extensions ['colcon_meta']
[1.994s] Level 1:colcon.colcon_core.package_identification:_identify(src/serial) by extension 'colcon_meta'
[1.995s] Level 1:colcon.colcon_core.package_identification:_identify(src/serial) by extensions ['ros']
[1.995s] Level 1:colcon.colcon_core.package_identification:_identify(src/serial) by extension 'ros'
[1.997s] DEBUG:colcon.colcon_core.package_identification:Package 'src/serial' with type 'ros.ament_cmake' and name 'serial'
[1.998s] Level 1:colcon.colcon_core.package_discovery:discover_packages(recursive) using defaults
[1.998s] Level 1:colcon.colcon_core.package_discovery:discover_packages(ignore) discover
[1.998s] Level 1:colcon.colcon_core.package_discovery:discover_packages(ignore) using defaults
[1.998s] Level 1:colcon.colcon_core.package_discovery:discover_packages(path) discover
[1.998s] Level 1:colcon.colcon_core.package_discovery:discover_packages(path) using defaults
[2.115s] Level 1:colcon.colcon_core.package_discovery:discover_packages(prefix_path) check parameters
[2.116s] Level 1:colcon.colcon_core.package_discovery:discover_packages(prefix_path) discover
[2.133s] DEBUG:colcon.colcon_installed_package_information.package_discovery:Found 6 installed packages in /home/edisonwong/robot_ws/install
[2.147s] DEBUG:colcon.colcon_installed_package_information.package_discovery:Found 310 installed packages in /opt/ros/humble
[2.156s] Level 1:colcon.colcon_core.package_discovery:discover_packages(prefix_path) using defaults
[2.504s] Level 5:colcon.colcon_core.verb:set package 'laser_filters' build argument 'cmake_args' from command line to 'None'
[2.506s] Level 5:colcon.colcon_core.verb:set package 'laser_filters' build argument 'cmake_target' from command line to 'None'
[2.506s] Level 5:colcon.colcon_core.verb:set package 'laser_filters' build argument 'cmake_target_skip_unavailable' from command line to 'False'
[2.506s] Level 5:colcon.colcon_core.verb:set package 'laser_filters' build argument 'cmake_clean_cache' from command line to 'False'
[2.506s] Level 5:colcon.colcon_core.verb:set package 'laser_filters' build argument 'cmake_clean_first' from command line to 'False'
[2.507s] Level 5:colcon.colcon_core.verb:set package 'laser_filters' build argument 'cmake_force_configure' from command line to 'False'
[2.507s] Level 5:colcon.colcon_core.verb:set package 'laser_filters' build argument 'ament_cmake_args' from command line to 'None'
[2.507s] Level 5:colcon.colcon_core.verb:set package 'laser_filters' build argument 'catkin_cmake_args' from command line to 'None'
[2.507s] Level 5:colcon.colcon_core.verb:set package 'laser_filters' build argument 'catkin_skip_building_tests' from command line to 'False'
[2.507s] DEBUG:colcon.colcon_core.verb:Building package 'laser_filters' with the following arguments: {'ament_cmake_args': None, 'build_base': '/home/edisonwong/robot_ws/build/laser_filters', 'catkin_cmake_args': None, 'catkin_skip_building_tests': False, 'cmake_args': None, 'cmake_clean_cache': False, 'cmake_clean_first': False, 'cmake_force_configure': False, 'cmake_target': None, 'cmake_target_skip_unavailable': False, 'install_base': '/home/edisonwong/robot_ws/install/laser_filters', 'merge_install': False, 'path': '/home/edisonwong/robot_ws/src/laser_filters', 'symlink_install': True, 'test_result_base': None}
[2.512s] Level 5:colcon.colcon_core.verb:set package 'my_bot' build argument 'cmake_args' from command line to 'None'
[2.513s] Level 5:colcon.colcon_core.verb:set package 'my_bot' build argument 'cmake_target' from command line to 'None'
[2.513s] Level 5:colcon.colcon_core.verb:set package 'my_bot' build argument 'cmake_target_skip_unavailable' from command line to 'False'
[2.513s] Level 5:colcon.colcon_core.verb:set package 'my_bot' build argument 'cmake_clean_cache' from command line to 'False'
[2.513s] Level 5:colcon.colcon_core.verb:set package 'my_bot' build argument 'cmake_clean_first' from command line to 'False'
[2.513s] Level 5:colcon.colcon_core.verb:set package 'my_bot' build argument 'cmake_force_configure' from command line to 'False'
[2.513s] Level 5:colcon.colcon_core.verb:set package 'my_bot' build argument 'ament_cmake_args' from command line to 'None'
[2.513s] Level 5:colcon.colcon_core.verb:set package 'my_bot' build argument 'catkin_cmake_args' from command line to 'None'
[2.514s] Level 5:colcon.colcon_core.verb:set package 'my_bot' build argument 'catkin_skip_building_tests' from command line to 'False'
[2.514s] DEBUG:colcon.colcon_core.verb:Building package 'my_bot' with the following arguments: {'ament_cmake_args': None, 'build_base': '/home/edisonwong/robot_ws/build/my_bot', 'catkin_cmake_args': None, 'catkin_skip_building_tests': False, 'cmake_args': None, 'cmake_clean_cache': False, 'cmake_clean_first': False, 'cmake_force_configure': False, 'cmake_target': None, 'cmake_target_skip_unavailable': False, 'install_base': '/home/edisonwong/robot_ws/install/my_bot', 'merge_install': False, 'path': '/home/edisonwong/robot_ws/src/my_bot', 'symlink_install': True, 'test_result_base': None}
[2.519s] Level 5:colcon.colcon_core.verb:set package 'serial' build argument 'cmake_args' from command line to 'None'
[2.519s] Level 5:colcon.colcon_core.verb:set package 'serial' build argument 'cmake_target' from command line to 'None'
[2.519s] Level 5:colcon.colcon_core.verb:set package 'serial' build argument 'cmake_target_skip_unavailable' from command line to 'False'
[2.519s] Level 5:colcon.colcon_core.verb:set package 'serial' build argument 'cmake_clean_cache' from command line to 'False'
[2.520s] Level 5:colcon.colcon_core.verb:set package 'serial' build argument 'cmake_clean_first' from command line to 'False'
[2.520s] Level 5:colcon.colcon_core.verb:set package 'serial' build argument 'cmake_force_configure' from command line to 'False'
[2.520s] Level 5:colcon.colcon_core.verb:set package 'serial' build argument 'ament_cmake_args' from command line to 'None'
[2.520s] Level 5:colcon.colcon_core.verb:set package 'serial' build argument 'catkin_cmake_args' from command line to 'None'
[2.520s] Level 5:colcon.colcon_core.verb:set package 'serial' build argument 'catkin_skip_building_tests' from command line to 'False'
[2.520s] DEBUG:colcon.colcon_core.verb:Building package 'serial' with the following arguments: {'ament_cmake_args': None, 'build_base': '/home/edisonwong/robot_ws/build/serial', 'catkin_cmake_args': None, 'catkin_skip_building_tests': False, 'cmake_args': None, 'cmake_clean_cache': False, 'cmake_clean_first': False, 'cmake_force_configure': False, 'cmake_target': None, 'cmake_target_skip_unavailable': False, 'install_base': '/home/edisonwong/robot_ws/install/serial', 'merge_install': False, 'path': '/home/edisonwong/robot_ws/src/serial', 'symlink_install': True, 'test_result_base': None}
[2.525s] Level 5:colcon.colcon_core.verb:set package 'serial_motor_demo_msgs' build argument 'cmake_args' from command line to 'None'
[2.525s] Level 5:colcon.colcon_core.verb:set package 'serial_motor_demo_msgs' build argument 'cmake_target' from command line to 'None'
[2.526s] Level 5:colcon.colcon_core.verb:set package 'serial_motor_demo_msgs' build argument 'cmake_target_skip_unavailable' from command line to 'False'
[2.526s] Level 5:colcon.colcon_core.verb:set package 'serial_motor_demo_msgs' build argument 'cmake_clean_cache' from command line to 'False'
[2.526s] Level 5:colcon.colcon_core.verb:set package 'serial_motor_demo_msgs' build argument 'cmake_clean_first' from command line to 'False'
[2.526s] Level 5:colcon.colcon_core.verb:set package 'serial_motor_demo_msgs' build argument 'cmake_force_configure' from command line to 'False'
[2.526s] Level 5:colcon.colcon_core.verb:set package 'serial_motor_demo_msgs' build argument 'ament_cmake_args' from command line to 'None'
[2.526s] Level 5:colcon.colcon_core.verb:set package 'serial_motor_demo_msgs' build argument 'catkin_cmake_args' from command line to 'None'
[2.527s] Level 5:colcon.colcon_core.verb:set package 'serial_motor_demo_msgs' build argument 'catkin_skip_building_tests' from command line to 'False'
[2.527s] DEBUG:colcon.colcon_core.verb:Building package 'serial_motor_demo_msgs' with the following arguments: {'ament_cmake_args': None, 'build_base': '/home/edisonwong/robot_ws/build/serial_motor_demo_msgs', 'catkin_cmake_args': None, 'catkin_skip_building_tests': False, 'cmake_args': None, 'cmake_clean_cache': False, 'cmake_clean_first': False, 'cmake_force_configure': False, 'cmake_target': None, 'cmake_target_skip_unavailable': False, 'install_base': '/home/edisonwong/robot_ws/install/serial_motor_demo_msgs', 'merge_install': False, 'path': '/home/edisonwong/robot_ws/serial_motor_demo/serial_motor_demo_msgs', 'symlink_install': True, 'test_result_base': None}
[2.532s] Level 5:colcon.colcon_core.verb:set package 'diffdrive_arduino' build argument 'cmake_args' from command line to 'None'
[2.533s] Level 5:colcon.colcon_core.verb:set package 'diffdrive_arduino' build argument 'cmake_target' from command line to 'None'
[2.533s] Level 5:colcon.colcon_core.verb:set package 'diffdrive_arduino' build argument 'cmake_target_skip_unavailable' from command line to 'False'
[2.533s] Level 5:colcon.colcon_core.verb:set package 'diffdrive_arduino' build argument 'cmake_clean_cache' from command line to 'False'
[2.533s] Level 5:colcon.colcon_core.verb:set package 'diffdrive_arduino' build argument 'cmake_clean_first' from command line to 'False'
[2.533s] Level 5:colcon.colcon_core.verb:set package 'diffdrive_arduino' build argument 'cmake_force_configure' from command line to 'False'
[2.533s] Level 5:colcon.colcon_core.verb:set package 'diffdrive_arduino' build argument 'ament_cmake_args' from command line to 'None'
[2.533s] Level 5:colcon.colcon_core.verb:set package 'diffdrive_arduino' build argument 'catkin_cmake_args' from command line to 'None'
[2.534s] Level 5:colcon.colcon_core.verb:set package 'diffdrive_arduino' build argument 'catkin_skip_building_tests' from command line to 'False'
[2.534s] DEBUG:colcon.colcon_core.verb:Building package 'diffdrive_arduino' with the following arguments: {'ament_cmake_args': None, 'build_base': '/home/edisonwong/robot_ws/build/diffdrive_arduino', 'catkin_cmake_args': None, 'catkin_skip_building_tests': False, 'cmake_args': None, 'cmake_clean_cache': False, 'cmake_clean_first': False, 'cmake_force_configure': False, 'cmake_target': None, 'cmake_target_skip_unavailable': False, 'install_base': '/home/edisonwong/robot_ws/install/diffdrive_arduino', 'merge_install': False, 'path': '/home/edisonwong/robot_ws/src/diffdrive_arduino', 'symlink_install': True, 'test_result_base': None}
[2.538s] Level 5:colcon.colcon_core.verb:set package 'serial_motor_demo' build argument 'cmake_args' from command line to 'None'
[2.539s] Level 5:colcon.colcon_core.verb:set package 'serial_motor_demo' build argument 'cmake_target' from command line to 'None'
[2.539s] Level 5:colcon.colcon_core.verb:set package 'serial_motor_demo' build argument 'cmake_target_skip_unavailable' from command line to 'False'
[2.539s] Level 5:colcon.colcon_core.verb:set package 'serial_motor_demo' build argument 'cmake_clean_cache' from command line to 'False'
[2.539s] Level 5:colcon.colcon_core.verb:set package 'serial_motor_demo' build argument 'cmake_clean_first' from command line to 'False'
[2.539s] Level 5:colcon.colcon_core.verb:set package 'serial_motor_demo' build argument 'cmake_force_configure' from command line to 'False'
[2.539s] Level 5:colcon.colcon_core.verb:set package 'serial_motor_demo' build argument 'ament_cmake_args' from command line to 'None'
[2.539s] Level 5:colcon.colcon_core.verb:set package 'serial_motor_demo' build argument 'catkin_cmake_args' from command line to 'None'
[2.540s] Level 5:colcon.colcon_core.verb:set package 'serial_motor_demo' build argument 'catkin_skip_building_tests' from command line to 'False'
[2.540s] DEBUG:colcon.colcon_core.verb:Building package 'serial_motor_demo' with the following arguments: {'ament_cmake_args': None, 'build_base': '/home/edisonwong/robot_ws/build/serial_motor_demo', 'catkin_cmake_args': None, 'catkin_skip_building_tests': False, 'cmake_args': None, 'cmake_clean_cache': False, 'cmake_clean_first': False, 'cmake_force_configure': False, 'cmake_target': None, 'cmake_target_skip_unavailable': False, 'install_base': '/home/edisonwong/robot_ws/install/serial_motor_demo', 'merge_install': False, 'path': '/home/edisonwong/robot_ws/serial_motor_demo/serial_motor_demo', 'symlink_install': True, 'test_result_base': None}
[2.543s] INFO:colcon.colcon_core.executor:Executing jobs using 'parallel' executor
[2.558s] DEBUG:colcon.colcon_parallel_executor.executor.parallel:run_until_complete
[2.559s] INFO:colcon.colcon_ros.task.ament_cmake.build:Building ROS package in '/home/edisonwong/robot_ws/src/serial' with build type 'ament_cmake'
[2.560s] INFO:colcon.colcon_cmake.task.cmake.build:Building CMake package in '/home/edisonwong/robot_ws/src/serial'
[2.586s] INFO:colcon.colcon_core.plugin_system:Skipping extension 'colcon_core.shell.bat': Not used on non-Windows systems
[2.587s] INFO:colcon.colcon_core.shell:Skip shell extension 'powershell' for command environment: Not usable outside of PowerShell
[2.588s] DEBUG:colcon.colcon_core.shell:Skip shell extension 'dsv' for command environment
[2.619s] INFO:colcon.colcon_ros.task.ament_cmake.build:Building ROS package in '/home/edisonwong/robot_ws/serial_motor_demo/serial_motor_demo_msgs' with build type 'ament_cmake'
[2.620s] INFO:colcon.colcon_cmake.task.cmake.build:Building CMake package in '/home/edisonwong/robot_ws/serial_motor_demo/serial_motor_demo_msgs'
[2.628s] INFO:colcon.colcon_core.shell:Skip shell extension 'powershell' for command environment: Not usable outside of PowerShell
[2.628s] DEBUG:colcon.colcon_core.shell:Skip shell extension 'dsv' for command environment
[2.659s] INFO:colcon.colcon_ros.task.ament_cmake.build:Building ROS package in '/home/edisonwong/robot_ws/src/laser_filters' with build type 'ament_cmake'
[2.660s] INFO:colcon.colcon_cmake.task.cmake.build:Building CMake package in '/home/edisonwong/robot_ws/src/laser_filters'
[2.667s] INFO:colcon.colcon_core.shell:Skip shell extension 'powershell' for command environment: Not usable outside of PowerShell
[2.668s] DEBUG:colcon.colcon_core.shell:Skip shell extension 'dsv' for command environment
[2.698s] INFO:colcon.colcon_ros.task.ament_cmake.build:Building ROS package in '/home/edisonwong/robot_ws/src/my_bot' with build type 'ament_cmake'
[2.698s] INFO:colcon.colcon_cmake.task.cmake.build:Building CMake package in '/home/edisonwong/robot_ws/src/my_bot'
[2.705s] INFO:colcon.colcon_core.shell:Skip shell extension 'powershell' for command environment: Not usable outside of PowerShell
[2.706s] DEBUG:colcon.colcon_core.shell:Skip shell extension 'dsv' for command environment
[2.759s] DEBUG:colcon.colcon_core.event_handler.log_command:Invoking command in '/home/edisonwong/robot_ws/build/serial': CMAKE_PREFIX_PATH=${CMAKE_PREFIX_PATH}:/home/edisonwong/robot_ws/install/serial_motor_demo:/opt/ros/humble /usr/bin/cmake --build /home/edisonwong/robot_ws/build/serial -- -j4 -l4
[2.793s] DEBUG:colcon.colcon_core.event_handler.log_command:Invoking command in '/home/edisonwong/robot_ws/build/serial_motor_demo_msgs': CMAKE_PREFIX_PATH=${CMAKE_PREFIX_PATH}:/home/edisonwong/robot_ws/install/serial_motor_demo:/opt/ros/humble /usr/bin/cmake --build /home/edisonwong/robot_ws/build/serial_motor_demo_msgs -- -j4 -l4
[2.811s] DEBUG:colcon.colcon_core.event_handler.log_command:Invoking command in '/home/edisonwong/robot_ws/build/laser_filters': CMAKE_PREFIX_PATH=${CMAKE_PREFIX_PATH}:/home/edisonwong/robot_ws/install/serial_motor_demo:/opt/ros/humble /usr/bin/cmake --build /home/edisonwong/robot_ws/build/laser_filters -- -j4 -l4
[2.907s] DEBUG:colcon.colcon_core.event_handler.log_command:Invoking command in '/home/edisonwong/robot_ws/build/my_bot': CMAKE_PREFIX_PATH=${CMAKE_PREFIX_PATH}:/home/edisonwong/robot_ws/install/serial_motor_demo:/opt/ros/humble /usr/bin/cmake --build /home/edisonwong/robot_ws/build/my_bot -- -j4 -l4
[3.405s] DEBUG:colcon.colcon_core.event_handler.log_command:Invoked command in '/home/edisonwong/robot_ws/build/my_bot' returned '0': CMAKE_PREFIX_PATH=${CMAKE_PREFIX_PATH}:/home/edisonwong/robot_ws/install/serial_motor_demo:/opt/ros/humble /usr/bin/cmake --build /home/edisonwong/robot_ws/build/my_bot -- -j4 -l4
[3.897s] DEBUG:colcon.colcon_core.event_handler.log_command:Invoked command in '/home/edisonwong/robot_ws/build/serial' returned '0': CMAKE_PREFIX_PATH=${CMAKE_PREFIX_PATH}:/home/edisonwong/robot_ws/install/serial_motor_demo:/opt/ros/humble /usr/bin/cmake --build /home/edisonwong/robot_ws/build/serial -- -j4 -l4
[4.065s] DEBUG:colcon.colcon_core.event_handler.log_command:Invoking command in '/home/edisonwong/robot_ws/build/my_bot': CMAKE_PREFIX_PATH=${CMAKE_PREFIX_PATH}:/home/edisonwong/robot_ws/install/serial_motor_demo:/opt/ros/humble /usr/bin/cmake --install /home/edisonwong/robot_ws/build/my_bot
[4.278s] DEBUG:colcon.colcon_core.event_handler.log_command:Invoked command in '/home/edisonwong/robot_ws/build/laser_filters' returned '0': CMAKE_PREFIX_PATH=${CMAKE_PREFIX_PATH}:/home/edisonwong/robot_ws/install/serial_motor_demo:/opt/ros/humble /usr/bin/cmake --build /home/edisonwong/robot_ws/build/laser_filters -- -j4 -l4
[4.320s] Level 1:colcon.colcon_core.environment:create_environment_scripts_only(my_bot)
[4.325s] DEBUG:colcon.colcon_core.event_handler.log_command:Invoked command in '/home/edisonwong/robot_ws/build/my_bot' returned '0': CMAKE_PREFIX_PATH=${CMAKE_PREFIX_PATH}:/home/edisonwong/robot_ws/install/serial_motor_demo:/opt/ros/humble /usr/bin/cmake --install /home/edisonwong/robot_ws/build/my_bot
[4.367s] Level 1:colcon.colcon_core.environment:checking '/home/edisonwong/robot_ws/install/my_bot' for CMake module files
[4.377s] Level 1:colcon.colcon_core.environment:checking '/home/edisonwong/robot_ws/install/my_bot' for CMake config files
[4.381s] Level 1:colcon.colcon_core.shell:create_environment_hook('my_bot', 'cmake_prefix_path')
[4.394s] INFO:colcon.colcon_core.shell:Creating environment hook '/home/edisonwong/robot_ws/install/my_bot/share/my_bot/hook/cmake_prefix_path.ps1'
[4.403s] INFO:colcon.colcon_core.shell:Creating environment descriptor '/home/edisonwong/robot_ws/install/my_bot/share/my_bot/hook/cmake_prefix_path.dsv'
[4.408s] INFO:colcon.colcon_core.shell:Creating environment hook '/home/edisonwong/robot_ws/install/my_bot/share/my_bot/hook/cmake_prefix_path.sh'
[4.414s] Level 1:colcon.colcon_core.environment:checking '/home/edisonwong/robot_ws/install/my_bot/bin'
[4.415s] Level 1:colcon.colcon_core.environment:checking '/home/edisonwong/robot_ws/install/my_bot/lib/pkgconfig/my_bot.pc'
[4.418s] Level 1:colcon.colcon_core.environment:checking '/home/edisonwong/robot_ws/install/my_bot/lib/python3.10/site-packages'
[4.419s] Level 1:colcon.colcon_core.environment:checking '/home/edisonwong/robot_ws/install/my_bot/bin'
[4.428s] INFO:colcon.colcon_core.shell:Creating package script '/home/edisonwong/robot_ws/install/my_bot/share/my_bot/package.ps1'
[4.433s] INFO:colcon.colcon_core.shell:Creating package descriptor '/home/edisonwong/robot_ws/install/my_bot/share/my_bot/package.dsv'
[4.437s] INFO:colcon.colcon_core.shell:Creating package script '/home/edisonwong/robot_ws/install/my_bot/share/my_bot/package.sh'
[4.444s] INFO:colcon.colcon_core.shell:Creating package script '/home/edisonwong/robot_ws/install/my_bot/share/my_bot/package.bash'
[4.453s] INFO:colcon.colcon_core.shell:Creating package script '/home/edisonwong/robot_ws/install/my_bot/share/my_bot/package.zsh'
[4.458s] Level 1:colcon.colcon_core.environment:create_file_with_runtime_dependencies(/home/edisonwong/robot_ws/install/my_bot/share/colcon-core/packages/my_bot)
[4.622s] DEBUG:colcon.colcon_core.event_handler.log_command:Invoking command in '/home/edisonwong/robot_ws/build/serial': CMAKE_PREFIX_PATH=${CMAKE_PREFIX_PATH}:/home/edisonwong/robot_ws/install/serial_motor_demo:/opt/ros/humble /usr/bin/cmake --install /home/edisonwong/robot_ws/build/serial
[4.679s] Level 1:colcon.colcon_core.environment:create_environment_scripts_only(my_bot)
[4.707s] Level 1:colcon.colcon_core.environment:checking '/home/edisonwong/robot_ws/install/my_bot' for CMake module files
[4.729s] Level 1:colcon.colcon_core.environment:checking '/home/edisonwong/robot_ws/install/my_bot' for CMake config files
[4.733s] Level 1:colcon.colcon_core.shell:create_environment_hook('my_bot', 'cmake_prefix_path')
[4.747s] INFO:colcon.colcon_core.shell:Creating environment hook '/home/edisonwong/robot_ws/install/my_bot/share/my_bot/hook/cmake_prefix_path.ps1'
[4.761s] INFO:colcon.colcon_core.shell:Creating environment descriptor '/home/edisonwong/robot_ws/install/my_bot/share/my_bot/hook/cmake_prefix_path.dsv'
[4.766s] INFO:colcon.colcon_core.shell:Creating environment hook '/home/edisonwong/robot_ws/install/my_bot/share/my_bot/hook/cmake_prefix_path.sh'
[4.770s] Level 1:colcon.colcon_core.environment:checking '/home/edisonwong/robot_ws/install/my_bot/bin'
[4.771s] Level 1:colcon.colcon_core.environment:checking '/home/edisonwong/robot_ws/install/my_bot/lib/pkgconfig/my_bot.pc'
[4.772s] Level 1:colcon.colcon_core.environment:checking '/home/edisonwong/robot_ws/install/my_bot/lib/python3.10/site-packages'
[4.774s] Level 1:colcon.colcon_core.environment:checking '/home/edisonwong/robot_ws/install/my_bot/bin'
[4.794s] INFO:colcon.colcon_core.shell:Creating package script '/home/edisonwong/robot_ws/install/my_bot/share/my_bot/package.ps1'
[4.807s] INFO:colcon.colcon_core.shell:Creating package descriptor '/home/edisonwong/robot_ws/install/my_bot/share/my_bot/package.dsv'
[4.813s] INFO:colcon.colcon_core.shell:Creating package script '/home/edisonwong/robot_ws/install/my_bot/share/my_bot/package.sh'
[4.816s] INFO:colcon.colcon_core.shell:Creating package script '/home/edisonwong/robot_ws/install/my_bot/share/my_bot/package.bash'
[4.821s] INFO:colcon.colcon_core.shell:Creating package script '/home/edisonwong/robot_ws/install/my_bot/share/my_bot/package.zsh'
[4.830s] Level 1:colcon.colcon_core.environment:create_file_with_runtime_dependencies(/home/edisonwong/robot_ws/install/my_bot/share/colcon-core/packages/my_bot)
[4.841s] Level 1:colcon.colcon_core.environment:create_environment_scripts_only(serial)
[4.842s] DEBUG:colcon.colcon_core.event_handler.log_command:Invoked command in '/home/edisonwong/robot_ws/build/serial' returned '0': CMAKE_PREFIX_PATH=${CMAKE_PREFIX_PATH}:/home/edisonwong/robot_ws/install/serial_motor_demo:/opt/ros/humble /usr/bin/cmake --install /home/edisonwong/robot_ws/build/serial
[4.863s] Level 1:colcon.colcon_core.environment:checking '/home/edisonwong/robot_ws/install/serial' for CMake module files
[4.867s] Level 1:colcon.colcon_core.environment:checking '/home/edisonwong/robot_ws/install/serial' for CMake config files
[4.870s] Level 1:colcon.colcon_core.shell:create_environment_hook('serial', 'cmake_prefix_path')
[4.880s] INFO:colcon.colcon_core.shell:Creating environment hook '/home/edisonwong/robot_ws/install/serial/share/serial/hook/cmake_prefix_path.ps1'
[4.887s] INFO:colcon.colcon_core.shell:Creating environment descriptor '/home/edisonwong/robot_ws/install/serial/share/serial/hook/cmake_prefix_path.dsv'
[4.894s] INFO:colcon.colcon_core.shell:Creating environment hook '/home/edisonwong/robot_ws/install/serial/share/serial/hook/cmake_prefix_path.sh'
[4.901s] Level 1:colcon.colcon_core.environment:checking '/home/edisonwong/robot_ws/install/serial/lib'
[4.903s] Level 1:colcon.colcon_core.environment:checking '/home/edisonwong/robot_ws/install/serial/bin'
[4.903s] Level 1:colcon.colcon_core.environment:checking '/home/edisonwong/robot_ws/install/serial/lib/pkgconfig/serial.pc'
[4.905s] Level 1:colcon.colcon_core.environment:checking '/home/edisonwong/robot_ws/install/serial/lib/python3.10/site-packages'
[4.906s] Level 1:colcon.colcon_core.environment:checking '/home/edisonwong/robot_ws/install/serial/bin'
[4.921s] INFO:colcon.colcon_core.shell:Creating package script '/home/edisonwong/robot_ws/install/serial/share/serial/package.ps1'
[4.927s] INFO:colcon.colcon_core.shell:Creating package descriptor '/home/edisonwong/robot_ws/install/serial/share/serial/package.dsv'
[4.931s] INFO:colcon.colcon_core.shell:Creating package script '/home/edisonwong/robot_ws/install/serial/share/serial/package.sh'
[4.939s] INFO:colcon.colcon_core.shell:Creating package script '/home/edisonwong/robot_ws/install/serial/share/serial/package.bash'
[4.942s] INFO:colcon.colcon_core.shell:Creating package script '/home/edisonwong/robot_ws/install/serial/share/serial/package.zsh'
[4.945s] Level 1:colcon.colcon_core.environment:create_file_with_runtime_dependencies(/home/edisonwong/robot_ws/install/serial/share/colcon-core/packages/serial)
[4.994s] DEBUG:colcon.colcon_core.event_handler.log_command:Invoking command in '/home/edisonwong/robot_ws/build/laser_filters': CMAKE_PREFIX_PATH=${CMAKE_PREFIX_PATH}:/home/edisonwong/robot_ws/install/serial_motor_demo:/opt/ros/humble /usr/bin/cmake --install /home/edisonwong/robot_ws/build/laser_filters
[5.191s] Level 1:colcon.colcon_core.environment:create_environment_scripts_only(laser_filters)
[5.203s] Level 1:colcon.colcon_core.environment:checking '/home/edisonwong/robot_ws/install/laser_filters' for CMake module files
[5.205s] DEBUG:colcon.colcon_core.event_handler.log_command:Invoked command in '/home/edisonwong/robot_ws/build/laser_filters' returned '0': CMAKE_PREFIX_PATH=${CMAKE_PREFIX_PATH}:/home/edisonwong/robot_ws/install/serial_motor_demo:/opt/ros/humble /usr/bin/cmake --install /home/edisonwong/robot_ws/build/laser_filters
[5.210s] Level 1:colcon.colcon_core.environment:checking '/home/edisonwong/robot_ws/install/laser_filters' for CMake config files
[5.215s] Level 1:colcon.colcon_core.shell:create_environment_hook('laser_filters', 'cmake_prefix_path')
[5.222s] INFO:colcon.colcon_core.shell:Creating environment hook '/home/edisonwong/robot_ws/install/laser_filters/share/laser_filters/hook/cmake_prefix_path.ps1'
[5.227s] INFO:colcon.colcon_core.shell:Creating environment descriptor '/home/edisonwong/robot_ws/install/laser_filters/share/laser_filters/hook/cmake_prefix_path.dsv'
[5.230s] INFO:colcon.colcon_core.shell:Creating environment hook '/home/edisonwong/robot_ws/install/laser_filters/share/laser_filters/hook/cmake_prefix_path.sh'
[5.233s] Level 1:colcon.colcon_core.environment:checking '/home/edisonwong/robot_ws/install/laser_filters/lib'
[5.234s] Level 1:colcon.colcon_core.shell:create_environment_hook('laser_filters', 'ld_library_path_lib')
[5.242s] INFO:colcon.colcon_core.shell:Creating environment hook '/home/edisonwong/robot_ws/install/laser_filters/share/laser_filters/hook/ld_library_path_lib.ps1'
[5.245s] INFO:colcon.colcon_core.shell:Creating environment descriptor '/home/edisonwong/robot_ws/install/laser_filters/share/laser_filters/hook/ld_library_path_lib.dsv'
[5.247s] INFO:colcon.colcon_core.shell:Creating environment hook '/home/edisonwong/robot_ws/install/laser_filters/share/laser_filters/hook/ld_library_path_lib.sh'
[5.250s] Level 1:colcon.colcon_core.environment:checking '/home/edisonwong/robot_ws/install/laser_filters/bin'
[5.251s] Level 1:colcon.colcon_core.environment:checking '/home/edisonwong/robot_ws/install/laser_filters/lib/pkgconfig/laser_filters.pc'
[5.252s] Level 1:colcon.colcon_core.environment:checking '/home/edisonwong/robot_ws/install/laser_filters/lib/python3.10/site-packages'
[5.253s] Level 1:colcon.colcon_core.environment:checking '/home/edisonwong/robot_ws/install/laser_filters/bin'
[5.262s] INFO:colcon.colcon_core.shell:Creating package script '/home/edisonwong/robot_ws/install/laser_filters/share/laser_filters/package.ps1'
[5.265s] INFO:colcon.colcon_core.shell:Creating package descriptor '/home/edisonwong/robot_ws/install/laser_filters/share/laser_filters/package.dsv'
[5.267s] INFO:colcon.colcon_core.shell:Creating package script '/home/edisonwong/robot_ws/install/laser_filters/share/laser_filters/package.sh'
[5.271s] INFO:colcon.colcon_core.shell:Creating package script '/home/edisonwong/robot_ws/install/laser_filters/share/laser_filters/package.bash'
[5.273s] INFO:colcon.colcon_core.shell:Creating package script '/home/edisonwong/robot_ws/install/laser_filters/share/laser_filters/package.zsh'
[5.275s] Level 1:colcon.colcon_core.environment:create_file_with_runtime_dependencies(/home/edisonwong/robot_ws/install/laser_filters/share/colcon-core/packages/laser_filters)
[5.315s] Level 1:colcon.colcon_core.environment:create_environment_scripts_only(serial)
[5.325s] Level 1:colcon.colcon_core.environment:checking '/home/edisonwong/robot_ws/install/serial' for CMake module files
[5.330s] Level 1:colcon.colcon_core.environment:checking '/home/edisonwong/robot_ws/install/serial' for CMake config files
[5.333s] Level 1:colcon.colcon_core.shell:create_environment_hook('serial', 'cmake_prefix_path')
[5.340s] INFO:colcon.colcon_core.shell:Creating environment hook '/home/edisonwong/robot_ws/install/serial/share/serial/hook/cmake_prefix_path.ps1'
[5.344s] INFO:colcon.colcon_core.shell:Creating environment descriptor '/home/edisonwong/robot_ws/install/serial/share/serial/hook/cmake_prefix_path.dsv'
[5.348s] INFO:colcon.colcon_core.shell:Creating environment hook '/home/edisonwong/robot_ws/install/serial/share/serial/hook/cmake_prefix_path.sh'
[5.353s] Level 1:colcon.colcon_core.environment:checking '/home/edisonwong/robot_ws/install/serial/lib'
[5.354s] Level 1:colcon.colcon_core.environment:checking '/home/edisonwong/robot_ws/install/serial/bin'
[5.355s] Level 1:colcon.colcon_core.environment:checking '/home/edisonwong/robot_ws/install/serial/lib/pkgconfig/serial.pc'
[5.356s] Level 1:colcon.colcon_core.environment:checking '/home/edisonwong/robot_ws/install/serial/lib/python3.10/site-packages'
[5.358s] Level 1:colcon.colcon_core.environment:checking '/home/edisonwong/robot_ws/install/serial/bin'
[5.366s] INFO:colcon.colcon_core.shell:Creating package script '/home/edisonwong/robot_ws/install/serial/share/serial/package.ps1'
[5.369s] INFO:colcon.colcon_core.shell:Creating package descriptor '/home/edisonwong/robot_ws/install/serial/share/serial/package.dsv'
[5.373s] INFO:colcon.colcon_core.shell:Creating package script '/home/edisonwong/robot_ws/install/serial/share/serial/package.sh'
[5.377s] INFO:colcon.colcon_core.shell:Creating package script '/home/edisonwong/robot_ws/install/serial/share/serial/package.bash'
[5.381s] INFO:colcon.colcon_core.shell:Creating package script '/home/edisonwong/robot_ws/install/serial/share/serial/package.zsh'
[5.384s] Level 1:colcon.colcon_core.environment:create_file_with_runtime_dependencies(/home/edisonwong/robot_ws/install/serial/share/colcon-core/packages/serial)
[5.386s] INFO:colcon.colcon_ros.task.ament_cmake.build:Building ROS package in '/home/edisonwong/robot_ws/src/diffdrive_arduino' with build type 'ament_cmake'
[5.389s] INFO:colcon.colcon_cmake.task.cmake.build:Building CMake package in '/home/edisonwong/robot_ws/src/diffdrive_arduino'
[5.397s] INFO:colcon.colcon_core.shell:Skip shell extension 'powershell' for command environment: Not usable outside of PowerShell
[5.398s] DEBUG:colcon.colcon_core.shell:Skip shell extension 'dsv' for command environment
[5.474s] DEBUG:colcon.colcon_core.event_handler.log_command:Invoking command in '/home/edisonwong/robot_ws/build/diffdrive_arduino': CMAKE_PREFIX_PATH=/home/edisonwong/robot_ws/install/serial:/home/edisonwong/robot_ws/install/serial_motor_demo_msgs:/home/edisonwong/robot_ws/install/diffdrive_arduino:/home/edisonwong/robot_ws/install/my_bot:/home/edisonwong/robot_ws/install/laser_filters:/home/edisonwong/robot_ws/install/serial_motor_demo:/opt/ros/humble /usr/bin/cmake --build /home/edisonwong/robot_ws/build/diffdrive_arduino -- -j4 -l4
[5.603s] Level 1:colcon.colcon_core.environment:create_environment_scripts_only(laser_filters)
[5.615s] Level 1:colcon.colcon_core.environment:checking '/home/edisonwong/robot_ws/install/laser_filters' for CMake module files
[5.620s] Level 1:colcon.colcon_core.environment:checking '/home/edisonwong/robot_ws/install/laser_filters' for CMake config files
[5.623s] Level 1:colcon.colcon_core.shell:create_environment_hook('laser_filters', 'cmake_prefix_path')
[5.631s] INFO:colcon.colcon_core.shell:Creating environment hook '/home/edisonwong/robot_ws/install/laser_filters/share/laser_filters/hook/cmake_prefix_path.ps1'
[5.635s] INFO:colcon.colcon_core.shell:Creating environment descriptor '/home/edisonwong/robot_ws/install/laser_filters/share/laser_filters/hook/cmake_prefix_path.dsv'
[5.638s] INFO:colcon.colcon_core.shell:Creating environment hook '/home/edisonwong/robot_ws/install/laser_filters/share/laser_filters/hook/cmake_prefix_path.sh'
[5.643s] Level 1:colcon.colcon_core.environment:checking '/home/edisonwong/robot_ws/install/laser_filters/lib'
[5.644s] Level 1:colcon.colcon_core.shell:create_environment_hook('laser_filters', 'ld_library_path_lib')
[5.653s] INFO:colcon.colcon_core.shell:Creating environment hook '/home/edisonwong/robot_ws/install/laser_filters/share/laser_filters/hook/ld_library_path_lib.ps1'
[5.656s] INFO:colcon.colcon_core.shell:Creating environment descriptor '/home/edisonwong/robot_ws/install/laser_filters/share/laser_filters/hook/ld_library_path_lib.dsv'
[5.659s] INFO:colcon.colcon_core.shell:Creating environment hook '/home/edisonwong/robot_ws/install/laser_filters/share/laser_filters/hook/ld_library_path_lib.sh'
[5.662s] Level 1:colcon.colcon_core.environment:checking '/home/edisonwong/robot_ws/install/laser_filters/bin'
[5.663s] Level 1:colcon.colcon_core.environment:checking '/home/edisonwong/robot_ws/install/laser_filters/lib/pkgconfig/laser_filters.pc'
[5.664s] Level 1:colcon.colcon_core.environment:checking '/home/edisonwong/robot_ws/install/laser_filters/lib/python3.10/site-packages'
[5.666s] Level 1:colcon.colcon_core.environment:checking '/home/edisonwong/robot_ws/install/laser_filters/bin'
[5.674s] INFO:colcon.colcon_core.shell:Creating package script '/home/edisonwong/robot_ws/install/laser_filters/share/laser_filters/package.ps1'
[5.677s] INFO:colcon.colcon_core.shell:Creating package descriptor '/home/edisonwong/robot_ws/install/laser_filters/share/laser_filters/package.dsv'
[5.681s] INFO:colcon.colcon_core.shell:Creating package script '/home/edisonwong/robot_ws/install/laser_filters/share/laser_filters/package.sh'
[5.684s] INFO:colcon.colcon_core.shell:Creating package script '/home/edisonwong/robot_ws/install/laser_filters/share/laser_filters/package.bash'
[5.687s] INFO:colcon.colcon_core.shell:Creating package script '/home/edisonwong/robot_ws/install/laser_filters/share/laser_filters/package.zsh'
[5.690s] Level 1:colcon.colcon_core.environment:create_file_with_runtime_dependencies(/home/edisonwong/robot_ws/install/laser_filters/share/colcon-core/packages/laser_filters)
[5.926s] DEBUG:colcon.colcon_core.event_handler.log_command:Invoked command in '/home/edisonwong/robot_ws/build/diffdrive_arduino' returned '0': CMAKE_PREFIX_PATH=/home/edisonwong/robot_ws/install/serial:/home/edisonwong/robot_ws/install/serial_motor_demo_msgs:/home/edisonwong/robot_ws/install/diffdrive_arduino:/home/edisonwong/robot_ws/install/my_bot:/home/edisonwong/robot_ws/install/laser_filters:/home/edisonwong/robot_ws/install/serial_motor_demo:/opt/ros/humble /usr/bin/cmake --build /home/edisonwong/robot_ws/build/diffdrive_arduino -- -j4 -l4
[6.005s] DEBUG:colcon.colcon_core.event_handler.log_command:Invoked command in '/home/edisonwong/robot_ws/build/serial_motor_demo_msgs' returned '0': CMAKE_PREFIX_PATH=${CMAKE_PREFIX_PATH}:/home/edisonwong/robot_ws/install/serial_motor_demo:/opt/ros/humble /usr/bin/cmake --build /home/edisonwong/robot_ws/build/serial_motor_demo_msgs -- -j4 -l4
[6.149s] DEBUG:colcon.colcon_core.event_handler.log_command:Invoking command in '/home/edisonwong/robot_ws/build/diffdrive_arduino': CMAKE_PREFIX_PATH=/home/edisonwong/robot_ws/install/serial:/home/edisonwong/robot_ws/install/serial_motor_demo_msgs:/home/edisonwong/robot_ws/install/diffdrive_arduino:/home/edisonwong/robot_ws/install/my_bot:/home/edisonwong/robot_ws/install/laser_filters:/home/edisonwong/robot_ws/install/serial_motor_demo:/opt/ros/humble /usr/bin/cmake --install /home/edisonwong/robot_ws/build/diffdrive_arduino
[6.282s] Level 1:colcon.colcon_core.environment:create_environment_scripts_only(diffdrive_arduino)
[6.293s] Level 1:colcon.colcon_core.environment:checking '/home/edisonwong/robot_ws/install/diffdrive_arduino' for CMake module files
[6.298s] DEBUG:colcon.colcon_core.event_handler.log_command:Invoked command in '/home/edisonwong/robot_ws/build/diffdrive_arduino' returned '0': CMAKE_PREFIX_PATH=/home/edisonwong/robot_ws/install/serial:/home/edisonwong/robot_ws/install/serial_motor_demo_msgs:/home/edisonwong/robot_ws/install/diffdrive_arduino:/home/edisonwong/robot_ws/install/my_bot:/home/edisonwong/robot_ws/install/laser_filters:/home/edisonwong/robot_ws/install/serial_motor_demo:/opt/ros/humble /usr/bin/cmake --install /home/edisonwong/robot_ws/build/diffdrive_arduino
[6.301s] Level 1:colcon.colcon_core.environment:checking '/home/edisonwong/robot_ws/install/diffdrive_arduino' for CMake config files
[6.305s] Level 1:colcon.colcon_core.shell:create_environment_hook('diffdrive_arduino', 'cmake_prefix_path')
[6.312s] INFO:colcon.colcon_core.shell:Creating environment hook '/home/edisonwong/robot_ws/install/diffdrive_arduino/share/diffdrive_arduino/hook/cmake_prefix_path.ps1'
[6.314s] INFO:colcon.colcon_core.shell:Creating environment descriptor '/home/edisonwong/robot_ws/install/diffdrive_arduino/share/diffdrive_arduino/hook/cmake_prefix_path.dsv'
[6.316s] INFO:colcon.colcon_core.shell:Creating environment hook '/home/edisonwong/robot_ws/install/diffdrive_arduino/share/diffdrive_arduino/hook/cmake_prefix_path.sh'
[6.320s] Level 1:colcon.colcon_core.environment:checking '/home/edisonwong/robot_ws/install/diffdrive_arduino/lib'
[6.320s] Level 1:colcon.colcon_core.shell:create_environment_hook('diffdrive_arduino', 'ld_library_path_lib')
[6.327s] INFO:colcon.colcon_core.shell:Creating environment hook '/home/edisonwong/robot_ws/install/diffdrive_arduino/share/diffdrive_arduino/hook/ld_library_path_lib.ps1'
[6.329s] INFO:colcon.colcon_core.shell:Creating environment descriptor '/home/edisonwong/robot_ws/install/diffdrive_arduino/share/diffdrive_arduino/hook/ld_library_path_lib.dsv'
[6.331s] INFO:colcon.colcon_core.shell:Creating environment hook '/home/edisonwong/robot_ws/install/diffdrive_arduino/share/diffdrive_arduino/hook/ld_library_path_lib.sh'
[6.334s] Level 1:colcon.colcon_core.environment:checking '/home/edisonwong/robot_ws/install/diffdrive_arduino/bin'
[6.334s] Level 1:colcon.colcon_core.environment:checking '/home/edisonwong/robot_ws/install/diffdrive_arduino/lib/pkgconfig/diffdrive_arduino.pc'
[6.335s] Level 1:colcon.colcon_core.environment:checking '/home/edisonwong/robot_ws/install/diffdrive_arduino/lib/python3.10/site-packages'
[6.336s] Level 1:colcon.colcon_core.environment:checking '/home/edisonwong/robot_ws/install/diffdrive_arduino/bin'
[6.344s] INFO:colcon.colcon_core.shell:Creating package script '/home/edisonwong/robot_ws/install/diffdrive_arduino/share/diffdrive_arduino/package.ps1'
[6.347s] INFO:colcon.colcon_core.shell:Creating package descriptor '/home/edisonwong/robot_ws/install/diffdrive_arduino/share/diffdrive_arduino/package.dsv'
[6.349s] INFO:colcon.colcon_core.shell:Creating package script '/home/edisonwong/robot_ws/install/diffdrive_arduino/share/diffdrive_arduino/package.sh'
[6.352s] INFO:colcon.colcon_core.shell:Creating package script '/home/edisonwong/robot_ws/install/diffdrive_arduino/share/diffdrive_arduino/package.bash'
[6.355s] INFO:colcon.colcon_core.shell:Creating package script '/home/edisonwong/robot_ws/install/diffdrive_arduino/share/diffdrive_arduino/package.zsh'
[6.357s] Level 1:colcon.colcon_core.environment:create_file_with_runtime_dependencies(/home/edisonwong/robot_ws/install/diffdrive_arduino/share/colcon-core/packages/diffdrive_arduino)
[6.581s] Level 1:colcon.colcon_core.environment:create_environment_scripts_only(diffdrive_arduino)
[6.591s] Level 1:colcon.colcon_core.environment:checking '/home/edisonwong/robot_ws/install/diffdrive_arduino' for CMake module files
[6.595s] Level 1:colcon.colcon_core.environment:checking '/home/edisonwong/robot_ws/install/diffdrive_arduino' for CMake config files
[6.599s] Level 1:colcon.colcon_core.shell:create_environment_hook('diffdrive_arduino', 'cmake_prefix_path')
[6.606s] INFO:colcon.colcon_core.shell:Creating environment hook '/home/edisonwong/robot_ws/install/diffdrive_arduino/share/diffdrive_arduino/hook/cmake_prefix_path.ps1'
[6.608s] INFO:colcon.colcon_core.shell:Creating environment descriptor '/home/edisonwong/robot_ws/install/diffdrive_arduino/share/diffdrive_arduino/hook/cmake_prefix_path.dsv'
[6.610s] INFO:colcon.colcon_core.shell:Creating environment hook '/home/edisonwong/robot_ws/install/diffdrive_arduino/share/diffdrive_arduino/hook/cmake_prefix_path.sh'
[6.614s] Level 1:colcon.colcon_core.environment:checking '/home/edisonwong/robot_ws/install/diffdrive_arduino/lib'
[6.614s] Level 1:colcon.colcon_core.shell:create_environment_hook('diffdrive_arduino', 'ld_library_path_lib')
[6.621s] INFO:colcon.colcon_core.shell:Creating environment hook '/home/edisonwong/robot_ws/install/diffdrive_arduino/share/diffdrive_arduino/hook/ld_library_path_lib.ps1'
[6.623s] INFO:colcon.colcon_core.shell:Creating environment descriptor '/home/edisonwong/robot_ws/install/diffdrive_arduino/share/diffdrive_arduino/hook/ld_library_path_lib.dsv'
[6.625s] INFO:colcon.colcon_core.shell:Creating environment hook '/home/edisonwong/robot_ws/install/diffdrive_arduino/share/diffdrive_arduino/hook/ld_library_path_lib.sh'
[6.628s] Level 1:colcon.colcon_core.environment:checking '/home/edisonwong/robot_ws/install/diffdrive_arduino/bin'
[6.628s] Level 1:colcon.colcon_core.environment:checking '/home/edisonwong/robot_ws/install/diffdrive_arduino/lib/pkgconfig/diffdrive_arduino.pc'
[6.629s] Level 1:colcon.colcon_core.environment:checking '/home/edisonwong/robot_ws/install/diffdrive_arduino/lib/python3.10/site-packages'
[6.631s] Level 1:colcon.colcon_core.environment:checking '/home/edisonwong/robot_ws/install/diffdrive_arduino/bin'
[6.638s] INFO:colcon.colcon_core.shell:Creating package script '/home/edisonwong/robot_ws/install/diffdrive_arduino/share/diffdrive_arduino/package.ps1'
[6.641s] INFO:colcon.colcon_core.shell:Creating package descriptor '/home/edisonwong/robot_ws/install/diffdrive_arduino/share/diffdrive_arduino/package.dsv'
[6.645s] INFO:colcon.colcon_core.shell:Creating package script '/home/edisonwong/robot_ws/install/diffdrive_arduino/share/diffdrive_arduino/package.sh'
[6.648s] INFO:colcon.colcon_core.shell:Creating package script '/home/edisonwong/robot_ws/install/diffdrive_arduino/share/diffdrive_arduino/package.bash'
[6.651s] INFO:colcon.colcon_core.shell:Creating package script '/home/edisonwong/robot_ws/install/diffdrive_arduino/share/diffdrive_arduino/package.zsh'
[6.654s] Level 1:colcon.colcon_core.environment:create_file_with_runtime_dependencies(/home/edisonwong/robot_ws/install/diffdrive_arduino/share/colcon-core/packages/diffdrive_arduino)
[6.745s] DEBUG:colcon.colcon_core.event_handler.log_command:Invoking command in '/home/edisonwong/robot_ws/build/serial_motor_demo_msgs': CMAKE_PREFIX_PATH=${CMAKE_PREFIX_PATH}:/home/edisonwong/robot_ws/install/serial_motor_demo:/opt/ros/humble /usr/bin/cmake --install /home/edisonwong/robot_ws/build/serial_motor_demo_msgs
[7.204s] Level 1:colcon.colcon_core.environment:create_environment_scripts_only(serial_motor_demo_msgs)
[7.214s] Level 1:colcon.colcon_core.environment:checking '/home/edisonwong/robot_ws/install/serial_motor_demo_msgs' for CMake module files
[7.215s] DEBUG:colcon.colcon_core.event_handler.log_command:Invoked command in '/home/edisonwong/robot_ws/build/serial_motor_demo_msgs' returned '0': CMAKE_PREFIX_PATH=${CMAKE_PREFIX_PATH}:/home/edisonwong/robot_ws/install/serial_motor_demo:/opt/ros/humble /usr/bin/cmake --install /home/edisonwong/robot_ws/build/serial_motor_demo_msgs
[7.220s] Level 1:colcon.colcon_core.environment:checking '/home/edisonwong/robot_ws/install/serial_motor_demo_msgs' for CMake config files
[7.223s] Level 1:colcon.colcon_core.shell:create_environment_hook('serial_motor_demo_msgs', 'cmake_prefix_path')
[7.229s] INFO:colcon.colcon_core.shell:Creating environment hook '/home/edisonwong/robot_ws/install/serial_motor_demo_msgs/share/serial_motor_demo_msgs/hook/cmake_prefix_path.ps1'
[7.232s] INFO:colcon.colcon_core.shell:Creating environment descriptor '/home/edisonwong/robot_ws/install/serial_motor_demo_msgs/share/serial_motor_demo_msgs/hook/cmake_prefix_path.dsv'
[7.234s] INFO:colcon.colcon_core.shell:Creating environment hook '/home/edisonwong/robot_ws/install/serial_motor_demo_msgs/share/serial_motor_demo_msgs/hook/cmake_prefix_path.sh'
[7.237s] Level 1:colcon.colcon_core.environment:checking '/home/edisonwong/robot_ws/install/serial_motor_demo_msgs/lib'
[7.238s] Level 1:colcon.colcon_core.shell:create_environment_hook('serial_motor_demo_msgs', 'ld_library_path_lib')
[7.244s] INFO:colcon.colcon_core.shell:Creating environment hook '/home/edisonwong/robot_ws/install/serial_motor_demo_msgs/share/serial_motor_demo_msgs/hook/ld_library_path_lib.ps1'
[7.246s] INFO:colcon.colcon_core.shell:Creating environment descriptor '/home/edisonwong/robot_ws/install/serial_motor_demo_msgs/share/serial_motor_demo_msgs/hook/ld_library_path_lib.dsv'
[7.248s] INFO:colcon.colcon_core.shell:Creating environment hook '/home/edisonwong/robot_ws/install/serial_motor_demo_msgs/share/serial_motor_demo_msgs/hook/ld_library_path_lib.sh'
[7.251s] Level 1:colcon.colcon_core.environment:checking '/home/edisonwong/robot_ws/install/serial_motor_demo_msgs/bin'
[7.251s] Level 1:colcon.colcon_core.environment:checking '/home/edisonwong/robot_ws/install/serial_motor_demo_msgs/lib/pkgconfig/serial_motor_demo_msgs.pc'
[7.252s] Level 1:colcon.colcon_core.environment:checking '/home/edisonwong/robot_ws/install/serial_motor_demo_msgs/lib/python3.10/site-packages'
[7.253s] Level 1:colcon.colcon_core.environment:checking '/home/edisonwong/robot_ws/install/serial_motor_demo_msgs/bin'
[7.260s] INFO:colcon.colcon_core.shell:Creating package script '/home/edisonwong/robot_ws/install/serial_motor_demo_msgs/share/serial_motor_demo_msgs/package.ps1'
[7.262s] INFO:colcon.colcon_core.shell:Creating package descriptor '/home/edisonwong/robot_ws/install/serial_motor_demo_msgs/share/serial_motor_demo_msgs/package.dsv'
[7.265s] INFO:colcon.colcon_core.shell:Creating package script '/home/edisonwong/robot_ws/install/serial_motor_demo_msgs/share/serial_motor_demo_msgs/package.sh'
[7.267s] INFO:colcon.colcon_core.shell:Creating package script '/home/edisonwong/robot_ws/install/serial_motor_demo_msgs/share/serial_motor_demo_msgs/package.bash'
[7.269s] INFO:colcon.colcon_core.shell:Creating package script '/home/edisonwong/robot_ws/install/serial_motor_demo_msgs/share/serial_motor_demo_msgs/package.zsh'
[7.271s] Level 1:colcon.colcon_core.environment:create_file_with_runtime_dependencies(/home/edisonwong/robot_ws/install/serial_motor_demo_msgs/share/colcon-core/packages/serial_motor_demo_msgs)
[7.976s] Level 1:colcon.colcon_core.environment:create_environment_scripts_only(serial_motor_demo_msgs)
[7.986s] Level 1:colcon.colcon_core.environment:checking '/home/edisonwong/robot_ws/install/serial_motor_demo_msgs' for CMake module files
[7.991s] Level 1:colcon.colcon_core.environment:checking '/home/edisonwong/robot_ws/install/serial_motor_demo_msgs' for CMake config files
[7.995s] Level 1:colcon.colcon_core.shell:create_environment_hook('serial_motor_demo_msgs', 'cmake_prefix_path')
[8.001s] INFO:colcon.colcon_core.shell:Creating environment hook '/home/edisonwong/robot_ws/install/serial_motor_demo_msgs/share/serial_motor_demo_msgs/hook/cmake_prefix_path.ps1'
[8.004s] INFO:colcon.colcon_core.shell:Creating environment descriptor '/home/edisonwong/robot_ws/install/serial_motor_demo_msgs/share/serial_motor_demo_msgs/hook/cmake_prefix_path.dsv'
[8.007s] INFO:colcon.colcon_core.shell:Creating environment hook '/home/edisonwong/robot_ws/install/serial_motor_demo_msgs/share/serial_motor_demo_msgs/hook/cmake_prefix_path.sh'
[8.011s] Level 1:colcon.colcon_core.environment:checking '/home/edisonwong/robot_ws/install/serial_motor_demo_msgs/lib'
[8.011s] Level 1:colcon.colcon_core.shell:create_environment_hook('serial_motor_demo_msgs', 'ld_library_path_lib')
[8.017s] INFO:colcon.colcon_core.shell:Creating environment hook '/home/edisonwong/robot_ws/install/serial_motor_demo_msgs/share/serial_motor_demo_msgs/hook/ld_library_path_lib.ps1'
[8.019s] INFO:colcon.colcon_core.shell:Creating environment descriptor '/home/edisonwong/robot_ws/install/serial_motor_demo_msgs/share/serial_motor_demo_msgs/hook/ld_library_path_lib.dsv'
[8.021s] INFO:colcon.colcon_core.shell:Creating environment hook '/home/edisonwong/robot_ws/install/serial_motor_demo_msgs/share/serial_motor_demo_msgs/hook/ld_library_path_lib.sh'
[8.024s] Level 1:colcon.colcon_core.environment:checking '/home/edisonwong/robot_ws/install/serial_motor_demo_msgs/bin'
[8.024s] Level 1:colcon.colcon_core.environment:checking '/home/edisonwong/robot_ws/install/serial_motor_demo_msgs/lib/pkgconfig/serial_motor_demo_msgs.pc'
[8.026s] Level 1:colcon.colcon_core.environment:checking '/home/edisonwong/robot_ws/install/serial_motor_demo_msgs/lib/python3.10/site-packages'
[8.027s] Level 1:colcon.colcon_core.environment:checking '/home/edisonwong/robot_ws/install/serial_motor_demo_msgs/bin'
[8.034s] INFO:colcon.colcon_core.shell:Creating package script '/home/edisonwong/robot_ws/install/serial_motor_demo_msgs/share/serial_motor_demo_msgs/package.ps1'
[8.037s] INFO:colcon.colcon_core.shell:Creating package descriptor '/home/edisonwong/robot_ws/install/serial_motor_demo_msgs/share/serial_motor_demo_msgs/package.dsv'
[8.040s] INFO:colcon.colcon_core.shell:Creating package script '/home/edisonwong/robot_ws/install/serial_motor_demo_msgs/share/serial_motor_demo_msgs/package.sh'
[8.042s] INFO:colcon.colcon_core.shell:Creating package script '/home/edisonwong/robot_ws/install/serial_motor_demo_msgs/share/serial_motor_demo_msgs/package.bash'
[8.045s] INFO:colcon.colcon_core.shell:Creating package script '/home/edisonwong/robot_ws/install/serial_motor_demo_msgs/share/serial_motor_demo_msgs/package.zsh'
[8.047s] Level 1:colcon.colcon_core.environment:create_file_with_runtime_dependencies(/home/edisonwong/robot_ws/install/serial_motor_demo_msgs/share/colcon-core/packages/serial_motor_demo_msgs)
[8.049s] INFO:colcon.colcon_ros.task.ament_python.build:Building ROS package in '/home/edisonwong/robot_ws/serial_motor_demo/serial_motor_demo' with build type 'ament_python'
[8.050s] Level 1:colcon.colcon_core.shell:create_environment_hook('serial_motor_demo', 'ament_prefix_path')
[8.057s] INFO:colcon.colcon_core.shell:Creating environment hook '/home/edisonwong/robot_ws/install/serial_motor_demo/share/serial_motor_demo/hook/ament_prefix_path.ps1'
[8.061s] INFO:colcon.colcon_core.shell:Creating environment descriptor '/home/edisonwong/robot_ws/install/serial_motor_demo/share/serial_motor_demo/hook/ament_prefix_path.dsv'
[8.064s] INFO:colcon.colcon_core.shell:Creating environment hook '/home/edisonwong/robot_ws/install/serial_motor_demo/share/serial_motor_demo/hook/ament_prefix_path.sh'
[8.072s] INFO:colcon.colcon_core.shell:Skip shell extension 'powershell' for command environment: Not usable outside of PowerShell
[8.072s] DEBUG:colcon.colcon_core.shell:Skip shell extension 'dsv' for command environment
[9.561s] INFO:colcon.colcon_core.task.python.build:Building Python package in '/home/edisonwong/robot_ws/serial_motor_demo/serial_motor_demo'
[9.567s] INFO:colcon.colcon_core.shell:Skip shell extension 'powershell' for command environment: Not usable outside of PowerShell
[9.567s] DEBUG:colcon.colcon_core.shell:Skip shell extension 'dsv' for command environment
[11.667s] DEBUG:colcon.colcon_core.event_handler.log_command:Invoking command in '/home/edisonwong/robot_ws/build/serial_motor_demo': PYTHONPATH=/home/edisonwong/robot_ws/build/serial_motor_demo/prefix_override:/home/edisonwong/robot_ws/install/serial_motor_demo/lib/python3.10/site-packages:${PYTHONPATH} /usr/bin/python3 setup.py develop --editable --build-directory /home/edisonwong/robot_ws/build/serial_motor_demo/build --no-deps install_data
[14.351s] Level 1:colcon.colcon_core.shell:create_environment_hook('serial_motor_demo', 'pythonpath_develop')
[14.358s] INFO:colcon.colcon_core.shell:Creating environment hook '/home/edisonwong/robot_ws/build/serial_motor_demo/share/serial_motor_demo/hook/pythonpath_develop.ps1'
[14.359s] DEBUG:colcon.colcon_core.event_handler.log_command:Invoked command in '/home/edisonwong/robot_ws/build/serial_motor_demo' returned '0': PYTHONPATH=/home/edisonwong/robot_ws/build/serial_motor_demo/prefix_override:/home/edisonwong/robot_ws/install/serial_motor_demo/lib/python3.10/site-packages:${PYTHONPATH} /usr/bin/python3 setup.py develop --editable --build-directory /home/edisonwong/robot_ws/build/serial_motor_demo/build --no-deps install_data
[14.361s] INFO:colcon.colcon_core.shell:Creating environment descriptor '/home/edisonwong/robot_ws/build/serial_motor_demo/share/serial_motor_demo/hook/pythonpath_develop.dsv'
[14.363s] INFO:colcon.colcon_core.shell:Creating environment hook '/home/edisonwong/robot_ws/build/serial_motor_demo/share/serial_motor_demo/hook/pythonpath_develop.sh'
[14.374s] Level 1:colcon.colcon_core.environment:checking '/home/edisonwong/robot_ws/install/serial_motor_demo' for CMake module files
[14.377s] Level 1:colcon.colcon_core.environment:checking '/home/edisonwong/robot_ws/install/serial_motor_demo' for CMake config files
[14.380s] Level 1:colcon.colcon_core.environment:checking '/home/edisonwong/robot_ws/install/serial_motor_demo/lib'
[14.381s] Level 1:colcon.colcon_core.environment:checking '/home/edisonwong/robot_ws/install/serial_motor_demo/bin'
[14.381s] Level 1:colcon.colcon_core.environment:checking '/home/edisonwong/robot_ws/install/serial_motor_demo/lib/pkgconfig/serial_motor_demo.pc'
[14.382s] Level 1:colcon.colcon_core.environment:checking '/home/edisonwong/robot_ws/install/serial_motor_demo/lib/python3.10/site-packages'
[14.383s] Level 1:colcon.colcon_core.shell:create_environment_hook('serial_motor_demo', 'pythonpath')
[14.389s] INFO:colcon.colcon_core.shell:Creating environment hook '/home/edisonwong/robot_ws/install/serial_motor_demo/share/serial_motor_demo/hook/pythonpath.ps1'
[14.391s] INFO:colcon.colcon_core.shell:Creating environment descriptor '/home/edisonwong/robot_ws/install/serial_motor_demo/share/serial_motor_demo/hook/pythonpath.dsv'
[14.393s] INFO:colcon.colcon_core.shell:Creating environment hook '/home/edisonwong/robot_ws/install/serial_motor_demo/share/serial_motor_demo/hook/pythonpath.sh'
[14.396s] Level 1:colcon.colcon_core.environment:checking '/home/edisonwong/robot_ws/install/serial_motor_demo/bin'
[14.396s] Level 1:colcon.colcon_core.environment:create_environment_scripts_only(serial_motor_demo)
[14.402s] INFO:colcon.colcon_core.shell:Creating package script '/home/edisonwong/robot_ws/install/serial_motor_demo/share/serial_motor_demo/package.ps1'
[14.405s] INFO:colcon.colcon_core.shell:Creating package descriptor '/home/edisonwong/robot_ws/install/serial_motor_demo/share/serial_motor_demo/package.dsv'
[14.408s] INFO:colcon.colcon_core.shell:Creating package script '/home/edisonwong/robot_ws/install/serial_motor_demo/share/serial_motor_demo/package.sh'
[14.410s] INFO:colcon.colcon_core.shell:Creating package script '/home/edisonwong/robot_ws/install/serial_motor_demo/share/serial_motor_demo/package.bash'
[14.412s] INFO:colcon.colcon_core.shell:Creating package script '/home/edisonwong/robot_ws/install/serial_motor_demo/share/serial_motor_demo/package.zsh'
[14.414s] Level 1:colcon.colcon_core.environment:create_file_with_runtime_dependencies(/home/edisonwong/robot_ws/install/serial_motor_demo/share/colcon-core/packages/serial_motor_demo)
[14.416s] DEBUG:colcon.colcon_parallel_executor.executor.parallel:closing loop
[14.417s] DEBUG:colcon.colcon_parallel_executor.executor.parallel:loop closed
[14.418s] DEBUG:colcon.colcon_parallel_executor.executor.parallel:run_until_complete finished with '0'
[14.418s] DEBUG:colcon.colcon_core.event_reactor:joining thread
[14.450s] INFO:colcon.colcon_core.plugin_system:Skipping extension 'colcon_notification.desktop_notification.terminal_notifier': Not used on non-Darwin systems
[14.450s] INFO:colcon.colcon_core.plugin_system:Skipping extension 'colcon_notification.desktop_notification.win32': Not used on non-Windows systems
[14.450s] INFO:colcon.colcon_notification.desktop_notification:Sending desktop notification using 'notify2'
[14.494s] DEBUG:colcon.colcon_core.event_reactor:joined thread
[14.501s] INFO:colcon.colcon_core.shell:Creating prefix script '/home/edisonwong/robot_ws/install/local_setup.ps1'
[14.505s] INFO:colcon.colcon_core.shell:Creating prefix util module '/home/edisonwong/robot_ws/install/_local_setup_util_ps1.py'
[14.511s] INFO:colcon.colcon_core.shell:Creating prefix chain script '/home/edisonwong/robot_ws/install/setup.ps1'
[14.520s] INFO:colcon.colcon_core.shell:Creating prefix script '/home/edisonwong/robot_ws/install/local_setup.sh'
[14.523s] INFO:colcon.colcon_core.shell:Creating prefix util module '/home/edisonwong/robot_ws/install/_local_setup_util_sh.py'
[14.525s] INFO:colcon.colcon_core.shell:Creating prefix chain script '/home/edisonwong/robot_ws/install/setup.sh'
[14.534s] INFO:colcon.colcon_core.shell:Creating prefix script '/home/edisonwong/robot_ws/install/local_setup.bash'
[14.537s] INFO:colcon.colcon_core.shell:Creating prefix chain script '/home/edisonwong/robot_ws/install/setup.bash'
[14.545s] INFO:colcon.colcon_core.shell:Creating prefix script '/home/edisonwong/robot_ws/install/local_setup.zsh'
[14.548s] INFO:colcon.colcon_core.shell:Creating prefix chain script '/home/edisonwong/robot_ws/install/setup.zsh'
