[0.080s] Invoking command in '/home/edisonwong/robot_ws/src/build/diffdrive_arduino': CMAKE_PREFIX_PATH=/home/edisonwong/robot_ws/src/install/serial:/home/edisonwong/robot_ws/src/install/serial_motor_demo_msgs:/home/edisonwong/robot_ws/src/install/diffdrive_arduino:/home/edisonwong/robot_ws/src/install/my_bot:/home/edisonwong/robot_ws/install/serial_motor_demo_msgs:/home/edisonwong/robot_ws/install/diffdrive_arduino:/home/edisonwong/robot_ws/install/serial:/home/edisonwong/robot_ws/install/my_bot:/home/edisonwong/robot_ws/src/install/serial_motor_demo:/home/edisonwong/robot_ws/install/serial_motor_demo:/opt/ros/humble /usr/bin/cmake --build /home/edisonwong/robot_ws/src/build/diffdrive_arduino -- -j4 -l4
[0.411s] [ 42%] Built target fake_robot
[0.414s] [100%] Built target diffdrive_arduino
[0.468s] Invoked command in '/home/edisonwong/robot_ws/src/build/diffdrive_arduino' returned '0': CMAKE_PREFIX_PATH=/home/edisonwong/robot_ws/src/install/serial:/home/edisonwong/robot_ws/src/install/serial_motor_demo_msgs:/home/edisonwong/robot_ws/src/install/diffdrive_arduino:/home/edisonwong/robot_ws/src/install/my_bot:/home/edisonwong/robot_ws/install/serial_motor_demo_msgs:/home/edisonwong/robot_ws/install/diffdrive_arduino:/home/edisonwong/robot_ws/install/serial:/home/edisonwong/robot_ws/install/my_bot:/home/edisonwong/robot_ws/src/install/serial_motor_demo:/home/edisonwong/robot_ws/install/serial_motor_demo:/opt/ros/humble /usr/bin/cmake --build /home/edisonwong/robot_ws/src/build/diffdrive_arduino -- -j4 -l4
[0.720s] Invoking command in '/home/edisonwong/robot_ws/src/build/diffdrive_arduino': CMAKE_PREFIX_PATH=/home/edisonwong/robot_ws/src/install/serial:/home/edisonwong/robot_ws/src/install/serial_motor_demo_msgs:/home/edisonwong/robot_ws/src/install/diffdrive_arduino:/home/edisonwong/robot_ws/src/install/my_bot:/home/edisonwong/robot_ws/install/serial_motor_demo_msgs:/home/edisonwong/robot_ws/install/diffdrive_arduino:/home/edisonwong/robot_ws/install/serial:/home/edisonwong/robot_ws/install/my_bot:/home/edisonwong/robot_ws/src/install/serial_motor_demo:/home/edisonwong/robot_ws/install/serial_motor_demo:/opt/ros/humble /usr/bin/cmake --install /home/edisonwong/robot_ws/src/build/diffdrive_arduino
[0.759s] -- Install configuration: ""
[0.761s] -- Execute custom install script
[0.763s] -- Up-to-date symlink: /home/edisonwong/robot_ws/src/install/diffdrive_arduino/share/diffdrive_arduino//robot_hardware.xml
[0.764s] -- Up-to-date symlink: /home/edisonwong/robot_ws/src/install/diffdrive_arduino/share/diffdrive_arduino//fake_robot_hardware.xml
[0.767s] -- Up-to-date symlink: /home/edisonwong/robot_ws/src/install/diffdrive_arduino/lib/libdiffdrive_arduino.so
[0.768s] -- Up-to-date symlink: /home/edisonwong/robot_ws/src/install/diffdrive_arduino/lib/libfake_robot.so
[0.770s] -- Up-to-date symlink: /home/edisonwong/robot_ws/src/install/diffdrive_arduino/share/diffdrive_arduino/controllers/robot_controller_example.yaml
[0.772s] -- Up-to-date symlink: /home/edisonwong/robot_ws/src/install/diffdrive_arduino/share/diffdrive_arduino/__pycache__/test_robot.launch.cpython-310.pyc
[0.773s] -- Up-to-date symlink: /home/edisonwong/robot_ws/src/install/diffdrive_arduino/share/diffdrive_arduino/fake_robot.launch.py
[0.774s] -- Up-to-date symlink: /home/edisonwong/robot_ws/src/install/diffdrive_arduino/share/diffdrive_arduino/test_robot.launch.py
[0.775s] -- Up-to-date symlink: /home/edisonwong/robot_ws/src/install/diffdrive_arduino/share/diffdrive_arduino/environment/library_path.sh
[0.776s] -- Up-to-date symlink: /home/edisonwong/robot_ws/src/install/diffdrive_arduino/share/diffdrive_arduino/environment/library_path.dsv
[0.778s] -- Up-to-date symlink: /home/edisonwong/robot_ws/src/install/diffdrive_arduino/share/ament_index/resource_index/package_run_dependencies/diffdrive_arduino
[0.779s] -- Up-to-date symlink: /home/edisonwong/robot_ws/src/install/diffdrive_arduino/share/ament_index/resource_index/parent_prefix_path/diffdrive_arduino
[0.780s] -- Up-to-date symlink: /home/edisonwong/robot_ws/src/install/diffdrive_arduino/share/diffdrive_arduino/environment/ament_prefix_path.sh
[0.781s] -- Up-to-date symlink: /home/edisonwong/robot_ws/src/install/diffdrive_arduino/share/diffdrive_arduino/environment/ament_prefix_path.dsv
[0.783s] -- Up-to-date symlink: /home/edisonwong/robot_ws/src/install/diffdrive_arduino/share/diffdrive_arduino/environment/path.sh
[0.784s] -- Up-to-date symlink: /home/edisonwong/robot_ws/src/install/diffdrive_arduino/share/diffdrive_arduino/environment/path.dsv
[0.785s] -- Up-to-date symlink: /home/edisonwong/robot_ws/src/install/diffdrive_arduino/share/diffdrive_arduino/local_setup.bash
[0.786s] -- Up-to-date symlink: /home/edisonwong/robot_ws/src/install/diffdrive_arduino/share/diffdrive_arduino/local_setup.sh
[0.787s] -- Up-to-date symlink: /home/edisonwong/robot_ws/src/install/diffdrive_arduino/share/diffdrive_arduino/local_setup.zsh
[0.788s] -- Up-to-date symlink: /home/edisonwong/robot_ws/src/install/diffdrive_arduino/share/diffdrive_arduino/local_setup.dsv
[0.789s] -- Symlinking: /home/edisonwong/robot_ws/src/install/diffdrive_arduino/share/diffdrive_arduino/package.dsv
[0.835s] -- Up-to-date symlink: /home/edisonwong/robot_ws/src/install/diffdrive_arduino/share/ament_index/resource_index/packages/diffdrive_arduino
[0.836s] -- Up-to-date symlink: /home/edisonwong/robot_ws/src/install/diffdrive_arduino/share/ament_index/resource_index/hardware_interface__pluginlib__plugin/diffdrive_arduino
[0.838s] -- Up-to-date symlink: /home/edisonwong/robot_ws/src/install/diffdrive_arduino/share/diffdrive_arduino/cmake/ament_cmake_export_libraries-extras.cmake
[0.839s] -- Up-to-date symlink: /home/edisonwong/robot_ws/src/install/diffdrive_arduino/share/diffdrive_arduino/cmake/ament_cmake_export_dependencies-extras.cmake
[0.840s] -- Up-to-date symlink: /home/edisonwong/robot_ws/src/install/diffdrive_arduino/share/diffdrive_arduino/cmake/diffdrive_arduinoConfig.cmake
[0.841s] -- Up-to-date symlink: /home/edisonwong/robot_ws/src/install/diffdrive_arduino/share/diffdrive_arduino/cmake/diffdrive_arduinoConfig-version.cmake
[0.842s] -- Up-to-date symlink: /home/edisonwong/robot_ws/src/install/diffdrive_arduino/share/diffdrive_arduino/package.xml
[0.858s] Invoked command in '/home/edisonwong/robot_ws/src/build/diffdrive_arduino' returned '0': CMAKE_PREFIX_PATH=/home/edisonwong/robot_ws/src/install/serial:/home/edisonwong/robot_ws/src/install/serial_motor_demo_msgs:/home/edisonwong/robot_ws/src/install/diffdrive_arduino:/home/edisonwong/robot_ws/src/install/my_bot:/home/edisonwong/robot_ws/install/serial_motor_demo_msgs:/home/edisonwong/robot_ws/install/diffdrive_arduino:/home/edisonwong/robot_ws/install/serial:/home/edisonwong/robot_ws/install/my_bot:/home/edisonwong/robot_ws/src/install/serial_motor_demo:/home/edisonwong/robot_ws/install/serial_motor_demo:/opt/ros/humble /usr/bin/cmake --install /home/edisonwong/robot_ws/src/build/diffdrive_arduino
