[0.079s] Invoking command in '/home/edisonwong/robot_ws/src/build/diffdrive_arduino': CMAKE_PREFIX_PATH=/home/edisonwong/robot_ws/src/install/serial:/home/edisonwong/robot_ws/src/install/serial_motor_demo_msgs:/home/edisonwong/robot_ws/src/install/diffdrive_arduino:/home/edisonwong/robot_ws/src/install/my_bot:/home/edisonwong/robot_ws/install/serial_motor_demo_msgs:/home/edisonwong/robot_ws/install/diffdrive_arduino:/home/edisonwong/robot_ws/install/serial:/home/edisonwong/robot_ws/install/my_bot:/home/edisonwong/robot_ws/src/install/serial_motor_demo:/home/edisonwong/robot_ws/install/serial_motor_demo:/opt/ros/humble /usr/bin/cmake --build /home/edisonwong/robot_ws/src/build/diffdrive_arduino -- -j4 -l4
[0.414s] [ 42%] Built target fake_robot
[0.417s] [100%] Built target diffdrive_arduino
[0.469s] Invoked command in '/home/edisonwong/robot_ws/src/build/diffdrive_arduino' returned '0': CMAKE_PREFIX_PATH=/home/edisonwong/robot_ws/src/install/serial:/home/edisonwong/robot_ws/src/install/serial_motor_demo_msgs:/home/edisonwong/robot_ws/src/install/diffdrive_arduino:/home/edisonwong/robot_ws/src/install/my_bot:/home/edisonwong/robot_ws/install/serial_motor_demo_msgs:/home/edisonwong/robot_ws/install/diffdrive_arduino:/home/edisonwong/robot_ws/install/serial:/home/edisonwong/robot_ws/install/my_bot:/home/edisonwong/robot_ws/src/install/serial_motor_demo:/home/edisonwong/robot_ws/install/serial_motor_demo:/opt/ros/humble /usr/bin/cmake --build /home/edisonwong/robot_ws/src/build/diffdrive_arduino -- -j4 -l4
[0.708s] Invoking command in '/home/edisonwong/robot_ws/src/build/diffdrive_arduino': CMAKE_PREFIX_PATH=/home/edisonwong/robot_ws/src/install/serial:/home/edisonwong/robot_ws/src/install/serial_motor_demo_msgs:/home/edisonwong/robot_ws/src/install/diffdrive_arduino:/home/edisonwong/robot_ws/src/install/my_bot:/home/edisonwong/robot_ws/install/serial_motor_demo_msgs:/home/edisonwong/robot_ws/install/diffdrive_arduino:/home/edisonwong/robot_ws/install/serial:/home/edisonwong/robot_ws/install/my_bot:/home/edisonwong/robot_ws/src/install/serial_motor_demo:/home/edisonwong/robot_ws/install/serial_motor_demo:/opt/ros/humble /usr/bin/cmake --install /home/edisonwong/robot_ws/src/build/diffdrive_arduino
[0.748s] -- Install configuration: ""
[0.750s] -- Execute custom install script
[0.752s] -- Up-to-date symlink: /home/edisonwong/robot_ws/src/install/diffdrive_arduino/share/diffdrive_arduino//robot_hardware.xml
[0.753s] -- Up-to-date symlink: /home/edisonwong/robot_ws/src/install/diffdrive_arduino/share/diffdrive_arduino//fake_robot_hardware.xml
[0.754s] -- Up-to-date symlink: /home/edisonwong/robot_ws/src/install/diffdrive_arduino/lib/libdiffdrive_arduino.so
[0.755s] -- Up-to-date symlink: /home/edisonwong/robot_ws/src/install/diffdrive_arduino/lib/libfake_robot.so
[0.757s] -- Up-to-date symlink: /home/edisonwong/robot_ws/src/install/diffdrive_arduino/share/diffdrive_arduino/controllers/robot_controller_example.yaml
[0.759s] -- Up-to-date symlink: /home/edisonwong/robot_ws/src/install/diffdrive_arduino/share/diffdrive_arduino/__pycache__/test_robot.launch.cpython-310.pyc
[0.760s] -- Up-to-date symlink: /home/edisonwong/robot_ws/src/install/diffdrive_arduino/share/diffdrive_arduino/fake_robot.launch.py
[0.761s] -- Up-to-date symlink: /home/edisonwong/robot_ws/src/install/diffdrive_arduino/share/diffdrive_arduino/test_robot.launch.py
[0.762s] -- Up-to-date symlink: /home/edisonwong/robot_ws/src/install/diffdrive_arduino/share/diffdrive_arduino/environment/library_path.sh
[0.763s] -- Up-to-date symlink: /home/edisonwong/robot_ws/src/install/diffdrive_arduino/share/diffdrive_arduino/environment/library_path.dsv
[0.765s] -- Up-to-date symlink: /home/edisonwong/robot_ws/src/install/diffdrive_arduino/share/ament_index/resource_index/package_run_dependencies/diffdrive_arduino
[0.766s] -- Up-to-date symlink: /home/edisonwong/robot_ws/src/install/diffdrive_arduino/share/ament_index/resource_index/parent_prefix_path/diffdrive_arduino
[0.767s] -- Up-to-date symlink: /home/edisonwong/robot_ws/src/install/diffdrive_arduino/share/diffdrive_arduino/environment/ament_prefix_path.sh
[0.769s] -- Up-to-date symlink: /home/edisonwong/robot_ws/src/install/diffdrive_arduino/share/diffdrive_arduino/environment/ament_prefix_path.dsv
[0.770s] -- Up-to-date symlink: /home/edisonwong/robot_ws/src/install/diffdrive_arduino/share/diffdrive_arduino/environment/path.sh
[0.771s] -- Up-to-date symlink: /home/edisonwong/robot_ws/src/install/diffdrive_arduino/share/diffdrive_arduino/environment/path.dsv
[0.772s] -- Up-to-date symlink: /home/edisonwong/robot_ws/src/install/diffdrive_arduino/share/diffdrive_arduino/local_setup.bash
[0.773s] -- Up-to-date symlink: /home/edisonwong/robot_ws/src/install/diffdrive_arduino/share/diffdrive_arduino/local_setup.sh
[0.774s] -- Up-to-date symlink: /home/edisonwong/robot_ws/src/install/diffdrive_arduino/share/diffdrive_arduino/local_setup.zsh
[0.776s] -- Up-to-date symlink: /home/edisonwong/robot_ws/src/install/diffdrive_arduino/share/diffdrive_arduino/local_setup.dsv
[0.776s] -- Symlinking: /home/edisonwong/robot_ws/src/install/diffdrive_arduino/share/diffdrive_arduino/package.dsv
[0.823s] -- Up-to-date symlink: /home/edisonwong/robot_ws/src/install/diffdrive_arduino/share/ament_index/resource_index/packages/diffdrive_arduino
[0.824s] -- Up-to-date symlink: /home/edisonwong/robot_ws/src/install/diffdrive_arduino/share/ament_index/resource_index/hardware_interface__pluginlib__plugin/diffdrive_arduino
[0.825s] -- Up-to-date symlink: /home/edisonwong/robot_ws/src/install/diffdrive_arduino/share/diffdrive_arduino/cmake/ament_cmake_export_libraries-extras.cmake
[0.826s] -- Up-to-date symlink: /home/edisonwong/robot_ws/src/install/diffdrive_arduino/share/diffdrive_arduino/cmake/ament_cmake_export_dependencies-extras.cmake
[0.828s] -- Up-to-date symlink: /home/edisonwong/robot_ws/src/install/diffdrive_arduino/share/diffdrive_arduino/cmake/diffdrive_arduinoConfig.cmake
[0.829s] -- Up-to-date symlink: /home/edisonwong/robot_ws/src/install/diffdrive_arduino/share/diffdrive_arduino/cmake/diffdrive_arduinoConfig-version.cmake
[0.830s] -- Up-to-date symlink: /home/edisonwong/robot_ws/src/install/diffdrive_arduino/share/diffdrive_arduino/package.xml
[0.848s] Invoked command in '/home/edisonwong/robot_ws/src/build/diffdrive_arduino' returned '0': CMAKE_PREFIX_PATH=/home/edisonwong/robot_ws/src/install/serial:/home/edisonwong/robot_ws/src/install/serial_motor_demo_msgs:/home/edisonwong/robot_ws/src/install/diffdrive_arduino:/home/edisonwong/robot_ws/src/install/my_bot:/home/edisonwong/robot_ws/install/serial_motor_demo_msgs:/home/edisonwong/robot_ws/install/diffdrive_arduino:/home/edisonwong/robot_ws/install/serial:/home/edisonwong/robot_ws/install/my_bot:/home/edisonwong/robot_ws/src/install/serial_motor_demo:/home/edisonwong/robot_ws/install/serial_motor_demo:/opt/ros/humble /usr/bin/cmake --install /home/edisonwong/robot_ws/src/build/diffdrive_arduino
