[0.089s] Invoking command in '/home/edisonwong/robot_ws/src/build/my_bot': CMAKE_PREFIX_PATH=/opt/ros/humble /usr/bin/cmake /home/edisonwong/robot_ws/src/my_bot -DAMENT_CMAKE_SYMLINK_INSTALL=1 -DCMAKE_INSTALL_PREFIX=/home/edisonwong/robot_ws/src/install/my_bot
[0.395s] -- The C compiler identification is GNU 11.3.0
[0.717s] -- The CXX compiler identification is GNU 11.3.0
[0.749s] -- Detecting C compiler ABI info
[1.127s] -- Detecting C compiler ABI info - done
[1.158s] -- Check for working C compiler: /usr/bin/cc - skipped
[1.159s] -- Detecting C compile features
[1.161s] -- Detecting C compile features - done
[1.175s] -- Detecting CXX compiler ABI info
[1.603s] -- Detecting CXX compiler ABI info - done
[1.634s] -- Check for working CXX compiler: /usr/bin/c++ - skipped
[1.636s] -- Detecting CXX compile features
[1.639s] -- Detecting CXX compile features - done
[1.666s] -- Found ament_cmake: 1.3.3 (/opt/ros/humble/share/ament_cmake/cmake)
[2.817s] -- Found Python3: /usr/bin/python3.10 (found version "3.10.6") found components: Interpreter 
[3.221s] -- Override CMake install command with custom implementation using symlinks instead of copying resources
[3.540s] -- Found ament_lint_auto: 0.12.4 (/opt/ros/humble/share/ament_lint_auto/cmake)
[4.152s] -- Added test 'copyright' to check source files copyright and LICENSE
[4.249s] -- Added test 'flake8' to check Python code syntax and style conventions
[4.262s] -- Added test 'lint_cmake' to check CMake code style
[4.270s] -- Added test 'pep257' to check Python code against some of the docstring style conventions in PEP 257
[4.321s] -- Added test 'xmllint' to check XML markup files
[4.331s] -- Configuring done
[4.358s] -- Generating done
[4.365s] -- Build files have been written to: /home/edisonwong/robot_ws/src/build/my_bot
[4.386s] Invoked command in '/home/edisonwong/robot_ws/src/build/my_bot' returned '0': CMAKE_PREFIX_PATH=/opt/ros/humble /usr/bin/cmake /home/edisonwong/robot_ws/src/my_bot -DAMENT_CMAKE_SYMLINK_INSTALL=1 -DCMAKE_INSTALL_PREFIX=/home/edisonwong/robot_ws/src/install/my_bot
[4.397s] Invoking command in '/home/edisonwong/robot_ws/src/build/my_bot': CMAKE_PREFIX_PATH=/opt/ros/humble /usr/bin/cmake --build /home/edisonwong/robot_ws/src/build/my_bot -- -j4 -l4
[4.590s] Invoked command in '/home/edisonwong/robot_ws/src/build/my_bot' returned '0': CMAKE_PREFIX_PATH=/opt/ros/humble /usr/bin/cmake --build /home/edisonwong/robot_ws/src/build/my_bot -- -j4 -l4
[4.741s] Invoking command in '/home/edisonwong/robot_ws/src/build/my_bot': CMAKE_PREFIX_PATH=/opt/ros/humble /usr/bin/cmake --install /home/edisonwong/robot_ws/src/build/my_bot
[4.805s] -- Install configuration: ""
[4.807s] -- Execute custom install script
[4.811s] -- Symlinking: /home/edisonwong/robot_ws/src/install/my_bot/share/my_bot/config/drive_bot.rviz
[4.847s] -- Symlinking: /home/edisonwong/robot_ws/src/install/my_bot/share/my_bot/config/empty.yaml
[4.884s] -- Symlinking: /home/edisonwong/robot_ws/src/install/my_bot/share/my_bot/config/gazebo_params.yaml
[4.921s] -- Symlinking: /home/edisonwong/robot_ws/src/install/my_bot/share/my_bot/config/my_controllers.yaml
[4.977s] -- Symlinking: /home/edisonwong/robot_ws/src/install/my_bot/share/my_bot/config/view_bot.rviz
[5.003s] -- Symlinking: /home/edisonwong/robot_ws/src/install/my_bot/share/my_bot/description/camera.xacro
[5.042s] -- Symlinking: /home/edisonwong/robot_ws/src/install/my_bot/share/my_bot/description/depth_camera.xacro
[5.083s] -- Symlinking: /home/edisonwong/robot_ws/src/install/my_bot/share/my_bot/description/gazebo_control.xacro
[5.129s] -- Symlinking: /home/edisonwong/robot_ws/src/install/my_bot/share/my_bot/description/inertial_macros.xacro
[5.230s] -- Symlinking: /home/edisonwong/robot_ws/src/install/my_bot/share/my_bot/description/lidar.xacro
[5.290s] -- Symlinking: /home/edisonwong/robot_ws/src/install/my_bot/share/my_bot/description/robot.urdf.xacro
[5.390s] -- Symlinking: /home/edisonwong/robot_ws/src/install/my_bot/share/my_bot/description/robot_core.xacro
[5.482s] -- Symlinking: /home/edisonwong/robot_ws/src/install/my_bot/share/my_bot/description/ros2_control.xacro
[5.568s] -- Symlinking: /home/edisonwong/robot_ws/src/install/my_bot/share/my_bot/launch/launch_sim.launch.py
[5.650s] -- Symlinking: /home/edisonwong/robot_ws/src/install/my_bot/share/my_bot/launch/rsp.launch.py
[5.752s] -- Symlinking: /home/edisonwong/robot_ws/src/install/my_bot/share/my_bot/worlds/empty.world
[5.851s] -- Symlinking: /home/edisonwong/robot_ws/src/install/my_bot/share/my_bot/worlds/kb5.world
[5.954s] -- Symlinking: /home/edisonwong/robot_ws/src/install/my_bot/share/my_bot/worlds/obstacles.world
[6.064s] -- Symlinking: /home/edisonwong/robot_ws/src/install/my_bot/share/ament_index/resource_index/package_run_dependencies/my_bot
[6.169s] -- Symlinking: /home/edisonwong/robot_ws/src/install/my_bot/share/ament_index/resource_index/parent_prefix_path/my_bot
[6.304s] -- Symlinking: /home/edisonwong/robot_ws/src/install/my_bot/share/my_bot/environment/ament_prefix_path.sh
[6.420s] -- Symlinking: /home/edisonwong/robot_ws/src/install/my_bot/share/my_bot/environment/ament_prefix_path.dsv
[6.532s] -- Symlinking: /home/edisonwong/robot_ws/src/install/my_bot/share/my_bot/environment/path.sh
[6.643s] -- Symlinking: /home/edisonwong/robot_ws/src/install/my_bot/share/my_bot/environment/path.dsv
[6.752s] -- Symlinking: /home/edisonwong/robot_ws/src/install/my_bot/share/my_bot/local_setup.bash
[6.863s] -- Symlinking: /home/edisonwong/robot_ws/src/install/my_bot/share/my_bot/local_setup.sh
[6.953s] -- Symlinking: /home/edisonwong/robot_ws/src/install/my_bot/share/my_bot/local_setup.zsh
[7.064s] -- Symlinking: /home/edisonwong/robot_ws/src/install/my_bot/share/my_bot/local_setup.dsv
[7.115s] -- Symlinking: /home/edisonwong/robot_ws/src/install/my_bot/share/my_bot/package.dsv
[7.161s] -- Symlinking: /home/edisonwong/robot_ws/src/install/my_bot/share/ament_index/resource_index/packages/my_bot
[7.213s] -- Symlinking: /home/edisonwong/robot_ws/src/install/my_bot/share/my_bot/cmake/my_botConfig.cmake
[7.263s] -- Symlinking: /home/edisonwong/robot_ws/src/install/my_bot/share/my_bot/cmake/my_botConfig-version.cmake
[7.331s] -- Symlinking: /home/edisonwong/robot_ws/src/install/my_bot/share/my_bot/package.xml
[7.457s] Invoked command in '/home/edisonwong/robot_ws/src/build/my_bot' returned '0': CMAKE_PREFIX_PATH=/opt/ros/humble /usr/bin/cmake --install /home/edisonwong/robot_ws/src/build/my_bot
