[0.120s] Invoking command in '/home/edisonwong/robot_ws/src/build/serial': CMAKE_PREFIX_PATH=${CMAKE_PREFIX_PATH}:/home/edisonwong/robot_ws/src/install/serial_motor_demo:/home/edisonwong/robot_ws/install/serial_motor_demo:/opt/ros/humble /usr/bin/cmake --build /home/edisonwong/robot_ws/src/build/serial -- -j4 -l4
[0.429s] [ 14%] Built target gtest_main
[0.441s] [ 42%] Built target serial
[0.445s] [ 57%] Built target gtest
[0.576s] [ 71%] Built target serial_example
[0.585s] [ 85%] Built target serial-test
[0.590s] [100%] Built target serial-test-timer
[0.648s] Invoked command in '/home/edisonwong/robot_ws/src/build/serial' returned '0': CMAKE_PREFIX_PATH=${CMAKE_PREFIX_PATH}:/home/edisonwong/robot_ws/src/install/serial_motor_demo:/home/edisonwong/robot_ws/install/serial_motor_demo:/opt/ros/humble /usr/bin/cmake --build /home/edisonwong/robot_ws/src/build/serial -- -j4 -l4
[0.921s] Invoking command in '/home/edisonwong/robot_ws/src/build/serial': CMAKE_PREFIX_PATH=${CMAKE_PREFIX_PATH}:/home/edisonwong/robot_ws/src/install/serial_motor_demo:/home/edisonwong/robot_ws/install/serial_motor_demo:/opt/ros/humble /usr/bin/cmake --install /home/edisonwong/robot_ws/src/build/serial
[0.959s] -- Install configuration: ""
[0.969s] -- Execute custom install script
[0.971s] -- Up-to-date symlink: /home/edisonwong/robot_ws/src/install/serial/lib/libserial.a
[0.972s] -- Up-to-date symlink: /home/edisonwong/robot_ws/src/install/serial/include/serial/serial.h
[0.972s] -- Up-to-date symlink: /home/edisonwong/robot_ws/src/install/serial/include/serial/v8stdint.h
[0.973s] -- Up-to-date symlink: /home/edisonwong/robot_ws/src/install/serial/share/serial/environment/library_path.sh
[0.973s] -- Up-to-date symlink: /home/edisonwong/robot_ws/src/install/serial/share/serial/environment/library_path.dsv
[0.975s] -- Up-to-date symlink: /home/edisonwong/robot_ws/src/install/serial/share/ament_index/resource_index/package_run_dependencies/serial
[0.976s] -- Up-to-date symlink: /home/edisonwong/robot_ws/src/install/serial/share/ament_index/resource_index/parent_prefix_path/serial
[0.978s] -- Up-to-date symlink: /home/edisonwong/robot_ws/src/install/serial/share/serial/environment/ament_prefix_path.sh
[0.978s] -- Up-to-date symlink: /home/edisonwong/robot_ws/src/install/serial/share/serial/environment/ament_prefix_path.dsv
[0.981s] -- Up-to-date symlink: /home/edisonwong/robot_ws/src/install/serial/share/serial/environment/path.sh
[0.982s] -- Up-to-date symlink: /home/edisonwong/robot_ws/src/install/serial/share/serial/environment/path.dsv
[0.983s] -- Up-to-date symlink: /home/edisonwong/robot_ws/src/install/serial/share/serial/local_setup.bash
[0.985s] -- Up-to-date symlink: /home/edisonwong/robot_ws/src/install/serial/share/serial/local_setup.sh
[0.986s] -- Up-to-date symlink: /home/edisonwong/robot_ws/src/install/serial/share/serial/local_setup.zsh
[0.988s] -- Up-to-date symlink: /home/edisonwong/robot_ws/src/install/serial/share/serial/local_setup.dsv
[0.996s] -- Symlinking: /home/edisonwong/robot_ws/src/install/serial/share/serial/package.dsv
[1.027s] -- Up-to-date symlink: /home/edisonwong/robot_ws/src/install/serial/share/ament_index/resource_index/packages/serial
[1.028s] -- Up-to-date symlink: /home/edisonwong/robot_ws/src/install/serial/share/serial/cmake/ament_cmake_export_include_directories-extras.cmake
[1.029s] -- Up-to-date symlink: /home/edisonwong/robot_ws/src/install/serial/share/serial/cmake/ament_cmake_export_libraries-extras.cmake
[1.030s] -- Up-to-date symlink: /home/edisonwong/robot_ws/src/install/serial/share/serial/cmake/serialConfig.cmake
[1.031s] -- Up-to-date symlink: /home/edisonwong/robot_ws/src/install/serial/share/serial/cmake/serialConfig-version.cmake
[1.033s] -- Up-to-date symlink: /home/edisonwong/robot_ws/src/install/serial/share/serial/package.xml
[1.049s] Invoked command in '/home/edisonwong/robot_ws/src/build/serial' returned '0': CMAKE_PREFIX_PATH=${CMAKE_PREFIX_PATH}:/home/edisonwong/robot_ws/src/install/serial_motor_demo:/home/edisonwong/robot_ws/install/serial_motor_demo:/opt/ros/humble /usr/bin/cmake --install /home/edisonwong/robot_ws/src/build/serial
