[0.165s] Invoking command in '/home/edisonwong/robot_ws/build/serial': CMAKE_PREFIX_PATH=${CMAKE_PREFIX_PATH}:/home/edisonwong/robot_ws/src/install/serial_motor_demo:/home/edisonwong/robot_ws/install/serial_motor_demo:/opt/ros/humble /usr/bin/cmake --build /home/edisonwong/robot_ws/build/serial -- -j4 -l4
[0.566s] [ 28%] Built target serial
[0.572s] [ 42%] Built target gtest
[0.586s] [ 57%] Built target gtest_main
[0.820s] [ 71%] Built target serial_example
[0.844s] [ 85%] Built target serial-test
[0.881s] [100%] Built target serial-test-timer
[0.997s] Invoked command in '/home/edisonwong/robot_ws/build/serial' returned '0': CMAKE_PREFIX_PATH=${CMAKE_PREFIX_PATH}:/home/edisonwong/robot_ws/src/install/serial_motor_demo:/home/edisonwong/robot_ws/install/serial_motor_demo:/opt/ros/humble /usr/bin/cmake --build /home/edisonwong/robot_ws/build/serial -- -j4 -l4
[1.357s] Invoking command in '/home/edisonwong/robot_ws/build/serial': CMAKE_PREFIX_PATH=${CMAKE_PREFIX_PATH}:/home/edisonwong/robot_ws/src/install/serial_motor_demo:/home/edisonwong/robot_ws/install/serial_motor_demo:/opt/ros/humble /usr/bin/cmake --install /home/edisonwong/robot_ws/build/serial
[1.401s] -- Install configuration: ""
[1.403s] -- Execute custom install script
[1.406s] -- Up-to-date symlink: /home/edisonwong/robot_ws/install/serial/lib/libserial.a
[1.408s] -- Up-to-date symlink: /home/edisonwong/robot_ws/install/serial/include/serial/serial.h
[1.410s] -- Up-to-date symlink: /home/edisonwong/robot_ws/install/serial/include/serial/v8stdint.h
[1.413s] -- Up-to-date symlink: /home/edisonwong/robot_ws/install/serial/share/serial/environment/library_path.sh
[1.415s] -- Up-to-date symlink: /home/edisonwong/robot_ws/install/serial/share/serial/environment/library_path.dsv
[1.418s] -- Up-to-date symlink: /home/edisonwong/robot_ws/install/serial/share/ament_index/resource_index/package_run_dependencies/serial
[1.422s] -- Up-to-date symlink: /home/edisonwong/robot_ws/install/serial/share/ament_index/resource_index/parent_prefix_path/serial
[1.424s] -- Up-to-date symlink: /home/edisonwong/robot_ws/install/serial/share/serial/environment/ament_prefix_path.sh
[1.427s] -- Up-to-date symlink: /home/edisonwong/robot_ws/install/serial/share/serial/environment/ament_prefix_path.dsv
[1.429s] -- Up-to-date symlink: /home/edisonwong/robot_ws/install/serial/share/serial/environment/path.sh
[1.432s] -- Up-to-date symlink: /home/edisonwong/robot_ws/install/serial/share/serial/environment/path.dsv
[1.435s] -- Up-to-date symlink: /home/edisonwong/robot_ws/install/serial/share/serial/local_setup.bash
[1.437s] -- Up-to-date symlink: /home/edisonwong/robot_ws/install/serial/share/serial/local_setup.sh
[1.441s] -- Up-to-date symlink: /home/edisonwong/robot_ws/install/serial/share/serial/local_setup.zsh
[1.443s] -- Up-to-date symlink: /home/edisonwong/robot_ws/install/serial/share/serial/local_setup.dsv
[1.445s] -- Symlinking: /home/edisonwong/robot_ws/install/serial/share/serial/package.dsv
[1.523s] -- Up-to-date symlink: /home/edisonwong/robot_ws/install/serial/share/ament_index/resource_index/packages/serial
[1.523s] -- Up-to-date symlink: /home/edisonwong/robot_ws/install/serial/share/serial/cmake/ament_cmake_export_include_directories-extras.cmake
[1.527s] -- Up-to-date symlink: /home/edisonwong/robot_ws/install/serial/share/serial/cmake/ament_cmake_export_libraries-extras.cmake
[1.528s] -- Up-to-date symlink: /home/edisonwong/robot_ws/install/serial/share/serial/cmake/serialConfig.cmake
[1.533s] -- Up-to-date symlink: /home/edisonwong/robot_ws/install/serial/share/serial/cmake/serialConfig-version.cmake
[1.534s] -- Up-to-date symlink: /home/edisonwong/robot_ws/install/serial/share/serial/package.xml
[1.554s] Invoked command in '/home/edisonwong/robot_ws/build/serial' returned '0': CMAKE_PREFIX_PATH=${CMAKE_PREFIX_PATH}:/home/edisonwong/robot_ws/src/install/serial_motor_demo:/home/edisonwong/robot_ws/install/serial_motor_demo:/opt/ros/humble /usr/bin/cmake --install /home/edisonwong/robot_ws/build/serial
