[0.123s] Invoking command in '/home/edisonwong/robot_ws/src/build/serial': CMAKE_PREFIX_PATH=${CMAKE_PREFIX_PATH}:/home/edisonwong/robot_ws/src/install/serial_motor_demo:/home/edisonwong/robot_ws/install/serial_motor_demo:/opt/ros/humble /usr/bin/cmake --build /home/edisonwong/robot_ws/src/build/serial -- -j4 -l4
[0.431s] [ 28%] Built target serial
[0.432s] [ 42%] Built target gtest_main
[0.436s] [ 57%] Built target gtest
[0.575s] [ 71%] Built target serial_example
[0.585s] [ 85%] Built target serial-test-timer
[0.589s] [100%] Built target serial-test
[0.645s] Invoked command in '/home/edisonwong/robot_ws/src/build/serial' returned '0': CMAKE_PREFIX_PATH=${CMAKE_PREFIX_PATH}:/home/edisonwong/robot_ws/src/install/serial_motor_demo:/home/edisonwong/robot_ws/install/serial_motor_demo:/opt/ros/humble /usr/bin/cmake --build /home/edisonwong/robot_ws/src/build/serial -- -j4 -l4
[0.920s] Invoking command in '/home/edisonwong/robot_ws/src/build/serial': CMAKE_PREFIX_PATH=${CMAKE_PREFIX_PATH}:/home/edisonwong/robot_ws/src/install/serial_motor_demo:/home/edisonwong/robot_ws/install/serial_motor_demo:/opt/ros/humble /usr/bin/cmake --install /home/edisonwong/robot_ws/src/build/serial
[0.957s] -- Install configuration: ""
[0.959s] -- Execute custom install script
[0.962s] -- Up-to-date symlink: /home/edisonwong/robot_ws/src/install/serial/lib/libserial.a
[0.963s] -- Up-to-date symlink: /home/edisonwong/robot_ws/src/install/serial/include/serial/serial.h
[0.964s] -- Up-to-date symlink: /home/edisonwong/robot_ws/src/install/serial/include/serial/v8stdint.h
[0.965s] -- Up-to-date symlink: /home/edisonwong/robot_ws/src/install/serial/share/serial/environment/library_path.sh
[0.966s] -- Up-to-date symlink: /home/edisonwong/robot_ws/src/install/serial/share/serial/environment/library_path.dsv
[0.967s] -- Up-to-date symlink: /home/edisonwong/robot_ws/src/install/serial/share/ament_index/resource_index/package_run_dependencies/serial
[0.969s] -- Up-to-date symlink: /home/edisonwong/robot_ws/src/install/serial/share/ament_index/resource_index/parent_prefix_path/serial
[0.970s] -- Up-to-date symlink: /home/edisonwong/robot_ws/src/install/serial/share/serial/environment/ament_prefix_path.sh
[0.972s] -- Up-to-date symlink: /home/edisonwong/robot_ws/src/install/serial/share/serial/environment/ament_prefix_path.dsv
[0.974s] -- Up-to-date symlink: /home/edisonwong/robot_ws/src/install/serial/share/serial/environment/path.sh
[0.993s] -- Up-to-date symlink: /home/edisonwong/robot_ws/src/install/serial/share/serial/environment/path.dsv
[0.996s] -- Up-to-date symlink: /home/edisonwong/robot_ws/src/install/serial/share/serial/local_setup.bash
[0.997s] -- Up-to-date symlink: /home/edisonwong/robot_ws/src/install/serial/share/serial/local_setup.sh
[0.999s] -- Up-to-date symlink: /home/edisonwong/robot_ws/src/install/serial/share/serial/local_setup.zsh
[1.000s] -- Up-to-date symlink: /home/edisonwong/robot_ws/src/install/serial/share/serial/local_setup.dsv
[1.001s] -- Symlinking: /home/edisonwong/robot_ws/src/install/serial/share/serial/package.dsv
[1.034s] -- Up-to-date symlink: /home/edisonwong/robot_ws/src/install/serial/share/ament_index/resource_index/packages/serial
[1.036s] -- Up-to-date symlink: /home/edisonwong/robot_ws/src/install/serial/share/serial/cmake/ament_cmake_export_include_directories-extras.cmake
[1.037s] -- Up-to-date symlink: /home/edisonwong/robot_ws/src/install/serial/share/serial/cmake/ament_cmake_export_libraries-extras.cmake
[1.038s] -- Up-to-date symlink: /home/edisonwong/robot_ws/src/install/serial/share/serial/cmake/serialConfig.cmake
[1.040s] -- Up-to-date symlink: /home/edisonwong/robot_ws/src/install/serial/share/serial/cmake/serialConfig-version.cmake
[1.042s] -- Up-to-date symlink: /home/edisonwong/robot_ws/src/install/serial/share/serial/package.xml
[1.067s] Invoked command in '/home/edisonwong/robot_ws/src/build/serial' returned '0': CMAKE_PREFIX_PATH=${CMAKE_PREFIX_PATH}:/home/edisonwong/robot_ws/src/install/serial_motor_demo:/home/edisonwong/robot_ws/install/serial_motor_demo:/opt/ros/humble /usr/bin/cmake --install /home/edisonwong/robot_ws/src/build/serial
