[1.613s] DEBUG:colcon:Command line arguments: ['/usr/bin/colcon', 'build', '--symlink-install']
[1.614s] DEBUG:colcon:Parsed command line arguments: Namespace(log_base=None, log_level=None, verb_name='build', build_base='build', install_base='install', merge_install=False, symlink_install=True, test_result_base=None, continue_on_error=False, executor='parallel', parallel_workers=4, event_handlers=None, ignore_user_meta=False, metas=['./colcon.meta'], base_paths=['.'], packages_ignore=None, packages_ignore_regex=None, paths=None, packages_up_to=None, packages_up_to_regex=None, packages_above=None, packages_above_and_dependencies=None, packages_above_depth=None, packages_select_by_dep=None, packages_skip_by_dep=None, packages_skip_up_to=None, packages_select_build_failed=False, packages_skip_build_finished=False, packages_select_test_failures=False, packages_skip_test_passed=False, packages_select=None, packages_skip=None, packages_select_regex=None, packages_skip_regex=None, packages_start=None, packages_end=None, allow_overriding=[], cmake_args=None, cmake_target=None, cmake_target_skip_unavailable=False, cmake_clean_cache=False, cmake_clean_first=False, cmake_force_configure=False, ament_cmake_args=None, catkin_cmake_args=None, catkin_skip_building_tests=False, verb_parser=<colcon_defaults.argument_parser.defaults.DefaultArgumentsDecorator object at 0xffffb8457dc0>, verb_extension=<colcon_core.verb.build.BuildVerb object at 0xffffb8e0ba00>, main=<bound method BuildVerb.main of <colcon_core.verb.build.BuildVerb object at 0xffffb8e0ba00>>)
[1.751s] Level 1:colcon.colcon_core.package_discovery:discover_packages(colcon_meta) check parameters
[1.752s] Level 1:colcon.colcon_core.package_discovery:discover_packages(recursive) check parameters
[1.752s] Level 1:colcon.colcon_core.package_discovery:discover_packages(ignore) check parameters
[1.752s] Level 1:colcon.colcon_core.package_discovery:discover_packages(path) check parameters
[1.752s] Level 1:colcon.colcon_core.package_discovery:discover_packages(colcon_meta) discover
[1.753s] Level 1:colcon.colcon_core.package_discovery:discover_packages(recursive) discover
[1.753s] INFO:colcon.colcon_core.package_discovery:Crawling recursively for packages in '/home/edisonwong/robot_ws/src'
[1.754s] Level 1:colcon.colcon_core.package_identification:_identify(.) by extensions ['ignore', 'ignore_ament_install']
[1.754s] Level 1:colcon.colcon_core.package_identification:_identify(.) by extension 'ignore'
[1.755s] Level 1:colcon.colcon_core.package_identification:_identify(.) by extension 'ignore_ament_install'
[1.755s] Level 1:colcon.colcon_core.package_identification:_identify(.) by extensions ['colcon_pkg']
[1.755s] Level 1:colcon.colcon_core.package_identification:_identify(.) by extension 'colcon_pkg'
[1.755s] Level 1:colcon.colcon_core.package_identification:_identify(.) by extensions ['colcon_meta']
[1.755s] Level 1:colcon.colcon_core.package_identification:_identify(.) by extension 'colcon_meta'
[1.756s] Level 1:colcon.colcon_core.package_identification:_identify(.) by extensions ['ros']
[1.756s] Level 1:colcon.colcon_core.package_identification:_identify(.) by extension 'ros'
[1.806s] Level 1:colcon.colcon_core.package_identification:_identify(.) by extensions ['cmake', 'python']
[1.806s] Level 1:colcon.colcon_core.package_identification:_identify(.) by extension 'cmake'
[1.807s] Level 1:colcon.colcon_core.package_identification:_identify(.) by extension 'python'
[1.807s] Level 1:colcon.colcon_core.package_identification:_identify(.) by extensions ['python_setup_py']
[1.807s] Level 1:colcon.colcon_core.package_identification:_identify(.) by extension 'python_setup_py'
[1.808s] Level 1:colcon.colcon_core.package_identification:_identify(build) by extensions ['ignore', 'ignore_ament_install']
[1.809s] Level 1:colcon.colcon_core.package_identification:_identify(build) by extension 'ignore'
[1.809s] Level 1:colcon.colcon_core.package_identification:_identify(build) ignored
[1.810s] Level 1:colcon.colcon_core.package_identification:_identify(diffdrive_arduino) by extensions ['ignore', 'ignore_ament_install']
[1.811s] Level 1:colcon.colcon_core.package_identification:_identify(diffdrive_arduino) by extension 'ignore'
[1.811s] Level 1:colcon.colcon_core.package_identification:_identify(diffdrive_arduino) by extension 'ignore_ament_install'
[1.811s] Level 1:colcon.colcon_core.package_identification:_identify(diffdrive_arduino) by extensions ['colcon_pkg']
[1.811s] Level 1:colcon.colcon_core.package_identification:_identify(diffdrive_arduino) by extension 'colcon_pkg'
[1.811s] Level 1:colcon.colcon_core.package_identification:_identify(diffdrive_arduino) by extensions ['colcon_meta']
[1.812s] Level 1:colcon.colcon_core.package_identification:_identify(diffdrive_arduino) by extension 'colcon_meta'
[1.812s] Level 1:colcon.colcon_core.package_identification:_identify(diffdrive_arduino) by extensions ['ros']
[1.812s] Level 1:colcon.colcon_core.package_identification:_identify(diffdrive_arduino) by extension 'ros'
[1.825s] DEBUG:colcon.colcon_core.package_identification:Package 'diffdrive_arduino' with type 'ros.ament_cmake' and name 'diffdrive_arduino'
[1.825s] Level 1:colcon.colcon_core.package_identification:_identify(install) by extensions ['ignore', 'ignore_ament_install']
[1.826s] Level 1:colcon.colcon_core.package_identification:_identify(install) by extension 'ignore'
[1.826s] Level 1:colcon.colcon_core.package_identification:_identify(install) ignored
[1.827s] Level 1:colcon.colcon_core.package_identification:_identify(log) by extensions ['ignore', 'ignore_ament_install']
[1.827s] Level 1:colcon.colcon_core.package_identification:_identify(log) by extension 'ignore'
[1.827s] Level 1:colcon.colcon_core.package_identification:_identify(log) ignored
[1.828s] Level 1:colcon.colcon_core.package_identification:_identify(my_bot) by extensions ['ignore', 'ignore_ament_install']
[1.828s] Level 1:colcon.colcon_core.package_identification:_identify(my_bot) by extension 'ignore'
[1.828s] Level 1:colcon.colcon_core.package_identification:_identify(my_bot) by extension 'ignore_ament_install'
[1.829s] Level 1:colcon.colcon_core.package_identification:_identify(my_bot) by extensions ['colcon_pkg']
[1.829s] Level 1:colcon.colcon_core.package_identification:_identify(my_bot) by extension 'colcon_pkg'
[1.829s] Level 1:colcon.colcon_core.package_identification:_identify(my_bot) by extensions ['colcon_meta']
[1.829s] Level 1:colcon.colcon_core.package_identification:_identify(my_bot) by extension 'colcon_meta'
[1.830s] Level 1:colcon.colcon_core.package_identification:_identify(my_bot) by extensions ['ros']
[1.830s] Level 1:colcon.colcon_core.package_identification:_identify(my_bot) by extension 'ros'
[1.832s] DEBUG:colcon.colcon_core.package_identification:Package 'my_bot' with type 'ros.ament_cmake' and name 'my_bot'
[1.833s] Level 1:colcon.colcon_core.package_identification:_identify(serial) by extensions ['ignore', 'ignore_ament_install']
[1.833s] Level 1:colcon.colcon_core.package_identification:_identify(serial) by extension 'ignore'
[1.834s] Level 1:colcon.colcon_core.package_identification:_identify(serial) by extension 'ignore_ament_install'
[1.834s] Level 1:colcon.colcon_core.package_identification:_identify(serial) by extensions ['colcon_pkg']
[1.834s] Level 1:colcon.colcon_core.package_identification:_identify(serial) by extension 'colcon_pkg'
[1.834s] Level 1:colcon.colcon_core.package_identification:_identify(serial) by extensions ['colcon_meta']
[1.835s] Level 1:colcon.colcon_core.package_identification:_identify(serial) by extension 'colcon_meta'
[1.835s] Level 1:colcon.colcon_core.package_identification:_identify(serial) by extensions ['ros']
[1.835s] Level 1:colcon.colcon_core.package_identification:_identify(serial) by extension 'ros'
[1.837s] DEBUG:colcon.colcon_core.package_identification:Package 'serial' with type 'ros.ament_cmake' and name 'serial'
[1.838s] Level 1:colcon.colcon_core.package_discovery:discover_packages(recursive) using defaults
[1.838s] Level 1:colcon.colcon_core.package_discovery:discover_packages(ignore) discover
[1.838s] Level 1:colcon.colcon_core.package_discovery:discover_packages(ignore) using defaults
[1.838s] Level 1:colcon.colcon_core.package_discovery:discover_packages(path) discover
[1.838s] Level 1:colcon.colcon_core.package_discovery:discover_packages(path) using defaults
[1.949s] Level 1:colcon.colcon_core.package_discovery:discover_packages(prefix_path) check parameters
[1.950s] Level 1:colcon.colcon_core.package_discovery:discover_packages(prefix_path) discover
[1.967s] DEBUG:colcon.colcon_installed_package_information.package_discovery:Found 5 installed packages in /home/edisonwong/robot_ws/src/install
[1.973s] DEBUG:colcon.colcon_installed_package_information.package_discovery:Found 6 installed packages in /home/edisonwong/robot_ws/install
[1.990s] DEBUG:colcon.colcon_installed_package_information.package_discovery:Found 307 installed packages in /opt/ros/humble
[1.998s] Level 1:colcon.colcon_core.package_discovery:discover_packages(prefix_path) using defaults
[2.333s] Level 5:colcon.colcon_core.verb:set package 'my_bot' build argument 'cmake_args' from command line to 'None'
[2.333s] Level 5:colcon.colcon_core.verb:set package 'my_bot' build argument 'cmake_target' from command line to 'None'
[2.334s] Level 5:colcon.colcon_core.verb:set package 'my_bot' build argument 'cmake_target_skip_unavailable' from command line to 'False'
[2.334s] Level 5:colcon.colcon_core.verb:set package 'my_bot' build argument 'cmake_clean_cache' from command line to 'False'
[2.334s] Level 5:colcon.colcon_core.verb:set package 'my_bot' build argument 'cmake_clean_first' from command line to 'False'
[2.334s] Level 5:colcon.colcon_core.verb:set package 'my_bot' build argument 'cmake_force_configure' from command line to 'False'
[2.334s] Level 5:colcon.colcon_core.verb:set package 'my_bot' build argument 'ament_cmake_args' from command line to 'None'
[2.334s] Level 5:colcon.colcon_core.verb:set package 'my_bot' build argument 'catkin_cmake_args' from command line to 'None'
[2.334s] Level 5:colcon.colcon_core.verb:set package 'my_bot' build argument 'catkin_skip_building_tests' from command line to 'False'
[2.334s] DEBUG:colcon.colcon_core.verb:Building package 'my_bot' with the following arguments: {'ament_cmake_args': None, 'build_base': '/home/edisonwong/robot_ws/src/build/my_bot', 'catkin_cmake_args': None, 'catkin_skip_building_tests': False, 'cmake_args': None, 'cmake_clean_cache': False, 'cmake_clean_first': False, 'cmake_force_configure': False, 'cmake_target': None, 'cmake_target_skip_unavailable': False, 'install_base': '/home/edisonwong/robot_ws/src/install/my_bot', 'merge_install': False, 'path': '/home/edisonwong/robot_ws/src/my_bot', 'symlink_install': True, 'test_result_base': None}
[2.339s] Level 5:colcon.colcon_core.verb:set package 'serial' build argument 'cmake_args' from command line to 'None'
[2.339s] Level 5:colcon.colcon_core.verb:set package 'serial' build argument 'cmake_target' from command line to 'None'
[2.340s] Level 5:colcon.colcon_core.verb:set package 'serial' build argument 'cmake_target_skip_unavailable' from command line to 'False'
[2.340s] Level 5:colcon.colcon_core.verb:set package 'serial' build argument 'cmake_clean_cache' from command line to 'False'
[2.340s] Level 5:colcon.colcon_core.verb:set package 'serial' build argument 'cmake_clean_first' from command line to 'False'
[2.340s] Level 5:colcon.colcon_core.verb:set package 'serial' build argument 'cmake_force_configure' from command line to 'False'
[2.340s] Level 5:colcon.colcon_core.verb:set package 'serial' build argument 'ament_cmake_args' from command line to 'None'
[2.340s] Level 5:colcon.colcon_core.verb:set package 'serial' build argument 'catkin_cmake_args' from command line to 'None'
[2.340s] Level 5:colcon.colcon_core.verb:set package 'serial' build argument 'catkin_skip_building_tests' from command line to 'False'
[2.341s] DEBUG:colcon.colcon_core.verb:Building package 'serial' with the following arguments: {'ament_cmake_args': None, 'build_base': '/home/edisonwong/robot_ws/src/build/serial', 'catkin_cmake_args': None, 'catkin_skip_building_tests': False, 'cmake_args': None, 'cmake_clean_cache': False, 'cmake_clean_first': False, 'cmake_force_configure': False, 'cmake_target': None, 'cmake_target_skip_unavailable': False, 'install_base': '/home/edisonwong/robot_ws/src/install/serial', 'merge_install': False, 'path': '/home/edisonwong/robot_ws/src/serial', 'symlink_install': True, 'test_result_base': None}
[2.345s] Level 5:colcon.colcon_core.verb:set package 'diffdrive_arduino' build argument 'cmake_args' from command line to 'None'
[2.346s] Level 5:colcon.colcon_core.verb:set package 'diffdrive_arduino' build argument 'cmake_target' from command line to 'None'
[2.346s] Level 5:colcon.colcon_core.verb:set package 'diffdrive_arduino' build argument 'cmake_target_skip_unavailable' from command line to 'False'
[2.346s] Level 5:colcon.colcon_core.verb:set package 'diffdrive_arduino' build argument 'cmake_clean_cache' from command line to 'False'
[2.346s] Level 5:colcon.colcon_core.verb:set package 'diffdrive_arduino' build argument 'cmake_clean_first' from command line to 'False'
[2.346s] Level 5:colcon.colcon_core.verb:set package 'diffdrive_arduino' build argument 'cmake_force_configure' from command line to 'False'
[2.346s] Level 5:colcon.colcon_core.verb:set package 'diffdrive_arduino' build argument 'ament_cmake_args' from command line to 'None'
[2.347s] Level 5:colcon.colcon_core.verb:set package 'diffdrive_arduino' build argument 'catkin_cmake_args' from command line to 'None'
[2.347s] Level 5:colcon.colcon_core.verb:set package 'diffdrive_arduino' build argument 'catkin_skip_building_tests' from command line to 'False'
[2.347s] DEBUG:colcon.colcon_core.verb:Building package 'diffdrive_arduino' with the following arguments: {'ament_cmake_args': None, 'build_base': '/home/edisonwong/robot_ws/src/build/diffdrive_arduino', 'catkin_cmake_args': None, 'catkin_skip_building_tests': False, 'cmake_args': None, 'cmake_clean_cache': False, 'cmake_clean_first': False, 'cmake_force_configure': False, 'cmake_target': None, 'cmake_target_skip_unavailable': False, 'install_base': '/home/edisonwong/robot_ws/src/install/diffdrive_arduino', 'merge_install': False, 'path': '/home/edisonwong/robot_ws/src/diffdrive_arduino', 'symlink_install': True, 'test_result_base': None}
[2.350s] INFO:colcon.colcon_core.executor:Executing jobs using 'parallel' executor
[2.365s] DEBUG:colcon.colcon_parallel_executor.executor.parallel:run_until_complete
[2.367s] INFO:colcon.colcon_ros.task.ament_cmake.build:Building ROS package in '/home/edisonwong/robot_ws/src/serial' with build type 'ament_cmake'
[2.367s] INFO:colcon.colcon_cmake.task.cmake.build:Building CMake package in '/home/edisonwong/robot_ws/src/serial'
[2.393s] INFO:colcon.colcon_core.plugin_system:Skipping extension 'colcon_core.shell.bat': Not used on non-Windows systems
[2.394s] INFO:colcon.colcon_core.shell:Skip shell extension 'powershell' for command environment: Not usable outside of PowerShell
[2.394s] DEBUG:colcon.colcon_core.shell:Skip shell extension 'dsv' for command environment
[2.431s] INFO:colcon.colcon_ros.task.ament_cmake.build:Building ROS package in '/home/edisonwong/robot_ws/src/my_bot' with build type 'ament_cmake'
[2.432s] INFO:colcon.colcon_cmake.task.cmake.build:Building CMake package in '/home/edisonwong/robot_ws/src/my_bot'
[2.439s] INFO:colcon.colcon_core.shell:Skip shell extension 'powershell' for command environment: Not usable outside of PowerShell
[2.439s] DEBUG:colcon.colcon_core.shell:Skip shell extension 'dsv' for command environment
[2.495s] DEBUG:colcon.colcon_core.event_handler.log_command:Invoking command in '/home/edisonwong/robot_ws/src/build/serial': CMAKE_PREFIX_PATH=${CMAKE_PREFIX_PATH}:/home/edisonwong/robot_ws/src/install/serial_motor_demo:/home/edisonwong/robot_ws/install/serial_motor_demo:/opt/ros/humble /usr/bin/cmake --build /home/edisonwong/robot_ws/src/build/serial -- -j4 -l4
[2.532s] DEBUG:colcon.colcon_core.event_handler.log_command:Invoking command in '/home/edisonwong/robot_ws/src/build/my_bot': CMAKE_PREFIX_PATH=${CMAKE_PREFIX_PATH}:/home/edisonwong/robot_ws/src/install/serial_motor_demo:/home/edisonwong/robot_ws/install/serial_motor_demo:/opt/ros/humble /usr/bin/cmake --build /home/edisonwong/robot_ws/src/build/my_bot -- -j4 -l4
[2.736s] DEBUG:colcon.colcon_core.event_handler.log_command:Invoked command in '/home/edisonwong/robot_ws/src/build/my_bot' returned '0': CMAKE_PREFIX_PATH=${CMAKE_PREFIX_PATH}:/home/edisonwong/robot_ws/src/install/serial_motor_demo:/home/edisonwong/robot_ws/install/serial_motor_demo:/opt/ros/humble /usr/bin/cmake --build /home/edisonwong/robot_ws/src/build/my_bot -- -j4 -l4
[2.947s] DEBUG:colcon.colcon_core.event_handler.log_command:Invoking command in '/home/edisonwong/robot_ws/src/build/my_bot': CMAKE_PREFIX_PATH=${CMAKE_PREFIX_PATH}:/home/edisonwong/robot_ws/src/install/serial_motor_demo:/home/edisonwong/robot_ws/install/serial_motor_demo:/opt/ros/humble /usr/bin/cmake --install /home/edisonwong/robot_ws/src/build/my_bot
[3.037s] DEBUG:colcon.colcon_core.event_handler.log_command:Invoked command in '/home/edisonwong/robot_ws/src/build/serial' returned '0': CMAKE_PREFIX_PATH=${CMAKE_PREFIX_PATH}:/home/edisonwong/robot_ws/src/install/serial_motor_demo:/home/edisonwong/robot_ws/install/serial_motor_demo:/opt/ros/humble /usr/bin/cmake --build /home/edisonwong/robot_ws/src/build/serial -- -j4 -l4
[3.092s] Level 1:colcon.colcon_core.environment:create_environment_scripts_only(my_bot)
[3.096s] DEBUG:colcon.colcon_core.event_handler.log_command:Invoked command in '/home/edisonwong/robot_ws/src/build/my_bot' returned '0': CMAKE_PREFIX_PATH=${CMAKE_PREFIX_PATH}:/home/edisonwong/robot_ws/src/install/serial_motor_demo:/home/edisonwong/robot_ws/install/serial_motor_demo:/opt/ros/humble /usr/bin/cmake --install /home/edisonwong/robot_ws/src/build/my_bot
[3.117s] Level 1:colcon.colcon_core.environment:checking '/home/edisonwong/robot_ws/src/install/my_bot' for CMake module files
[3.121s] Level 1:colcon.colcon_core.environment:checking '/home/edisonwong/robot_ws/src/install/my_bot' for CMake config files
[3.124s] Level 1:colcon.colcon_core.shell:create_environment_hook('my_bot', 'cmake_prefix_path')
[3.130s] INFO:colcon.colcon_core.shell:Creating environment hook '/home/edisonwong/robot_ws/src/install/my_bot/share/my_bot/hook/cmake_prefix_path.ps1'
[3.133s] INFO:colcon.colcon_core.shell:Creating environment descriptor '/home/edisonwong/robot_ws/src/install/my_bot/share/my_bot/hook/cmake_prefix_path.dsv'
[3.136s] INFO:colcon.colcon_core.shell:Creating environment hook '/home/edisonwong/robot_ws/src/install/my_bot/share/my_bot/hook/cmake_prefix_path.sh'
[3.142s] Level 1:colcon.colcon_core.environment:checking '/home/edisonwong/robot_ws/src/install/my_bot/bin'
[3.142s] Level 1:colcon.colcon_core.environment:checking '/home/edisonwong/robot_ws/src/install/my_bot/lib/pkgconfig/my_bot.pc'
[3.144s] Level 1:colcon.colcon_core.environment:checking '/home/edisonwong/robot_ws/src/install/my_bot/lib/python3.10/site-packages'
[3.145s] Level 1:colcon.colcon_core.environment:checking '/home/edisonwong/robot_ws/src/install/my_bot/bin'
[3.151s] INFO:colcon.colcon_core.shell:Creating package script '/home/edisonwong/robot_ws/src/install/my_bot/share/my_bot/package.ps1'
[3.155s] INFO:colcon.colcon_core.shell:Creating package descriptor '/home/edisonwong/robot_ws/src/install/my_bot/share/my_bot/package.dsv'
[3.158s] INFO:colcon.colcon_core.shell:Creating package script '/home/edisonwong/robot_ws/src/install/my_bot/share/my_bot/package.sh'
[3.162s] INFO:colcon.colcon_core.shell:Creating package script '/home/edisonwong/robot_ws/src/install/my_bot/share/my_bot/package.bash'
[3.166s] INFO:colcon.colcon_core.shell:Creating package script '/home/edisonwong/robot_ws/src/install/my_bot/share/my_bot/package.zsh'
[3.169s] Level 1:colcon.colcon_core.environment:create_file_with_runtime_dependencies(/home/edisonwong/robot_ws/src/install/my_bot/share/colcon-core/packages/my_bot)
[3.296s] DEBUG:colcon.colcon_core.event_handler.log_command:Invoking command in '/home/edisonwong/robot_ws/src/build/serial': CMAKE_PREFIX_PATH=${CMAKE_PREFIX_PATH}:/home/edisonwong/robot_ws/src/install/serial_motor_demo:/home/edisonwong/robot_ws/install/serial_motor_demo:/opt/ros/humble /usr/bin/cmake --install /home/edisonwong/robot_ws/src/build/serial
[3.317s] Level 1:colcon.colcon_core.environment:create_environment_scripts_only(my_bot)
[3.327s] Level 1:colcon.colcon_core.environment:checking '/home/edisonwong/robot_ws/src/install/my_bot' for CMake module files
[3.331s] Level 1:colcon.colcon_core.environment:checking '/home/edisonwong/robot_ws/src/install/my_bot' for CMake config files
[3.339s] Level 1:colcon.colcon_core.shell:create_environment_hook('my_bot', 'cmake_prefix_path')
[3.347s] INFO:colcon.colcon_core.shell:Creating environment hook '/home/edisonwong/robot_ws/src/install/my_bot/share/my_bot/hook/cmake_prefix_path.ps1'
[3.352s] INFO:colcon.colcon_core.shell:Creating environment descriptor '/home/edisonwong/robot_ws/src/install/my_bot/share/my_bot/hook/cmake_prefix_path.dsv'
[3.357s] INFO:colcon.colcon_core.shell:Creating environment hook '/home/edisonwong/robot_ws/src/install/my_bot/share/my_bot/hook/cmake_prefix_path.sh'
[3.362s] Level 1:colcon.colcon_core.environment:checking '/home/edisonwong/robot_ws/src/install/my_bot/bin'
[3.363s] Level 1:colcon.colcon_core.environment:checking '/home/edisonwong/robot_ws/src/install/my_bot/lib/pkgconfig/my_bot.pc'
[3.365s] Level 1:colcon.colcon_core.environment:checking '/home/edisonwong/robot_ws/src/install/my_bot/lib/python3.10/site-packages'
[3.367s] Level 1:colcon.colcon_core.environment:checking '/home/edisonwong/robot_ws/src/install/my_bot/bin'
[3.374s] INFO:colcon.colcon_core.shell:Creating package script '/home/edisonwong/robot_ws/src/install/my_bot/share/my_bot/package.ps1'
[3.378s] INFO:colcon.colcon_core.shell:Creating package descriptor '/home/edisonwong/robot_ws/src/install/my_bot/share/my_bot/package.dsv'
[3.381s] INFO:colcon.colcon_core.shell:Creating package script '/home/edisonwong/robot_ws/src/install/my_bot/share/my_bot/package.sh'
[3.384s] INFO:colcon.colcon_core.shell:Creating package script '/home/edisonwong/robot_ws/src/install/my_bot/share/my_bot/package.bash'
[3.387s] INFO:colcon.colcon_core.shell:Creating package script '/home/edisonwong/robot_ws/src/install/my_bot/share/my_bot/package.zsh'
[3.390s] Level 1:colcon.colcon_core.environment:create_file_with_runtime_dependencies(/home/edisonwong/robot_ws/src/install/my_bot/share/colcon-core/packages/my_bot)
[3.414s] Level 1:colcon.colcon_core.environment:create_environment_scripts_only(serial)
[3.424s] Level 1:colcon.colcon_core.environment:checking '/home/edisonwong/robot_ws/src/install/serial' for CMake module files
[3.425s] DEBUG:colcon.colcon_core.event_handler.log_command:Invoked command in '/home/edisonwong/robot_ws/src/build/serial' returned '0': CMAKE_PREFIX_PATH=${CMAKE_PREFIX_PATH}:/home/edisonwong/robot_ws/src/install/serial_motor_demo:/home/edisonwong/robot_ws/install/serial_motor_demo:/opt/ros/humble /usr/bin/cmake --install /home/edisonwong/robot_ws/src/build/serial
[3.428s] Level 1:colcon.colcon_core.environment:checking '/home/edisonwong/robot_ws/src/install/serial' for CMake config files
[3.430s] Level 1:colcon.colcon_core.shell:create_environment_hook('serial', 'cmake_prefix_path')
[3.437s] INFO:colcon.colcon_core.shell:Creating environment hook '/home/edisonwong/robot_ws/src/install/serial/share/serial/hook/cmake_prefix_path.ps1'
[3.439s] INFO:colcon.colcon_core.shell:Creating environment descriptor '/home/edisonwong/robot_ws/src/install/serial/share/serial/hook/cmake_prefix_path.dsv'
[3.441s] INFO:colcon.colcon_core.shell:Creating environment hook '/home/edisonwong/robot_ws/src/install/serial/share/serial/hook/cmake_prefix_path.sh'
[3.443s] Level 1:colcon.colcon_core.environment:checking '/home/edisonwong/robot_ws/src/install/serial/lib'
[3.444s] Level 1:colcon.colcon_core.environment:checking '/home/edisonwong/robot_ws/src/install/serial/bin'
[3.445s] Level 1:colcon.colcon_core.environment:checking '/home/edisonwong/robot_ws/src/install/serial/lib/pkgconfig/serial.pc'
[3.446s] Level 1:colcon.colcon_core.environment:checking '/home/edisonwong/robot_ws/src/install/serial/lib/python3.10/site-packages'
[3.447s] Level 1:colcon.colcon_core.environment:checking '/home/edisonwong/robot_ws/src/install/serial/bin'
[3.453s] INFO:colcon.colcon_core.shell:Creating package script '/home/edisonwong/robot_ws/src/install/serial/share/serial/package.ps1'
[3.455s] INFO:colcon.colcon_core.shell:Creating package descriptor '/home/edisonwong/robot_ws/src/install/serial/share/serial/package.dsv'
[3.458s] INFO:colcon.colcon_core.shell:Creating package script '/home/edisonwong/robot_ws/src/install/serial/share/serial/package.sh'
[3.460s] INFO:colcon.colcon_core.shell:Creating package script '/home/edisonwong/robot_ws/src/install/serial/share/serial/package.bash'
[3.462s] INFO:colcon.colcon_core.shell:Creating package script '/home/edisonwong/robot_ws/src/install/serial/share/serial/package.zsh'
[3.463s] Level 1:colcon.colcon_core.environment:create_file_with_runtime_dependencies(/home/edisonwong/robot_ws/src/install/serial/share/colcon-core/packages/serial)
[3.740s] Level 1:colcon.colcon_core.environment:create_environment_scripts_only(serial)
[3.750s] Level 1:colcon.colcon_core.environment:checking '/home/edisonwong/robot_ws/src/install/serial' for CMake module files
[3.753s] Level 1:colcon.colcon_core.environment:checking '/home/edisonwong/robot_ws/src/install/serial' for CMake config files
[3.755s] Level 1:colcon.colcon_core.shell:create_environment_hook('serial', 'cmake_prefix_path')
[3.761s] INFO:colcon.colcon_core.shell:Creating environment hook '/home/edisonwong/robot_ws/src/install/serial/share/serial/hook/cmake_prefix_path.ps1'
[3.763s] INFO:colcon.colcon_core.shell:Creating environment descriptor '/home/edisonwong/robot_ws/src/install/serial/share/serial/hook/cmake_prefix_path.dsv'
[3.765s] INFO:colcon.colcon_core.shell:Creating environment hook '/home/edisonwong/robot_ws/src/install/serial/share/serial/hook/cmake_prefix_path.sh'
[3.768s] Level 1:colcon.colcon_core.environment:checking '/home/edisonwong/robot_ws/src/install/serial/lib'
[3.769s] Level 1:colcon.colcon_core.environment:checking '/home/edisonwong/robot_ws/src/install/serial/bin'
[3.769s] Level 1:colcon.colcon_core.environment:checking '/home/edisonwong/robot_ws/src/install/serial/lib/pkgconfig/serial.pc'
[3.770s] Level 1:colcon.colcon_core.environment:checking '/home/edisonwong/robot_ws/src/install/serial/lib/python3.10/site-packages'
[3.771s] Level 1:colcon.colcon_core.environment:checking '/home/edisonwong/robot_ws/src/install/serial/bin'
[3.777s] INFO:colcon.colcon_core.shell:Creating package script '/home/edisonwong/robot_ws/src/install/serial/share/serial/package.ps1'
[3.780s] INFO:colcon.colcon_core.shell:Creating package descriptor '/home/edisonwong/robot_ws/src/install/serial/share/serial/package.dsv'
[3.782s] INFO:colcon.colcon_core.shell:Creating package script '/home/edisonwong/robot_ws/src/install/serial/share/serial/package.sh'
[3.785s] INFO:colcon.colcon_core.shell:Creating package script '/home/edisonwong/robot_ws/src/install/serial/share/serial/package.bash'
[3.787s] INFO:colcon.colcon_core.shell:Creating package script '/home/edisonwong/robot_ws/src/install/serial/share/serial/package.zsh'
[3.789s] Level 1:colcon.colcon_core.environment:create_file_with_runtime_dependencies(/home/edisonwong/robot_ws/src/install/serial/share/colcon-core/packages/serial)
[3.790s] INFO:colcon.colcon_ros.task.ament_cmake.build:Building ROS package in '/home/edisonwong/robot_ws/src/diffdrive_arduino' with build type 'ament_cmake'
[3.791s] INFO:colcon.colcon_cmake.task.cmake.build:Building CMake package in '/home/edisonwong/robot_ws/src/diffdrive_arduino'
[3.797s] INFO:colcon.colcon_core.shell:Skip shell extension 'powershell' for command environment: Not usable outside of PowerShell
[3.797s] DEBUG:colcon.colcon_core.shell:Skip shell extension 'dsv' for command environment
[3.879s] DEBUG:colcon.colcon_core.event_handler.log_command:Invoking command in '/home/edisonwong/robot_ws/src/build/diffdrive_arduino': CMAKE_PREFIX_PATH=/home/edisonwong/robot_ws/src/install/serial:/home/edisonwong/robot_ws/src/install/serial_motor_demo_msgs:/home/edisonwong/robot_ws/src/install/diffdrive_arduino:/home/edisonwong/robot_ws/src/install/my_bot:/home/edisonwong/robot_ws/install/serial_motor_demo_msgs:/home/edisonwong/robot_ws/install/diffdrive_arduino:/home/edisonwong/robot_ws/install/serial:/home/edisonwong/robot_ws/install/my_bot:/home/edisonwong/robot_ws/src/install/serial_motor_demo:/home/edisonwong/robot_ws/install/serial_motor_demo:/opt/ros/humble /usr/bin/cmake --build /home/edisonwong/robot_ws/src/build/diffdrive_arduino -- -j4 -l4
[4.265s] DEBUG:colcon.colcon_core.event_handler.log_command:Invoked command in '/home/edisonwong/robot_ws/src/build/diffdrive_arduino' returned '0': CMAKE_PREFIX_PATH=/home/edisonwong/robot_ws/src/install/serial:/home/edisonwong/robot_ws/src/install/serial_motor_demo_msgs:/home/edisonwong/robot_ws/src/install/diffdrive_arduino:/home/edisonwong/robot_ws/src/install/my_bot:/home/edisonwong/robot_ws/install/serial_motor_demo_msgs:/home/edisonwong/robot_ws/install/diffdrive_arduino:/home/edisonwong/robot_ws/install/serial:/home/edisonwong/robot_ws/install/my_bot:/home/edisonwong/robot_ws/src/install/serial_motor_demo:/home/edisonwong/robot_ws/install/serial_motor_demo:/opt/ros/humble /usr/bin/cmake --build /home/edisonwong/robot_ws/src/build/diffdrive_arduino -- -j4 -l4
[4.517s] DEBUG:colcon.colcon_core.event_handler.log_command:Invoking command in '/home/edisonwong/robot_ws/src/build/diffdrive_arduino': CMAKE_PREFIX_PATH=/home/edisonwong/robot_ws/src/install/serial:/home/edisonwong/robot_ws/src/install/serial_motor_demo_msgs:/home/edisonwong/robot_ws/src/install/diffdrive_arduino:/home/edisonwong/robot_ws/src/install/my_bot:/home/edisonwong/robot_ws/install/serial_motor_demo_msgs:/home/edisonwong/robot_ws/install/diffdrive_arduino:/home/edisonwong/robot_ws/install/serial:/home/edisonwong/robot_ws/install/my_bot:/home/edisonwong/robot_ws/src/install/serial_motor_demo:/home/edisonwong/robot_ws/install/serial_motor_demo:/opt/ros/humble /usr/bin/cmake --install /home/edisonwong/robot_ws/src/build/diffdrive_arduino
[4.639s] Level 1:colcon.colcon_core.environment:create_environment_scripts_only(diffdrive_arduino)
[4.649s] Level 1:colcon.colcon_core.environment:checking '/home/edisonwong/robot_ws/src/install/diffdrive_arduino' for CMake module files
[4.651s] DEBUG:colcon.colcon_core.event_handler.log_command:Invoked command in '/home/edisonwong/robot_ws/src/build/diffdrive_arduino' returned '0': CMAKE_PREFIX_PATH=/home/edisonwong/robot_ws/src/install/serial:/home/edisonwong/robot_ws/src/install/serial_motor_demo_msgs:/home/edisonwong/robot_ws/src/install/diffdrive_arduino:/home/edisonwong/robot_ws/src/install/my_bot:/home/edisonwong/robot_ws/install/serial_motor_demo_msgs:/home/edisonwong/robot_ws/install/diffdrive_arduino:/home/edisonwong/robot_ws/install/serial:/home/edisonwong/robot_ws/install/my_bot:/home/edisonwong/robot_ws/src/install/serial_motor_demo:/home/edisonwong/robot_ws/install/serial_motor_demo:/opt/ros/humble /usr/bin/cmake --install /home/edisonwong/robot_ws/src/build/diffdrive_arduino
[4.654s] Level 1:colcon.colcon_core.environment:checking '/home/edisonwong/robot_ws/src/install/diffdrive_arduino' for CMake config files
[4.658s] Level 1:colcon.colcon_core.shell:create_environment_hook('diffdrive_arduino', 'cmake_prefix_path')
[4.664s] INFO:colcon.colcon_core.shell:Creating environment hook '/home/edisonwong/robot_ws/src/install/diffdrive_arduino/share/diffdrive_arduino/hook/cmake_prefix_path.ps1'
[4.666s] INFO:colcon.colcon_core.shell:Creating environment descriptor '/home/edisonwong/robot_ws/src/install/diffdrive_arduino/share/diffdrive_arduino/hook/cmake_prefix_path.dsv'
[4.668s] INFO:colcon.colcon_core.shell:Creating environment hook '/home/edisonwong/robot_ws/src/install/diffdrive_arduino/share/diffdrive_arduino/hook/cmake_prefix_path.sh'
[4.671s] Level 1:colcon.colcon_core.environment:checking '/home/edisonwong/robot_ws/src/install/diffdrive_arduino/lib'
[4.672s] Level 1:colcon.colcon_core.shell:create_environment_hook('diffdrive_arduino', 'ld_library_path_lib')
[4.677s] INFO:colcon.colcon_core.shell:Creating environment hook '/home/edisonwong/robot_ws/src/install/diffdrive_arduino/share/diffdrive_arduino/hook/ld_library_path_lib.ps1'
[4.679s] INFO:colcon.colcon_core.shell:Creating environment descriptor '/home/edisonwong/robot_ws/src/install/diffdrive_arduino/share/diffdrive_arduino/hook/ld_library_path_lib.dsv'
[4.681s] INFO:colcon.colcon_core.shell:Creating environment hook '/home/edisonwong/robot_ws/src/install/diffdrive_arduino/share/diffdrive_arduino/hook/ld_library_path_lib.sh'
[4.683s] Level 1:colcon.colcon_core.environment:checking '/home/edisonwong/robot_ws/src/install/diffdrive_arduino/bin'
[4.684s] Level 1:colcon.colcon_core.environment:checking '/home/edisonwong/robot_ws/src/install/diffdrive_arduino/lib/pkgconfig/diffdrive_arduino.pc'
[4.685s] Level 1:colcon.colcon_core.environment:checking '/home/edisonwong/robot_ws/src/install/diffdrive_arduino/lib/python3.10/site-packages'
[4.687s] Level 1:colcon.colcon_core.environment:checking '/home/edisonwong/robot_ws/src/install/diffdrive_arduino/bin'
[4.693s] INFO:colcon.colcon_core.shell:Creating package script '/home/edisonwong/robot_ws/src/install/diffdrive_arduino/share/diffdrive_arduino/package.ps1'
[4.696s] INFO:colcon.colcon_core.shell:Creating package descriptor '/home/edisonwong/robot_ws/src/install/diffdrive_arduino/share/diffdrive_arduino/package.dsv'
[4.698s] INFO:colcon.colcon_core.shell:Creating package script '/home/edisonwong/robot_ws/src/install/diffdrive_arduino/share/diffdrive_arduino/package.sh'
[4.701s] INFO:colcon.colcon_core.shell:Creating package script '/home/edisonwong/robot_ws/src/install/diffdrive_arduino/share/diffdrive_arduino/package.bash'
[4.702s] INFO:colcon.colcon_core.shell:Creating package script '/home/edisonwong/robot_ws/src/install/diffdrive_arduino/share/diffdrive_arduino/package.zsh'
[4.704s] Level 1:colcon.colcon_core.environment:create_file_with_runtime_dependencies(/home/edisonwong/robot_ws/src/install/diffdrive_arduino/share/colcon-core/packages/diffdrive_arduino)
[4.959s] Level 1:colcon.colcon_core.environment:create_environment_scripts_only(diffdrive_arduino)
[4.971s] Level 1:colcon.colcon_core.environment:checking '/home/edisonwong/robot_ws/src/install/diffdrive_arduino' for CMake module files
[4.975s] Level 1:colcon.colcon_core.environment:checking '/home/edisonwong/robot_ws/src/install/diffdrive_arduino' for CMake config files
[4.979s] Level 1:colcon.colcon_core.shell:create_environment_hook('diffdrive_arduino', 'cmake_prefix_path')
[4.985s] INFO:colcon.colcon_core.shell:Creating environment hook '/home/edisonwong/robot_ws/src/install/diffdrive_arduino/share/diffdrive_arduino/hook/cmake_prefix_path.ps1'
[4.987s] INFO:colcon.colcon_core.shell:Creating environment descriptor '/home/edisonwong/robot_ws/src/install/diffdrive_arduino/share/diffdrive_arduino/hook/cmake_prefix_path.dsv'
[4.989s] INFO:colcon.colcon_core.shell:Creating environment hook '/home/edisonwong/robot_ws/src/install/diffdrive_arduino/share/diffdrive_arduino/hook/cmake_prefix_path.sh'
[4.992s] Level 1:colcon.colcon_core.environment:checking '/home/edisonwong/robot_ws/src/install/diffdrive_arduino/lib'
[4.993s] Level 1:colcon.colcon_core.shell:create_environment_hook('diffdrive_arduino', 'ld_library_path_lib')
[4.999s] INFO:colcon.colcon_core.shell:Creating environment hook '/home/edisonwong/robot_ws/src/install/diffdrive_arduino/share/diffdrive_arduino/hook/ld_library_path_lib.ps1'
[5.001s] INFO:colcon.colcon_core.shell:Creating environment descriptor '/home/edisonwong/robot_ws/src/install/diffdrive_arduino/share/diffdrive_arduino/hook/ld_library_path_lib.dsv'
[5.003s] INFO:colcon.colcon_core.shell:Creating environment hook '/home/edisonwong/robot_ws/src/install/diffdrive_arduino/share/diffdrive_arduino/hook/ld_library_path_lib.sh'
[5.005s] Level 1:colcon.colcon_core.environment:checking '/home/edisonwong/robot_ws/src/install/diffdrive_arduino/bin'
[5.005s] Level 1:colcon.colcon_core.environment:checking '/home/edisonwong/robot_ws/src/install/diffdrive_arduino/lib/pkgconfig/diffdrive_arduino.pc'
[5.006s] Level 1:colcon.colcon_core.environment:checking '/home/edisonwong/robot_ws/src/install/diffdrive_arduino/lib/python3.10/site-packages'
[5.007s] Level 1:colcon.colcon_core.environment:checking '/home/edisonwong/robot_ws/src/install/diffdrive_arduino/bin'
[5.014s] INFO:colcon.colcon_core.shell:Creating package script '/home/edisonwong/robot_ws/src/install/diffdrive_arduino/share/diffdrive_arduino/package.ps1'
[5.016s] INFO:colcon.colcon_core.shell:Creating package descriptor '/home/edisonwong/robot_ws/src/install/diffdrive_arduino/share/diffdrive_arduino/package.dsv'
[5.019s] INFO:colcon.colcon_core.shell:Creating package script '/home/edisonwong/robot_ws/src/install/diffdrive_arduino/share/diffdrive_arduino/package.sh'
[5.021s] INFO:colcon.colcon_core.shell:Creating package script '/home/edisonwong/robot_ws/src/install/diffdrive_arduino/share/diffdrive_arduino/package.bash'
[5.024s] INFO:colcon.colcon_core.shell:Creating package script '/home/edisonwong/robot_ws/src/install/diffdrive_arduino/share/diffdrive_arduino/package.zsh'
[5.026s] Level 1:colcon.colcon_core.environment:create_file_with_runtime_dependencies(/home/edisonwong/robot_ws/src/install/diffdrive_arduino/share/colcon-core/packages/diffdrive_arduino)
[5.027s] DEBUG:colcon.colcon_parallel_executor.executor.parallel:closing loop
[5.028s] DEBUG:colcon.colcon_parallel_executor.executor.parallel:loop closed
[5.030s] DEBUG:colcon.colcon_parallel_executor.executor.parallel:run_until_complete finished with '0'
[5.031s] DEBUG:colcon.colcon_core.event_reactor:joining thread
[5.057s] INFO:colcon.colcon_core.plugin_system:Skipping extension 'colcon_notification.desktop_notification.terminal_notifier': Not used on non-Darwin systems
[5.058s] INFO:colcon.colcon_core.plugin_system:Skipping extension 'colcon_notification.desktop_notification.win32': Not used on non-Windows systems
[5.058s] INFO:colcon.colcon_notification.desktop_notification:Sending desktop notification using 'notify2'
[5.102s] DEBUG:colcon.colcon_core.event_reactor:joined thread
[5.108s] INFO:colcon.colcon_core.shell:Creating prefix script '/home/edisonwong/robot_ws/src/install/local_setup.ps1'
[5.112s] INFO:colcon.colcon_core.shell:Creating prefix util module '/home/edisonwong/robot_ws/src/install/_local_setup_util_ps1.py'
[5.118s] INFO:colcon.colcon_core.shell:Creating prefix chain script '/home/edisonwong/robot_ws/src/install/setup.ps1'
[5.128s] INFO:colcon.colcon_core.shell:Creating prefix script '/home/edisonwong/robot_ws/src/install/local_setup.sh'
[5.130s] INFO:colcon.colcon_core.shell:Creating prefix util module '/home/edisonwong/robot_ws/src/install/_local_setup_util_sh.py'
[5.133s] INFO:colcon.colcon_core.shell:Creating prefix chain script '/home/edisonwong/robot_ws/src/install/setup.sh'
[5.143s] INFO:colcon.colcon_core.shell:Creating prefix script '/home/edisonwong/robot_ws/src/install/local_setup.bash'
[5.146s] INFO:colcon.colcon_core.shell:Creating prefix chain script '/home/edisonwong/robot_ws/src/install/setup.bash'
[5.155s] INFO:colcon.colcon_core.shell:Creating prefix script '/home/edisonwong/robot_ws/src/install/local_setup.zsh'
[5.158s] INFO:colcon.colcon_core.shell:Creating prefix chain script '/home/edisonwong/robot_ws/src/install/setup.zsh'
